<?xml version="1.0" encoding="UTF-8"?>
<!-- Generated by org.testng.reporters.JUnitXMLReporter -->
<testsuite ignored="0" hostname="MacBook-Pro-2.home" failures="0" tests="1" name="Surefire test" time="0.071" errors="0" timestamp="2020-09-03T19:27:02 EDT">
  <testcase classname="base.CommonAPI" name="@BeforeMethod setUp" time="0.049">
    <failure type="java.lang.IllegalStateException" message="The driver is not executable: /Users/ramdaneameur/IdeaProjects/WebAutomationFramework_Team1/Marriott/../Generic/BrowserDriver/windows/chromedriver.exe">
      <![CDATA[java.lang.IllegalStateException: The driver is not executable: /Users/ramdaneameur/IdeaProjects/WebAutomationFramework_Team1/Marriott/../Generic/BrowserDriver/windows/chromedriver.exe
at com.google.common.base.Preconditions.checkState(Preconditions.java:585)
at org.openqa.selenium.remote.service.DriverService.checkExecutable(DriverService.java:150)
at org.openqa.selenium.remote.service.DriverService.findExecutable(DriverService.java:141)
at org.openqa.selenium.chrome.ChromeDriverService.access$000(ChromeDriverService.java:35)
at org.openqa.selenium.chrome.ChromeDriverService$Builder.findDefaultExecutable(ChromeDriverService.java:159)
at org.openqa.selenium.remote.service.DriverService$Builder.build(DriverService.java:355)
at org.openqa.selenium.chrome.ChromeDriverService.createDefaultService(ChromeDriverService.java:94)
at org.openqa.selenium.chrome.ChromeDriver.<init>(ChromeDriver.java:157)
at base.CommonAPI.getLocalDriver(CommonAPI.java:167)
at base.CommonAPI.setUp(CommonAPI.java:143)
at java.base/java.util.ArrayList.forEach(ArrayList.java:1540)
... Removed 36 stack frames]]>
    </failure>
  </testcase> <!-- @BeforeMethod setUp -->
  <testcase classname="base.CommonAPI" name="@BeforeMethod startExtent" time="-1.599175622836E9">
    <skipped/>
  </testcase> <!-- @BeforeMethod startExtent -->
  <testcase classname="hoemTest.HomePageTest" name="@BeforeMethod init" time="-1.599175622836E9">
    <skipped/>
  </testcase> <!-- @BeforeMethod init -->
  <testcase classname="base.CommonAPI" name="@AfterMethod afterEachTestMethod" time="-1.599175622838E9">
    <skipped/>
  </testcase> <!-- @AfterMethod afterEachTestMethod -->
  <testcase classname="base.CommonAPI" name="@AfterMethod cleanUp" time="0.0">
    <failure type="java.lang.NullPointerException">
      <![CDATA[java.lang.NullPointerException
at base.CommonAPI.cleanUp(CommonAPI.java:205)
at java.base/java.util.ArrayList.forEach(ArrayList.java:1540)
... Removed 37 stack frames]]>
    </failure>
  </testcase> <!-- @AfterMethod cleanUp -->
  <testcase classname="hoemTest.HomePageTest" name="setFindReserveTest" time="0.0">
    <skipped/>
  </testcase> <!-- setFindReserveTest -->
</testsuite> <!-- Surefire test -->
