<?xml version="1.0" encoding="UTF-8"?>
<!-- Generated by org.testng.reporters.JUnitXMLReporter -->
<testsuite ignored="0" hostname="Farjanas-Air" failures="1" tests="5" name="New York Times Home" time="50.097" errors="0" timestamp="2020-09-26T02:11:54 EDT">
  <testcase classname="home.NYTHomePageTest" name="testValidateBusinessTab" time="8.613"/>
  <testcase classname="home.NYTHomePageTest" name="testValidateNYTab" time="6.585"/>
  <testcase classname="home.NYTHomePageTest" name="testValidatePoliticsTab" time="4.039"/>
  <testcase classname="home.NYTHomePageTest" name="testValidateUSTab" time="4.288">
    <failure type="java.lang.AssertionError" message="Test failed expected [https://www.nytimes.com/section/us] but found [https://www.nytimes.com/]">
      <![CDATA[java.lang.AssertionError: Test failed expected [https://www.nytimes.com/section/us] but found [https://www.nytimes.com/]
at home.NYTHomePage.validateUSTab(NYTHomePage.java:52)
at home.NYTHomePageTest.testValidateUSTab(NYTHomePageTest.java:26)
at java.base/java.util.ArrayList.forEach(ArrayList.java:1540)
... Removed 35 stack frames]]>
    </failure>
  </testcase> <!-- testValidateUSTab -->
  <testcase classname="home.NYTHomePageTest" name="testValidateWorldTab" time="5.162"/>
</testsuite> <!-- New York Times Home -->
