<?xml version="1.0" encoding="UTF-8"?>
<!-- Generated by org.testng.reporters.JUnitXMLReporter -->
<testsuite ignored="0" hostname="Farjanas-Air" failures="4" tests="29" name="Amazon Home" time="287.583" errors="0" timestamp="2020-09-26T02:10:59 EDT">
  <testcase classname="home.HomePageTest" name="testValidateBestSeller" time="2.387"/>
  <testcase classname="home.HomePageTest" name="testValidateCustomerService" time="1.587"/>
  <testcase classname="home.HomePageTest" name="testValidateFindAGift" time="2.158">
    <failure type="org.openqa.selenium.ElementClickInterceptedException" message="element click intercepted: Element &amp;lt;a href=&amp;quot;/gift-cards/b/?ie=UTF8&amp;amp;amp;node=2238192011&amp;amp;amp;ref_=nav_cs_gc&amp;quot; class=&amp;quot;nav-a  &amp;quot; tabindex=&amp;quot;0&amp;quot;&amp;gt;...&amp;lt;/a&amp;gt; is not clickable at point (863, 79). Other element would receive the click: &amp;lt;span class=&amp;quot;nav-action-inner&amp;quot;&amp;gt;...&amp;lt;/span&amp;gt;
  (Session info: chrome=85.0.4183.121)
Build info: version: &amp;apos;3.141.59&amp;apos;, revision: &amp;apos;e82be7d358&amp;apos;, time: &amp;apos;2018-11-14T08:17:03&amp;apos;
System info: host: &amp;apos;Farjanas-Air&amp;apos;, ip: &amp;apos;2604:2000:1700:1c:aca7:63da:436f:f5a%en0&amp;apos;, os.name: &amp;apos;Mac OS X&amp;apos;, os.arch: &amp;apos;x86_64&amp;apos;, os.version: &amp;apos;10.13.6&amp;apos;, java.version: &amp;apos;11.0.6&amp;apos;
Driver info: org.openqa.selenium.chrome.ChromeDriver
Capabilities {acceptInsecureCerts: false, browserName: chrome, browserVersion: 85.0.4183.121, chrome: {chromedriverVersion: 85.0.4183.87 (cd6713ebf92fa..., userDataDir: /var/folders/27/nmfyzmzj1c7...}, goog:chromeOptions: {debuggerAddress: localhost:59396}, javascriptEnabled: true, networkConnectionEnabled: false, pageLoadStrategy: normal, platform: MAC, platformName: MAC, proxy: Proxy(), setWindowRect: true, strictFileInteractability: false, timeouts: {implicit: 0, pageLoad: 300000, script: 30000}, unhandledPromptBehavior: dismiss and notify, webauthn:virtualAuthenticators: true}
Session ID: c7cdb8f2b4fef932ecc5b95499b7f256">
      <![CDATA[org.openqa.selenium.ElementClickInterceptedException: element click intercepted: Element <a href="/gift-cards/b/?ie=UTF8&amp;node=2238192011&amp;ref_=nav_cs_gc" class="nav-a  " tabindex="0">...</a> is not clickable at point (863, 79). Other element would receive the click: <span class="nav-action-inner">...</span>
  (Session info: chrome=85.0.4183.121)
Build info: version: '3.141.59', revision: 'e82be7d358', time: '2018-11-14T08:17:03'
System info: host: 'Farjanas-Air', ip: '2604:2000:1700:1c:aca7:63da:436f:f5a%en0', os.name: 'Mac OS X', os.arch: 'x86_64', os.version: '10.13.6', java.version: '11.0.6'
Driver info: org.openqa.selenium.chrome.ChromeDriver
Capabilities {acceptInsecureCerts: false, browserName: chrome, browserVersion: 85.0.4183.121, chrome: {chromedriverVersion: 85.0.4183.87 (cd6713ebf92fa..., userDataDir: /var/folders/27/nmfyzmzj1c7...}, goog:chromeOptions: {debuggerAddress: localhost:59396}, javascriptEnabled: true, networkConnectionEnabled: false, pageLoadStrategy: normal, platform: MAC, platformName: MAC, proxy: Proxy(), setWindowRect: true, strictFileInteractability: false, timeouts: {implicit: 0, pageLoad: 300000, script: 30000}, unhandledPromptBehavior: dismiss and notify, webauthn:virtualAuthenticators: true}
Session ID: c7cdb8f2b4fef932ecc5b95499b7f256
at org.openqa.selenium.remote.http.W3CHttpResponseCodec.createException(W3CHttpResponseCodec.java:187)
at org.openqa.selenium.remote.http.W3CHttpResponseCodec.decode(W3CHttpResponseCodec.java:122)
at org.openqa.selenium.remote.http.W3CHttpResponseCodec.decode(W3CHttpResponseCodec.java:49)
at org.openqa.selenium.remote.HttpCommandExecutor.execute(HttpCommandExecutor.java:158)
at org.openqa.selenium.remote.service.DriverCommandExecutor.execute(DriverCommandExecutor.java:83)
at org.openqa.selenium.remote.RemoteWebDriver.execute(RemoteWebDriver.java:552)
at org.openqa.selenium.remote.RemoteWebElement.execute(RemoteWebElement.java:285)
at org.openqa.selenium.remote.RemoteWebElement.click(RemoteWebElement.java:84)
at org.openqa.selenium.support.pagefactory.internal.LocatingElementHandler.invoke(LocatingElementHandler.java:51)
at com.sun.proxy.$Proxy14.click(Unknown Source)
at home.HomePage.checkFindAGift(HomePage.java:495)
at home.HomePageTest.testValidateFindAGift(HomePageTest.java:175)
at java.base/java.util.ArrayList.forEach(ArrayList.java:1540)
... Removed 39 stack frames]]>
    </failure>
  </testcase> <!-- testValidateFindAGift -->
  <testcase classname="home.HomePageTest" name="testValidateGiftCards" time="6.942">
    <failure type="org.openqa.selenium.ElementNotInteractableException" message="element not interactable
  (Session info: chrome=85.0.4183.121)
Build info: version: &amp;apos;3.141.59&amp;apos;, revision: &amp;apos;e82be7d358&amp;apos;, time: &amp;apos;2018-11-14T08:17:03&amp;apos;
System info: host: &amp;apos;Farjanas-Air&amp;apos;, ip: &amp;apos;2604:2000:1700:1c:aca7:63da:436f:f5a%en0&amp;apos;, os.name: &amp;apos;Mac OS X&amp;apos;, os.arch: &amp;apos;x86_64&amp;apos;, os.version: &amp;apos;10.13.6&amp;apos;, java.version: &amp;apos;11.0.6&amp;apos;
Driver info: org.openqa.selenium.chrome.ChromeDriver
Capabilities {acceptInsecureCerts: false, browserName: chrome, browserVersion: 85.0.4183.121, chrome: {chromedriverVersion: 85.0.4183.87 (cd6713ebf92fa..., userDataDir: /var/folders/27/nmfyzmzj1c7...}, goog:chromeOptions: {debuggerAddress: localhost:59505}, javascriptEnabled: true, networkConnectionEnabled: false, pageLoadStrategy: normal, platform: MAC, platformName: MAC, proxy: Proxy(), setWindowRect: true, strictFileInteractability: false, timeouts: {implicit: 0, pageLoad: 300000, script: 30000}, unhandledPromptBehavior: dismiss and notify, webauthn:virtualAuthenticators: true}
Session ID: 4df182c6d176dcd41db0bd2f2ce6ccc5">
      <![CDATA[org.openqa.selenium.ElementNotInteractableException: element not interactable
  (Session info: chrome=85.0.4183.121)
Build info: version: '3.141.59', revision: 'e82be7d358', time: '2018-11-14T08:17:03'
System info: host: 'Farjanas-Air', ip: '2604:2000:1700:1c:aca7:63da:436f:f5a%en0', os.name: 'Mac OS X', os.arch: 'x86_64', os.version: '10.13.6', java.version: '11.0.6'
Driver info: org.openqa.selenium.chrome.ChromeDriver
Capabilities {acceptInsecureCerts: false, browserName: chrome, browserVersion: 85.0.4183.121, chrome: {chromedriverVersion: 85.0.4183.87 (cd6713ebf92fa..., userDataDir: /var/folders/27/nmfyzmzj1c7...}, goog:chromeOptions: {debuggerAddress: localhost:59505}, javascriptEnabled: true, networkConnectionEnabled: false, pageLoadStrategy: normal, platform: MAC, platformName: MAC, proxy: Proxy(), setWindowRect: true, strictFileInteractability: false, timeouts: {implicit: 0, pageLoad: 300000, script: 30000}, unhandledPromptBehavior: dismiss and notify, webauthn:virtualAuthenticators: true}
Session ID: 4df182c6d176dcd41db0bd2f2ce6ccc5
at org.openqa.selenium.remote.http.W3CHttpResponseCodec.createException(W3CHttpResponseCodec.java:187)
at org.openqa.selenium.remote.http.W3CHttpResponseCodec.decode(W3CHttpResponseCodec.java:122)
at org.openqa.selenium.remote.http.W3CHttpResponseCodec.decode(W3CHttpResponseCodec.java:49)
at org.openqa.selenium.remote.HttpCommandExecutor.execute(HttpCommandExecutor.java:158)
at org.openqa.selenium.remote.service.DriverCommandExecutor.execute(DriverCommandExecutor.java:83)
at org.openqa.selenium.remote.RemoteWebDriver.execute(RemoteWebDriver.java:552)
at org.openqa.selenium.remote.RemoteWebElement.execute(RemoteWebElement.java:285)
at org.openqa.selenium.remote.RemoteWebElement.click(RemoteWebElement.java:84)
at org.openqa.selenium.support.pagefactory.internal.LocatingElementHandler.invoke(LocatingElementHandler.java:51)
at com.sun.proxy.$Proxy14.click(Unknown Source)
at home.HomePage.checkGiftCards(HomePage.java:546)
at home.HomePageTest.testValidateGiftCards(HomePageTest.java:193)
at java.base/java.util.ArrayList.forEach(ArrayList.java:1540)
... Removed 39 stack frames]]>
    </failure>
  </testcase> <!-- testValidateGiftCards -->
  <testcase classname="home.HomePageTest" name="testValidateGiftIdeas" time="3.457"/>
  <testcase classname="home.HomePageTest" name="testValidateMacGames" time="4.277"/>
  <testcase classname="home.HomePageTest" name="testValidateMicroconsoles" time="4.26"/>
  <testcase classname="home.HomePageTest" name="testValidateMoreSystems" time="5.069"/>
  <testcase classname="home.HomePageTest" name="testValidateMostWishedFor" time="4.034"/>
  <testcase classname="home.HomePageTest" name="testValidateMoversAndShakers" time="3.206">
    <failure type="java.lang.AssertionError" message="Test failed expected [] but found [Amazon.com Movers &amp;amp; Shakers: The biggest gainers in Amazon sales rank over the past 24 hours]">
      <![CDATA[java.lang.AssertionError: Test failed expected [] but found [Amazon.com Movers & Shakers: The biggest gainers in Amazon sales rank over the past 24 hours]
at home.HomePage.validateMoversAndShakers(HomePage.java:124)
at home.HomePageTest.testValidateMoversAndShakers(HomePageTest.java:38)
at java.base/java.util.ArrayList.forEach(ArrayList.java:1540)
... Removed 35 stack frames]]>
    </failure>
  </testcase> <!-- testValidateMoversAndShakers -->
  <testcase classname="home.HomePageTest" name="testValidateNewGames" time="7.587"/>
  <testcase classname="home.HomePageTest" name="testValidateNewNintendo3DS" time="5.698"/>
  <testcase classname="home.HomePageTest" name="testValidateNewNintendoDS" time="7.645"/>
  <testcase classname="home.HomePageTest" name="testValidateNewNintendoSwitch" time="5.53"/>
  <testcase classname="home.HomePageTest" name="testValidateNewPCGamesv" time="5.114"/>
  <testcase classname="home.HomePageTest" name="testValidateNewPlayStation3" time="7.846"/>
  <testcase classname="home.HomePageTest" name="testValidateNewPlayStation4" time="6.213"/>
  <testcase classname="home.HomePageTest" name="testValidateNewPlayStationVista" time="6.01"/>
  <testcase classname="home.HomePageTest" name="testValidateNewReleases" time="4.931"/>
  <testcase classname="home.HomePageTest" name="testValidateNewReleases1" time="2.234"/>
  <testcase classname="home.HomePageTest" name="testValidateNewSonyPSP" time="5.998"/>
  <testcase classname="home.HomePageTest" name="testValidateNewVideoGames" time="5.542"/>
  <testcase classname="home.HomePageTest" name="testValidateNewWii" time="9.45"/>
  <testcase classname="home.HomePageTest" name="testValidateNewWiiU" time="9.176">
    <failure type="java.lang.AssertionError" message="Test failed expected [] but found [Amazon.com New Releases: The best-selling new &amp;amp; future releases in Wii U Games, Consoles &amp;amp; Accessories]">
      <![CDATA[java.lang.AssertionError: Test failed expected [] but found [Amazon.com New Releases: The best-selling new & future releases in Wii U Games, Consoles & Accessories]
at home.HomePage.validateNewWiiU(HomePage.java:336)
at home.HomePageTest.testValidateNewWiiU(HomePageTest.java:116)
at java.base/java.util.ArrayList.forEach(ArrayList.java:1540)
... Removed 35 stack frames]]>
    </failure>
  </testcase> <!-- testValidateNewWiiU -->
  <testcase classname="home.HomePageTest" name="testValidateNewXbox360" time="5.023"/>
  <testcase classname="home.HomePageTest" name="testValidateNewXboxOne" time="5.538"/>
  <testcase classname="home.HomePageTest" name="testValidateTodaysDeal" time="2.349"/>
  <testcase classname="home.HomePageTest" name="testValidateWholeFood" time="3.733"/>
  <testcase classname="home.HomePageTest" name="testValidateWholeFoodBeverages" time="4.525"/>
</testsuite> <!-- Amazon Home -->
