<!DOCTYPE html>

<html>
  <head>
  <meta charset='utf-8'>
  <title>TestNG reports</title>

    <link type="text/css" href="testng-reports.css" rel="stylesheet" />
    <script type="text/javascript" src="jquery-3.4.1.min.js"></script>
    <script type="text/javascript" src="testng-reports.js"></script>
    <script type="text/javascript" src="https://www.google.com/jsapi"></script>
    <script type='text/javascript'>
      google.load('visualization', '1', {packages:['table']});
      google.setOnLoadCallback(drawTable);
      var suiteTableInitFunctions = new Array();
      var suiteTableData = new Array();
    </script>
    <!--
      <script type="text/javascript" src="jquery-ui/js/jquery-ui-1.8.16.custom.min.js"></script>
     -->
  </head>

  <body>
    <div class="top-banner-root">
      <span class="top-banner-title-font">Test results</span>
      <br/>
      <span class="top-banner-font-1">1 suite, 4 failed tests</span>
    </div> <!-- top-banner-root -->
    <div class="navigator-root">
      <div class="navigator-suite-header">
        <span>All suites</span>
        <a href="#" title="Collapse/expand all the suites" class="collapse-all-link">
          <img src="collapseall.gif" class="collapse-all-icon">
          </img> <!-- collapse-all-icon -->
        </a> <!-- collapse-all-link -->
      </div> <!-- navigator-suite-header -->
      <div class="suite">
        <div class="rounded-window">
          <div class="suite-header light-rounded-window-top">
            <a href="#" panel-name="suite-Surefire_suite" class="navigator-link">
              <span class="suite-name border-failed">Surefire suite</span>
            </a> <!-- navigator-link -->
          </div> <!-- suite-header light-rounded-window-top -->
          <div class="navigator-suite-content">
            <div class="suite-section-title">
              <span>Info</span>
            </div> <!-- suite-section-title -->
            <div class="suite-section-content">
              <ul>
                <li>
                  <a href="#" panel-name="test-xml-Surefire_suite" class="navigator-link ">
                    <span>[unset file name]</span>
                  </a> <!-- navigator-link  -->
                </li>
                <li>
                  <a href="#" panel-name="testlist-Surefire_suite" class="navigator-link ">
                    <span class="test-stats">1 test</span>
                  </a> <!-- navigator-link  -->
                </li>
                <li>
                  <a href="#" panel-name="group-Surefire_suite" class="navigator-link ">
                    <span>0 groups</span>
                  </a> <!-- navigator-link  -->
                </li>
                <li>
                  <a href="#" panel-name="times-Surefire_suite" class="navigator-link ">
                    <span>Times</span>
                  </a> <!-- navigator-link  -->
                </li>
                <li>
                  <a href="#" panel-name="reporter-Surefire_suite" class="navigator-link ">
                    <span>Reporter output</span>
                  </a> <!-- navigator-link  -->
                </li>
                <li>
                  <a href="#" panel-name="ignored-methods-Surefire_suite" class="navigator-link ">
                    <span>Ignored methods</span>
                  </a> <!-- navigator-link  -->
                </li>
                <li>
                  <a href="#" panel-name="chronological-Surefire_suite" class="navigator-link ">
                    <span>Chronological view</span>
                  </a> <!-- navigator-link  -->
                </li>
              </ul>
            </div> <!-- suite-section-content -->
            <div class="result-section">
              <div class="suite-section-title">
                <span>Results</span>
              </div> <!-- suite-section-title -->
              <div class="suite-section-content">
                <ul>
                  <li>
                    <span class="method-stats">43 methods, 4 failed,   39 passed</span>
                  </li>
                  <li>
                    <span class="method-list-title failed">Failed methods</span>
                    <span class="show-or-hide-methods failed">
                      <a href="#" panel-name="suite-Surefire_suite" class="hide-methods failed suite-Surefire_suite"> (hide)</a> <!-- hide-methods failed suite-Surefire_suite -->
                      <a href="#" panel-name="suite-Surefire_suite" class="show-methods failed suite-Surefire_suite"> (show)</a> <!-- show-methods failed suite-Surefire_suite -->
                    </span>
                    <div class="method-list-content failed suite-Surefire_suite">
                      <span>
                        <img src="failed.png" width="3%"/>
                        <a href="#" panel-name="suite-Surefire_suite" title="cart.CartTest" class="method navigator-link" hash-for-method="testCheckoutAfterAddingAnItemToCart">testCheckoutAfterAddingAnItemToCart</a> <!-- method navigator-link -->
                      </span>
                      <br/>
                      <span>
                        <img src="failed.png" width="3%"/>
                        <a href="#" panel-name="suite-Surefire_suite" title="home.HomePageTest" class="method navigator-link" hash-for-method="testValidateNavigateToComputersAndTabletsWithShopByCategoryHamburger">testValidateNavigateToComputersAndTabletsWithShopByCategoryHamburger</a> <!-- method navigator-link -->
                      </span>
                      <br/>
                      <span>
                        <img src="failed.png" width="3%"/>
                        <a href="#" panel-name="suite-Surefire_suite" title="home.HomePageTest" class="method navigator-link" hash-for-method="testVerifyClickOnMusicLinkByTitle">testVerifyClickOnMusicLinkByTitle</a> <!-- method navigator-link -->
                      </span>
                      <br/>
                      <span>
                        <img src="failed.png" width="3%"/>
                        <a href="#" panel-name="suite-Surefire_suite" title="search.SearchTest" class="method navigator-link" hash-for-method="testVerifySearchRandomBooksByURL">testVerifySearchRandomBooksByURL</a> <!-- method navigator-link -->
                      </span>
                      <br/>
                    </div> <!-- method-list-content failed suite-Surefire_suite -->
                  </li>
                  <li>
                    <span class="method-list-title passed">Passed methods</span>
                    <span class="show-or-hide-methods passed">
                      <a href="#" panel-name="suite-Surefire_suite" class="hide-methods passed suite-Surefire_suite"> (hide)</a> <!-- hide-methods passed suite-Surefire_suite -->
                      <a href="#" panel-name="suite-Surefire_suite" class="show-methods passed suite-Surefire_suite"> (show)</a> <!-- show-methods passed suite-Surefire_suite -->
                    </span>
                    <div class="method-list-content passed suite-Surefire_suite">
                      <span>
                        <img src="passed.png" width="3%"/>
                        <a href="#" panel-name="suite-Surefire_suite" title="cart.CartTest" class="method navigator-link" hash-for-method="TestValidateAllDropDown">TestValidateAllDropDown</a> <!-- method navigator-link -->
                      </span>
                      <br/>
                      <span>
                        <img src="passed.png" width="3%"/>
                        <a href="#" panel-name="suite-Surefire_suite" title="cart.CartTest" class="method navigator-link" hash-for-method="testItemAddedToCartByGoingIntoCart">testItemAddedToCartByGoingIntoCart</a> <!-- method navigator-link -->
                      </span>
                      <br/>
                      <span>
                        <img src="passed.png" width="3%"/>
                        <a href="#" panel-name="suite-Surefire_suite" title="cart.CartTest" class="method navigator-link" hash-for-method="testItemAddedToCartWithoutGoingIntoCart">testItemAddedToCartWithoutGoingIntoCart</a> <!-- method navigator-link -->
                      </span>
                      <br/>
                      <span>
                        <img src="passed.png" width="3%"/>
                        <a href="#" panel-name="suite-Surefire_suite" title="cart.CartTest" class="method navigator-link" hash-for-method="testItemDeletedFromCart">testItemDeletedFromCart</a> <!-- method navigator-link -->
                      </span>
                      <br/>
                      <span>
                        <img src="passed.png" width="3%"/>
                        <a href="#" panel-name="suite-Surefire_suite" title="registration.RegistrationPageTest" class="method navigator-link" hash-for-method="testPasswordMustBeAtLeast6CharacterAlertSignIsEnabled">testPasswordMustBeAtLeast6CharacterAlertSignIsEnabled</a> <!-- method navigator-link -->
                      </span>
                      <br/>
                      <span>
                        <img src="passed.png" width="3%"/>
                        <a href="#" panel-name="suite-Surefire_suite" title="search.SearchTest" class="method navigator-link" hash-for-method="testSearchMultipleItems">testSearchMultipleItems</a> <!-- method navigator-link -->
                      </span>
                      <br/>
                      <span>
                        <img src="passed.png" width="3%"/>
                        <a href="#" panel-name="suite-Surefire_suite" title="search.SearchTest" class="method navigator-link" hash-for-method="testSearchSingleItem">testSearchSingleItem</a> <!-- method navigator-link -->
                      </span>
                      <br/>
                      <span>
                        <img src="passed.png" width="3%"/>
                        <a href="#" panel-name="suite-Surefire_suite" title="search.SearchTest" class="method navigator-link" hash-for-method="testValidateAllDropDown">testValidateAllDropDown</a> <!-- method navigator-link -->
                      </span>
                      <br/>
                      <span>
                        <img src="passed.png" width="3%"/>
                        <a href="#" panel-name="suite-Surefire_suite" title="home.HomePageTest" class="method navigator-link" hash-for-method="testValidateClickCustomerServiceTabByText">testValidateClickCustomerServiceTabByText</a> <!-- method navigator-link -->
                      </span>
                      <br/>
                      <span>
                        <img src="passed.png" width="3%"/>
                        <a href="#" panel-name="suite-Surefire_suite" title="home.HomePageTest" class="method navigator-link" hash-for-method="testValidateClickGiftCardsTabByTitle">testValidateClickGiftCardsTabByTitle</a> <!-- method navigator-link -->
                      </span>
                      <br/>
                      <span>
                        <img src="passed.png" width="3%"/>
                        <a href="#" panel-name="suite-Surefire_suite" title="home.HomePageTest" class="method navigator-link" hash-for-method="testValidateClickRegistryTabByTitle">testValidateClickRegistryTabByTitle</a> <!-- method navigator-link -->
                      </span>
                      <br/>
                      <span>
                        <img src="passed.png" width="3%"/>
                        <a href="#" panel-name="suite-Surefire_suite" title="home.HomePageTest" class="method navigator-link" hash-for-method="testValidateHomePageTitle">testValidateHomePageTitle</a> <!-- method navigator-link -->
                      </span>
                      <br/>
                      <span>
                        <img src="passed.png" width="3%"/>
                        <a href="#" panel-name="suite-Surefire_suite" title="home.HomePageTest" class="method navigator-link" hash-for-method="testValidateTodaysDealTabByDealsAndPromotionsText">testValidateTodaysDealTabByDealsAndPromotionsText</a> <!-- method navigator-link -->
                      </span>
                      <br/>
                      <span>
                        <img src="passed.png" width="3%"/>
                        <a href="#" panel-name="suite-Surefire_suite" title="home.HomePageTest" class="method navigator-link" hash-for-method="testValidateTodaysDealTabByTitle">testValidateTodaysDealTabByTitle</a> <!-- method navigator-link -->
                      </span>
                      <br/>
                      <span>
                        <img src="passed.png" width="3%"/>
                        <a href="#" panel-name="suite-Surefire_suite" title="home.HomePageTest" class="method navigator-link" hash-for-method="testVerifyAmazonMusicByTitle">testVerifyAmazonMusicByTitle</a> <!-- method navigator-link -->
                      </span>
                      <br/>
                      <span>
                        <img src="passed.png" width="3%"/>
                        <a href="#" panel-name="suite-Surefire_suite" title="home.HomePageTest" class="method navigator-link" hash-for-method="testVerifyClickOnAmazonAdvertisingByText">testVerifyClickOnAmazonAdvertisingByText</a> <!-- method navigator-link -->
                      </span>
                      <br/>
                      <span>
                        <img src="passed.png" width="3%"/>
                        <a href="#" panel-name="suite-Surefire_suite" title="home.HomePageTest" class="method navigator-link" hash-for-method="testVerifyClickOnAmazonAdvertisingByTitle">testVerifyClickOnAmazonAdvertisingByTitle</a> <!-- method navigator-link -->
                      </span>
                      <br/>
                      <span>
                        <img src="passed.png" width="3%"/>
                        <a href="#" panel-name="suite-Surefire_suite" title="home.HomePageTest" class="method navigator-link" hash-for-method="testVerifyClickOnAmazonAdvertisingByURL">testVerifyClickOnAmazonAdvertisingByURL</a> <!-- method navigator-link -->
                      </span>
                      <br/>
                      <span>
                        <img src="passed.png" width="3%"/>
                        <a href="#" panel-name="suite-Surefire_suite" title="home.HomePageTest" class="method navigator-link" hash-for-method="testVerifyClickOnHPFeaturedBrandSelection">testVerifyClickOnHPFeaturedBrandSelection</a> <!-- method navigator-link -->
                      </span>
                      <br/>
                      <span>
                        <img src="passed.png" width="3%"/>
                        <a href="#" panel-name="suite-Surefire_suite" title="home.HomePageTest" class="method navigator-link" hash-for-method="testVerifyClickOnMusicLink">testVerifyClickOnMusicLink</a> <!-- method navigator-link -->
                      </span>
                      <br/>
                      <span>
                        <img src="passed.png" width="3%"/>
                        <a href="#" panel-name="suite-Surefire_suite" title="home.HomePageTest" class="method navigator-link" hash-for-method="testVerifyClickOnStartASellingAccount">testVerifyClickOnStartASellingAccount</a> <!-- method navigator-link -->
                      </span>
                      <br/>
                      <span>
                        <img src="passed.png" width="3%"/>
                        <a href="#" panel-name="suite-Surefire_suite" title="registration.RegistrationPageTest" class="method navigator-link" hash-for-method="testVerifyClickStartHere">testVerifyClickStartHere</a> <!-- method navigator-link -->
                      </span>
                      <br/>
                      <span>
                        <img src="passed.png" width="3%"/>
                        <a href="#" panel-name="suite-Surefire_suite" title="registration.RegistrationPageTest" class="method navigator-link" hash-for-method="testVerifyEnterAValidEmailAddressAlertSignIsDisplayed">testVerifyEnterAValidEmailAddressAlertSignIsDisplayed</a> <!-- method navigator-link -->
                      </span>
                      <br/>
                      <span>
                        <img src="passed.png" width="3%"/>
                        <a href="#" panel-name="suite-Surefire_suite" title="registration.RegistrationPageTest" class="method navigator-link" hash-for-method="testVerifyEnterYourEmailAlertSignIsDisplayed">testVerifyEnterYourEmailAlertSignIsDisplayed</a> <!-- method navigator-link -->
                      </span>
                      <br/>
                      <span>
                        <img src="passed.png" width="3%"/>
                        <a href="#" panel-name="suite-Surefire_suite" title="signIn.SignInTest" class="method navigator-link" hash-for-method="testVerifyEnterYourEmailOrMobilePhoneNumberAlertIsDisplayed">testVerifyEnterYourEmailOrMobilePhoneNumberAlertIsDisplayed</a> <!-- method navigator-link -->
                      </span>
                      <br/>
                      <span>
                        <img src="passed.png" width="3%"/>
                        <a href="#" panel-name="suite-Surefire_suite" title="registration.RegistrationPageTest" class="method navigator-link" hash-for-method="testVerifyEnterYourNameAlertSignIsDisplayed">testVerifyEnterYourNameAlertSignIsDisplayed</a> <!-- method navigator-link -->
                      </span>
                      <br/>
                      <span>
                        <img src="passed.png" width="3%"/>
                        <a href="#" panel-name="suite-Surefire_suite" title="signIn.SignInTest" class="method navigator-link" hash-for-method="testVerifyEnterYourPasswordAlertIsDisplayed">testVerifyEnterYourPasswordAlertIsDisplayed</a> <!-- method navigator-link -->
                      </span>
                      <br/>
                      <span>
                        <img src="passed.png" width="3%"/>
                        <a href="#" panel-name="suite-Surefire_suite" title="registration.RegistrationPageTest" class="method navigator-link" hash-for-method="testVerifyEnterYourPasswordAlertSignIsDisplayed">testVerifyEnterYourPasswordAlertSignIsDisplayed</a> <!-- method navigator-link -->
                      </span>
                      <br/>
                      <span>
                        <img src="passed.png" width="3%"/>
                        <a href="#" panel-name="suite-Surefire_suite" title="signIn.SignInTest" class="method navigator-link" hash-for-method="testVerifyForgotYourPasswordTitle">testVerifyForgotYourPasswordTitle</a> <!-- method navigator-link -->
                      </span>
                      <br/>
                      <span>
                        <img src="passed.png" width="3%"/>
                        <a href="#" panel-name="suite-Surefire_suite" title="signIn.SignInTest" class="method navigator-link" hash-for-method="testVerifyIncorrectPhoneNumberAlertIsDispalyed">testVerifyIncorrectPhoneNumberAlertIsDispalyed</a> <!-- method navigator-link -->
                      </span>
                      <br/>
                      <span>
                        <img src="passed.png" width="3%"/>
                        <a href="#" panel-name="suite-Surefire_suite" title="registration.RegistrationPageTest" class="method navigator-link" hash-for-method="testVerifyPasswordsMustMatchAlertIsDisplayed">testVerifyPasswordsMustMatchAlertIsDisplayed</a> <!-- method navigator-link -->
                      </span>
                      <br/>
                      <span>
                        <img src="passed.png" width="3%"/>
                        <a href="#" panel-name="suite-Surefire_suite" title="search.SearchTest" class="method navigator-link" hash-for-method="testVerifySearchRandomBooksByTitle">testVerifySearchRandomBooksByTitle</a> <!-- method navigator-link -->
                      </span>
                      <br/>
                      <span>
                        <img src="passed.png" width="3%"/>
                        <a href="#" panel-name="suite-Surefire_suite" title="home.HomePageTest" class="method navigator-link" hash-for-method="testVerifySellVerificationTextIsDisplayed">testVerifySellVerificationTextIsDisplayed</a> <!-- method navigator-link -->
                      </span>
                      <br/>
                      <span>
                        <img src="passed.png" width="3%"/>
                        <a href="#" panel-name="suite-Surefire_suite" title="signIn.SignInTest" class="method navigator-link" hash-for-method="testVerifySignInTitle">testVerifySignInTitle</a> <!-- method navigator-link -->
                      </span>
                      <br/>
                      <span>
                        <img src="passed.png" width="3%"/>
                        <a href="#" panel-name="suite-Surefire_suite" title="signIn.SignInTest" class="method navigator-link" hash-for-method="testVerifyThatErrorIsDisplayedWhenLoggingInWithInvalidEmailAddressFormat">testVerifyThatErrorIsDisplayedWhenLoggingInWithInvalidEmailAddressFormat</a> <!-- method navigator-link -->
                      </span>
                      <br/>
                      <span>
                        <img src="passed.png" width="3%"/>
                        <a href="#" panel-name="suite-Surefire_suite" title="registration.RegistrationPageTest" class="method navigator-link" hash-for-method="testVerifyTypeYourPasswordAgainAlertSignIsDisplayed">testVerifyTypeYourPasswordAgainAlertSignIsDisplayed</a> <!-- method navigator-link -->
                      </span>
                      <br/>
                      <span>
                        <img src="passed.png" width="3%"/>
                        <a href="#" panel-name="suite-Surefire_suite" title="signIn.SignInTest" class="method navigator-link" hash-for-method="testVerifyWeCannotFindAnAccountWithThatEmailAddressAlertIsDisplayed">testVerifyWeCannotFindAnAccountWithThatEmailAddressAlertIsDisplayed</a> <!-- method navigator-link -->
                      </span>
                      <br/>
                      <span>
                        <img src="passed.png" width="3%"/>
                        <a href="#" panel-name="suite-Surefire_suite" title="home.HomePageTest" class="method navigator-link" hash-for-method="testvalidateClickSellTabByTitle">testvalidateClickSellTabByTitle</a> <!-- method navigator-link -->
                      </span>
                      <br/>
                      <span>
                        <img src="passed.png" width="3%"/>
                        <a href="#" panel-name="suite-Surefire_suite" title="home.HomePageTest" class="method navigator-link" hash-for-method="testverifyClickGiftCardsTabByText">testverifyClickGiftCardsTabByText</a> <!-- method navigator-link -->
                      </span>
                      <br/>
                    </div> <!-- method-list-content passed suite-Surefire_suite -->
                  </li>
                </ul>
              </div> <!-- suite-section-content -->
            </div> <!-- result-section -->
          </div> <!-- navigator-suite-content -->
        </div> <!-- rounded-window -->
      </div> <!-- suite -->
    </div> <!-- navigator-root -->
    <div class="wrapper">
      <div class="main-panel-root">
        <div panel-name="suite-Surefire_suite" class="panel Surefire_suite">
          <div class="suite-Surefire_suite-class-failed">
            <div class="main-panel-header rounded-window-top">
              <img src="failed.png"/>
              <span class="class-name">cart.CartTest</span>
            </div> <!-- main-panel-header rounded-window-top -->
            <div class="main-panel-content rounded-window-bottom">
              <div class="method">
                <div class="method-content">
                  <a name="testCheckoutAfterAddingAnItemToCart">
                  </a> <!-- testCheckoutAfterAddingAnItemToCart -->
                  <span class="method-name">testCheckoutAfterAddingAnItemToCart</span>
                  <div class="stack-trace">java.lang.AssertionError: expected [true] but found [false]
	at cart.Cart.verifyCheckoutAfterAddingAnItemToCart(Cart.java:236)
	at cart.CartTest.testCheckoutAfterAddingAnItemToCart(CartTest.java:40)
	at java.base/java.util.ArrayList.forEach(ArrayList.java:1540)
... Removed 36 stack frames
</div> <!-- stack-trace -->
                </div> <!-- method-content -->
              </div> <!-- method -->
            </div> <!-- main-panel-content rounded-window-bottom -->
          </div> <!-- suite-Surefire_suite-class-failed -->
          <div class="suite-Surefire_suite-class-failed">
            <div class="main-panel-header rounded-window-top">
              <img src="failed.png"/>
              <span class="class-name">search.SearchTest</span>
            </div> <!-- main-panel-header rounded-window-top -->
            <div class="main-panel-content rounded-window-bottom">
              <div class="method">
                <div class="method-content">
                  <a name="testVerifySearchRandomBooksByURL">
                  </a> <!-- testVerifySearchRandomBooksByURL -->
                  <span class="method-name">testVerifySearchRandomBooksByURL</span>
                  <div class="stack-trace">java.lang.AssertionError: expected [https://www.amazon.com/s?k=The+Needle&apos;s+Eye&amp;i=stripbooks-intl-ship&amp;ref=nb_sb_noss] but found [https://www.amazon.com/s/ref=nb_sb_noss_2?url=search-alias%3Dstripbooks-intl-ship&amp;field-keywords=The+Needle%27s+Eye]
	at search.Search.verifySearchRandomBookByURL(Search.java:239)
	at search.SearchTest.testVerifySearchRandomBooksByURL(SearchTest.java:69)
	at java.base/java.util.ArrayList.forEach(ArrayList.java:1540)
... Removed 37 stack frames
</div> <!-- stack-trace -->
                </div> <!-- method-content -->
              </div> <!-- method -->
            </div> <!-- main-panel-content rounded-window-bottom -->
          </div> <!-- suite-Surefire_suite-class-failed -->
          <div class="suite-Surefire_suite-class-failed">
            <div class="main-panel-header rounded-window-top">
              <img src="failed.png"/>
              <span class="class-name">home.HomePageTest</span>
            </div> <!-- main-panel-header rounded-window-top -->
            <div class="main-panel-content rounded-window-bottom">
              <div class="method">
                <div class="method-content">
                  <a name="testValidateNavigateToComputersAndTabletsWithShopByCategoryHamburger">
                  </a> <!-- testValidateNavigateToComputersAndTabletsWithShopByCategoryHamburger -->
                  <span class="method-name">testValidateNavigateToComputersAndTabletsWithShopByCategoryHamburger</span>
                  <div class="stack-trace">org.openqa.selenium.ElementNotInteractableException: element not interactable
  (Session info: chrome=85.0.4183.83)
Build info: version: &apos;3.141.59&apos;, revision: &apos;e82be7d358&apos;, time: &apos;2018-11-14T08:17:03&apos;
System info: host: &apos;DESKTOP-F15B8L7&apos;, ip: &apos;169.254.252.52&apos;, os.name: &apos;Windows 10&apos;, os.arch: &apos;amd64&apos;, os.version: &apos;10.0&apos;, java.version: &apos;11.0.5&apos;
Driver info: org.openqa.selenium.chrome.ChromeDriver
Capabilities {acceptInsecureCerts: false, browserName: chrome, browserVersion: 85.0.4183.83, chrome: {chromedriverVersion: 84.0.4147.30 (48b3e868b4cc0..., userDataDir: C:\Users\Shakir\AppData\Loc...}, goog:chromeOptions: {debuggerAddress: localhost:3129}, javascriptEnabled: true, networkConnectionEnabled: false, pageLoadStrategy: normal, platform: WINDOWS, platformName: WINDOWS, proxy: Proxy(), setWindowRect: true, strictFileInteractability: false, timeouts: {implicit: 0, pageLoad: 300000, script: 30000}, unhandledPromptBehavior: dismiss and notify, webauthn:virtualAuthenticators: true}
Session ID: 2be06ad8f86297421095294f113cc054
	at org.openqa.selenium.remote.http.W3CHttpResponseCodec.createException(W3CHttpResponseCodec.java:187)
	at org.openqa.selenium.remote.http.W3CHttpResponseCodec.decode(W3CHttpResponseCodec.java:122)
	at org.openqa.selenium.remote.http.W3CHttpResponseCodec.decode(W3CHttpResponseCodec.java:49)
	at org.openqa.selenium.remote.HttpCommandExecutor.execute(HttpCommandExecutor.java:158)
	at org.openqa.selenium.remote.service.DriverCommandExecutor.execute(DriverCommandExecutor.java:83)
	at org.openqa.selenium.remote.RemoteWebDriver.execute(RemoteWebDriver.java:552)
	at org.openqa.selenium.remote.RemoteWebElement.execute(RemoteWebElement.java:285)
	at org.openqa.selenium.remote.RemoteWebElement.click(RemoteWebElement.java:84)
	at org.openqa.selenium.support.pagefactory.internal.LocatingElementHandler.invoke(LocatingElementHandler.java:51)
	at com.sun.proxy.$Proxy14.click(Unknown Source)
	at home.HomePage.clickOnComputerAndTabletsInShopByCategoryHamburger(HomePage.java:290)
	at home.HomePage.navigateToComputersAndTabletsWithShopByCategoryHamburger(HomePage.java:301)
	at home.HomePageTest.testValidateNavigateToComputersAndTabletsWithShopByCategoryHamburger(HomePageTest.java:108)
	at java.base/java.util.ArrayList.forEach(ArrayList.java:1540)
... Removed 39 stack frames
</div> <!-- stack-trace -->
                </div> <!-- method-content -->
              </div> <!-- method -->
              <div class="method">
                <div class="method-content">
                  <a name="testVerifyClickOnMusicLinkByTitle">
                  </a> <!-- testVerifyClickOnMusicLinkByTitle -->
                  <span class="method-name">testVerifyClickOnMusicLinkByTitle</span>
                  <div class="stack-trace">java.lang.AssertionError: expected [true] but found [false]
	at home.HomePage.verifyClickOnMusicLinkByTitle(HomePage.java:240)
	at home.HomePageTest.testVerifyClickOnMusicLinkByTitle(HomePageTest.java:85)
	at java.base/java.util.ArrayList.forEach(ArrayList.java:1540)
... Removed 36 stack frames
</div> <!-- stack-trace -->
                </div> <!-- method-content -->
              </div> <!-- method -->
            </div> <!-- main-panel-content rounded-window-bottom -->
          </div> <!-- suite-Surefire_suite-class-failed -->
          <div class="suite-Surefire_suite-class-passed">
            <div class="main-panel-header rounded-window-top">
              <img src="passed.png"/>
              <span class="class-name">signIn.SignInTest</span>
            </div> <!-- main-panel-header rounded-window-top -->
            <div class="main-panel-content rounded-window-bottom">
              <div class="method">
                <div class="method-content">
                  <a name="testVerifyEnterYourEmailOrMobilePhoneNumberAlertIsDisplayed">
                  </a> <!-- testVerifyEnterYourEmailOrMobilePhoneNumberAlertIsDisplayed -->
                  <span class="method-name">testVerifyEnterYourEmailOrMobilePhoneNumberAlertIsDisplayed</span>
                </div> <!-- method-content -->
              </div> <!-- method -->
              <div class="method">
                <div class="method-content">
                  <a name="testVerifyEnterYourPasswordAlertIsDisplayed">
                  </a> <!-- testVerifyEnterYourPasswordAlertIsDisplayed -->
                  <span class="method-name">testVerifyEnterYourPasswordAlertIsDisplayed</span>
                </div> <!-- method-content -->
              </div> <!-- method -->
              <div class="method">
                <div class="method-content">
                  <a name="testVerifyForgotYourPasswordTitle">
                  </a> <!-- testVerifyForgotYourPasswordTitle -->
                  <span class="method-name">testVerifyForgotYourPasswordTitle</span>
                </div> <!-- method-content -->
              </div> <!-- method -->
              <div class="method">
                <div class="method-content">
                  <a name="testVerifyIncorrectPhoneNumberAlertIsDispalyed">
                  </a> <!-- testVerifyIncorrectPhoneNumberAlertIsDispalyed -->
                  <span class="method-name">testVerifyIncorrectPhoneNumberAlertIsDispalyed</span>
                </div> <!-- method-content -->
              </div> <!-- method -->
              <div class="method">
                <div class="method-content">
                  <a name="testVerifySignInTitle">
                  </a> <!-- testVerifySignInTitle -->
                  <span class="method-name">testVerifySignInTitle</span>
                </div> <!-- method-content -->
              </div> <!-- method -->
              <div class="method">
                <div class="method-content">
                  <a name="testVerifyThatErrorIsDisplayedWhenLoggingInWithInvalidEmailAddressFormat">
                  </a> <!-- testVerifyThatErrorIsDisplayedWhenLoggingInWithInvalidEmailAddressFormat -->
                  <span class="method-name">testVerifyThatErrorIsDisplayedWhenLoggingInWithInvalidEmailAddressFormat</span>
                </div> <!-- method-content -->
              </div> <!-- method -->
              <div class="method">
                <div class="method-content">
                  <a name="testVerifyWeCannotFindAnAccountWithThatEmailAddressAlertIsDisplayed">
                  </a> <!-- testVerifyWeCannotFindAnAccountWithThatEmailAddressAlertIsDisplayed -->
                  <span class="method-name">testVerifyWeCannotFindAnAccountWithThatEmailAddressAlertIsDisplayed</span>
                </div> <!-- method-content -->
              </div> <!-- method -->
            </div> <!-- main-panel-content rounded-window-bottom -->
          </div> <!-- suite-Surefire_suite-class-passed -->
          <div class="suite-Surefire_suite-class-passed">
            <div class="main-panel-header rounded-window-top">
              <img src="passed.png"/>
              <span class="class-name">cart.CartTest</span>
            </div> <!-- main-panel-header rounded-window-top -->
            <div class="main-panel-content rounded-window-bottom">
              <div class="method">
                <div class="method-content">
                  <a name="TestValidateAllDropDown">
                  </a> <!-- TestValidateAllDropDown -->
                  <span class="method-name">TestValidateAllDropDown</span>
                </div> <!-- method-content -->
              </div> <!-- method -->
              <div class="method">
                <div class="method-content">
                  <a name="testItemAddedToCartByGoingIntoCart">
                  </a> <!-- testItemAddedToCartByGoingIntoCart -->
                  <span class="method-name">testItemAddedToCartByGoingIntoCart</span>
                </div> <!-- method-content -->
              </div> <!-- method -->
              <div class="method">
                <div class="method-content">
                  <a name="testItemAddedToCartWithoutGoingIntoCart">
                  </a> <!-- testItemAddedToCartWithoutGoingIntoCart -->
                  <span class="method-name">testItemAddedToCartWithoutGoingIntoCart</span>
                </div> <!-- method-content -->
              </div> <!-- method -->
              <div class="method">
                <div class="method-content">
                  <a name="testItemDeletedFromCart">
                  </a> <!-- testItemDeletedFromCart -->
                  <span class="method-name">testItemDeletedFromCart</span>
                </div> <!-- method-content -->
              </div> <!-- method -->
            </div> <!-- main-panel-content rounded-window-bottom -->
          </div> <!-- suite-Surefire_suite-class-passed -->
          <div class="suite-Surefire_suite-class-passed">
            <div class="main-panel-header rounded-window-top">
              <img src="passed.png"/>
              <span class="class-name">search.SearchTest</span>
            </div> <!-- main-panel-header rounded-window-top -->
            <div class="main-panel-content rounded-window-bottom">
              <div class="method">
                <div class="method-content">
                  <a name="testSearchMultipleItems">
                  </a> <!-- testSearchMultipleItems -->
                  <span class="method-name">testSearchMultipleItems</span>
                </div> <!-- method-content -->
              </div> <!-- method -->
              <div class="method">
                <div class="method-content">
                  <a name="testSearchSingleItem">
                  </a> <!-- testSearchSingleItem -->
                  <span class="method-name">testSearchSingleItem</span>
                </div> <!-- method-content -->
              </div> <!-- method -->
              <div class="method">
                <div class="method-content">
                  <a name="testValidateAllDropDown">
                  </a> <!-- testValidateAllDropDown -->
                  <span class="method-name">testValidateAllDropDown</span>
                </div> <!-- method-content -->
              </div> <!-- method -->
              <div class="method">
                <div class="method-content">
                  <a name="testVerifySearchRandomBooksByTitle">
                  </a> <!-- testVerifySearchRandomBooksByTitle -->
                  <span class="method-name">testVerifySearchRandomBooksByTitle</span>
                </div> <!-- method-content -->
              </div> <!-- method -->
            </div> <!-- main-panel-content rounded-window-bottom -->
          </div> <!-- suite-Surefire_suite-class-passed -->
          <div class="suite-Surefire_suite-class-passed">
            <div class="main-panel-header rounded-window-top">
              <img src="passed.png"/>
              <span class="class-name">registration.RegistrationPageTest</span>
            </div> <!-- main-panel-header rounded-window-top -->
            <div class="main-panel-content rounded-window-bottom">
              <div class="method">
                <div class="method-content">
                  <a name="testPasswordMustBeAtLeast6CharacterAlertSignIsEnabled">
                  </a> <!-- testPasswordMustBeAtLeast6CharacterAlertSignIsEnabled -->
                  <span class="method-name">testPasswordMustBeAtLeast6CharacterAlertSignIsEnabled</span>
                </div> <!-- method-content -->
              </div> <!-- method -->
              <div class="method">
                <div class="method-content">
                  <a name="testVerifyClickStartHere">
                  </a> <!-- testVerifyClickStartHere -->
                  <span class="method-name">testVerifyClickStartHere</span>
                </div> <!-- method-content -->
              </div> <!-- method -->
              <div class="method">
                <div class="method-content">
                  <a name="testVerifyEnterAValidEmailAddressAlertSignIsDisplayed">
                  </a> <!-- testVerifyEnterAValidEmailAddressAlertSignIsDisplayed -->
                  <span class="method-name">testVerifyEnterAValidEmailAddressAlertSignIsDisplayed</span>
                </div> <!-- method-content -->
              </div> <!-- method -->
              <div class="method">
                <div class="method-content">
                  <a name="testVerifyEnterYourEmailAlertSignIsDisplayed">
                  </a> <!-- testVerifyEnterYourEmailAlertSignIsDisplayed -->
                  <span class="method-name">testVerifyEnterYourEmailAlertSignIsDisplayed</span>
                </div> <!-- method-content -->
              </div> <!-- method -->
              <div class="method">
                <div class="method-content">
                  <a name="testVerifyEnterYourNameAlertSignIsDisplayed">
                  </a> <!-- testVerifyEnterYourNameAlertSignIsDisplayed -->
                  <span class="method-name">testVerifyEnterYourNameAlertSignIsDisplayed</span>
                </div> <!-- method-content -->
              </div> <!-- method -->
              <div class="method">
                <div class="method-content">
                  <a name="testVerifyEnterYourPasswordAlertSignIsDisplayed">
                  </a> <!-- testVerifyEnterYourPasswordAlertSignIsDisplayed -->
                  <span class="method-name">testVerifyEnterYourPasswordAlertSignIsDisplayed</span>
                </div> <!-- method-content -->
              </div> <!-- method -->
              <div class="method">
                <div class="method-content">
                  <a name="testVerifyPasswordsMustMatchAlertIsDisplayed">
                  </a> <!-- testVerifyPasswordsMustMatchAlertIsDisplayed -->
                  <span class="method-name">testVerifyPasswordsMustMatchAlertIsDisplayed</span>
                </div> <!-- method-content -->
              </div> <!-- method -->
              <div class="method">
                <div class="method-content">
                  <a name="testVerifyTypeYourPasswordAgainAlertSignIsDisplayed">
                  </a> <!-- testVerifyTypeYourPasswordAgainAlertSignIsDisplayed -->
                  <span class="method-name">testVerifyTypeYourPasswordAgainAlertSignIsDisplayed</span>
                </div> <!-- method-content -->
              </div> <!-- method -->
            </div> <!-- main-panel-content rounded-window-bottom -->
          </div> <!-- suite-Surefire_suite-class-passed -->
          <div class="suite-Surefire_suite-class-passed">
            <div class="main-panel-header rounded-window-top">
              <img src="passed.png"/>
              <span class="class-name">home.HomePageTest</span>
            </div> <!-- main-panel-header rounded-window-top -->
            <div class="main-panel-content rounded-window-bottom">
              <div class="method">
                <div class="method-content">
                  <a name="testValidateClickCustomerServiceTabByText">
                  </a> <!-- testValidateClickCustomerServiceTabByText -->
                  <span class="method-name">testValidateClickCustomerServiceTabByText</span>
                </div> <!-- method-content -->
              </div> <!-- method -->
              <div class="method">
                <div class="method-content">
                  <a name="testValidateClickGiftCardsTabByTitle">
                  </a> <!-- testValidateClickGiftCardsTabByTitle -->
                  <span class="method-name">testValidateClickGiftCardsTabByTitle</span>
                </div> <!-- method-content -->
              </div> <!-- method -->
              <div class="method">
                <div class="method-content">
                  <a name="testValidateClickRegistryTabByTitle">
                  </a> <!-- testValidateClickRegistryTabByTitle -->
                  <span class="method-name">testValidateClickRegistryTabByTitle</span>
                </div> <!-- method-content -->
              </div> <!-- method -->
              <div class="method">
                <div class="method-content">
                  <a name="testValidateHomePageTitle">
                  </a> <!-- testValidateHomePageTitle -->
                  <span class="method-name">testValidateHomePageTitle</span>
                </div> <!-- method-content -->
              </div> <!-- method -->
              <div class="method">
                <div class="method-content">
                  <a name="testValidateTodaysDealTabByDealsAndPromotionsText">
                  </a> <!-- testValidateTodaysDealTabByDealsAndPromotionsText -->
                  <span class="method-name">testValidateTodaysDealTabByDealsAndPromotionsText</span>
                </div> <!-- method-content -->
              </div> <!-- method -->
              <div class="method">
                <div class="method-content">
                  <a name="testValidateTodaysDealTabByTitle">
                  </a> <!-- testValidateTodaysDealTabByTitle -->
                  <span class="method-name">testValidateTodaysDealTabByTitle</span>
                </div> <!-- method-content -->
              </div> <!-- method -->
              <div class="method">
                <div class="method-content">
                  <a name="testVerifyAmazonMusicByTitle">
                  </a> <!-- testVerifyAmazonMusicByTitle -->
                  <span class="method-name">testVerifyAmazonMusicByTitle</span>
                </div> <!-- method-content -->
              </div> <!-- method -->
              <div class="method">
                <div class="method-content">
                  <a name="testVerifyClickOnAmazonAdvertisingByText">
                  </a> <!-- testVerifyClickOnAmazonAdvertisingByText -->
                  <span class="method-name">testVerifyClickOnAmazonAdvertisingByText</span>
                </div> <!-- method-content -->
              </div> <!-- method -->
              <div class="method">
                <div class="method-content">
                  <a name="testVerifyClickOnAmazonAdvertisingByTitle">
                  </a> <!-- testVerifyClickOnAmazonAdvertisingByTitle -->
                  <span class="method-name">testVerifyClickOnAmazonAdvertisingByTitle</span>
                </div> <!-- method-content -->
              </div> <!-- method -->
              <div class="method">
                <div class="method-content">
                  <a name="testVerifyClickOnAmazonAdvertisingByURL">
                  </a> <!-- testVerifyClickOnAmazonAdvertisingByURL -->
                  <span class="method-name">testVerifyClickOnAmazonAdvertisingByURL</span>
                </div> <!-- method-content -->
              </div> <!-- method -->
              <div class="method">
                <div class="method-content">
                  <a name="testVerifyClickOnHPFeaturedBrandSelection">
                  </a> <!-- testVerifyClickOnHPFeaturedBrandSelection -->
                  <span class="method-name">testVerifyClickOnHPFeaturedBrandSelection</span>
                </div> <!-- method-content -->
              </div> <!-- method -->
              <div class="method">
                <div class="method-content">
                  <a name="testVerifyClickOnMusicLink">
                  </a> <!-- testVerifyClickOnMusicLink -->
                  <span class="method-name">testVerifyClickOnMusicLink</span>
                </div> <!-- method-content -->
              </div> <!-- method -->
              <div class="method">
                <div class="method-content">
                  <a name="testVerifyClickOnStartASellingAccount">
                  </a> <!-- testVerifyClickOnStartASellingAccount -->
                  <span class="method-name">testVerifyClickOnStartASellingAccount</span>
                </div> <!-- method-content -->
              </div> <!-- method -->
              <div class="method">
                <div class="method-content">
                  <a name="testVerifySellVerificationTextIsDisplayed">
                  </a> <!-- testVerifySellVerificationTextIsDisplayed -->
                  <span class="method-name">testVerifySellVerificationTextIsDisplayed</span>
                </div> <!-- method-content -->
              </div> <!-- method -->
              <div class="method">
                <div class="method-content">
                  <a name="testvalidateClickSellTabByTitle">
                  </a> <!-- testvalidateClickSellTabByTitle -->
                  <span class="method-name">testvalidateClickSellTabByTitle</span>
                </div> <!-- method-content -->
              </div> <!-- method -->
              <div class="method">
                <div class="method-content">
                  <a name="testverifyClickGiftCardsTabByText">
                  </a> <!-- testverifyClickGiftCardsTabByText -->
                  <span class="method-name">testverifyClickGiftCardsTabByText</span>
                </div> <!-- method-content -->
              </div> <!-- method -->
            </div> <!-- main-panel-content rounded-window-bottom -->
          </div> <!-- suite-Surefire_suite-class-passed -->
        </div> <!-- panel Surefire_suite -->
        <div panel-name="test-xml-Surefire_suite" class="panel">
          <div class="main-panel-header rounded-window-top">
          </div> <!-- main-panel-header rounded-window-top -->
          <div class="main-panel-content rounded-window-bottom">
            <pre>
&lt;?xml version=&quot;1.0&quot; encoding=&quot;UTF-8&quot;?&gt;
&lt;!DOCTYPE suite SYSTEM &quot;https://testng.org/testng-1.0.dtd&quot;&gt;
&lt;suite thread-count=&quot;1&quot; name=&quot;Surefire suite&quot; verbose=&quot;0&quot;&gt;
  &lt;test thread-count=&quot;1&quot; name=&quot;Surefire test&quot; verbose=&quot;0&quot;&gt;
    &lt;classes&gt;
      &lt;class name=&quot;cart.CartTest&quot;/&gt;
      &lt;class name=&quot;home.HomePageTest&quot;/&gt;
      &lt;class name=&quot;registration.RegistrationPageTest&quot;/&gt;
      &lt;class name=&quot;search.SearchTest&quot;/&gt;
      &lt;class name=&quot;signIn.SignInTest&quot;/&gt;
    &lt;/classes&gt;
  &lt;/test&gt; &lt;!-- Surefire test --&gt;
&lt;/suite&gt; &lt;!-- Surefire suite --&gt;
            </pre>
          </div> <!-- main-panel-content rounded-window-bottom -->
        </div> <!-- panel -->
        <div panel-name="testlist-Surefire_suite" class="panel">
          <div class="main-panel-header rounded-window-top">
            <span class="header-content">Tests for Surefire suite</span>
          </div> <!-- main-panel-header rounded-window-top -->
          <div class="main-panel-content rounded-window-bottom">
            <ul>
              <li>
                <span class="test-name">Surefire test (5 classes)</span>
              </li>
            </ul>
          </div> <!-- main-panel-content rounded-window-bottom -->
        </div> <!-- panel -->
        <div panel-name="group-Surefire_suite" class="panel">
          <div class="main-panel-header rounded-window-top">
            <span class="header-content">Groups for Surefire suite</span>
          </div> <!-- main-panel-header rounded-window-top -->
          <div class="main-panel-content rounded-window-bottom">
          </div> <!-- main-panel-content rounded-window-bottom -->
        </div> <!-- panel -->
        <div panel-name="times-Surefire_suite" class="panel">
          <div class="main-panel-header rounded-window-top">
            <span class="header-content">Times for Surefire suite</span>
          </div> <!-- main-panel-header rounded-window-top -->
          <div class="main-panel-content rounded-window-bottom">
            <div class="times-div">
              <script type="text/javascript">
suiteTableInitFunctions.push('tableData_Surefire_suite');
function tableData_Surefire_suite() {
var data = new google.visualization.DataTable();
data.addColumn('number', 'Number');
data.addColumn('string', 'Method');
data.addColumn('string', 'Class');
data.addColumn('number', 'Time (ms)');
data.addRows(43);
data.setCell(0, 0, 0)
data.setCell(0, 1, 'testValidateNavigateToComputersAndTabletsWithShopByCategoryHamburger')
data.setCell(0, 2, 'home.HomePageTest')
data.setCell(0, 3, 11496);
data.setCell(1, 0, 1)
data.setCell(1, 1, 'testItemDeletedFromCart')
data.setCell(1, 2, 'cart.CartTest')
data.setCell(1, 3, 8799);
data.setCell(2, 0, 2)
data.setCell(2, 1, 'TestValidateAllDropDown')
data.setCell(2, 2, 'cart.CartTest')
data.setCell(2, 3, 8051);
data.setCell(3, 0, 3)
data.setCell(3, 1, 'testCheckoutAfterAddingAnItemToCart')
data.setCell(3, 2, 'cart.CartTest')
data.setCell(3, 3, 7807);
data.setCell(4, 0, 4)
data.setCell(4, 1, 'testSearchMultipleItems')
data.setCell(4, 2, 'search.SearchTest')
data.setCell(4, 3, 7404);
data.setCell(5, 0, 5)
data.setCell(5, 1, 'testItemAddedToCartByGoingIntoCart')
data.setCell(5, 2, 'cart.CartTest')
data.setCell(5, 3, 6588);
data.setCell(6, 0, 6)
data.setCell(6, 1, 'testVerifySearchRandomBooksByTitle')
data.setCell(6, 2, 'search.SearchTest')
data.setCell(6, 3, 6530);
data.setCell(7, 0, 7)
data.setCell(7, 1, 'testItemAddedToCartWithoutGoingIntoCart')
data.setCell(7, 2, 'cart.CartTest')
data.setCell(7, 3, 5869);
data.setCell(8, 0, 8)
data.setCell(8, 1, 'testVerifySearchRandomBooksByURL')
data.setCell(8, 2, 'search.SearchTest')
data.setCell(8, 3, 4923);
data.setCell(9, 0, 9)
data.setCell(9, 1, 'testVerifySellVerificationTextIsDisplayed')
data.setCell(9, 2, 'home.HomePageTest')
data.setCell(9, 3, 4579);
data.setCell(10, 0, 10)
data.setCell(10, 1, 'testVerifyClickOnHPFeaturedBrandSelection')
data.setCell(10, 2, 'home.HomePageTest')
data.setCell(10, 3, 4103);
data.setCell(11, 0, 11)
data.setCell(11, 1, 'testVerifyEnterAValidEmailAddressAlertSignIsDisplayed')
data.setCell(11, 2, 'registration.RegistrationPageTest')
data.setCell(11, 3, 4078);
data.setCell(12, 0, 12)
data.setCell(12, 1, 'testvalidateClickSellTabByTitle')
data.setCell(12, 2, 'home.HomePageTest')
data.setCell(12, 3, 4014);
data.setCell(13, 0, 13)
data.setCell(13, 1, 'testSearchSingleItem')
data.setCell(13, 2, 'search.SearchTest')
data.setCell(13, 3, 3980);
data.setCell(14, 0, 14)
data.setCell(14, 1, 'testVerifyClickOnStartASellingAccount')
data.setCell(14, 2, 'home.HomePageTest')
data.setCell(14, 3, 3823);
data.setCell(15, 0, 15)
data.setCell(15, 1, 'testVerifyClickOnMusicLink')
data.setCell(15, 2, 'home.HomePageTest')
data.setCell(15, 3, 3739);
data.setCell(16, 0, 16)
data.setCell(16, 1, 'testValidateTodaysDealTabByTitle')
data.setCell(16, 2, 'home.HomePageTest')
data.setCell(16, 3, 3509);
data.setCell(17, 0, 17)
data.setCell(17, 1, 'testVerifyClickOnAmazonAdvertisingByTitle')
data.setCell(17, 2, 'home.HomePageTest')
data.setCell(17, 3, 3400);
data.setCell(18, 0, 18)
data.setCell(18, 1, 'testVerifyEnterYourNameAlertSignIsDisplayed')
data.setCell(18, 2, 'registration.RegistrationPageTest')
data.setCell(18, 3, 3280);
data.setCell(19, 0, 19)
data.setCell(19, 1, 'testPasswordMustBeAtLeast6CharacterAlertSignIsEnabled')
data.setCell(19, 2, 'registration.RegistrationPageTest')
data.setCell(19, 3, 3011);
data.setCell(20, 0, 20)
data.setCell(20, 1, 'testVerifyPasswordsMustMatchAlertIsDisplayed')
data.setCell(20, 2, 'registration.RegistrationPageTest')
data.setCell(20, 3, 2982);
data.setCell(21, 0, 21)
data.setCell(21, 1, 'testVerifyForgotYourPasswordTitle')
data.setCell(21, 2, 'signIn.SignInTest')
data.setCell(21, 3, 2950);
data.setCell(22, 0, 22)
data.setCell(22, 1, 'testVerifyAmazonMusicByTitle')
data.setCell(22, 2, 'home.HomePageTest')
data.setCell(22, 3, 2938);
data.setCell(23, 0, 23)
data.setCell(23, 1, 'testVerifyEnterYourEmailAlertSignIsDisplayed')
data.setCell(23, 2, 'registration.RegistrationPageTest')
data.setCell(23, 3, 2842);
data.setCell(24, 0, 24)
data.setCell(24, 1, 'testverifyClickGiftCardsTabByText')
data.setCell(24, 2, 'home.HomePageTest')
data.setCell(24, 3, 2611);
data.setCell(25, 0, 25)
data.setCell(25, 1, 'testVerifyTypeYourPasswordAgainAlertSignIsDisplayed')
data.setCell(25, 2, 'registration.RegistrationPageTest')
data.setCell(25, 3, 2587);
data.setCell(26, 0, 26)
data.setCell(26, 1, 'testVerifyClickOnAmazonAdvertisingByURL')
data.setCell(26, 2, 'home.HomePageTest')
data.setCell(26, 3, 2571);
data.setCell(27, 0, 27)
data.setCell(27, 1, 'testVerifyWeCannotFindAnAccountWithThatEmailAddressAlertIsDisplayed')
data.setCell(27, 2, 'signIn.SignInTest')
data.setCell(27, 3, 2554);
data.setCell(28, 0, 28)
data.setCell(28, 1, 'testVerifyEnterYourPasswordAlertSignIsDisplayed')
data.setCell(28, 2, 'registration.RegistrationPageTest')
data.setCell(28, 3, 2546);
data.setCell(29, 0, 29)
data.setCell(29, 1, 'testVerifyEnterYourPasswordAlertIsDisplayed')
data.setCell(29, 2, 'signIn.SignInTest')
data.setCell(29, 3, 2495);
data.setCell(30, 0, 30)
data.setCell(30, 1, 'testValidateClickGiftCardsTabByTitle')
data.setCell(30, 2, 'home.HomePageTest')
data.setCell(30, 3, 2403);
data.setCell(31, 0, 31)
data.setCell(31, 1, 'testVerifyThatErrorIsDisplayedWhenLoggingInWithInvalidEmailAddressFormat')
data.setCell(31, 2, 'signIn.SignInTest')
data.setCell(31, 3, 2381);
data.setCell(32, 0, 32)
data.setCell(32, 1, 'testValidateTodaysDealTabByDealsAndPromotionsText')
data.setCell(32, 2, 'home.HomePageTest')
data.setCell(32, 3, 2352);
data.setCell(33, 0, 33)
data.setCell(33, 1, 'testVerifyIncorrectPhoneNumberAlertIsDispalyed')
data.setCell(33, 2, 'signIn.SignInTest')
data.setCell(33, 3, 2265);
data.setCell(34, 0, 34)
data.setCell(34, 1, 'testValidateClickCustomerServiceTabByText')
data.setCell(34, 2, 'home.HomePageTest')
data.setCell(34, 3, 2197);
data.setCell(35, 0, 35)
data.setCell(35, 1, 'testValidateClickRegistryTabByTitle')
data.setCell(35, 2, 'home.HomePageTest')
data.setCell(35, 3, 1947);
data.setCell(36, 0, 36)
data.setCell(36, 1, 'testVerifyClickOnAmazonAdvertisingByText')
data.setCell(36, 2, 'home.HomePageTest')
data.setCell(36, 3, 1907);
data.setCell(37, 0, 37)
data.setCell(37, 1, 'testVerifyClickOnMusicLinkByTitle')
data.setCell(37, 2, 'home.HomePageTest')
data.setCell(37, 3, 1601);
data.setCell(38, 0, 38)
data.setCell(38, 1, 'testVerifyClickStartHere')
data.setCell(38, 2, 'registration.RegistrationPageTest')
data.setCell(38, 3, 1457);
data.setCell(39, 0, 39)
data.setCell(39, 1, 'testVerifySignInTitle')
data.setCell(39, 2, 'signIn.SignInTest')
data.setCell(39, 3, 1429);
data.setCell(40, 0, 40)
data.setCell(40, 1, 'testVerifyEnterYourEmailOrMobilePhoneNumberAlertIsDisplayed')
data.setCell(40, 2, 'signIn.SignInTest')
data.setCell(40, 3, 1387);
data.setCell(41, 0, 41)
data.setCell(41, 1, 'testValidateAllDropDown')
data.setCell(41, 2, 'search.SearchTest')
data.setCell(41, 3, 1091);
data.setCell(42, 0, 42)
data.setCell(42, 1, 'testValidateHomePageTitle')
data.setCell(42, 2, 'home.HomePageTest')
data.setCell(42, 3, 46);
window.suiteTableData['Surefire_suite']= { tableData: data, tableDiv: 'times-div-Surefire_suite'}
return data;
}
              </script>
              <span class="suite-total-time">Total running time: 2 minutes</span>
              <div id="times-div-Surefire_suite">
              </div> <!-- times-div-Surefire_suite -->
            </div> <!-- times-div -->
          </div> <!-- main-panel-content rounded-window-bottom -->
        </div> <!-- panel -->
        <div panel-name="reporter-Surefire_suite" class="panel">
          <div class="main-panel-header rounded-window-top">
            <span class="header-content">Reporter output for Surefire suite</span>
          </div> <!-- main-panel-header rounded-window-top -->
          <div class="main-panel-content rounded-window-bottom">
          </div> <!-- main-panel-content rounded-window-bottom -->
        </div> <!-- panel -->
        <div panel-name="ignored-methods-Surefire_suite" class="panel">
          <div class="main-panel-header rounded-window-top">
            <span class="header-content">8 ignored methods</span>
          </div> <!-- main-panel-header rounded-window-top -->
          <div class="main-panel-content rounded-window-bottom">
            <div class="ignored-class-div">
              <span class="ignored-class-name">signIn.SignInTest</span>
              <div class="ignored-methods-div">
                <span class="ignored-method-name">generateReport</span>
                <br/>
                <span class="ignored-method-name">extentSetup</span>
                <br/>
              </div> <!-- ignored-methods-div -->
            </div> <!-- ignored-class-div -->
            <div class="ignored-class-div">
              <span class="ignored-class-name">search.SearchTest</span>
              <div class="ignored-methods-div">
                <span class="ignored-method-name">generateReport</span>
                <br/>
                <span class="ignored-method-name">extentSetup</span>
                <br/>
              </div> <!-- ignored-methods-div -->
            </div> <!-- ignored-class-div -->
            <div class="ignored-class-div">
              <span class="ignored-class-name">registration.RegistrationPageTest</span>
              <div class="ignored-methods-div">
                <span class="ignored-method-name">generateReport</span>
                <br/>
                <span class="ignored-method-name">extentSetup</span>
                <br/>
              </div> <!-- ignored-methods-div -->
            </div> <!-- ignored-class-div -->
            <div class="ignored-class-div">
              <span class="ignored-class-name">home.HomePageTest</span>
              <div class="ignored-methods-div">
                <span class="ignored-method-name">generateReport</span>
                <br/>
                <span class="ignored-method-name">extentSetup</span>
                <br/>
              </div> <!-- ignored-methods-div -->
            </div> <!-- ignored-class-div -->
          </div> <!-- main-panel-content rounded-window-bottom -->
        </div> <!-- panel -->
        <div panel-name="chronological-Surefire_suite" class="panel">
          <div class="main-panel-header rounded-window-top">
            <span class="header-content">Methods in chronological order</span>
          </div> <!-- main-panel-header rounded-window-top -->
          <div class="main-panel-content rounded-window-bottom">
            <div class="chronological-class">
              <div class="chronological-class-name">cart.CartTest</div> <!-- chronological-class-name -->
              <div class="configuration-suite before">
                <span class="method-name">extentSetup(org.testng.TestRunner@74a680d3)</span>
                <span class="method-start">0 ms</span>
              </div> <!-- configuration-suite before -->
              <div class="configuration-method before">
                <span class="method-name">setUp(false, false, windows, 10, chrome-options, 34, https://www.amazon.com)</span>
                <span class="method-start">451 ms</span>
              </div> <!-- configuration-method before -->
              <div class="configuration-method before">
                <span class="method-name">startExtent(public void cart.CartTest.TestValidateAllDropDown())</span>
                <span class="method-start">7260 ms</span>
              </div> <!-- configuration-method before -->
              <div class="configuration-method before">
                <span class="method-name">getInit</span>
                <span class="method-start">7267 ms</span>
              </div> <!-- configuration-method before -->
              <div class="test-method">
                <span class="method-name">TestValidateAllDropDown</span>
                <span class="method-start">7325 ms</span>
              </div> <!-- test-method -->
              <div class="configuration-method after">
                <span class="method-name">afterEachTestMethod([TestResult name=TestValidateAllDropDown status=SUCCESS method=CartTest.TestValidateAllDropDown()[pr...)</span>
                <span class="method-start">15381 ms</span>
              </div> <!-- configuration-method after -->
              <div class="configuration-method after">
                <span class="method-name">cleanUp</span>
                <span class="method-start">17942 ms</span>
              </div> <!-- configuration-method after -->
              <div class="configuration-method before">
                <span class="method-name">setUp(false, false, windows, 10, chrome-options, 34, https://www.amazon.com)</span>
                <span class="method-start">17951 ms</span>
              </div> <!-- configuration-method before -->
              <div class="configuration-method before">
                <span class="method-name">startExtent(public void cart.CartTest.testCheckoutAfterAddingAnItemToCart())</span>
                <span class="method-start">24229 ms</span>
              </div> <!-- configuration-method before -->
              <div class="configuration-method before">
                <span class="method-name">getInit</span>
                <span class="method-start">24230 ms</span>
              </div> <!-- configuration-method before -->
              <div class="test-method">
                <img src="failed.png">
                </img>
                <span class="method-name">testCheckoutAfterAddingAnItemToCart</span>
                <span class="method-start">24232 ms</span>
              </div> <!-- test-method -->
              <div class="configuration-method after">
                <span class="method-name">afterEachTestMethod([TestResult name=testCheckoutAfterAddingAnItemToCart status=FAILURE method=CartTest.testCheckoutAfte...)</span>
                <span class="method-start">32048 ms</span>
              </div> <!-- configuration-method after -->
              <div class="configuration-method after">
                <span class="method-name">cleanUp</span>
                <span class="method-start">33631 ms</span>
              </div> <!-- configuration-method after -->
              <div class="configuration-method before">
                <span class="method-name">setUp(false, false, windows, 10, chrome-options, 34, https://www.amazon.com)</span>
                <span class="method-start">33632 ms</span>
              </div> <!-- configuration-method before -->
              <div class="configuration-method before">
                <span class="method-name">startExtent(public void cart.CartTest.testItemAddedToCartByGoingIntoCart())</span>
                <span class="method-start">38909 ms</span>
              </div> <!-- configuration-method before -->
              <div class="configuration-method before">
                <span class="method-name">getInit</span>
                <span class="method-start">38909 ms</span>
              </div> <!-- configuration-method before -->
              <div class="test-method">
                <span class="method-name">testItemAddedToCartByGoingIntoCart</span>
                <span class="method-start">38911 ms</span>
              </div> <!-- test-method -->
              <div class="configuration-method after">
                <span class="method-name">afterEachTestMethod([TestResult name=testItemAddedToCartByGoingIntoCart status=SUCCESS method=CartTest.testItemAddedToCa...)</span>
                <span class="method-start">45500 ms</span>
              </div> <!-- configuration-method after -->
              <div class="configuration-method after">
                <span class="method-name">cleanUp</span>
                <span class="method-start">46432 ms</span>
              </div> <!-- configuration-method after -->
              <div class="configuration-method before">
                <span class="method-name">setUp(false, false, windows, 10, chrome-options, 34, https://www.amazon.com)</span>
                <span class="method-start">46432 ms</span>
              </div> <!-- configuration-method before -->
              <div class="configuration-method before">
                <span class="method-name">startExtent(public void cart.CartTest.testItemAddedToCartWithoutGoingIntoCart())</span>
                <span class="method-start">52022 ms</span>
              </div> <!-- configuration-method before -->
              <div class="configuration-method before">
                <span class="method-name">getInit</span>
                <span class="method-start">52023 ms</span>
              </div> <!-- configuration-method before -->
              <div class="test-method">
                <span class="method-name">testItemAddedToCartWithoutGoingIntoCart</span>
                <span class="method-start">52024 ms</span>
              </div> <!-- test-method -->
              <div class="configuration-method after">
                <span class="method-name">afterEachTestMethod([TestResult name=testItemAddedToCartWithoutGoingIntoCart status=SUCCESS method=CartTest.testItemAdde...)</span>
                <span class="method-start">57893 ms</span>
              </div> <!-- configuration-method after -->
              <div class="configuration-method after">
                <span class="method-name">cleanUp</span>
                <span class="method-start">58823 ms</span>
              </div> <!-- configuration-method after -->
              <div class="configuration-method before">
                <span class="method-name">setUp(false, false, windows, 10, chrome-options, 34, https://www.amazon.com)</span>
                <span class="method-start">58823 ms</span>
              </div> <!-- configuration-method before -->
              <div class="configuration-method before">
                <span class="method-name">startExtent(public void cart.CartTest.testItemDeletedFromCart())</span>
                <span class="method-start">64704 ms</span>
              </div> <!-- configuration-method before -->
              <div class="configuration-method before">
                <span class="method-name">getInit</span>
                <span class="method-start">64705 ms</span>
              </div> <!-- configuration-method before -->
              <div class="test-method">
                <span class="method-name">testItemDeletedFromCart</span>
                <span class="method-start">64706 ms</span>
              </div> <!-- test-method -->
              <div class="configuration-method after">
                <span class="method-name">afterEachTestMethod([TestResult name=testItemDeletedFromCart status=SUCCESS method=CartTest.testItemDeletedFromCart()[pr...)</span>
                <span class="method-start">73506 ms</span>
              </div> <!-- configuration-method after -->
              <div class="configuration-method after">
                <span class="method-name">cleanUp</span>
                <span class="method-start">74560 ms</span>
              </div> <!-- configuration-method after -->
            </div> <!-- chronological-class -->
            <div class="chronological-class">
              <div class="chronological-class-name">home.HomePageTest</div> <!-- chronological-class-name -->
              <div class="configuration-method before">
                <span class="method-name">setUp(false, false, windows, 10, chrome-options, 34, https://www.amazon.com)</span>
                <span class="method-start">74561 ms</span>
              </div> <!-- configuration-method before -->
              <div class="configuration-method before">
                <span class="method-name">startExtent(public void home.HomePageTest.testValidateClickCustomerServiceTabByText())</span>
                <span class="method-start">79814 ms</span>
              </div> <!-- configuration-method before -->
              <div class="configuration-method before">
                <span class="method-name">getInit</span>
                <span class="method-start">79815 ms</span>
              </div> <!-- configuration-method before -->
              <div class="test-method">
                <span class="method-name">testValidateClickCustomerServiceTabByText</span>
                <span class="method-start">79820 ms</span>
              </div> <!-- test-method -->
              <div class="configuration-method after">
                <span class="method-name">afterEachTestMethod([TestResult name=testValidateClickCustomerServiceTabByText status=SUCCESS method=HomePageTest.testVa...)</span>
                <span class="method-start">82017 ms</span>
              </div> <!-- configuration-method after -->
              <div class="configuration-method after">
                <span class="method-name">cleanUp</span>
                <span class="method-start">84415 ms</span>
              </div> <!-- configuration-method after -->
              <div class="configuration-method before">
                <span class="method-name">setUp(false, false, windows, 10, chrome-options, 34, https://www.amazon.com)</span>
                <span class="method-start">84416 ms</span>
              </div> <!-- configuration-method before -->
              <div class="configuration-method before">
                <span class="method-name">startExtent(public void home.HomePageTest.testValidateClickGiftCardsTabByTitle())</span>
                <span class="method-start">89845 ms</span>
              </div> <!-- configuration-method before -->
              <div class="configuration-method before">
                <span class="method-name">getInit</span>
                <span class="method-start">89845 ms</span>
              </div> <!-- configuration-method before -->
              <div class="test-method">
                <span class="method-name">testValidateClickGiftCardsTabByTitle</span>
                <span class="method-start">89847 ms</span>
              </div> <!-- test-method -->
              <div class="configuration-method after">
                <span class="method-name">afterEachTestMethod([TestResult name=testValidateClickGiftCardsTabByTitle status=SUCCESS method=HomePageTest.testValidat...)</span>
                <span class="method-start">92250 ms</span>
              </div> <!-- configuration-method after -->
              <div class="configuration-method after">
                <span class="method-name">cleanUp</span>
                <span class="method-start">93339 ms</span>
              </div> <!-- configuration-method after -->
              <div class="configuration-method before">
                <span class="method-name">setUp(false, false, windows, 10, chrome-options, 34, https://www.amazon.com)</span>
                <span class="method-start">93339 ms</span>
              </div> <!-- configuration-method before -->
              <div class="configuration-method before">
                <span class="method-name">startExtent(public void home.HomePageTest.testValidateClickRegistryTabByTitle())</span>
                <span class="method-start">98546 ms</span>
              </div> <!-- configuration-method before -->
              <div class="configuration-method before">
                <span class="method-name">getInit</span>
                <span class="method-start">98547 ms</span>
              </div> <!-- configuration-method before -->
              <div class="test-method">
                <span class="method-name">testValidateClickRegistryTabByTitle</span>
                <span class="method-start">98548 ms</span>
              </div> <!-- test-method -->
              <div class="configuration-method after">
                <span class="method-name">afterEachTestMethod([TestResult name=testValidateClickRegistryTabByTitle status=SUCCESS method=HomePageTest.testValidate...)</span>
                <span class="method-start">100495 ms</span>
              </div> <!-- configuration-method after -->
              <div class="configuration-method after">
                <span class="method-name">cleanUp</span>
                <span class="method-start">101441 ms</span>
              </div> <!-- configuration-method after -->
              <div class="configuration-method before">
                <span class="method-name">setUp(false, false, windows, 10, chrome-options, 34, https://www.amazon.com)</span>
                <span class="method-start">101441 ms</span>
              </div> <!-- configuration-method before -->
              <div class="configuration-method before">
                <span class="method-name">startExtent(public void home.HomePageTest.testValidateHomePageTitle())</span>
                <span class="method-start">108818 ms</span>
              </div> <!-- configuration-method before -->
              <div class="configuration-method before">
                <span class="method-name">getInit</span>
                <span class="method-start">108819 ms</span>
              </div> <!-- configuration-method before -->
              <div class="test-method">
                <span class="method-name">testValidateHomePageTitle</span>
                <span class="method-start">108819 ms</span>
              </div> <!-- test-method -->
              <div class="configuration-method after">
                <span class="method-name">afterEachTestMethod([TestResult name=testValidateHomePageTitle status=SUCCESS method=HomePageTest.testValidateHomePageTi...)</span>
                <span class="method-start">108866 ms</span>
              </div> <!-- configuration-method after -->
              <div class="configuration-method after">
                <span class="method-name">cleanUp</span>
                <span class="method-start">109763 ms</span>
              </div> <!-- configuration-method after -->
              <div class="configuration-method before">
                <span class="method-name">setUp(false, false, windows, 10, chrome-options, 34, https://www.amazon.com)</span>
                <span class="method-start">109764 ms</span>
              </div> <!-- configuration-method before -->
              <div class="configuration-method before">
                <span class="method-name">startExtent(public void home.HomePageTest.testValidateNavigateToComputersAndTabletsWithShopByCategoryHamburger())</span>
                <span class="method-start">118107 ms</span>
              </div> <!-- configuration-method before -->
              <div class="configuration-method before">
                <span class="method-name">getInit</span>
                <span class="method-start">118107 ms</span>
              </div> <!-- configuration-method before -->
              <div class="test-method">
                <img src="failed.png">
                </img>
                <span class="method-name">testValidateNavigateToComputersAndTabletsWithShopByCategoryHamburger</span>
                <span class="method-start">118108 ms</span>
              </div> <!-- test-method -->
              <div class="configuration-method after">
                <span class="method-name">afterEachTestMethod([TestResult name=testValidateNavigateToComputersAndTabletsWithShopByCategoryHamburger status=FAILURE...)</span>
                <span class="method-start">129606 ms</span>
              </div> <!-- configuration-method after -->
              <div class="configuration-method after">
                <span class="method-name">cleanUp</span>
                <span class="method-start">130973 ms</span>
              </div> <!-- configuration-method after -->
              <div class="configuration-method before">
                <span class="method-name">setUp(false, false, windows, 10, chrome-options, 34, https://www.amazon.com)</span>
                <span class="method-start">130974 ms</span>
              </div> <!-- configuration-method before -->
              <div class="configuration-method before">
                <span class="method-name">startExtent(public void home.HomePageTest.testValidateTodaysDealTabByDealsAndPromotionsText())</span>
                <span class="method-start">136382 ms</span>
              </div> <!-- configuration-method before -->
              <div class="configuration-method before">
                <span class="method-name">getInit</span>
                <span class="method-start">136383 ms</span>
              </div> <!-- configuration-method before -->
              <div class="test-method">
                <span class="method-name">testValidateTodaysDealTabByDealsAndPromotionsText</span>
                <span class="method-start">136385 ms</span>
              </div> <!-- test-method -->
              <div class="configuration-method after">
                <span class="method-name">afterEachTestMethod([TestResult name=testValidateTodaysDealTabByDealsAndPromotionsText status=SUCCESS method=HomePageTes...)</span>
                <span class="method-start">138738 ms</span>
              </div> <!-- configuration-method after -->
              <div class="configuration-method after">
                <span class="method-name">cleanUp</span>
                <span class="method-start">139617 ms</span>
              </div> <!-- configuration-method after -->
              <div class="configuration-method before">
                <span class="method-name">setUp(false, false, windows, 10, chrome-options, 34, https://www.amazon.com)</span>
                <span class="method-start">139618 ms</span>
              </div> <!-- configuration-method before -->
              <div class="configuration-method before">
                <span class="method-name">startExtent(public void home.HomePageTest.testValidateTodaysDealTabByTitle())</span>
                <span class="method-start">145294 ms</span>
              </div> <!-- configuration-method before -->
              <div class="configuration-method before">
                <span class="method-name">getInit</span>
                <span class="method-start">145295 ms</span>
              </div> <!-- configuration-method before -->
              <div class="test-method">
                <span class="method-name">testValidateTodaysDealTabByTitle</span>
                <span class="method-start">145296 ms</span>
              </div> <!-- test-method -->
              <div class="configuration-method after">
                <span class="method-name">afterEachTestMethod([TestResult name=testValidateTodaysDealTabByTitle status=SUCCESS method=HomePageTest.testValidateTod...)</span>
                <span class="method-start">148806 ms</span>
              </div> <!-- configuration-method after -->
              <div class="configuration-method after">
                <span class="method-name">cleanUp</span>
                <span class="method-start">149646 ms</span>
              </div> <!-- configuration-method after -->
              <div class="configuration-method before">
                <span class="method-name">setUp(false, false, windows, 10, chrome-options, 34, https://www.amazon.com)</span>
                <span class="method-start">149647 ms</span>
              </div> <!-- configuration-method before -->
              <div class="configuration-method before">
                <span class="method-name">startExtent(public void home.HomePageTest.testVerifyAmazonMusicByTitle())</span>
                <span class="method-start">155257 ms</span>
              </div> <!-- configuration-method before -->
              <div class="configuration-method before">
                <span class="method-name">getInit</span>
                <span class="method-start">155258 ms</span>
              </div> <!-- configuration-method before -->
              <div class="test-method">
                <span class="method-name">testVerifyAmazonMusicByTitle</span>
                <span class="method-start">155259 ms</span>
              </div> <!-- test-method -->
              <div class="configuration-method after">
                <span class="method-name">afterEachTestMethod([TestResult name=testVerifyAmazonMusicByTitle status=SUCCESS method=HomePageTest.testVerifyAmazonMus...)</span>
                <span class="method-start">158197 ms</span>
              </div> <!-- configuration-method after -->
              <div class="configuration-method after">
                <span class="method-name">cleanUp</span>
                <span class="method-start">159128 ms</span>
              </div> <!-- configuration-method after -->
              <div class="configuration-method before">
                <span class="method-name">setUp(false, false, windows, 10, chrome-options, 34, https://www.amazon.com)</span>
                <span class="method-start">159128 ms</span>
              </div> <!-- configuration-method before -->
              <div class="configuration-method before">
                <span class="method-name">startExtent(public void home.HomePageTest.testVerifyClickOnAmazonAdvertisingByText())</span>
                <span class="method-start">164430 ms</span>
              </div> <!-- configuration-method before -->
              <div class="configuration-method before">
                <span class="method-name">getInit</span>
                <span class="method-start">164431 ms</span>
              </div> <!-- configuration-method before -->
              <div class="test-method">
                <span class="method-name">testVerifyClickOnAmazonAdvertisingByText</span>
                <span class="method-start">164432 ms</span>
              </div> <!-- test-method -->
              <div class="configuration-method after">
                <span class="method-name">afterEachTestMethod([TestResult name=testVerifyClickOnAmazonAdvertisingByText status=SUCCESS method=HomePageTest.testVer...)</span>
                <span class="method-start">166340 ms</span>
              </div> <!-- configuration-method after -->
              <div class="configuration-method after">
                <span class="method-name">cleanUp</span>
                <span class="method-start">167907 ms</span>
              </div> <!-- configuration-method after -->
              <div class="configuration-method before">
                <span class="method-name">setUp(false, false, windows, 10, chrome-options, 34, https://www.amazon.com)</span>
                <span class="method-start">167907 ms</span>
              </div> <!-- configuration-method before -->
              <div class="configuration-method before">
                <span class="method-name">startExtent(public void home.HomePageTest.testVerifyClickOnAmazonAdvertisingByTitle())</span>
                <span class="method-start">173556 ms</span>
              </div> <!-- configuration-method before -->
              <div class="configuration-method before">
                <span class="method-name">getInit</span>
                <span class="method-start">173557 ms</span>
              </div> <!-- configuration-method before -->
              <div class="test-method">
                <span class="method-name">testVerifyClickOnAmazonAdvertisingByTitle</span>
                <span class="method-start">173558 ms</span>
              </div> <!-- test-method -->
              <div class="configuration-method after">
                <span class="method-name">afterEachTestMethod([TestResult name=testVerifyClickOnAmazonAdvertisingByTitle status=SUCCESS method=HomePageTest.testVe...)</span>
                <span class="method-start">176958 ms</span>
              </div> <!-- configuration-method after -->
              <div class="configuration-method after">
                <span class="method-name">cleanUp</span>
                <span class="method-start">178428 ms</span>
              </div> <!-- configuration-method after -->
              <div class="configuration-method before">
                <span class="method-name">setUp(false, false, windows, 10, chrome-options, 34, https://www.amazon.com)</span>
                <span class="method-start">178428 ms</span>
              </div> <!-- configuration-method before -->
              <div class="configuration-method before">
                <span class="method-name">startExtent(public void home.HomePageTest.testVerifyClickOnAmazonAdvertisingByURL())</span>
                <span class="method-start">183844 ms</span>
              </div> <!-- configuration-method before -->
              <div class="configuration-method before">
                <span class="method-name">getInit</span>
                <span class="method-start">183845 ms</span>
              </div> <!-- configuration-method before -->
              <div class="test-method">
                <span class="method-name">testVerifyClickOnAmazonAdvertisingByURL</span>
                <span class="method-start">183847 ms</span>
              </div> <!-- test-method -->
              <div class="configuration-method after">
                <span class="method-name">afterEachTestMethod([TestResult name=testVerifyClickOnAmazonAdvertisingByURL status=SUCCESS method=HomePageTest.testVeri...)</span>
                <span class="method-start">186418 ms</span>
              </div> <!-- configuration-method after -->
              <div class="configuration-method after">
                <span class="method-name">cleanUp</span>
                <span class="method-start">187583 ms</span>
              </div> <!-- configuration-method after -->
              <div class="configuration-method before">
                <span class="method-name">setUp(false, false, windows, 10, chrome-options, 34, https://www.amazon.com)</span>
                <span class="method-start">187584 ms</span>
              </div> <!-- configuration-method before -->
              <div class="configuration-method before">
                <span class="method-name">startExtent(public void home.HomePageTest.testVerifyClickOnHPFeaturedBrandSelection())</span>
                <span class="method-start">192976 ms</span>
              </div> <!-- configuration-method before -->
              <div class="configuration-method before">
                <span class="method-name">getInit</span>
                <span class="method-start">192976 ms</span>
              </div> <!-- configuration-method before -->
              <div class="test-method">
                <span class="method-name">testVerifyClickOnHPFeaturedBrandSelection</span>
                <span class="method-start">192977 ms</span>
              </div> <!-- test-method -->
              <div class="configuration-method after">
                <span class="method-name">afterEachTestMethod([TestResult name=testVerifyClickOnHPFeaturedBrandSelection status=SUCCESS method=HomePageTest.testVe...)</span>
                <span class="method-start">197080 ms</span>
              </div> <!-- configuration-method after -->
              <div class="configuration-method after">
                <span class="method-name">cleanUp</span>
                <span class="method-start">198065 ms</span>
              </div> <!-- configuration-method after -->
              <div class="configuration-method before">
                <span class="method-name">setUp(false, false, windows, 10, chrome-options, 34, https://www.amazon.com)</span>
                <span class="method-start">198065 ms</span>
              </div> <!-- configuration-method before -->
              <div class="configuration-method before">
                <span class="method-name">startExtent(public void home.HomePageTest.testVerifyClickOnMusicLink())</span>
                <span class="method-start">202586 ms</span>
              </div> <!-- configuration-method before -->
              <div class="configuration-method before">
                <span class="method-name">getInit</span>
                <span class="method-start">202586 ms</span>
              </div> <!-- configuration-method before -->
              <div class="test-method">
                <span class="method-name">testVerifyClickOnMusicLink</span>
                <span class="method-start">202587 ms</span>
              </div> <!-- test-method -->
              <div class="configuration-method after">
                <span class="method-name">afterEachTestMethod([TestResult name=testVerifyClickOnMusicLink status=SUCCESS method=HomePageTest.testVerifyClickOnMusi...)</span>
                <span class="method-start">206326 ms</span>
              </div> <!-- configuration-method after -->
              <div class="configuration-method after">
                <span class="method-name">cleanUp</span>
                <span class="method-start">207313 ms</span>
              </div> <!-- configuration-method after -->
              <div class="configuration-method before">
                <span class="method-name">setUp(false, false, windows, 10, chrome-options, 34, https://www.amazon.com)</span>
                <span class="method-start">207313 ms</span>
              </div> <!-- configuration-method before -->
              <div class="configuration-method before">
                <span class="method-name">startExtent(public void home.HomePageTest.testVerifyClickOnMusicLinkByTitle())</span>
                <span class="method-start">212829 ms</span>
              </div> <!-- configuration-method before -->
              <div class="configuration-method before">
                <span class="method-name">getInit</span>
                <span class="method-start">212829 ms</span>
              </div> <!-- configuration-method before -->
              <div class="test-method">
                <img src="failed.png">
                </img>
                <span class="method-name">testVerifyClickOnMusicLinkByTitle</span>
                <span class="method-start">212830 ms</span>
              </div> <!-- test-method -->
              <div class="configuration-method after">
                <span class="method-name">afterEachTestMethod([TestResult name=testVerifyClickOnMusicLinkByTitle status=FAILURE method=HomePageTest.testVerifyClic...)</span>
                <span class="method-start">214432 ms</span>
              </div> <!-- configuration-method after -->
              <div class="configuration-method after">
                <span class="method-name">cleanUp</span>
                <span class="method-start">216913 ms</span>
              </div> <!-- configuration-method after -->
              <div class="configuration-method before">
                <span class="method-name">setUp(false, false, windows, 10, chrome-options, 34, https://www.amazon.com)</span>
                <span class="method-start">216914 ms</span>
              </div> <!-- configuration-method before -->
              <div class="configuration-method before">
                <span class="method-name">startExtent(public void home.HomePageTest.testVerifyClickOnStartASellingAccount())</span>
                <span class="method-start">222658 ms</span>
              </div> <!-- configuration-method before -->
              <div class="configuration-method before">
                <span class="method-name">getInit</span>
                <span class="method-start">222658 ms</span>
              </div> <!-- configuration-method before -->
              <div class="test-method">
                <span class="method-name">testVerifyClickOnStartASellingAccount</span>
                <span class="method-start">222659 ms</span>
              </div> <!-- test-method -->
              <div class="configuration-method after">
                <span class="method-name">afterEachTestMethod([TestResult name=testVerifyClickOnStartASellingAccount status=SUCCESS method=HomePageTest.testVerify...)</span>
                <span class="method-start">226483 ms</span>
              </div> <!-- configuration-method after -->
              <div class="configuration-method after">
                <span class="method-name">cleanUp</span>
                <span class="method-start">227487 ms</span>
              </div> <!-- configuration-method after -->
              <div class="configuration-method before">
                <span class="method-name">setUp(false, false, windows, 10, chrome-options, 34, https://www.amazon.com)</span>
                <span class="method-start">227487 ms</span>
              </div> <!-- configuration-method before -->
              <div class="configuration-method before">
                <span class="method-name">startExtent(public void home.HomePageTest.testVerifySellVerificationTextIsDisplayed())</span>
                <span class="method-start">232604 ms</span>
              </div> <!-- configuration-method before -->
              <div class="configuration-method before">
                <span class="method-name">getInit</span>
                <span class="method-start">232604 ms</span>
              </div> <!-- configuration-method before -->
              <div class="test-method">
                <span class="method-name">testVerifySellVerificationTextIsDisplayed</span>
                <span class="method-start">232606 ms</span>
              </div> <!-- test-method -->
              <div class="configuration-method after">
                <span class="method-name">afterEachTestMethod([TestResult name=testVerifySellVerificationTextIsDisplayed status=SUCCESS method=HomePageTest.testVe...)</span>
                <span class="method-start">237186 ms</span>
              </div> <!-- configuration-method after -->
              <div class="configuration-method after">
                <span class="method-name">cleanUp</span>
                <span class="method-start">238585 ms</span>
              </div> <!-- configuration-method after -->
              <div class="configuration-method before">
                <span class="method-name">setUp(false, false, windows, 10, chrome-options, 34, https://www.amazon.com)</span>
                <span class="method-start">238586 ms</span>
              </div> <!-- configuration-method before -->
              <div class="configuration-method before">
                <span class="method-name">startExtent(public void home.HomePageTest.testvalidateClickSellTabByTitle())</span>
                <span class="method-start">244005 ms</span>
              </div> <!-- configuration-method before -->
              <div class="configuration-method before">
                <span class="method-name">getInit</span>
                <span class="method-start">244006 ms</span>
              </div> <!-- configuration-method before -->
              <div class="test-method">
                <span class="method-name">testvalidateClickSellTabByTitle</span>
                <span class="method-start">244007 ms</span>
              </div> <!-- test-method -->
              <div class="configuration-method after">
                <span class="method-name">afterEachTestMethod([TestResult name=testvalidateClickSellTabByTitle status=SUCCESS method=HomePageTest.testvalidateClic...)</span>
                <span class="method-start">248021 ms</span>
              </div> <!-- configuration-method after -->
              <div class="configuration-method after">
                <span class="method-name">cleanUp</span>
                <span class="method-start">249209 ms</span>
              </div> <!-- configuration-method after -->
              <div class="configuration-method before">
                <span class="method-name">setUp(false, false, windows, 10, chrome-options, 34, https://www.amazon.com)</span>
                <span class="method-start">249209 ms</span>
              </div> <!-- configuration-method before -->
              <div class="configuration-method before">
                <span class="method-name">startExtent(public void home.HomePageTest.testverifyClickGiftCardsTabByText())</span>
                <span class="method-start">254437 ms</span>
              </div> <!-- configuration-method before -->
              <div class="configuration-method before">
                <span class="method-name">getInit</span>
                <span class="method-start">254437 ms</span>
              </div> <!-- configuration-method before -->
              <div class="test-method">
                <span class="method-name">testverifyClickGiftCardsTabByText</span>
                <span class="method-start">254438 ms</span>
              </div> <!-- test-method -->
              <div class="configuration-method after">
                <span class="method-name">afterEachTestMethod([TestResult name=testverifyClickGiftCardsTabByText status=SUCCESS method=HomePageTest.testverifyClic...)</span>
                <span class="method-start">257049 ms</span>
              </div> <!-- configuration-method after -->
              <div class="configuration-method after">
                <span class="method-name">cleanUp</span>
                <span class="method-start">258049 ms</span>
              </div> <!-- configuration-method after -->
            </div> <!-- chronological-class -->
            <div class="chronological-class">
              <div class="chronological-class-name">registration.RegistrationPageTest</div> <!-- chronological-class-name -->
              <div class="configuration-method before">
                <span class="method-name">setUp(false, false, windows, 10, chrome-options, 34, https://www.amazon.com)</span>
                <span class="method-start">258049 ms</span>
              </div> <!-- configuration-method before -->
              <div class="configuration-method before">
                <span class="method-name">startExtent(public void registration.RegistrationPageTest.testPasswordMustBeAtLeast6CharacterAlertSignIsEnabled(...)</span>
                <span class="method-start">263567 ms</span>
              </div> <!-- configuration-method before -->
              <div class="configuration-method before">
                <span class="method-name">getInit</span>
                <span class="method-start">263568 ms</span>
              </div> <!-- configuration-method before -->
              <div class="test-method">
                <span class="method-name">testPasswordMustBeAtLeast6CharacterAlertSignIsEnabled</span>
                <span class="method-start">263571 ms</span>
              </div> <!-- test-method -->
              <div class="configuration-method after">
                <span class="method-name">afterEachTestMethod([TestResult name=testPasswordMustBeAtLeast6CharacterAlertSignIsEnabled status=SUCCESS method=Registr...)</span>
                <span class="method-start">266582 ms</span>
              </div> <!-- configuration-method after -->
              <div class="configuration-method after">
                <span class="method-name">cleanUp</span>
                <span class="method-start">267906 ms</span>
              </div> <!-- configuration-method after -->
              <div class="configuration-method before">
                <span class="method-name">setUp(false, false, windows, 10, chrome-options, 34, https://www.amazon.com)</span>
                <span class="method-start">267907 ms</span>
              </div> <!-- configuration-method before -->
              <div class="configuration-method before">
                <span class="method-name">startExtent(public void registration.RegistrationPageTest.testVerifyClickStartHere())</span>
                <span class="method-start">273610 ms</span>
              </div> <!-- configuration-method before -->
              <div class="configuration-method before">
                <span class="method-name">getInit</span>
                <span class="method-start">273611 ms</span>
              </div> <!-- configuration-method before -->
              <div class="test-method">
                <span class="method-name">testVerifyClickStartHere</span>
                <span class="method-start">273611 ms</span>
              </div> <!-- test-method -->
              <div class="configuration-method after">
                <span class="method-name">afterEachTestMethod([TestResult name=testVerifyClickStartHere status=SUCCESS method=RegistrationPageTest.testVerifyClick...)</span>
                <span class="method-start">275068 ms</span>
              </div> <!-- configuration-method after -->
              <div class="configuration-method after">
                <span class="method-name">cleanUp</span>
                <span class="method-start">276055 ms</span>
              </div> <!-- configuration-method after -->
              <div class="configuration-method before">
                <span class="method-name">setUp(false, false, windows, 10, chrome-options, 34, https://www.amazon.com)</span>
                <span class="method-start">276055 ms</span>
              </div> <!-- configuration-method before -->
              <div class="configuration-method before">
                <span class="method-name">startExtent(public void registration.RegistrationPageTest.testVerifyEnterAValidEmailAddressAlertSignIsDisplayed(...)</span>
                <span class="method-start">282380 ms</span>
              </div> <!-- configuration-method before -->
              <div class="configuration-method before">
                <span class="method-name">getInit</span>
                <span class="method-start">282380 ms</span>
              </div> <!-- configuration-method before -->
              <div class="test-method">
                <span class="method-name">testVerifyEnterAValidEmailAddressAlertSignIsDisplayed</span>
                <span class="method-start">282381 ms</span>
              </div> <!-- test-method -->
              <div class="configuration-method after">
                <span class="method-name">afterEachTestMethod([TestResult name=testVerifyEnterAValidEmailAddressAlertSignIsDisplayed status=SUCCESS method=Registr...)</span>
                <span class="method-start">286460 ms</span>
              </div> <!-- configuration-method after -->
              <div class="configuration-method after">
                <span class="method-name">cleanUp</span>
                <span class="method-start">287279 ms</span>
              </div> <!-- configuration-method after -->
              <div class="configuration-method before">
                <span class="method-name">setUp(false, false, windows, 10, chrome-options, 34, https://www.amazon.com)</span>
                <span class="method-start">287279 ms</span>
              </div> <!-- configuration-method before -->
              <div class="configuration-method before">
                <span class="method-name">startExtent(public void registration.RegistrationPageTest.testVerifyEnterYourEmailAlertSignIsDisplayed())</span>
                <span class="method-start">292732 ms</span>
              </div> <!-- configuration-method before -->
              <div class="configuration-method before">
                <span class="method-name">getInit</span>
                <span class="method-start">292732 ms</span>
              </div> <!-- configuration-method before -->
              <div class="test-method">
                <span class="method-name">testVerifyEnterYourEmailAlertSignIsDisplayed</span>
                <span class="method-start">292733 ms</span>
              </div> <!-- test-method -->
              <div class="configuration-method after">
                <span class="method-name">afterEachTestMethod([TestResult name=testVerifyEnterYourEmailAlertSignIsDisplayed status=SUCCESS method=RegistrationPage...)</span>
                <span class="method-start">295575 ms</span>
              </div> <!-- configuration-method after -->
              <div class="configuration-method after">
                <span class="method-name">cleanUp</span>
                <span class="method-start">296507 ms</span>
              </div> <!-- configuration-method after -->
              <div class="configuration-method before">
                <span class="method-name">setUp(false, false, windows, 10, chrome-options, 34, https://www.amazon.com)</span>
                <span class="method-start">296509 ms</span>
              </div> <!-- configuration-method before -->
              <div class="configuration-method before">
                <span class="method-name">startExtent(public void registration.RegistrationPageTest.testVerifyEnterYourNameAlertSignIsDisplayed())</span>
                <span class="method-start">303229 ms</span>
              </div> <!-- configuration-method before -->
              <div class="configuration-method before">
                <span class="method-name">getInit</span>
                <span class="method-start">303229 ms</span>
              </div> <!-- configuration-method before -->
              <div class="test-method">
                <span class="method-name">testVerifyEnterYourNameAlertSignIsDisplayed</span>
                <span class="method-start">303230 ms</span>
              </div> <!-- test-method -->
              <div class="configuration-method after">
                <span class="method-name">afterEachTestMethod([TestResult name=testVerifyEnterYourNameAlertSignIsDisplayed status=SUCCESS method=RegistrationPageT...)</span>
                <span class="method-start">306510 ms</span>
              </div> <!-- configuration-method after -->
              <div class="configuration-method after">
                <span class="method-name">cleanUp</span>
                <span class="method-start">307396 ms</span>
              </div> <!-- configuration-method after -->
              <div class="configuration-method before">
                <span class="method-name">setUp(false, false, windows, 10, chrome-options, 34, https://www.amazon.com)</span>
                <span class="method-start">307397 ms</span>
              </div> <!-- configuration-method before -->
              <div class="configuration-method before">
                <span class="method-name">startExtent(public void registration.RegistrationPageTest.testVerifyEnterYourPasswordAlertSignIsDisplayed())</span>
                <span class="method-start">314099 ms</span>
              </div> <!-- configuration-method before -->
              <div class="configuration-method before">
                <span class="method-name">getInit</span>
                <span class="method-start">314100 ms</span>
              </div> <!-- configuration-method before -->
              <div class="test-method">
                <span class="method-name">testVerifyEnterYourPasswordAlertSignIsDisplayed</span>
                <span class="method-start">314101 ms</span>
              </div> <!-- test-method -->
              <div class="configuration-method after">
                <span class="method-name">afterEachTestMethod([TestResult name=testVerifyEnterYourPasswordAlertSignIsDisplayed status=SUCCESS method=RegistrationP...)</span>
                <span class="method-start">316647 ms</span>
              </div> <!-- configuration-method after -->
              <div class="configuration-method after">
                <span class="method-name">cleanUp</span>
                <span class="method-start">317564 ms</span>
              </div> <!-- configuration-method after -->
              <div class="configuration-method before">
                <span class="method-name">setUp(false, false, windows, 10, chrome-options, 34, https://www.amazon.com)</span>
                <span class="method-start">317564 ms</span>
              </div> <!-- configuration-method before -->
              <div class="configuration-method before">
                <span class="method-name">startExtent(public void registration.RegistrationPageTest.testVerifyPasswordsMustMatchAlertIsDisplayed())</span>
                <span class="method-start">323021 ms</span>
              </div> <!-- configuration-method before -->
              <div class="configuration-method before">
                <span class="method-name">getInit</span>
                <span class="method-start">323021 ms</span>
              </div> <!-- configuration-method before -->
              <div class="test-method">
                <span class="method-name">testVerifyPasswordsMustMatchAlertIsDisplayed</span>
                <span class="method-start">323022 ms</span>
              </div> <!-- test-method -->
              <div class="configuration-method after">
                <span class="method-name">afterEachTestMethod([TestResult name=testVerifyPasswordsMustMatchAlertIsDisplayed status=SUCCESS method=RegistrationPage...)</span>
                <span class="method-start">326004 ms</span>
              </div> <!-- configuration-method after -->
              <div class="configuration-method after">
                <span class="method-name">cleanUp</span>
                <span class="method-start">327342 ms</span>
              </div> <!-- configuration-method after -->
              <div class="configuration-method before">
                <span class="method-name">setUp(false, false, windows, 10, chrome-options, 34, https://www.amazon.com)</span>
                <span class="method-start">327342 ms</span>
              </div> <!-- configuration-method before -->
              <div class="configuration-method before">
                <span class="method-name">startExtent(public void registration.RegistrationPageTest.testVerifyTypeYourPasswordAgainAlertSignIsDisplayed())</span>
                <span class="method-start">333620 ms</span>
              </div> <!-- configuration-method before -->
              <div class="configuration-method before">
                <span class="method-name">getInit</span>
                <span class="method-start">333621 ms</span>
              </div> <!-- configuration-method before -->
              <div class="test-method">
                <span class="method-name">testVerifyTypeYourPasswordAgainAlertSignIsDisplayed</span>
                <span class="method-start">333621 ms</span>
              </div> <!-- test-method -->
              <div class="configuration-method after">
                <span class="method-name">afterEachTestMethod([TestResult name=testVerifyTypeYourPasswordAgainAlertSignIsDisplayed status=SUCCESS method=Registrat...)</span>
                <span class="method-start">336208 ms</span>
              </div> <!-- configuration-method after -->
              <div class="configuration-method after">
                <span class="method-name">cleanUp</span>
                <span class="method-start">337097 ms</span>
              </div> <!-- configuration-method after -->
            </div> <!-- chronological-class -->
            <div class="chronological-class">
              <div class="chronological-class-name">search.SearchTest</div> <!-- chronological-class-name -->
              <div class="configuration-method before">
                <span class="method-name">setUp(false, false, windows, 10, chrome-options, 34, https://www.amazon.com)</span>
                <span class="method-start">337098 ms</span>
              </div> <!-- configuration-method before -->
              <div class="configuration-method before">
                <span class="method-name">startExtent(public void search.SearchTest.testSearchMultipleItems())</span>
                <span class="method-start">342964 ms</span>
              </div> <!-- configuration-method before -->
              <div class="configuration-method before">
                <span class="method-name">getInit</span>
                <span class="method-start">342964 ms</span>
              </div> <!-- configuration-method before -->
              <div class="test-method">
                <span class="method-name">testSearchMultipleItems</span>
                <span class="method-start">342967 ms</span>
              </div> <!-- test-method -->
              <div class="configuration-method after">
                <span class="method-name">afterEachTestMethod([TestResult name=testSearchMultipleItems status=SUCCESS method=SearchTest.testSearchMultipleItems()[...)</span>
                <span class="method-start">350371 ms</span>
              </div> <!-- configuration-method after -->
              <div class="configuration-method after">
                <span class="method-name">cleanUp</span>
                <span class="method-start">351399 ms</span>
              </div> <!-- configuration-method after -->
              <div class="configuration-method before">
                <span class="method-name">setUp(false, false, windows, 10, chrome-options, 34, https://www.amazon.com)</span>
                <span class="method-start">351400 ms</span>
              </div> <!-- configuration-method before -->
              <div class="configuration-method before">
                <span class="method-name">startExtent(public void search.SearchTest.testSearchSingleItem())</span>
                <span class="method-start">356783 ms</span>
              </div> <!-- configuration-method before -->
              <div class="configuration-method before">
                <span class="method-name">getInit</span>
                <span class="method-start">356784 ms</span>
              </div> <!-- configuration-method before -->
              <div class="test-method">
                <span class="method-name">testSearchSingleItem</span>
                <span class="method-start">356785 ms</span>
              </div> <!-- test-method -->
              <div class="configuration-method after">
                <span class="method-name">afterEachTestMethod([TestResult name=testSearchSingleItem status=SUCCESS method=SearchTest.testSearchSingleItem()[pri:0,...)</span>
                <span class="method-start">360765 ms</span>
              </div> <!-- configuration-method after -->
              <div class="configuration-method after">
                <span class="method-name">cleanUp</span>
                <span class="method-start">362199 ms</span>
              </div> <!-- configuration-method after -->
              <div class="configuration-method before">
                <span class="method-name">setUp(false, false, windows, 10, chrome-options, 34, https://www.amazon.com)</span>
                <span class="method-start">362199 ms</span>
              </div> <!-- configuration-method before -->
              <div class="configuration-method before">
                <span class="method-name">startExtent(public void search.SearchTest.testValidateAllDropDown())</span>
                <span class="method-start">367390 ms</span>
              </div> <!-- configuration-method before -->
              <div class="configuration-method before">
                <span class="method-name">getInit</span>
                <span class="method-start">367390 ms</span>
              </div> <!-- configuration-method before -->
              <div class="test-method">
                <span class="method-name">testValidateAllDropDown</span>
                <span class="method-start">367391 ms</span>
              </div> <!-- test-method -->
              <div class="configuration-method after">
                <span class="method-name">afterEachTestMethod([TestResult name=testValidateAllDropDown status=SUCCESS method=SearchTest.testValidateAllDropDown()[...)</span>
                <span class="method-start">368482 ms</span>
              </div> <!-- configuration-method after -->
              <div class="configuration-method after">
                <span class="method-name">cleanUp</span>
                <span class="method-start">369465 ms</span>
              </div> <!-- configuration-method after -->
              <div class="configuration-method before">
                <span class="method-name">setUp(false, false, windows, 10, chrome-options, 34, https://www.amazon.com)</span>
                <span class="method-start">369466 ms</span>
              </div> <!-- configuration-method before -->
              <div class="configuration-method before">
                <span class="method-name">startExtent(public void search.SearchTest.testVerifySearchRandomBooksByTitle())</span>
                <span class="method-start">375019 ms</span>
              </div> <!-- configuration-method before -->
              <div class="configuration-method before">
                <span class="method-name">getInit</span>
                <span class="method-start">375020 ms</span>
              </div> <!-- configuration-method before -->
              <div class="test-method">
                <span class="method-name">testVerifySearchRandomBooksByTitle</span>
                <span class="method-start">375021 ms</span>
              </div> <!-- test-method -->
              <div class="configuration-method after">
                <span class="method-name">afterEachTestMethod([TestResult name=testVerifySearchRandomBooksByTitle status=SUCCESS method=SearchTest.testVerifySearc...)</span>
                <span class="method-start">381551 ms</span>
              </div> <!-- configuration-method after -->
              <div class="configuration-method after">
                <span class="method-name">cleanUp</span>
                <span class="method-start">382501 ms</span>
              </div> <!-- configuration-method after -->
              <div class="configuration-method before">
                <span class="method-name">setUp(false, false, windows, 10, chrome-options, 34, https://www.amazon.com)</span>
                <span class="method-start">382501 ms</span>
              </div> <!-- configuration-method before -->
              <div class="configuration-method before">
                <span class="method-name">startExtent(public void search.SearchTest.testVerifySearchRandomBooksByURL())</span>
                <span class="method-start">388224 ms</span>
              </div> <!-- configuration-method before -->
              <div class="configuration-method before">
                <span class="method-name">getInit</span>
                <span class="method-start">388224 ms</span>
              </div> <!-- configuration-method before -->
              <div class="test-method">
                <img src="failed.png">
                </img>
                <span class="method-name">testVerifySearchRandomBooksByURL</span>
                <span class="method-start">388225 ms</span>
              </div> <!-- test-method -->
              <div class="configuration-method after">
                <span class="method-name">afterEachTestMethod([TestResult name=testVerifySearchRandomBooksByURL status=FAILURE method=SearchTest.testVerifySearchR...)</span>
                <span class="method-start">393148 ms</span>
              </div> <!-- configuration-method after -->
              <div class="configuration-method after">
                <span class="method-name">cleanUp</span>
                <span class="method-start">395459 ms</span>
              </div> <!-- configuration-method after -->
            </div> <!-- chronological-class -->
            <div class="chronological-class">
              <div class="chronological-class-name">signIn.SignInTest</div> <!-- chronological-class-name -->
              <div class="configuration-method before">
                <span class="method-name">setUp(false, false, windows, 10, chrome-options, 34, https://www.amazon.com)</span>
                <span class="method-start">395460 ms</span>
              </div> <!-- configuration-method before -->
              <div class="configuration-method before">
                <span class="method-name">startExtent(public void signIn.SignInTest.testVerifyEnterYourEmailOrMobilePhoneNumberAlertIsDisplayed())</span>
                <span class="method-start">401284 ms</span>
              </div> <!-- configuration-method before -->
              <div class="configuration-method before">
                <span class="method-name">getInit</span>
                <span class="method-start">401284 ms</span>
              </div> <!-- configuration-method before -->
              <div class="test-method">
                <span class="method-name">testVerifyEnterYourEmailOrMobilePhoneNumberAlertIsDisplayed</span>
                <span class="method-start">401298 ms</span>
              </div> <!-- test-method -->
              <div class="configuration-method after">
                <span class="method-name">afterEachTestMethod([TestResult name=testVerifyEnterYourEmailOrMobilePhoneNumberAlertIsDisplayed status=SUCCESS method=S...)</span>
                <span class="method-start">402686 ms</span>
              </div> <!-- configuration-method after -->
              <div class="configuration-method after">
                <span class="method-name">cleanUp</span>
                <span class="method-start">403908 ms</span>
              </div> <!-- configuration-method after -->
              <div class="configuration-method before">
                <span class="method-name">setUp(false, false, windows, 10, chrome-options, 34, https://www.amazon.com)</span>
                <span class="method-start">403909 ms</span>
              </div> <!-- configuration-method before -->
              <div class="configuration-method before">
                <span class="method-name">startExtent(public void signIn.SignInTest.testVerifyEnterYourPasswordAlertIsDisplayed())</span>
                <span class="method-start">409774 ms</span>
              </div> <!-- configuration-method before -->
              <div class="configuration-method before">
                <span class="method-name">getInit</span>
                <span class="method-start">409774 ms</span>
              </div> <!-- configuration-method before -->
              <div class="test-method">
                <span class="method-name">testVerifyEnterYourPasswordAlertIsDisplayed</span>
                <span class="method-start">409774 ms</span>
              </div> <!-- test-method -->
              <div class="configuration-method after">
                <span class="method-name">afterEachTestMethod([TestResult name=testVerifyEnterYourPasswordAlertIsDisplayed status=SUCCESS method=SignInTest.testVe...)</span>
                <span class="method-start">412269 ms</span>
              </div> <!-- configuration-method after -->
              <div class="configuration-method after">
                <span class="method-name">cleanUp</span>
                <span class="method-start">413140 ms</span>
              </div> <!-- configuration-method after -->
              <div class="configuration-method before">
                <span class="method-name">setUp(false, false, windows, 10, chrome-options, 34, https://www.amazon.com)</span>
                <span class="method-start">413141 ms</span>
              </div> <!-- configuration-method before -->
              <div class="configuration-method before">
                <span class="method-name">startExtent(public void signIn.SignInTest.testVerifyForgotYourPasswordTitle())</span>
                <span class="method-start">418456 ms</span>
              </div> <!-- configuration-method before -->
              <div class="configuration-method before">
                <span class="method-name">getInit</span>
                <span class="method-start">418457 ms</span>
              </div> <!-- configuration-method before -->
              <div class="test-method">
                <span class="method-name">testVerifyForgotYourPasswordTitle</span>
                <span class="method-start">418457 ms</span>
              </div> <!-- test-method -->
              <div class="configuration-method after">
                <span class="method-name">afterEachTestMethod([TestResult name=testVerifyForgotYourPasswordTitle status=SUCCESS method=SignInTest.testVerifyForgot...)</span>
                <span class="method-start">421407 ms</span>
              </div> <!-- configuration-method after -->
              <div class="configuration-method after">
                <span class="method-name">cleanUp</span>
                <span class="method-start">422282 ms</span>
              </div> <!-- configuration-method after -->
              <div class="configuration-method before">
                <span class="method-name">setUp(false, false, windows, 10, chrome-options, 34, https://www.amazon.com)</span>
                <span class="method-start">422282 ms</span>
              </div> <!-- configuration-method before -->
              <div class="configuration-method before">
                <span class="method-name">startExtent(public void signIn.SignInTest.testVerifyIncorrectPhoneNumberAlertIsDispalyed())</span>
                <span class="method-start">428077 ms</span>
              </div> <!-- configuration-method before -->
              <div class="configuration-method before">
                <span class="method-name">getInit</span>
                <span class="method-start">428078 ms</span>
              </div> <!-- configuration-method before -->
              <div class="test-method">
                <span class="method-name">testVerifyIncorrectPhoneNumberAlertIsDispalyed</span>
                <span class="method-start">428078 ms</span>
              </div> <!-- test-method -->
              <div class="configuration-method after">
                <span class="method-name">afterEachTestMethod([TestResult name=testVerifyIncorrectPhoneNumberAlertIsDispalyed status=SUCCESS method=SignInTest.tes...)</span>
                <span class="method-start">430344 ms</span>
              </div> <!-- configuration-method after -->
              <div class="configuration-method after">
                <span class="method-name">cleanUp</span>
                <span class="method-start">432082 ms</span>
              </div> <!-- configuration-method after -->
              <div class="configuration-method before">
                <span class="method-name">setUp(false, false, windows, 10, chrome-options, 34, https://www.amazon.com)</span>
                <span class="method-start">432082 ms</span>
              </div> <!-- configuration-method before -->
              <div class="configuration-method before">
                <span class="method-name">startExtent(public void signIn.SignInTest.testVerifyThatErrorIsDisplayedWhenLoggingInWithInvalidEmailAddressForm...)</span>
                <span class="method-start">437974 ms</span>
              </div> <!-- configuration-method before -->
              <div class="configuration-method before">
                <span class="method-name">getInit</span>
                <span class="method-start">437974 ms</span>
              </div> <!-- configuration-method before -->
              <div class="test-method">
                <span class="method-name">testVerifyThatErrorIsDisplayedWhenLoggingInWithInvalidEmailAddressFormat</span>
                <span class="method-start">437974 ms</span>
              </div> <!-- test-method -->
              <div class="configuration-method after">
                <span class="method-name">afterEachTestMethod([TestResult name=testVerifyThatErrorIsDisplayedWhenLoggingInWithInvalidEmailAddressFormat status=SUC...)</span>
                <span class="method-start">440355 ms</span>
              </div> <!-- configuration-method after -->
              <div class="configuration-method after">
                <span class="method-name">cleanUp</span>
                <span class="method-start">441445 ms</span>
              </div> <!-- configuration-method after -->
              <div class="configuration-method before">
                <span class="method-name">setUp(false, false, windows, 10, chrome-options, 34, https://www.amazon.com)</span>
                <span class="method-start">441445 ms</span>
              </div> <!-- configuration-method before -->
              <div class="configuration-method before">
                <span class="method-name">startExtent(public void signIn.SignInTest.testVerifyWeCannotFindAnAccountWithThatEmailAddressAlertIsDisplayed())</span>
                <span class="method-start">446681 ms</span>
              </div> <!-- configuration-method before -->
              <div class="configuration-method before">
                <span class="method-name">getInit</span>
                <span class="method-start">446682 ms</span>
              </div> <!-- configuration-method before -->
              <div class="test-method">
                <span class="method-name">testVerifyWeCannotFindAnAccountWithThatEmailAddressAlertIsDisplayed</span>
                <span class="method-start">446682 ms</span>
              </div> <!-- test-method -->
              <div class="configuration-method after">
                <span class="method-name">afterEachTestMethod([TestResult name=testVerifyWeCannotFindAnAccountWithThatEmailAddressAlertIsDisplayed status=SUCCESS ...)</span>
                <span class="method-start">449237 ms</span>
              </div> <!-- configuration-method after -->
              <div class="configuration-method after">
                <span class="method-name">cleanUp</span>
                <span class="method-start">450280 ms</span>
              </div> <!-- configuration-method after -->
              <div class="configuration-method before">
                <span class="method-name">setUp(false, false, windows, 10, chrome-options, 34, https://www.amazon.com)</span>
                <span class="method-start">450280 ms</span>
              </div> <!-- configuration-method before -->
              <div class="configuration-method before">
                <span class="method-name">startExtent(public void signIn.SignInTest.testVerifySignInTitle())</span>
                <span class="method-start">455682 ms</span>
              </div> <!-- configuration-method before -->
              <div class="configuration-method before">
                <span class="method-name">getInit</span>
                <span class="method-start">455682 ms</span>
              </div> <!-- configuration-method before -->
              <div class="test-method">
                <span class="method-name">testVerifySignInTitle</span>
                <span class="method-start">455682 ms</span>
              </div> <!-- test-method -->
              <div class="configuration-method after">
                <span class="method-name">afterEachTestMethod([TestResult name=testVerifySignInTitle status=SUCCESS method=SignInTest.testVerifySignInTitle()[pri:...)</span>
                <span class="method-start">457111 ms</span>
              </div> <!-- configuration-method after -->
              <div class="configuration-method after">
                <span class="method-name">cleanUp</span>
                <span class="method-start">457932 ms</span>
              </div> <!-- configuration-method after -->
            </div> <!-- chronological-class -->
            <div class="chronological-class">
              <div class="chronological-class-name">cart.CartTest</div> <!-- chronological-class-name -->
              <div class="configuration-suite after">
                <span class="method-name">generateReport</span>
                <span class="method-start">457987 ms</span>
              </div> <!-- configuration-suite after -->
          </div> <!-- main-panel-content rounded-window-bottom -->
        </div> <!-- panel -->
      </div> <!-- main-panel-root -->
    </div> <!-- wrapper -->
  </body>
</html>
