<?xml version="1.0" encoding="UTF-8"?>
<!-- Generated by org.testng.reporters.JUnitReportReporter -->
<testsuite hostname="MacBook-Pro-2.home" failures="1" tests="29" name="homeTest.HomePageTest" time="121.846" errors="0" timestamp="2020-09-26T14:03:18 EDT" skipped="0">
  <testcase classname="homeTest.HomePageTest" name="setWebLogoTest" time="5.579"/>
  <system-out/>
  <testcase classname="homeTest.HomePageTest" name="setWordButtonTest" time="5.379"/>
  <system-out/>
  <testcase classname="homeTest.HomePageTest" name="setWordButtonVerificationTest" time="5.303"/>
  <system-out/>
  <testcase classname="homeTest.HomePageTest" name="setUsButtonTest" time="3.554"/>
  <system-out/>
  <testcase classname="homeTest.HomePageTest" name="setUsButtonVerificationTest" time="4.833"/>
  <system-out/>
  <testcase classname="homeTest.HomePageTest" name="setPoliticsButtonTest" time="3.373"/>
  <system-out/>
  <testcase classname="homeTest.HomePageTest" name="setPoliticsButtonVerificationTest" time="4.971"/>
  <system-out/>
  <testcase classname="homeTest.HomePageTest" name="setNyButtonTest" time="2.556"/>
  <system-out/>
  <testcase classname="homeTest.HomePageTest" name="setNybuttonverificationTest" time="5.062"/>
  <system-out/>
  <testcase classname="homeTest.HomePageTest" name="setBusinessButtonTest" time="3.449"/>
  <system-out/>
  <testcase classname="homeTest.HomePageTest" name="setBusinessButtonVerificationTest" time="5.166"/>
  <system-out/>
  <testcase classname="homeTest.HomePageTest" name="setOpinionButtonTest" time="6.991"/>
  <system-out/>
  <testcase classname="homeTest.HomePageTest" name="setOpinionButtonVerificationTest" time="4.030"/>
  <system-out/>
  <testcase classname="homeTest.HomePageTest" name="setTechButtonTest" time="6.418"/>
  <system-out/>
  <testcase classname="homeTest.HomePageTest" name="setTechButtonVerificationTest" time="2.668"/>
  <system-out/>
  <testcase classname="homeTest.HomePageTest" name="setScienceButtonTest" time="3.202"/>
  <system-out/>
  <testcase classname="homeTest.HomePageTest" name="setScienceButtonVerificationTest" time="5.918"/>
  <system-out/>
  <testcase classname="homeTest.HomePageTest" name="setHealthButtonTest" time="3.443"/>
  <system-out/>
  <testcase classname="homeTest.HomePageTest" name="setHealthButtonVerificationTest" time="2.873"/>
  <system-out/>
  <testcase classname="homeTest.HomePageTest" name="setSportButtonTest" time="4.079"/>
  <system-out/>
  <testcase classname="homeTest.HomePageTest" name="setSportButtonVerificationTest" time="3.085"/>
  <system-out/>
  <testcase classname="homeTest.HomePageTest" name="setArtButtonTest" time="3.314"/>
  <system-out/>
  <testcase classname="homeTest.HomePageTest" name="setBooksButtonTest" time="3.585"/>
  <system-out/>
  <testcase classname="homeTest.HomePageTest" name="setStyleTest" time="3.173"/>
  <system-out/>
  <testcase classname="homeTest.HomePageTest" name="setFoodTest" time="2.903"/>
  <system-out/>
  <testcase classname="homeTest.HomePageTest" name="setTravelTest" time="2.579"/>
  <system-out/>
  <testcase classname="homeTest.HomePageTest" name="setMagazineTest" time="3.668">
    <failure message="text doesn&#039;t match expected [Is It Strange to Say I Miss the Bodies of Strangers?] but found [12,000 Feet Up, With a Storm Coming In]" type="java.lang.AssertionError">
      <![CDATA[java.lang.AssertionError: text doesn't match expected [Is It Strange to Say I Miss the Bodies of Strangers?] but found [12,000 Feet Up, With a Storm Coming In]
at org.testng.Assert.fail(Assert.java:97)
at org.testng.Assert.assertEqualsImpl(Assert.java:136)
at org.testng.Assert.assertEquals(Assert.java:118)
at org.testng.Assert.assertEquals(Assert.java:575)
at home.HomePage.setMagazine(HomePage.java:261)
at homeTest.HomePageTest.setMagazineTest(HomePageTest.java:144)
at java.base/jdk.internal.reflect.NativeMethodAccessorImpl.invoke0(Native Method)
at java.base/jdk.internal.reflect.NativeMethodAccessorImpl.invoke(NativeMethodAccessorImpl.java:62)
at java.base/jdk.internal.reflect.DelegatingMethodAccessorImpl.invoke(DelegatingMethodAccessorImpl.java:43)
at java.base/java.lang.reflect.Method.invoke(Method.java:564)
at org.testng.internal.MethodInvocationHelper.invokeMethod(MethodInvocationHelper.java:134)
at org.testng.internal.TestInvoker.invokeMethod(TestInvoker.java:597)
at org.testng.internal.TestInvoker.invokeTestMethod(TestInvoker.java:173)
at org.testng.internal.MethodRunner.runInSequence(MethodRunner.java:46)
at org.testng.internal.TestInvoker$MethodInvocationAgent.invoke(TestInvoker.java:816)
at org.testng.internal.TestInvoker.invokeTestMethods(TestInvoker.java:146)
at org.testng.internal.TestMethodWorker.invokeTestMethods(TestMethodWorker.java:146)
at org.testng.internal.TestMethodWorker.run(TestMethodWorker.java:128)
at java.base/java.util.ArrayList.forEach(ArrayList.java:1510)
at org.testng.TestRunner.privateRun(TestRunner.java:766)
at org.testng.TestRunner.run(TestRunner.java:587)
at org.testng.SuiteRunner.runTest(SuiteRunner.java:384)
at org.testng.SuiteRunner.runSequentially(SuiteRunner.java:378)
at org.testng.SuiteRunner.privateRun(SuiteRunner.java:337)
at org.testng.SuiteRunner.run(SuiteRunner.java:286)
at org.testng.SuiteRunnerWorker.runSuite(SuiteRunnerWorker.java:53)
at org.testng.SuiteRunnerWorker.run(SuiteRunnerWorker.java:96)
at org.testng.TestNG.runSuitesSequentially(TestNG.java:1187)
at org.testng.TestNG.runSuitesLocally(TestNG.java:1109)
at org.testng.TestNG.runSuites(TestNG.java:1039)
at org.testng.TestNG.run(TestNG.java:1007)
at org.apache.maven.surefire.testng.TestNGExecutor.run(TestNGExecutor.java:284)
at org.apache.maven.surefire.testng.TestNGXmlTestSuite.execute(TestNGXmlTestSuite.java:75)
at org.apache.maven.surefire.testng.TestNGProvider.invoke(TestNGProvider.java:119)
at org.apache.maven.surefire.booter.ForkedBooter.runSuitesInProcess(ForkedBooter.java:428)
at org.apache.maven.surefire.booter.ForkedBooter.execute(ForkedBooter.java:162)
at org.apache.maven.surefire.booter.ForkedBooter.run(ForkedBooter.java:562)
at org.apache.maven.surefire.booter.ForkedBooter.main(ForkedBooter.java:548)
]]>
    </failure>
  </testcase> <!-- setMagazineTest -->
  <system-out/>
  <testcase classname="homeTest.HomePageTest" name="setRealEstateTest" time="5.468"/>
  <system-out/>
  <testcase classname="homeTest.HomePageTest" name="setVideoTest" time="5.224"/>
  <system-out/>
</testsuite> <!-- homeTest.HomePageTest -->
