<?xml version="1.0" encoding="UTF-8"?>
<!-- Generated by org.testng.reporters.JUnitXMLReporter -->
<testsuite ignored="4" hostname="Waqas" failures="2" tests="13" name="Delta Home" time="385.981" errors="0" timestamp="2020-09-26T04:01:15 EDT">
  <testcase classname="home.HomePageTest" name="testClickCheckIn" time="20.767"/>
  <testcase classname="home.HomePageTest" name="testClickOnBook" time="24.042"/>
  <testcase classname="home.HomePageTest" name="testFlightStatus" time="0.519"/>
  <testcase classname="search.SearchTest" name="testCanceFlights" time="7.41"/>
  <testcase classname="search.SearchTest" name="testChangeFlight" time="11.435"/>
  <testcase classname="search.SearchTest" name="testClickSearchBtn" time="0.754"/>
  <testcase classname="search.SearchTest" name="testCoronavirus" time="6.462"/>
  <testcase classname="search.SearchTest" name="testECreditsTab" time="10.549"/>
  <testcase classname="search.SearchTest" name="testFaceMaskTab" time="8.236"/>
  <testcase classname="search.SearchTest" name="testPetsElement" time="11.67">
    <failure type="java.lang.AssertionError" message="expected [Delta Pet Policy : Flying with Dogs, Cats &amp;amp; More : Delta Air Lines] but found [Baggage Policy and Fees | Delta Air Lines]">
      <![CDATA[java.lang.AssertionError: expected [Delta Pet Policy : Flying with Dogs, Cats & More : Delta Air Lines] but found [Baggage Policy and Fees | Delta Air Lines]
at search.Search.validateClickPets(Search.java:222)
at search.SearchTest.testPetsElement(SearchTest.java:137)
at java.base/java.util.ArrayList.forEach(ArrayList.java:1541)
... Removed 36 stack frames]]>
    </failure>
  </testcase> <!-- testPetsElement -->
  <testcase classname="search.SearchTest" name="testReciepts" time="5.071"/>
  <testcase classname="search.SearchTest" name="testRefunds" time="6.586"/>
  <testcase classname="search.SearchTest" name="testSearchBox" time="9.442">
    <failure type="java.lang.AssertionError" message="test failed expected [SEARCH RESULTS] but found []">
      <![CDATA[java.lang.AssertionError: test failed expected [SEARCH RESULTS] but found []
at search.Search.validateSearchBox(Search.java:53)
at search.SearchTest.testSearchBox(SearchTest.java:40)
at java.base/java.util.ArrayList.forEach(ArrayList.java:1541)
... Removed 35 stack frames]]>
    </failure>
  </testcase> <!-- testSearchBox -->
  <testcase classname="home.HomePageTest" name="testMyTrips" time="0.0">
    <ignored/>
  </testcase> <!-- testMyTrips -->
  <testcase classname="home.HomePageTest" name="testClickOnVaccationDeals" time="0.0">
    <ignored/>
  </testcase> <!-- testClickOnVaccationDeals -->
  <testcase classname="base.CommonAPI" name="@AfterSuite generateReport" time="0.0">
    <ignored/>
  </testcase> <!-- @AfterSuite generateReport -->
  <testcase classname="base.CommonAPI" name="@BeforeSuite extentSetup" time="0.0">
    <ignored/>
  </testcase> <!-- @BeforeSuite extentSetup -->
</testsuite> <!-- Delta Home -->
