<?xml version="1.0" encoding="UTF-8"?>
<!-- Generated by org.testng.reporters.JUnitXMLReporter -->
<testsuite ignored="0" hostname="Syeds-MBP.ed.shawcable.net" failures="5" tests="20" name="The Hartford Home" time="136.541" errors="0" timestamp="2020-09-25T13:14:55 MDT">
  <testcase classname="search.SearchTest" name="TestContactUs" time="1.226"/>
  <testcase classname="search.SearchTest" name="testAboutUs" time="5.18">
    <failure type="org.openqa.selenium.NoSuchElementException" message="no such element: Unable to locate element: {&amp;quot;method&amp;quot;:&amp;quot;xpath&amp;quot;,&amp;quot;selector&amp;quot;:&amp;quot;//a[@title=&amp;apos;About Us&amp;apos;]&amp;quot;}
  (Session info: chrome=85.0.4183.121)
For documentation on this error, please visit: https://www.seleniumhq.org/exceptions/no_such_element.html
Build info: version: &amp;apos;3.141.59&amp;apos;, revision: &amp;apos;e82be7d358&amp;apos;, time: &amp;apos;2018-11-14T08:17:03&amp;apos;
System info: host: &amp;apos;Syeds-MBP.ed.shawcable.net&amp;apos;, ip: &amp;apos;2604:3d09:6e80:4500:b149:4cb2:5195:3c4e%en0&amp;apos;, os.name: &amp;apos;Mac OS X&amp;apos;, os.arch: &amp;apos;x86_64&amp;apos;, os.version: &amp;apos;10.15.6&amp;apos;, java.version: &amp;apos;11.0.7&amp;apos;
Driver info: org.openqa.selenium.chrome.ChromeDriver
Capabilities {acceptInsecureCerts: false, browserName: chrome, browserVersion: 85.0.4183.121, chrome: {chromedriverVersion: 84.0.4147.30 (48b3e868b4cc0..., userDataDir: /var/folders/xh/fygjm06s7q9...}, goog:chromeOptions: {debuggerAddress: localhost:62990}, javascriptEnabled: true, networkConnectionEnabled: false, pageLoadStrategy: normal, platform: MAC, platformName: MAC, proxy: Proxy(), setWindowRect: true, strictFileInteractability: false, timeouts: {implicit: 0, pageLoad: 300000, script: 30000}, unhandledPromptBehavior: dismiss and notify, webauthn:virtualAuthenticators: true}
Session ID: cd4209eee7e12be5e1e6217cc8934840
*** Element info: {Using=xpath, value=//a[@title=&amp;apos;About Us&amp;apos;]}">
      <![CDATA[org.openqa.selenium.NoSuchElementException: no such element: Unable to locate element: {"method":"xpath","selector":"//a[@title='About Us']"}
  (Session info: chrome=85.0.4183.121)
For documentation on this error, please visit: https://www.seleniumhq.org/exceptions/no_such_element.html
Build info: version: '3.141.59', revision: 'e82be7d358', time: '2018-11-14T08:17:03'
System info: host: 'Syeds-MBP.ed.shawcable.net', ip: '2604:3d09:6e80:4500:b149:4cb2:5195:3c4e%en0', os.name: 'Mac OS X', os.arch: 'x86_64', os.version: '10.15.6', java.version: '11.0.7'
Driver info: org.openqa.selenium.chrome.ChromeDriver
Capabilities {acceptInsecureCerts: false, browserName: chrome, browserVersion: 85.0.4183.121, chrome: {chromedriverVersion: 84.0.4147.30 (48b3e868b4cc0..., userDataDir: /var/folders/xh/fygjm06s7q9...}, goog:chromeOptions: {debuggerAddress: localhost:62990}, javascriptEnabled: true, networkConnectionEnabled: false, pageLoadStrategy: normal, platform: MAC, platformName: MAC, proxy: Proxy(), setWindowRect: true, strictFileInteractability: false, timeouts: {implicit: 0, pageLoad: 300000, script: 30000}, unhandledPromptBehavior: dismiss and notify, webauthn:virtualAuthenticators: true}
Session ID: cd4209eee7e12be5e1e6217cc8934840
*** Element info: {Using=xpath, value=//a[@title='About Us']}
at org.openqa.selenium.remote.http.W3CHttpResponseCodec.createException(W3CHttpResponseCodec.java:187)
at org.openqa.selenium.remote.http.W3CHttpResponseCodec.decode(W3CHttpResponseCodec.java:122)
at org.openqa.selenium.remote.http.W3CHttpResponseCodec.decode(W3CHttpResponseCodec.java:49)
at org.openqa.selenium.remote.HttpCommandExecutor.execute(HttpCommandExecutor.java:158)
at org.openqa.selenium.remote.service.DriverCommandExecutor.execute(DriverCommandExecutor.java:83)
at org.openqa.selenium.remote.RemoteWebDriver.execute(RemoteWebDriver.java:552)
at org.openqa.selenium.remote.RemoteWebDriver.findElement(RemoteWebDriver.java:323)
at org.openqa.selenium.remote.RemoteWebDriver.findElementByXPath(RemoteWebDriver.java:428)
at org.openqa.selenium.By$ByXPath.findElement(By.java:353)
at org.openqa.selenium.remote.RemoteWebDriver.findElement(RemoteWebDriver.java:315)
at org.openqa.selenium.support.pagefactory.DefaultElementLocator.findElement(DefaultElementLocator.java:69)
at org.openqa.selenium.support.pagefactory.internal.LocatingElementHandler.invoke(LocatingElementHandler.java:38)
at com.sun.proxy.$Proxy14.click(Unknown Source)
at search.Search.findAboutUs(Search.java:187)
at search.SearchTest.testAboutUs(SearchTest.java:75)
at java.base/java.util.ArrayList.forEach(ArrayList.java:1540)
... Removed 35 stack frames]]>
    </failure>
  </testcase> <!-- testAboutUs -->
  <testcase classname="search.SearchTest" name="testAccessStat" time="1.379"/>
  <testcase classname="search.SearchTest" name="testAgentAndProducers" time="2.022"/>
  <testcase classname="search.SearchTest" name="testBusinessTab" time="1.759">
    <failure type="java.lang.AssertionError" message="expected [Business, Home &amp;amp; Car Insurance Quotes | The Hartford Insurance] but found [Business Insurance | Insurance for Business Owners | The Hartford]">
      <![CDATA[java.lang.AssertionError: expected [Business, Home & Car Insurance Quotes | The Hartford Insurance] but found [Business Insurance | Insurance for Business Owners | The Hartford]
at search.Search.validateBusinessTab(Search.java:149)
at search.SearchTest.testBusinessTab(SearchTest.java:52)
at java.base/java.util.ArrayList.forEach(ArrayList.java:1540)
... Removed 36 stack frames]]>
    </failure>
  </testcase> <!-- testBusinessTab -->
  <testcase classname="search.SearchTest" name="testCarInsurance" time="5.178">
    <failure type="org.openqa.selenium.ElementNotInteractableException" message="element not interactable
  (Session info: chrome=85.0.4183.121)
Build info: version: &amp;apos;3.141.59&amp;apos;, revision: &amp;apos;e82be7d358&amp;apos;, time: &amp;apos;2018-11-14T08:17:03&amp;apos;
System info: host: &amp;apos;Syeds-MBP.ed.shawcable.net&amp;apos;, ip: &amp;apos;2604:3d09:6e80:4500:b149:4cb2:5195:3c4e%en0&amp;apos;, os.name: &amp;apos;Mac OS X&amp;apos;, os.arch: &amp;apos;x86_64&amp;apos;, os.version: &amp;apos;10.15.6&amp;apos;, java.version: &amp;apos;11.0.7&amp;apos;
Driver info: org.openqa.selenium.chrome.ChromeDriver
Capabilities {acceptInsecureCerts: false, browserName: chrome, browserVersion: 85.0.4183.121, chrome: {chromedriverVersion: 84.0.4147.30 (48b3e868b4cc0..., userDataDir: /var/folders/xh/fygjm06s7q9...}, goog:chromeOptions: {debuggerAddress: localhost:63346}, javascriptEnabled: true, networkConnectionEnabled: false, pageLoadStrategy: normal, platform: MAC, platformName: MAC, proxy: Proxy(), setWindowRect: true, strictFileInteractability: false, timeouts: {implicit: 0, pageLoad: 300000, script: 30000}, unhandledPromptBehavior: dismiss and notify, webauthn:virtualAuthenticators: true}
Session ID: 0cbc13963e771f5200c42a9f263fa33a">
      <![CDATA[org.openqa.selenium.ElementNotInteractableException: element not interactable
  (Session info: chrome=85.0.4183.121)
Build info: version: '3.141.59', revision: 'e82be7d358', time: '2018-11-14T08:17:03'
System info: host: 'Syeds-MBP.ed.shawcable.net', ip: '2604:3d09:6e80:4500:b149:4cb2:5195:3c4e%en0', os.name: 'Mac OS X', os.arch: 'x86_64', os.version: '10.15.6', java.version: '11.0.7'
Driver info: org.openqa.selenium.chrome.ChromeDriver
Capabilities {acceptInsecureCerts: false, browserName: chrome, browserVersion: 85.0.4183.121, chrome: {chromedriverVersion: 84.0.4147.30 (48b3e868b4cc0..., userDataDir: /var/folders/xh/fygjm06s7q9...}, goog:chromeOptions: {debuggerAddress: localhost:63346}, javascriptEnabled: true, networkConnectionEnabled: false, pageLoadStrategy: normal, platform: MAC, platformName: MAC, proxy: Proxy(), setWindowRect: true, strictFileInteractability: false, timeouts: {implicit: 0, pageLoad: 300000, script: 30000}, unhandledPromptBehavior: dismiss and notify, webauthn:virtualAuthenticators: true}
Session ID: 0cbc13963e771f5200c42a9f263fa33a
at org.openqa.selenium.remote.http.W3CHttpResponseCodec.createException(W3CHttpResponseCodec.java:187)
at org.openqa.selenium.remote.http.W3CHttpResponseCodec.decode(W3CHttpResponseCodec.java:122)
at org.openqa.selenium.remote.http.W3CHttpResponseCodec.decode(W3CHttpResponseCodec.java:49)
at org.openqa.selenium.remote.HttpCommandExecutor.execute(HttpCommandExecutor.java:158)
at org.openqa.selenium.remote.service.DriverCommandExecutor.execute(DriverCommandExecutor.java:83)
at org.openqa.selenium.remote.RemoteWebDriver.execute(RemoteWebDriver.java:552)
at org.openqa.selenium.remote.RemoteWebElement.execute(RemoteWebElement.java:285)
at org.openqa.selenium.remote.RemoteWebElement.click(RemoteWebElement.java:84)
at org.openqa.selenium.support.pagefactory.internal.LocatingElementHandler.invoke(LocatingElementHandler.java:51)
at com.sun.proxy.$Proxy14.click(Unknown Source)
at search.Search.carInsuranceCheck(Search.java:378)
at search.SearchTest.testCarInsurance(SearchTest.java:174)
at java.base/java.util.ArrayList.forEach(ArrayList.java:1540)
... Removed 39 stack frames]]>
    </failure>
  </testcase> <!-- testCarInsurance -->
  <testcase classname="search.SearchTest" name="testEEO" time="1.557"/>
  <testcase classname="search.SearchTest" name="testEmployeeBanifits" time="1.052">
    <failure type="java.lang.AssertionError" message="expected [Business, Home &amp;amp; Car Insurance Quotes | The Hartford Insurance] but found []">
      <![CDATA[java.lang.AssertionError: expected [Business, Home & Car Insurance Quotes | The Hartford Insurance] but found []
at search.Search.validateEmpBanifits(Search.java:166)
at search.SearchTest.testEmployeeBanifits(SearchTest.java:60)
at java.base/java.util.ArrayList.forEach(ArrayList.java:1540)
... Removed 36 stack frames]]>
    </failure>
  </testcase> <!-- testEmployeeBanifits -->
  <testcase classname="search.SearchTest" name="testFeedBack" time="3.346"/>
  <testcase classname="search.SearchTest" name="testFindAnAgentButton" time="1.302"/>
  <testcase classname="search.SearchTest" name="testHomeInsurance" time="1.189"/>
  <testcase classname="search.SearchTest" name="testHomeTab" time="1.233">
    <failure type="java.lang.AssertionError" message="expected [Business, Home &amp;amp; Car Insurance Quotes | The Hartford Insurance] but found []">
      <![CDATA[java.lang.AssertionError: expected [Business, Home & Car Insurance Quotes | The Hartford Insurance] but found []
at search.Search.validateSetHomeElementCheck(Search.java:132)
at search.SearchTest.testHomeTab(SearchTest.java:44)
at java.base/java.util.ArrayList.forEach(ArrayList.java:1540)
... Removed 36 stack frames]]>
    </failure>
  </testcase> <!-- testHomeTab -->
  <testcase classname="search.SearchTest" name="testLegalNotice" time="1.067"/>
  <testcase classname="search.SearchTest" name="testMobileApp" time="1.243"/>
  <testcase classname="search.SearchTest" name="testPrivacyPolicy" time="0.912"/>
  <testcase classname="search.SearchTest" name="testProdCompensation" time="0.876"/>
  <testcase classname="search.SearchTest" name="testReportClaim" time="1.225"/>
  <testcase classname="search.SearchTest" name="testSearchBoxCheck" time="2.872"/>
  <testcase classname="search.SearchTest" name="testSmallBiz" time="0.629"/>
  <testcase classname="search.SearchTest" name="testtheHartFordImage" time="0.86"/>
</testsuite> <!-- The Hartford Home -->
