<!DOCTYPE html>

<html>
  <head>
  <meta charset='utf-8'>
  <title>TestNG reports</title>

    <link type="text/css" href="testng-reports.css" rel="stylesheet" />
    <script type="text/javascript" src="jquery-3.4.1.min.js"></script>
    <script type="text/javascript" src="testng-reports.js"></script>
    <script type="text/javascript" src="https://www.google.com/jsapi"></script>
    <script type='text/javascript'>
      google.load('visualization', '1', {packages:['table']});
      google.setOnLoadCallback(drawTable);
      var suiteTableInitFunctions = new Array();
      var suiteTableData = new Array();
    </script>
    <!--
      <script type="text/javascript" src="jquery-ui/js/jquery-ui-1.8.16.custom.min.js"></script>
     -->
  </head>

  <body>
    <div class="top-banner-root">
      <span class="top-banner-title-font">Test results</span>
      <br/>
      <span class="top-banner-font-1">1 suite, 8 failed tests</span>
    </div> <!-- top-banner-root -->
    <div class="navigator-root">
      <div class="navigator-suite-header">
        <span>All suites</span>
        <a href="#" title="Collapse/expand all the suites" class="collapse-all-link">
          <img src="collapseall.gif" class="collapse-all-icon">
          </img> <!-- collapse-all-icon -->
        </a> <!-- collapse-all-link -->
      </div> <!-- navigator-suite-header -->
      <div class="suite">
        <div class="rounded-window">
          <div class="suite-header light-rounded-window-top">
            <a href="#" panel-name="suite-The_Hartford_Automation_Test" class="navigator-link">
              <span class="suite-name border-failed">The Hartford Automation Test</span>
            </a> <!-- navigator-link -->
          </div> <!-- suite-header light-rounded-window-top -->
          <div class="navigator-suite-content">
            <div class="suite-section-title">
              <span>Info</span>
            </div> <!-- suite-section-title -->
            <div class="suite-section-content">
              <ul>
                <li>
                  <a href="#" panel-name="test-xml-The_Hartford_Automation_Test" class="navigator-link ">
                    <span>TheHartfordTestRunner.xml</span>
                  </a> <!-- navigator-link  -->
                </li>
                <li>
                  <a href="#" panel-name="testlist-The_Hartford_Automation_Test" class="navigator-link ">
                    <span class="test-stats">1 test</span>
                  </a> <!-- navigator-link  -->
                </li>
                <li>
                  <a href="#" panel-name="group-The_Hartford_Automation_Test" class="navigator-link ">
                    <span>0 groups</span>
                  </a> <!-- navigator-link  -->
                </li>
                <li>
                  <a href="#" panel-name="times-The_Hartford_Automation_Test" class="navigator-link ">
                    <span>Times</span>
                  </a> <!-- navigator-link  -->
                </li>
                <li>
                  <a href="#" panel-name="reporter-The_Hartford_Automation_Test" class="navigator-link ">
                    <span>Reporter output</span>
                  </a> <!-- navigator-link  -->
                </li>
                <li>
                  <a href="#" panel-name="ignored-methods-The_Hartford_Automation_Test" class="navigator-link ">
                    <span>Ignored methods</span>
                  </a> <!-- navigator-link  -->
                </li>
                <li>
                  <a href="#" panel-name="chronological-The_Hartford_Automation_Test" class="navigator-link ">
                    <span>Chronological view</span>
                  </a> <!-- navigator-link  -->
                </li>
              </ul>
            </div> <!-- suite-section-content -->
            <div class="result-section">
              <div class="suite-section-title">
                <span>Results</span>
              </div> <!-- suite-section-title -->
              <div class="suite-section-content">
                <ul>
                  <li>
                    <span class="method-stats">20 methods, 8 failed,   12 passed</span>
                  </li>
                  <li>
                    <span class="method-list-title failed">Failed methods</span>
                    <span class="show-or-hide-methods failed">
                      <a href="#" panel-name="suite-The_Hartford_Automation_Test" class="hide-methods failed suite-The_Hartford_Automation_Test"> (hide)</a> <!-- hide-methods failed suite-The_Hartford_Automation_Test -->
                      <a href="#" panel-name="suite-The_Hartford_Automation_Test" class="show-methods failed suite-The_Hartford_Automation_Test"> (show)</a> <!-- show-methods failed suite-The_Hartford_Automation_Test -->
                    </span>
                    <div class="method-list-content failed suite-The_Hartford_Automation_Test">
                      <span>
                        <img src="failed.png" width="3%"/>
                        <a href="#" panel-name="suite-The_Hartford_Automation_Test" title="search.SearchTest" class="method navigator-link" hash-for-method="testAboutUs">testAboutUs</a> <!-- method navigator-link -->
                      </span>
                      <br/>
                      <span>
                        <img src="failed.png" width="3%"/>
                        <a href="#" panel-name="suite-The_Hartford_Automation_Test" title="search.SearchTest" class="method navigator-link" hash-for-method="testBusinessTab">testBusinessTab</a> <!-- method navigator-link -->
                      </span>
                      <br/>
                      <span>
                        <img src="failed.png" width="3%"/>
                        <a href="#" panel-name="suite-The_Hartford_Automation_Test" title="search.SearchTest" class="method navigator-link" hash-for-method="testCarInsurance">testCarInsurance</a> <!-- method navigator-link -->
                      </span>
                      <br/>
                      <span>
                        <img src="failed.png" width="3%"/>
                        <a href="#" panel-name="suite-The_Hartford_Automation_Test" title="search.SearchTest" class="method navigator-link" hash-for-method="testEmployeeBanifits">testEmployeeBanifits</a> <!-- method navigator-link -->
                      </span>
                      <br/>
                      <span>
                        <img src="failed.png" width="3%"/>
                        <a href="#" panel-name="suite-The_Hartford_Automation_Test" title="search.SearchTest" class="method navigator-link" hash-for-method="testHomeTab">testHomeTab</a> <!-- method navigator-link -->
                      </span>
                      <br/>
                      <span>
                        <img src="failed.png" width="3%"/>
                        <a href="#" panel-name="suite-The_Hartford_Automation_Test" title="search.SearchTest" class="method navigator-link" hash-for-method="testLegalNotice">testLegalNotice</a> <!-- method navigator-link -->
                      </span>
                      <br/>
                      <span>
                        <img src="failed.png" width="3%"/>
                        <a href="#" panel-name="suite-The_Hartford_Automation_Test" title="search.SearchTest" class="method navigator-link" hash-for-method="testMobileApp">testMobileApp</a> <!-- method navigator-link -->
                      </span>
                      <br/>
                      <span>
                        <img src="failed.png" width="3%"/>
                        <a href="#" panel-name="suite-The_Hartford_Automation_Test" title="search.SearchTest" class="method navigator-link" hash-for-method="testtheHartFordImage">testtheHartFordImage</a> <!-- method navigator-link -->
                      </span>
                      <br/>
                    </div> <!-- method-list-content failed suite-The_Hartford_Automation_Test -->
                  </li>
                  <li>
                    <span class="method-list-title passed">Passed methods</span>
                    <span class="show-or-hide-methods passed">
                      <a href="#" panel-name="suite-The_Hartford_Automation_Test" class="hide-methods passed suite-The_Hartford_Automation_Test"> (hide)</a> <!-- hide-methods passed suite-The_Hartford_Automation_Test -->
                      <a href="#" panel-name="suite-The_Hartford_Automation_Test" class="show-methods passed suite-The_Hartford_Automation_Test"> (show)</a> <!-- show-methods passed suite-The_Hartford_Automation_Test -->
                    </span>
                    <div class="method-list-content passed suite-The_Hartford_Automation_Test">
                      <span>
                        <img src="passed.png" width="3%"/>
                        <a href="#" panel-name="suite-The_Hartford_Automation_Test" title="search.SearchTest" class="method navigator-link" hash-for-method="TestContactUs">TestContactUs</a> <!-- method navigator-link -->
                      </span>
                      <br/>
                      <span>
                        <img src="passed.png" width="3%"/>
                        <a href="#" panel-name="suite-The_Hartford_Automation_Test" title="search.SearchTest" class="method navigator-link" hash-for-method="testAccessStat">testAccessStat</a> <!-- method navigator-link -->
                      </span>
                      <br/>
                      <span>
                        <img src="passed.png" width="3%"/>
                        <a href="#" panel-name="suite-The_Hartford_Automation_Test" title="search.SearchTest" class="method navigator-link" hash-for-method="testAgentAndProducers">testAgentAndProducers</a> <!-- method navigator-link -->
                      </span>
                      <br/>
                      <span>
                        <img src="passed.png" width="3%"/>
                        <a href="#" panel-name="suite-The_Hartford_Automation_Test" title="search.SearchTest" class="method navigator-link" hash-for-method="testEEO">testEEO</a> <!-- method navigator-link -->
                      </span>
                      <br/>
                      <span>
                        <img src="passed.png" width="3%"/>
                        <a href="#" panel-name="suite-The_Hartford_Automation_Test" title="search.SearchTest" class="method navigator-link" hash-for-method="testFeedBack">testFeedBack</a> <!-- method navigator-link -->
                      </span>
                      <br/>
                      <span>
                        <img src="passed.png" width="3%"/>
                        <a href="#" panel-name="suite-The_Hartford_Automation_Test" title="search.SearchTest" class="method navigator-link" hash-for-method="testFindAnAgentButton">testFindAnAgentButton</a> <!-- method navigator-link -->
                      </span>
                      <br/>
                      <span>
                        <img src="passed.png" width="3%"/>
                        <a href="#" panel-name="suite-The_Hartford_Automation_Test" title="search.SearchTest" class="method navigator-link" hash-for-method="testHomeInsurance">testHomeInsurance</a> <!-- method navigator-link -->
                      </span>
                      <br/>
                      <span>
                        <img src="passed.png" width="3%"/>
                        <a href="#" panel-name="suite-The_Hartford_Automation_Test" title="search.SearchTest" class="method navigator-link" hash-for-method="testPrivacyPolicy">testPrivacyPolicy</a> <!-- method navigator-link -->
                      </span>
                      <br/>
                      <span>
                        <img src="passed.png" width="3%"/>
                        <a href="#" panel-name="suite-The_Hartford_Automation_Test" title="search.SearchTest" class="method navigator-link" hash-for-method="testProdCompensation">testProdCompensation</a> <!-- method navigator-link -->
                      </span>
                      <br/>
                      <span>
                        <img src="passed.png" width="3%"/>
                        <a href="#" panel-name="suite-The_Hartford_Automation_Test" title="search.SearchTest" class="method navigator-link" hash-for-method="testReportClaim">testReportClaim</a> <!-- method navigator-link -->
                      </span>
                      <br/>
                      <span>
                        <img src="passed.png" width="3%"/>
                        <a href="#" panel-name="suite-The_Hartford_Automation_Test" title="search.SearchTest" class="method navigator-link" hash-for-method="testSearchBoxCheck">testSearchBoxCheck</a> <!-- method navigator-link -->
                      </span>
                      <br/>
                      <span>
                        <img src="passed.png" width="3%"/>
                        <a href="#" panel-name="suite-The_Hartford_Automation_Test" title="search.SearchTest" class="method navigator-link" hash-for-method="testSmallBiz">testSmallBiz</a> <!-- method navigator-link -->
                      </span>
                      <br/>
                    </div> <!-- method-list-content passed suite-The_Hartford_Automation_Test -->
                  </li>
                </ul>
              </div> <!-- suite-section-content -->
            </div> <!-- result-section -->
          </div> <!-- navigator-suite-content -->
        </div> <!-- rounded-window -->
      </div> <!-- suite -->
    </div> <!-- navigator-root -->
    <div class="wrapper">
      <div class="main-panel-root">
        <div panel-name="suite-The_Hartford_Automation_Test" class="panel The_Hartford_Automation_Test">
          <div class="suite-The_Hartford_Automation_Test-class-failed">
            <div class="main-panel-header rounded-window-top">
              <img src="failed.png"/>
              <span class="class-name">search.SearchTest</span>
            </div> <!-- main-panel-header rounded-window-top -->
            <div class="main-panel-content rounded-window-bottom">
              <div class="method">
                <div class="method-content">
                  <a name="testAboutUs">
                  </a> <!-- testAboutUs -->
                  <span class="method-name">testAboutUs</span>
                  <div class="stack-trace">org.openqa.selenium.NoSuchElementException: no such element: Unable to locate element: {&quot;method&quot;:&quot;xpath&quot;,&quot;selector&quot;:&quot;//a[@title=&apos;About Us&apos;]&quot;}
  (Session info: chrome=85.0.4183.121)
For documentation on this error, please visit: https://www.seleniumhq.org/exceptions/no_such_element.html
Build info: version: &apos;3.141.59&apos;, revision: &apos;e82be7d358&apos;, time: &apos;2018-11-14T08:17:03&apos;
System info: host: &apos;Syeds-MBP.ed.shawcable.net&apos;, ip: &apos;2604:3d09:6e80:4500:0:0:0:6034%en0&apos;, os.name: &apos;Mac OS X&apos;, os.arch: &apos;x86_64&apos;, os.version: &apos;10.15.6&apos;, java.version: &apos;11.0.7&apos;
Driver info: org.openqa.selenium.chrome.ChromeDriver
Capabilities {acceptInsecureCerts: false, browserName: chrome, browserVersion: 85.0.4183.121, chrome: {chromedriverVersion: 84.0.4147.30 (48b3e868b4cc0..., userDataDir: /var/folders/xh/fygjm06s7q9...}, goog:chromeOptions: {debuggerAddress: localhost:61164}, javascriptEnabled: true, networkConnectionEnabled: false, pageLoadStrategy: normal, platform: MAC, platformName: MAC, proxy: Proxy(), setWindowRect: true, strictFileInteractability: false, timeouts: {implicit: 0, pageLoad: 300000, script: 30000}, unhandledPromptBehavior: dismiss and notify, webauthn:virtualAuthenticators: true}
Session ID: d6a797e474761e81a6a6e5bc10bf2aea
*** Element info: {Using=xpath, value=//a[@title=&apos;About Us&apos;]}
	at org.openqa.selenium.remote.http.W3CHttpResponseCodec.createException(W3CHttpResponseCodec.java:187)
	at org.openqa.selenium.remote.http.W3CHttpResponseCodec.decode(W3CHttpResponseCodec.java:122)
	at org.openqa.selenium.remote.http.W3CHttpResponseCodec.decode(W3CHttpResponseCodec.java:49)
	at org.openqa.selenium.remote.HttpCommandExecutor.execute(HttpCommandExecutor.java:158)
	at org.openqa.selenium.remote.service.DriverCommandExecutor.execute(DriverCommandExecutor.java:83)
	at org.openqa.selenium.remote.RemoteWebDriver.execute(RemoteWebDriver.java:552)
	at org.openqa.selenium.remote.RemoteWebDriver.findElement(RemoteWebDriver.java:323)
	at org.openqa.selenium.remote.RemoteWebDriver.findElementByXPath(RemoteWebDriver.java:428)
	at org.openqa.selenium.By$ByXPath.findElement(By.java:353)
	at org.openqa.selenium.remote.RemoteWebDriver.findElement(RemoteWebDriver.java:315)
	at org.openqa.selenium.support.pagefactory.DefaultElementLocator.findElement(DefaultElementLocator.java:69)
	at org.openqa.selenium.support.pagefactory.internal.LocatingElementHandler.invoke(LocatingElementHandler.java:38)
	at com.sun.proxy.$Proxy14.click(Unknown Source)
	at search.Search.findAboutUs(Search.java:187)
	at search.SearchTest.testAboutUs(SearchTest.java:75)
	at java.base/java.util.ArrayList.forEach(ArrayList.java:1540)
... Removed 35 stack frames
</div> <!-- stack-trace -->
                </div> <!-- method-content -->
              </div> <!-- method -->
              <div class="method">
                <div class="method-content">
                  <a name="testBusinessTab">
                  </a> <!-- testBusinessTab -->
                  <span class="method-name">testBusinessTab</span>
                  <div class="stack-trace">java.lang.AssertionError: expected [Business, Home &amp; Car Insurance Quotes | The Hartford Insurance] but found []
	at search.Search.validateBusinessTab(Search.java:149)
	at search.SearchTest.testBusinessTab(SearchTest.java:52)
	at java.base/java.util.ArrayList.forEach(ArrayList.java:1540)
... Removed 36 stack frames
</div> <!-- stack-trace -->
                </div> <!-- method-content -->
              </div> <!-- method -->
              <div class="method">
                <div class="method-content">
                  <a name="testCarInsurance">
                  </a> <!-- testCarInsurance -->
                  <span class="method-name">testCarInsurance</span>
                  <div class="stack-trace">org.openqa.selenium.ElementNotInteractableException: element not interactable
  (Session info: chrome=85.0.4183.121)
Build info: version: &apos;3.141.59&apos;, revision: &apos;e82be7d358&apos;, time: &apos;2018-11-14T08:17:03&apos;
System info: host: &apos;Syeds-MBP.ed.shawcable.net&apos;, ip: &apos;2604:3d09:6e80:4500:0:0:0:6034%en0&apos;, os.name: &apos;Mac OS X&apos;, os.arch: &apos;x86_64&apos;, os.version: &apos;10.15.6&apos;, java.version: &apos;11.0.7&apos;
Driver info: org.openqa.selenium.chrome.ChromeDriver
Capabilities {acceptInsecureCerts: false, browserName: chrome, browserVersion: 85.0.4183.121, chrome: {chromedriverVersion: 84.0.4147.30 (48b3e868b4cc0..., userDataDir: /var/folders/xh/fygjm06s7q9...}, goog:chromeOptions: {debuggerAddress: localhost:61387}, javascriptEnabled: true, networkConnectionEnabled: false, pageLoadStrategy: normal, platform: MAC, platformName: MAC, proxy: Proxy(), setWindowRect: true, strictFileInteractability: false, timeouts: {implicit: 0, pageLoad: 300000, script: 30000}, unhandledPromptBehavior: dismiss and notify, webauthn:virtualAuthenticators: true}
Session ID: 5d183588a0adddb673519916db59a478
	at org.openqa.selenium.remote.http.W3CHttpResponseCodec.createException(W3CHttpResponseCodec.java:187)
	at org.openqa.selenium.remote.http.W3CHttpResponseCodec.decode(W3CHttpResponseCodec.java:122)
	at org.openqa.selenium.remote.http.W3CHttpResponseCodec.decode(W3CHttpResponseCodec.java:49)
	at org.openqa.selenium.remote.HttpCommandExecutor.execute(HttpCommandExecutor.java:158)
	at org.openqa.selenium.remote.service.DriverCommandExecutor.execute(DriverCommandExecutor.java:83)
	at org.openqa.selenium.remote.RemoteWebDriver.execute(RemoteWebDriver.java:552)
	at org.openqa.selenium.remote.RemoteWebElement.execute(RemoteWebElement.java:285)
	at org.openqa.selenium.remote.RemoteWebElement.click(RemoteWebElement.java:84)
	at org.openqa.selenium.support.pagefactory.internal.LocatingElementHandler.invoke(LocatingElementHandler.java:51)
	at com.sun.proxy.$Proxy14.click(Unknown Source)
	at search.Search.carInsuranceCheck(Search.java:378)
	at search.SearchTest.testCarInsurance(SearchTest.java:174)
	at java.base/java.util.ArrayList.forEach(ArrayList.java:1540)
... Removed 39 stack frames
</div> <!-- stack-trace -->
                </div> <!-- method-content -->
              </div> <!-- method -->
              <div class="method">
                <div class="method-content">
                  <a name="testEmployeeBanifits">
                  </a> <!-- testEmployeeBanifits -->
                  <span class="method-name">testEmployeeBanifits</span>
                  <div class="stack-trace">java.lang.AssertionError: expected [Business, Home &amp; Car Insurance Quotes | The Hartford Insurance] but found []
	at search.Search.validateEmpBanifits(Search.java:166)
	at search.SearchTest.testEmployeeBanifits(SearchTest.java:60)
	at java.base/java.util.ArrayList.forEach(ArrayList.java:1540)
... Removed 36 stack frames
</div> <!-- stack-trace -->
                </div> <!-- method-content -->
              </div> <!-- method -->
              <div class="method">
                <div class="method-content">
                  <a name="testHomeTab">
                  </a> <!-- testHomeTab -->
                  <span class="method-name">testHomeTab</span>
                  <div class="stack-trace">java.lang.AssertionError: expected [Business, Home &amp; Car Insurance Quotes | The Hartford Insurance] but found []
	at search.Search.validateSetHomeElementCheck(Search.java:132)
	at search.SearchTest.testHomeTab(SearchTest.java:44)
	at java.base/java.util.ArrayList.forEach(ArrayList.java:1540)
... Removed 36 stack frames
</div> <!-- stack-trace -->
                </div> <!-- method-content -->
              </div> <!-- method -->
              <div class="method">
                <div class="method-content">
                  <a name="testLegalNotice">
                  </a> <!-- testLegalNotice -->
                  <span class="method-name">testLegalNotice</span>
                  <div class="stack-trace">org.openqa.selenium.ElementClickInterceptedException: element click intercepted: Element &lt;a href=&quot;https://www.thehartford.com/legal-notice&quot; title=&quot;...&quot; aria-label=&quot;Legal Notice&quot; data-dl=&quot;{&amp;quot;category&amp;quot; : &amp;quot;Footer Links&amp;quot; , &amp;quot;action&amp;quot; : &amp;quot;Legal&amp;quot;, &amp;quot;label&amp;quot; : &amp;quot;Legal Notice&amp;quot;, &amp;quot;position&amp;quot; : &amp;quot;Footer Links&amp;quot;, &amp;quot;widget&amp;quot; : &amp;quot;Footer&amp;quot; }&quot;&gt;Legal Notice&lt;/a&gt; is not clickable at point (720, 852). Other element would receive the click: &lt;div class=&quot;col-md-12&quot;&gt;...&lt;/div&gt;
  (Session info: chrome=85.0.4183.121)
Build info: version: &apos;3.141.59&apos;, revision: &apos;e82be7d358&apos;, time: &apos;2018-11-14T08:17:03&apos;
System info: host: &apos;Syeds-MBP.ed.shawcable.net&apos;, ip: &apos;2604:3d09:6e80:4500:0:0:0:6034%en0&apos;, os.name: &apos;Mac OS X&apos;, os.arch: &apos;x86_64&apos;, os.version: &apos;10.15.6&apos;, java.version: &apos;11.0.7&apos;
Driver info: org.openqa.selenium.chrome.ChromeDriver
Capabilities {acceptInsecureCerts: false, browserName: chrome, browserVersion: 85.0.4183.121, chrome: {chromedriverVersion: 84.0.4147.30 (48b3e868b4cc0..., userDataDir: /var/folders/xh/fygjm06s7q9...}, goog:chromeOptions: {debuggerAddress: localhost:61745}, javascriptEnabled: true, networkConnectionEnabled: false, pageLoadStrategy: normal, platform: MAC, platformName: MAC, proxy: Proxy(), setWindowRect: true, strictFileInteractability: false, timeouts: {implicit: 0, pageLoad: 300000, script: 30000}, unhandledPromptBehavior: dismiss and notify, webauthn:virtualAuthenticators: true}
Session ID: a49c2f799a53b41c857de0aedd4ae818
	at org.openqa.selenium.remote.http.W3CHttpResponseCodec.createException(W3CHttpResponseCodec.java:187)
	at org.openqa.selenium.remote.http.W3CHttpResponseCodec.decode(W3CHttpResponseCodec.java:122)
	at org.openqa.selenium.remote.http.W3CHttpResponseCodec.decode(W3CHttpResponseCodec.java:49)
	at org.openqa.selenium.remote.HttpCommandExecutor.execute(HttpCommandExecutor.java:158)
	at org.openqa.selenium.remote.service.DriverCommandExecutor.execute(DriverCommandExecutor.java:83)
	at org.openqa.selenium.remote.RemoteWebDriver.execute(RemoteWebDriver.java:552)
	at org.openqa.selenium.remote.RemoteWebElement.execute(RemoteWebElement.java:285)
	at org.openqa.selenium.remote.RemoteWebElement.click(RemoteWebElement.java:84)
	at org.openqa.selenium.support.pagefactory.internal.LocatingElementHandler.invoke(LocatingElementHandler.java:51)
	at com.sun.proxy.$Proxy14.click(Unknown Source)
	at search.Search.legalNoticeCheck(Search.java:307)
	at search.SearchTest.testLegalNotice(SearchTest.java:133)
	at java.base/java.util.ArrayList.forEach(ArrayList.java:1540)
... Removed 39 stack frames
</div> <!-- stack-trace -->
                </div> <!-- method-content -->
              </div> <!-- method -->
              <div class="method">
                <div class="method-content">
                  <a name="testMobileApp">
                  </a> <!-- testMobileApp -->
                  <span class="method-name">testMobileApp</span>
                  <div class="stack-trace">org.openqa.selenium.ElementClickInterceptedException: element click intercepted: Element &lt;a href=&quot;https://www.thehartford.com/mobile-tools&quot; title=&quot;Company - The Hartford ...&quot; aria-label=&quot;Company - The Hartford Mobile App&quot; data-dl=&quot;{&amp;quot;category&amp;quot; : &amp;quot;Footer Links&amp;quot; , &amp;quot;action&amp;quot; : &amp;quot;COMPANY&amp;quot;, &amp;quot;label&amp;quot; : &amp;quot;Mobile App&amp;quot;, &amp;quot;position&amp;quot; : &amp;quot;Footer Links&amp;quot;, &amp;quot;widget&amp;quot; : &amp;quot;Footer&amp;quot; }&quot;&gt;Mobile App&lt;/a&gt; is not clickable at point (355, 849). Other element would receive the click: &lt;div class=&quot;col-md-12&quot;&gt;...&lt;/div&gt;
  (Session info: chrome=85.0.4183.121)
Build info: version: &apos;3.141.59&apos;, revision: &apos;e82be7d358&apos;, time: &apos;2018-11-14T08:17:03&apos;
System info: host: &apos;Syeds-MBP.ed.shawcable.net&apos;, ip: &apos;2604:3d09:6e80:4500:0:0:0:6034%en0&apos;, os.name: &apos;Mac OS X&apos;, os.arch: &apos;x86_64&apos;, os.version: &apos;10.15.6&apos;, java.version: &apos;11.0.7&apos;
Driver info: org.openqa.selenium.chrome.ChromeDriver
Capabilities {acceptInsecureCerts: false, browserName: chrome, browserVersion: 85.0.4183.121, chrome: {chromedriverVersion: 84.0.4147.30 (48b3e868b4cc0..., userDataDir: /var/folders/xh/fygjm06s7q9...}, goog:chromeOptions: {debuggerAddress: localhost:61794}, javascriptEnabled: true, networkConnectionEnabled: false, pageLoadStrategy: normal, platform: MAC, platformName: MAC, proxy: Proxy(), setWindowRect: true, strictFileInteractability: false, timeouts: {implicit: 0, pageLoad: 300000, script: 30000}, unhandledPromptBehavior: dismiss and notify, webauthn:virtualAuthenticators: true}
Session ID: a01f655b87204833e94a5694e36691e2
	at org.openqa.selenium.remote.http.W3CHttpResponseCodec.createException(W3CHttpResponseCodec.java:187)
	at org.openqa.selenium.remote.http.W3CHttpResponseCodec.decode(W3CHttpResponseCodec.java:122)
	at org.openqa.selenium.remote.http.W3CHttpResponseCodec.decode(W3CHttpResponseCodec.java:49)
	at org.openqa.selenium.remote.HttpCommandExecutor.execute(HttpCommandExecutor.java:158)
	at org.openqa.selenium.remote.service.DriverCommandExecutor.execute(DriverCommandExecutor.java:83)
	at org.openqa.selenium.remote.RemoteWebDriver.execute(RemoteWebDriver.java:552)
	at org.openqa.selenium.remote.RemoteWebElement.execute(RemoteWebElement.java:285)
	at org.openqa.selenium.remote.RemoteWebElement.click(RemoteWebElement.java:84)
	at org.openqa.selenium.support.pagefactory.internal.LocatingElementHandler.invoke(LocatingElementHandler.java:51)
	at com.sun.proxy.$Proxy14.click(Unknown Source)
	at search.Search.mobileAppCheck(Search.java:255)
	at search.SearchTest.testMobileApp(SearchTest.java:101)
	at java.base/java.util.ArrayList.forEach(ArrayList.java:1540)
... Removed 39 stack frames
</div> <!-- stack-trace -->
                </div> <!-- method-content -->
              </div> <!-- method -->
              <div class="method">
                <div class="method-content">
                  <a name="testtheHartFordImage">
                  </a> <!-- testtheHartFordImage -->
                  <span class="method-name">testtheHartFordImage</span>
                  <div class="stack-trace">java.lang.AssertionError: expected [Business, Home &amp; Car Insurance Quotes | The Hartford Insurance] but found []
	at search.Search.validateHartFordImage1(Search.java:181)
	at search.SearchTest.testtheHartFordImage(SearchTest.java:68)
	at java.base/java.util.ArrayList.forEach(ArrayList.java:1540)
... Removed 36 stack frames
</div> <!-- stack-trace -->
                </div> <!-- method-content -->
              </div> <!-- method -->
            </div> <!-- main-panel-content rounded-window-bottom -->
          </div> <!-- suite-The_Hartford_Automation_Test-class-failed -->
          <div class="suite-The_Hartford_Automation_Test-class-passed">
            <div class="main-panel-header rounded-window-top">
              <img src="passed.png"/>
              <span class="class-name">search.SearchTest</span>
            </div> <!-- main-panel-header rounded-window-top -->
            <div class="main-panel-content rounded-window-bottom">
              <div class="method">
                <div class="method-content">
                  <a name="TestContactUs">
                  </a> <!-- TestContactUs -->
                  <span class="method-name">TestContactUs</span>
                </div> <!-- method-content -->
              </div> <!-- method -->
              <div class="method">
                <div class="method-content">
                  <a name="testAccessStat">
                  </a> <!-- testAccessStat -->
                  <span class="method-name">testAccessStat</span>
                </div> <!-- method-content -->
              </div> <!-- method -->
              <div class="method">
                <div class="method-content">
                  <a name="testAgentAndProducers">
                  </a> <!-- testAgentAndProducers -->
                  <span class="method-name">testAgentAndProducers</span>
                </div> <!-- method-content -->
              </div> <!-- method -->
              <div class="method">
                <div class="method-content">
                  <a name="testEEO">
                  </a> <!-- testEEO -->
                  <span class="method-name">testEEO</span>
                </div> <!-- method-content -->
              </div> <!-- method -->
              <div class="method">
                <div class="method-content">
                  <a name="testFeedBack">
                  </a> <!-- testFeedBack -->
                  <span class="method-name">testFeedBack</span>
                </div> <!-- method-content -->
              </div> <!-- method -->
              <div class="method">
                <div class="method-content">
                  <a name="testFindAnAgentButton">
                  </a> <!-- testFindAnAgentButton -->
                  <span class="method-name">testFindAnAgentButton</span>
                </div> <!-- method-content -->
              </div> <!-- method -->
              <div class="method">
                <div class="method-content">
                  <a name="testHomeInsurance">
                  </a> <!-- testHomeInsurance -->
                  <span class="method-name">testHomeInsurance</span>
                </div> <!-- method-content -->
              </div> <!-- method -->
              <div class="method">
                <div class="method-content">
                  <a name="testPrivacyPolicy">
                  </a> <!-- testPrivacyPolicy -->
                  <span class="method-name">testPrivacyPolicy</span>
                </div> <!-- method-content -->
              </div> <!-- method -->
              <div class="method">
                <div class="method-content">
                  <a name="testProdCompensation">
                  </a> <!-- testProdCompensation -->
                  <span class="method-name">testProdCompensation</span>
                </div> <!-- method-content -->
              </div> <!-- method -->
              <div class="method">
                <div class="method-content">
                  <a name="testReportClaim">
                  </a> <!-- testReportClaim -->
                  <span class="method-name">testReportClaim</span>
                </div> <!-- method-content -->
              </div> <!-- method -->
              <div class="method">
                <div class="method-content">
                  <a name="testSearchBoxCheck">
                  </a> <!-- testSearchBoxCheck -->
                  <span class="method-name">testSearchBoxCheck</span>
                </div> <!-- method-content -->
              </div> <!-- method -->
              <div class="method">
                <div class="method-content">
                  <a name="testSmallBiz">
                  </a> <!-- testSmallBiz -->
                  <span class="method-name">testSmallBiz</span>
                </div> <!-- method-content -->
              </div> <!-- method -->
            </div> <!-- main-panel-content rounded-window-bottom -->
          </div> <!-- suite-The_Hartford_Automation_Test-class-passed -->
        </div> <!-- panel The_Hartford_Automation_Test -->
        <div panel-name="test-xml-The_Hartford_Automation_Test" class="panel">
          <div class="main-panel-header rounded-window-top">
            <span class="header-content">/Users/syedraza/IdeaProjects/WebAutomationFramework_Team1/TheHartford/target/test-classes/TheHartfordTestRunner.xml</span>
          </div> <!-- main-panel-header rounded-window-top -->
          <div class="main-panel-content rounded-window-bottom">
            <pre>
&lt;?xml version=&quot;1.0&quot; encoding=&quot;UTF-8&quot;?&gt;
&lt;!DOCTYPE suite SYSTEM &quot;https://testng.org/testng-1.0.dtd&quot;&gt;
&lt;suite name=&quot;The Hartford Automation Test&quot; guice-stage=&quot;DEVELOPMENT&quot; verbose=&quot;0&quot;&gt;
  &lt;parameter name=&quot;useCloudEnv&quot; value=&quot;false&quot;/&gt;
  &lt;parameter name=&quot;os&quot; value=&quot;OS X&quot;/&gt;
  &lt;parameter name=&quot;os_version&quot; value=&quot;catalina&quot;/&gt;
  &lt;parameter name=&quot;browserVersion&quot; value=&quot;85&quot;/&gt;
  &lt;parameter name=&quot;browserName&quot; value=&quot;chrome-options&quot;/&gt;
  &lt;parameter name=&quot;cloudEnvName&quot; value=&quot;browserstack&quot;/&gt;
  &lt;parameter name=&quot;url&quot; value=&quot;https://www.thehartford.com/&quot;/&gt;
  &lt;test thread-count=&quot;5&quot; name=&quot;The Hartford Home&quot; verbose=&quot;0&quot;&gt;
    &lt;classes&gt;
      &lt;class name=&quot;search.SearchTest&quot;/&gt;
    &lt;/classes&gt;
  &lt;/test&gt; &lt;!-- The Hartford Home --&gt;
&lt;/suite&gt; &lt;!-- The Hartford Automation Test --&gt;
            </pre>
          </div> <!-- main-panel-content rounded-window-bottom -->
        </div> <!-- panel -->
        <div panel-name="testlist-The_Hartford_Automation_Test" class="panel">
          <div class="main-panel-header rounded-window-top">
            <span class="header-content">Tests for The Hartford Automation Test</span>
          </div> <!-- main-panel-header rounded-window-top -->
          <div class="main-panel-content rounded-window-bottom">
            <ul>
              <li>
                <span class="test-name">The Hartford Home (1 class)</span>
              </li>
            </ul>
          </div> <!-- main-panel-content rounded-window-bottom -->
        </div> <!-- panel -->
        <div panel-name="group-The_Hartford_Automation_Test" class="panel">
          <div class="main-panel-header rounded-window-top">
            <span class="header-content">Groups for The Hartford Automation Test</span>
          </div> <!-- main-panel-header rounded-window-top -->
          <div class="main-panel-content rounded-window-bottom">
          </div> <!-- main-panel-content rounded-window-bottom -->
        </div> <!-- panel -->
        <div panel-name="times-The_Hartford_Automation_Test" class="panel">
          <div class="main-panel-header rounded-window-top">
            <span class="header-content">Times for The Hartford Automation Test</span>
          </div> <!-- main-panel-header rounded-window-top -->
          <div class="main-panel-content rounded-window-bottom">
            <div class="times-div">
              <script type="text/javascript">
suiteTableInitFunctions.push('tableData_The_Hartford_Automation_Test');
function tableData_The_Hartford_Automation_Test() {
var data = new google.visualization.DataTable();
data.addColumn('number', 'Number');
data.addColumn('string', 'Method');
data.addColumn('string', 'Class');
data.addColumn('number', 'Time (ms)');
data.addRows(20);
data.setCell(0, 0, 0)
data.setCell(0, 1, 'testReportClaim')
data.setCell(0, 2, 'search.SearchTest')
data.setCell(0, 3, 8146);
data.setCell(1, 0, 1)
data.setCell(1, 1, 'testAboutUs')
data.setCell(1, 2, 'search.SearchTest')
data.setCell(1, 3, 5477);
data.setCell(2, 0, 2)
data.setCell(2, 1, 'testCarInsurance')
data.setCell(2, 2, 'search.SearchTest')
data.setCell(2, 3, 5229);
data.setCell(3, 0, 3)
data.setCell(3, 1, 'testSearchBoxCheck')
data.setCell(3, 2, 'search.SearchTest')
data.setCell(3, 3, 2797);
data.setCell(4, 0, 4)
data.setCell(4, 1, 'testFeedBack')
data.setCell(4, 2, 'search.SearchTest')
data.setCell(4, 3, 2332);
data.setCell(5, 0, 5)
data.setCell(5, 1, 'testFindAnAgentButton')
data.setCell(5, 2, 'search.SearchTest')
data.setCell(5, 3, 1385);
data.setCell(6, 0, 6)
data.setCell(6, 1, 'testAgentAndProducers')
data.setCell(6, 2, 'search.SearchTest')
data.setCell(6, 3, 1228);
data.setCell(7, 0, 7)
data.setCell(7, 1, 'testLegalNotice')
data.setCell(7, 2, 'search.SearchTest')
data.setCell(7, 3, 1216);
data.setCell(8, 0, 8)
data.setCell(8, 1, 'testMobileApp')
data.setCell(8, 2, 'search.SearchTest')
data.setCell(8, 3, 1181);
data.setCell(9, 0, 9)
data.setCell(9, 1, 'testPrivacyPolicy')
data.setCell(9, 2, 'search.SearchTest')
data.setCell(9, 3, 1055);
data.setCell(10, 0, 10)
data.setCell(10, 1, 'testBusinessTab')
data.setCell(10, 2, 'search.SearchTest')
data.setCell(10, 3, 1042);
data.setCell(11, 0, 11)
data.setCell(11, 1, 'testEmployeeBanifits')
data.setCell(11, 2, 'search.SearchTest')
data.setCell(11, 3, 1035);
data.setCell(12, 0, 12)
data.setCell(12, 1, 'testAccessStat')
data.setCell(12, 2, 'search.SearchTest')
data.setCell(12, 3, 1029);
data.setCell(13, 0, 13)
data.setCell(13, 1, 'testEEO')
data.setCell(13, 2, 'search.SearchTest')
data.setCell(13, 3, 1010);
data.setCell(14, 0, 14)
data.setCell(14, 1, 'testSmallBiz')
data.setCell(14, 2, 'search.SearchTest')
data.setCell(14, 3, 977);
data.setCell(15, 0, 15)
data.setCell(15, 1, 'testtheHartFordImage')
data.setCell(15, 2, 'search.SearchTest')
data.setCell(15, 3, 977);
data.setCell(16, 0, 16)
data.setCell(16, 1, 'testProdCompensation')
data.setCell(16, 2, 'search.SearchTest')
data.setCell(16, 3, 776);
data.setCell(17, 0, 17)
data.setCell(17, 1, 'TestContactUs')
data.setCell(17, 2, 'search.SearchTest')
data.setCell(17, 3, 687);
data.setCell(18, 0, 18)
data.setCell(18, 1, 'testHomeTab')
data.setCell(18, 2, 'search.SearchTest')
data.setCell(18, 3, 673);
data.setCell(19, 0, 19)
data.setCell(19, 1, 'testHomeInsurance')
data.setCell(19, 2, 'search.SearchTest')
data.setCell(19, 3, 653);
window.suiteTableData['The_Hartford_Automation_Test']= { tableData: data, tableDiv: 'times-div-The_Hartford_Automation_Test'}
return data;
}
              </script>
              <span class="suite-total-time">Total running time: 38 seconds</span>
              <div id="times-div-The_Hartford_Automation_Test">
              </div> <!-- times-div-The_Hartford_Automation_Test -->
            </div> <!-- times-div -->
          </div> <!-- main-panel-content rounded-window-bottom -->
        </div> <!-- panel -->
        <div panel-name="reporter-The_Hartford_Automation_Test" class="panel">
          <div class="main-panel-header rounded-window-top">
            <span class="header-content">Reporter output for The Hartford Automation Test</span>
          </div> <!-- main-panel-header rounded-window-top -->
          <div class="main-panel-content rounded-window-bottom">
          </div> <!-- main-panel-content rounded-window-bottom -->
        </div> <!-- panel -->
        <div panel-name="ignored-methods-The_Hartford_Automation_Test" class="panel">
          <div class="main-panel-header rounded-window-top">
            <span class="header-content">0 ignored methods</span>
          </div> <!-- main-panel-header rounded-window-top -->
          <div class="main-panel-content rounded-window-bottom">
          </div> <!-- main-panel-content rounded-window-bottom -->
        </div> <!-- panel -->
        <div panel-name="chronological-The_Hartford_Automation_Test" class="panel">
          <div class="main-panel-header rounded-window-top">
            <span class="header-content">Methods in chronological order</span>
          </div> <!-- main-panel-header rounded-window-top -->
          <div class="main-panel-content rounded-window-bottom">
            <div class="chronological-class">
              <div class="chronological-class-name">search.SearchTest</div> <!-- chronological-class-name -->
              <div class="configuration-suite before">
                <span class="method-name">extentSetup(org.testng.TestRunner@11d86b9d)</span>
                <span class="method-start">0 ms</span>
              </div> <!-- configuration-suite before -->
              <div class="configuration-method before">
                <span class="method-name">setUp(false, browserstack, OS X, catalina, chrome-options, 85, https://www.thehartford.com/)</span>
                <span class="method-start">223 ms</span>
              </div> <!-- configuration-method before -->
              <div class="configuration-method before">
                <span class="method-name">startExtent(public void search.SearchTest.TestContactUs())</span>
                <span class="method-start">5113 ms</span>
              </div> <!-- configuration-method before -->
              <div class="configuration-method before">
                <span class="method-name">getInit</span>
                <span class="method-start">5118 ms</span>
              </div> <!-- configuration-method before -->
              <div class="test-method">
                <span class="method-name">TestContactUs</span>
                <span class="method-start">5159 ms</span>
              </div> <!-- test-method -->
              <div class="configuration-method after">
                <span class="method-name">afterEachTestMethod([TestResult name=TestContactUs status=SUCCESS method=SearchTest.TestContactUs()[pri:0, instance:sear...)</span>
                <span class="method-start">5847 ms</span>
              </div> <!-- configuration-method after -->
              <div class="configuration-method after">
                <span class="method-name">cleanUp</span>
                <span class="method-start">6223 ms</span>
              </div> <!-- configuration-method after -->
              <div class="configuration-method before">
                <span class="method-name">setUp(false, browserstack, OS X, catalina, chrome-options, 85, https://www.thehartford.com/)</span>
                <span class="method-start">6223 ms</span>
              </div> <!-- configuration-method before -->
              <div class="configuration-method before">
                <span class="method-name">startExtent(public void search.SearchTest.testAboutUs())</span>
                <span class="method-start">10274 ms</span>
              </div> <!-- configuration-method before -->
              <div class="configuration-method before">
                <span class="method-name">getInit</span>
                <span class="method-start">10275 ms</span>
              </div> <!-- configuration-method before -->
              <div class="test-method">
                <img src="failed.png">
                </img>
                <span class="method-name">testAboutUs</span>
                <span class="method-start">10281 ms</span>
              </div> <!-- test-method -->
              <div class="configuration-method after">
                <span class="method-name">afterEachTestMethod([TestResult name=testAboutUs status=FAILURE method=SearchTest.testAboutUs()[pri:0, instance:search.S...)</span>
                <span class="method-start">15765 ms</span>
              </div> <!-- configuration-method after -->
              <div class="configuration-method after">
                <span class="method-name">cleanUp</span>
                <span class="method-start">17970 ms</span>
              </div> <!-- configuration-method after -->
              <div class="configuration-method before">
                <span class="method-name">setUp(false, browserstack, OS X, catalina, chrome-options, 85, https://www.thehartford.com/)</span>
                <span class="method-start">17971 ms</span>
              </div> <!-- configuration-method before -->
              <div class="configuration-method before">
                <span class="method-name">startExtent(public void search.SearchTest.testAccessStat())</span>
                <span class="method-start">21831 ms</span>
              </div> <!-- configuration-method before -->
              <div class="configuration-method before">
                <span class="method-name">getInit</span>
                <span class="method-start">21831 ms</span>
              </div> <!-- configuration-method before -->
              <div class="test-method">
                <span class="method-name">testAccessStat</span>
                <span class="method-start">21837 ms</span>
              </div> <!-- test-method -->
              <div class="configuration-method after">
                <span class="method-name">afterEachTestMethod([TestResult name=testAccessStat status=SUCCESS method=SearchTest.testAccessStat()[pri:0, instance:se...)</span>
                <span class="method-start">22866 ms</span>
              </div> <!-- configuration-method after -->
              <div class="configuration-method after">
                <span class="method-name">cleanUp</span>
                <span class="method-start">23057 ms</span>
              </div> <!-- configuration-method after -->
              <div class="configuration-method before">
                <span class="method-name">setUp(false, browserstack, OS X, catalina, chrome-options, 85, https://www.thehartford.com/)</span>
                <span class="method-start">23058 ms</span>
              </div> <!-- configuration-method before -->
              <div class="configuration-method before">
                <span class="method-name">startExtent(public void search.SearchTest.testAgentAndProducers())</span>
                <span class="method-start">27045 ms</span>
              </div> <!-- configuration-method before -->
              <div class="configuration-method before">
                <span class="method-name">getInit</span>
                <span class="method-start">27045 ms</span>
              </div> <!-- configuration-method before -->
              <div class="test-method">
                <span class="method-name">testAgentAndProducers</span>
                <span class="method-start">27051 ms</span>
              </div> <!-- test-method -->
              <div class="configuration-method after">
                <span class="method-name">afterEachTestMethod([TestResult name=testAgentAndProducers status=SUCCESS method=SearchTest.testAgentAndProducers()[pri:...)</span>
                <span class="method-start">28280 ms</span>
              </div> <!-- configuration-method after -->
              <div class="configuration-method after">
                <span class="method-name">cleanUp</span>
                <span class="method-start">28444 ms</span>
              </div> <!-- configuration-method after -->
              <div class="configuration-method before">
                <span class="method-name">setUp(false, browserstack, OS X, catalina, chrome-options, 85, https://www.thehartford.com/)</span>
                <span class="method-start">28444 ms</span>
              </div> <!-- configuration-method before -->
              <div class="configuration-method before">
                <span class="method-name">startExtent(public void search.SearchTest.testBusinessTab())</span>
                <span class="method-start">31253 ms</span>
              </div> <!-- configuration-method before -->
              <div class="configuration-method before">
                <span class="method-name">getInit</span>
                <span class="method-start">31253 ms</span>
              </div> <!-- configuration-method before -->
              <div class="test-method">
                <img src="failed.png">
                </img>
                <span class="method-name">testBusinessTab</span>
                <span class="method-start">31258 ms</span>
              </div> <!-- test-method -->
              <div class="configuration-method after">
                <span class="method-name">afterEachTestMethod([TestResult name=testBusinessTab status=FAILURE method=SearchTest.testBusinessTab()[pri:0, instance:...)</span>
                <span class="method-start">32301 ms</span>
              </div> <!-- configuration-method after -->
              <div class="configuration-method after">
                <span class="method-name">cleanUp</span>
                <span class="method-start">33705 ms</span>
              </div> <!-- configuration-method after -->
              <div class="configuration-method before">
                <span class="method-name">setUp(false, browserstack, OS X, catalina, chrome-options, 85, https://www.thehartford.com/)</span>
                <span class="method-start">33705 ms</span>
              </div> <!-- configuration-method before -->
              <div class="configuration-method before">
                <span class="method-name">startExtent(public void search.SearchTest.testCarInsurance())</span>
                <span class="method-start">36500 ms</span>
              </div> <!-- configuration-method before -->
              <div class="configuration-method before">
                <span class="method-name">getInit</span>
                <span class="method-start">36500 ms</span>
              </div> <!-- configuration-method before -->
              <div class="test-method">
                <img src="failed.png">
                </img>
                <span class="method-name">testCarInsurance</span>
                <span class="method-start">36505 ms</span>
              </div> <!-- test-method -->
              <div class="configuration-method after">
                <span class="method-name">afterEachTestMethod([TestResult name=testCarInsurance status=FAILURE method=SearchTest.testCarInsurance()[pri:0, instanc...)</span>
                <span class="method-start">41735 ms</span>
              </div> <!-- configuration-method after -->
              <div class="configuration-method after">
                <span class="method-name">cleanUp</span>
                <span class="method-start">43153 ms</span>
              </div> <!-- configuration-method after -->
              <div class="configuration-method before">
                <span class="method-name">setUp(false, browserstack, OS X, catalina, chrome-options, 85, https://www.thehartford.com/)</span>
                <span class="method-start">43153 ms</span>
              </div> <!-- configuration-method before -->
              <div class="configuration-method before">
                <span class="method-name">startExtent(public void search.SearchTest.testEEO())</span>
                <span class="method-start">47020 ms</span>
              </div> <!-- configuration-method before -->
              <div class="configuration-method before">
                <span class="method-name">getInit</span>
                <span class="method-start">47021 ms</span>
              </div> <!-- configuration-method before -->
              <div class="test-method">
                <span class="method-name">testEEO</span>
                <span class="method-start">47025 ms</span>
              </div> <!-- test-method -->
              <div class="configuration-method after">
                <span class="method-name">afterEachTestMethod([TestResult name=testEEO status=SUCCESS method=SearchTest.testEEO()[pri:0, instance:search.SearchTes...)</span>
                <span class="method-start">48035 ms</span>
              </div> <!-- configuration-method after -->
              <div class="configuration-method after">
                <span class="method-name">cleanUp</span>
                <span class="method-start">48198 ms</span>
              </div> <!-- configuration-method after -->
              <div class="configuration-method before">
                <span class="method-name">setUp(false, browserstack, OS X, catalina, chrome-options, 85, https://www.thehartford.com/)</span>
                <span class="method-start">48199 ms</span>
              </div> <!-- configuration-method before -->
              <div class="configuration-method before">
                <span class="method-name">startExtent(public void search.SearchTest.testEmployeeBanifits())</span>
                <span class="method-start">52239 ms</span>
              </div> <!-- configuration-method before -->
              <div class="configuration-method before">
                <span class="method-name">getInit</span>
                <span class="method-start">52240 ms</span>
              </div> <!-- configuration-method before -->
              <div class="test-method">
                <img src="failed.png">
                </img>
                <span class="method-name">testEmployeeBanifits</span>
                <span class="method-start">52246 ms</span>
              </div> <!-- test-method -->
              <div class="configuration-method after">
                <span class="method-name">afterEachTestMethod([TestResult name=testEmployeeBanifits status=FAILURE method=SearchTest.testEmployeeBanifits()[pri:0,...)</span>
                <span class="method-start">53281 ms</span>
              </div> <!-- configuration-method after -->
              <div class="configuration-method after">
                <span class="method-name">cleanUp</span>
                <span class="method-start">54609 ms</span>
              </div> <!-- configuration-method after -->
              <div class="configuration-method before">
                <span class="method-name">setUp(false, browserstack, OS X, catalina, chrome-options, 85, https://www.thehartford.com/)</span>
                <span class="method-start">54609 ms</span>
              </div> <!-- configuration-method before -->
              <div class="configuration-method before">
                <span class="method-name">startExtent(public void search.SearchTest.testFeedBack())</span>
                <span class="method-start">58507 ms</span>
              </div> <!-- configuration-method before -->
              <div class="configuration-method before">
                <span class="method-name">getInit</span>
                <span class="method-start">58508 ms</span>
              </div> <!-- configuration-method before -->
              <div class="test-method">
                <span class="method-name">testFeedBack</span>
                <span class="method-start">58511 ms</span>
              </div> <!-- test-method -->
              <div class="configuration-method after">
                <span class="method-name">afterEachTestMethod([TestResult name=testFeedBack status=SUCCESS method=SearchTest.testFeedBack()[pri:0, instance:search...)</span>
                <span class="method-start">60843 ms</span>
              </div> <!-- configuration-method after -->
              <div class="configuration-method after">
                <span class="method-name">cleanUp</span>
                <span class="method-start">61007 ms</span>
              </div> <!-- configuration-method after -->
              <div class="configuration-method before">
                <span class="method-name">setUp(false, browserstack, OS X, catalina, chrome-options, 85, https://www.thehartford.com/)</span>
                <span class="method-start">61008 ms</span>
              </div> <!-- configuration-method before -->
              <div class="configuration-method before">
                <span class="method-name">startExtent(public void search.SearchTest.testFindAnAgentButton())</span>
                <span class="method-start">64799 ms</span>
              </div> <!-- configuration-method before -->
              <div class="configuration-method before">
                <span class="method-name">getInit</span>
                <span class="method-start">64800 ms</span>
              </div> <!-- configuration-method before -->
              <div class="test-method">
                <span class="method-name">testFindAnAgentButton</span>
                <span class="method-start">64805 ms</span>
              </div> <!-- test-method -->
              <div class="configuration-method after">
                <span class="method-name">afterEachTestMethod([TestResult name=testFindAnAgentButton status=SUCCESS method=SearchTest.testFindAnAgentButton()[pri:...)</span>
                <span class="method-start">66191 ms</span>
              </div> <!-- configuration-method after -->
              <div class="configuration-method after">
                <span class="method-name">cleanUp</span>
                <span class="method-start">66343 ms</span>
              </div> <!-- configuration-method after -->
              <div class="configuration-method before">
                <span class="method-name">setUp(false, browserstack, OS X, catalina, chrome-options, 85, https://www.thehartford.com/)</span>
                <span class="method-start">66344 ms</span>
              </div> <!-- configuration-method before -->
              <div class="configuration-method before">
                <span class="method-name">startExtent(public void search.SearchTest.testHomeInsurance())</span>
                <span class="method-start">70040 ms</span>
              </div> <!-- configuration-method before -->
              <div class="configuration-method before">
                <span class="method-name">getInit</span>
                <span class="method-start">70040 ms</span>
              </div> <!-- configuration-method before -->
              <div class="test-method">
                <span class="method-name">testHomeInsurance</span>
                <span class="method-start">70044 ms</span>
              </div> <!-- test-method -->
              <div class="configuration-method after">
                <span class="method-name">afterEachTestMethod([TestResult name=testHomeInsurance status=SUCCESS method=SearchTest.testHomeInsurance()[pri:0, insta...)</span>
                <span class="method-start">70697 ms</span>
              </div> <!-- configuration-method after -->
              <div class="configuration-method after">
                <span class="method-name">cleanUp</span>
                <span class="method-start">70830 ms</span>
              </div> <!-- configuration-method after -->
              <div class="configuration-method before">
                <span class="method-name">setUp(false, browserstack, OS X, catalina, chrome-options, 85, https://www.thehartford.com/)</span>
                <span class="method-start">70831 ms</span>
              </div> <!-- configuration-method before -->
              <div class="configuration-method before">
                <span class="method-name">startExtent(public void search.SearchTest.testHomeTab())</span>
                <span class="method-start">74756 ms</span>
              </div> <!-- configuration-method before -->
              <div class="configuration-method before">
                <span class="method-name">getInit</span>
                <span class="method-start">74757 ms</span>
              </div> <!-- configuration-method before -->
              <div class="test-method">
                <img src="failed.png">
                </img>
                <span class="method-name">testHomeTab</span>
                <span class="method-start">74760 ms</span>
              </div> <!-- test-method -->
              <div class="configuration-method after">
                <span class="method-name">afterEachTestMethod([TestResult name=testHomeTab status=FAILURE method=SearchTest.testHomeTab()[pri:0, instance:search.S...)</span>
                <span class="method-start">75434 ms</span>
              </div> <!-- configuration-method after -->
              <div class="configuration-method after">
                <span class="method-name">cleanUp</span>
                <span class="method-start">76263 ms</span>
              </div> <!-- configuration-method after -->
              <div class="configuration-method before">
                <span class="method-name">setUp(false, browserstack, OS X, catalina, chrome-options, 85, https://www.thehartford.com/)</span>
                <span class="method-start">76264 ms</span>
              </div> <!-- configuration-method before -->
              <div class="configuration-method before">
                <span class="method-name">startExtent(public void search.SearchTest.testLegalNotice())</span>
                <span class="method-start">80000 ms</span>
              </div> <!-- configuration-method before -->
              <div class="configuration-method before">
                <span class="method-name">getInit</span>
                <span class="method-start">80000 ms</span>
              </div> <!-- configuration-method before -->
              <div class="test-method">
                <img src="failed.png">
                </img>
                <span class="method-name">testLegalNotice</span>
                <span class="method-start">80004 ms</span>
              </div> <!-- test-method -->
              <div class="configuration-method after">
                <span class="method-name">afterEachTestMethod([TestResult name=testLegalNotice status=FAILURE method=SearchTest.testLegalNotice()[pri:0, instance:...)</span>
                <span class="method-start">81221 ms</span>
              </div> <!-- configuration-method after -->
              <div class="configuration-method after">
                <span class="method-name">cleanUp</span>
                <span class="method-start">83985 ms</span>
              </div> <!-- configuration-method after -->
              <div class="configuration-method before">
                <span class="method-name">setUp(false, browserstack, OS X, catalina, chrome-options, 85, https://www.thehartford.com/)</span>
                <span class="method-start">83986 ms</span>
              </div> <!-- configuration-method before -->
              <div class="configuration-method before">
                <span class="method-name">startExtent(public void search.SearchTest.testMobileApp())</span>
                <span class="method-start">87866 ms</span>
              </div> <!-- configuration-method before -->
              <div class="configuration-method before">
                <span class="method-name">getInit</span>
                <span class="method-start">87866 ms</span>
              </div> <!-- configuration-method before -->
              <div class="test-method">
                <img src="failed.png">
                </img>
                <span class="method-name">testMobileApp</span>
                <span class="method-start">87871 ms</span>
              </div> <!-- test-method -->
              <div class="configuration-method after">
                <span class="method-name">afterEachTestMethod([TestResult name=testMobileApp status=FAILURE method=SearchTest.testMobileApp()[pri:0, instance:sear...)</span>
                <span class="method-start">89053 ms</span>
              </div> <!-- configuration-method after -->
              <div class="configuration-method after">
                <span class="method-name">cleanUp</span>
                <span class="method-start">89709 ms</span>
              </div> <!-- configuration-method after -->
              <div class="configuration-method before">
                <span class="method-name">setUp(false, browserstack, OS X, catalina, chrome-options, 85, https://www.thehartford.com/)</span>
                <span class="method-start">89710 ms</span>
              </div> <!-- configuration-method before -->
              <div class="configuration-method before">
                <span class="method-name">startExtent(public void search.SearchTest.testPrivacyPolicy())</span>
                <span class="method-start">92583 ms</span>
              </div> <!-- configuration-method before -->
              <div class="configuration-method before">
                <span class="method-name">getInit</span>
                <span class="method-start">92583 ms</span>
              </div> <!-- configuration-method before -->
              <div class="test-method">
                <span class="method-name">testPrivacyPolicy</span>
                <span class="method-start">92587 ms</span>
              </div> <!-- test-method -->
              <div class="configuration-method after">
                <span class="method-name">afterEachTestMethod([TestResult name=testPrivacyPolicy status=SUCCESS method=SearchTest.testPrivacyPolicy()[pri:0, insta...)</span>
                <span class="method-start">93642 ms</span>
              </div> <!-- configuration-method after -->
              <div class="configuration-method after">
                <span class="method-name">cleanUp</span>
                <span class="method-start">93789 ms</span>
              </div> <!-- configuration-method after -->
              <div class="configuration-method before">
                <span class="method-name">setUp(false, browserstack, OS X, catalina, chrome-options, 85, https://www.thehartford.com/)</span>
                <span class="method-start">93790 ms</span>
              </div> <!-- configuration-method before -->
              <div class="configuration-method before">
                <span class="method-name">startExtent(public void search.SearchTest.testProdCompensation())</span>
                <span class="method-start">97823 ms</span>
              </div> <!-- configuration-method before -->
              <div class="configuration-method before">
                <span class="method-name">getInit</span>
                <span class="method-start">97823 ms</span>
              </div> <!-- configuration-method before -->
              <div class="test-method">
                <span class="method-name">testProdCompensation</span>
                <span class="method-start">97828 ms</span>
              </div> <!-- test-method -->
              <div class="configuration-method after">
                <span class="method-name">afterEachTestMethod([TestResult name=testProdCompensation status=SUCCESS method=SearchTest.testProdCompensation()[pri:0,...)</span>
                <span class="method-start">98604 ms</span>
              </div> <!-- configuration-method after -->
              <div class="configuration-method after">
                <span class="method-name">cleanUp</span>
                <span class="method-start">98739 ms</span>
              </div> <!-- configuration-method after -->
              <div class="configuration-method before">
                <span class="method-name">setUp(false, browserstack, OS X, catalina, chrome-options, 85, https://www.thehartford.com/)</span>
                <span class="method-start">98740 ms</span>
              </div> <!-- configuration-method before -->
              <div class="configuration-method before">
                <span class="method-name">startExtent(public void search.SearchTest.testReportClaim())</span>
                <span class="method-start">101492 ms</span>
              </div> <!-- configuration-method before -->
              <div class="configuration-method before">
                <span class="method-name">getInit</span>
                <span class="method-start">101493 ms</span>
              </div> <!-- configuration-method before -->
              <div class="test-method">
                <span class="method-name">testReportClaim</span>
                <span class="method-start">101496 ms</span>
              </div> <!-- test-method -->
              <div class="configuration-method after">
                <span class="method-name">afterEachTestMethod([TestResult name=testReportClaim status=SUCCESS method=SearchTest.testReportClaim()[pri:0, instance:...)</span>
                <span class="method-start">109642 ms</span>
              </div> <!-- configuration-method after -->
              <div class="configuration-method after">
                <span class="method-name">cleanUp</span>
                <span class="method-start">109808 ms</span>
              </div> <!-- configuration-method after -->
              <div class="configuration-method before">
                <span class="method-name">setUp(false, browserstack, OS X, catalina, chrome-options, 85, https://www.thehartford.com/)</span>
                <span class="method-start">109808 ms</span>
              </div> <!-- configuration-method before -->
              <div class="configuration-method before">
                <span class="method-name">startExtent(public void search.SearchTest.testSearchBoxCheck())</span>
                <span class="method-start">112520 ms</span>
              </div> <!-- configuration-method before -->
              <div class="configuration-method before">
                <span class="method-name">getInit</span>
                <span class="method-start">112520 ms</span>
              </div> <!-- configuration-method before -->
              <div class="test-method">
                <span class="method-name">testSearchBoxCheck</span>
                <span class="method-start">112524 ms</span>
              </div> <!-- test-method -->
              <div class="configuration-method after">
                <span class="method-name">afterEachTestMethod([TestResult name=testSearchBoxCheck status=SUCCESS method=SearchTest.testSearchBoxCheck()[pri:0, ins...)</span>
                <span class="method-start">115322 ms</span>
              </div> <!-- configuration-method after -->
              <div class="configuration-method after">
                <span class="method-name">cleanUp</span>
                <span class="method-start">115470 ms</span>
              </div> <!-- configuration-method after -->
              <div class="configuration-method before">
                <span class="method-name">setUp(false, browserstack, OS X, catalina, chrome-options, 85, https://www.thehartford.com/)</span>
                <span class="method-start">115470 ms</span>
              </div> <!-- configuration-method before -->
              <div class="configuration-method before">
                <span class="method-name">startExtent(public void search.SearchTest.testSmallBiz())</span>
                <span class="method-start">119335 ms</span>
              </div> <!-- configuration-method before -->
              <div class="configuration-method before">
                <span class="method-name">getInit</span>
                <span class="method-start">119335 ms</span>
              </div> <!-- configuration-method before -->
              <div class="test-method">
                <span class="method-name">testSmallBiz</span>
                <span class="method-start">119338 ms</span>
              </div> <!-- test-method -->
              <div class="configuration-method after">
                <span class="method-name">afterEachTestMethod([TestResult name=testSmallBiz status=SUCCESS method=SearchTest.testSmallBiz()[pri:0, instance:search...)</span>
                <span class="method-start">120315 ms</span>
              </div> <!-- configuration-method after -->
              <div class="configuration-method after">
                <span class="method-name">cleanUp</span>
                <span class="method-start">120461 ms</span>
              </div> <!-- configuration-method after -->
              <div class="configuration-method before">
                <span class="method-name">setUp(false, browserstack, OS X, catalina, chrome-options, 85, https://www.thehartford.com/)</span>
                <span class="method-start">120461 ms</span>
              </div> <!-- configuration-method before -->
              <div class="configuration-method before">
                <span class="method-name">startExtent(public void search.SearchTest.testtheHartFordImage())</span>
                <span class="method-start">124191 ms</span>
              </div> <!-- configuration-method before -->
              <div class="configuration-method before">
                <span class="method-name">getInit</span>
                <span class="method-start">124191 ms</span>
              </div> <!-- configuration-method before -->
              <div class="test-method">
                <img src="failed.png">
                </img>
                <span class="method-name">testtheHartFordImage</span>
                <span class="method-start">124196 ms</span>
              </div> <!-- test-method -->
              <div class="configuration-method after">
                <span class="method-name">afterEachTestMethod([TestResult name=testtheHartFordImage status=FAILURE method=SearchTest.testtheHartFordImage()[pri:0,...)</span>
                <span class="method-start">125173 ms</span>
              </div> <!-- configuration-method after -->
              <div class="configuration-method after">
                <span class="method-name">cleanUp</span>
                <span class="method-start">128166 ms</span>
              </div> <!-- configuration-method after -->
              <div class="configuration-suite after">
                <span class="method-name">generateReport</span>
                <span class="method-start">128225 ms</span>
              </div> <!-- configuration-suite after -->
          </div> <!-- main-panel-content rounded-window-bottom -->
        </div> <!-- panel -->
      </div> <!-- main-panel-root -->
    </div> <!-- wrapper -->
  </body>
</html>
