<?xml version="1.0" encoding="UTF-8"?>
<!-- Generated by org.testng.reporters.JUnitXMLReporter -->
<testsuite ignored="8" hostname="DESKTOP-F15B8L7" failures="4" tests="43" name="Surefire test" time="457.525" errors="0" timestamp="2020-08-30T19:09:33 PDT">
  <testcase classname="cart.CartTest" name="TestValidateAllDropDown" time="8.051"/>
  <testcase classname="cart.CartTest" name="testCheckoutAfterAddingAnItemToCart" time="7.807">
    <failure type="java.lang.AssertionError" message="expected [true] but found [false]">
      <![CDATA[java.lang.AssertionError: expected [true] but found [false]
at cart.Cart.verifyCheckoutAfterAddingAnItemToCart(Cart.java:236)
at cart.CartTest.testCheckoutAfterAddingAnItemToCart(CartTest.java:40)
at java.base/java.util.ArrayList.forEach(ArrayList.java:1540)
... Removed 36 stack frames]]>
    </failure>
  </testcase> <!-- testCheckoutAfterAddingAnItemToCart -->
  <testcase classname="cart.CartTest" name="testItemAddedToCartByGoingIntoCart" time="6.588"/>
  <testcase classname="cart.CartTest" name="testItemAddedToCartWithoutGoingIntoCart" time="5.869"/>
  <testcase classname="cart.CartTest" name="testItemDeletedFromCart" time="8.799"/>
  <testcase classname="home.HomePageTest" name="testValidateClickCustomerServiceTabByText" time="2.197"/>
  <testcase classname="home.HomePageTest" name="testValidateClickGiftCardsTabByTitle" time="2.403"/>
  <testcase classname="home.HomePageTest" name="testValidateClickRegistryTabByTitle" time="1.947"/>
  <testcase classname="home.HomePageTest" name="testValidateHomePageTitle" time="0.046"/>
  <testcase classname="home.HomePageTest" name="testValidateNavigateToComputersAndTabletsWithShopByCategoryHamburger" time="11.496">
    <failure type="org.openqa.selenium.ElementNotInteractableException" message="element not interactable
  (Session info: chrome=85.0.4183.83)
Build info: version: &amp;apos;3.141.59&amp;apos;, revision: &amp;apos;e82be7d358&amp;apos;, time: &amp;apos;2018-11-14T08:17:03&amp;apos;
System info: host: &amp;apos;DESKTOP-F15B8L7&amp;apos;, ip: &amp;apos;169.254.252.52&amp;apos;, os.name: &amp;apos;Windows 10&amp;apos;, os.arch: &amp;apos;amd64&amp;apos;, os.version: &amp;apos;10.0&amp;apos;, java.version: &amp;apos;11.0.5&amp;apos;
Driver info: org.openqa.selenium.chrome.ChromeDriver
Capabilities {acceptInsecureCerts: false, browserName: chrome, browserVersion: 85.0.4183.83, chrome: {chromedriverVersion: 84.0.4147.30 (48b3e868b4cc0..., userDataDir: C:\Users\Shakir\AppData\Loc...}, goog:chromeOptions: {debuggerAddress: localhost:3129}, javascriptEnabled: true, networkConnectionEnabled: false, pageLoadStrategy: normal, platform: WINDOWS, platformName: WINDOWS, proxy: Proxy(), setWindowRect: true, strictFileInteractability: false, timeouts: {implicit: 0, pageLoad: 300000, script: 30000}, unhandledPromptBehavior: dismiss and notify, webauthn:virtualAuthenticators: true}
Session ID: 2be06ad8f86297421095294f113cc054">
      <![CDATA[org.openqa.selenium.ElementNotInteractableException: element not interactable
  (Session info: chrome=85.0.4183.83)
Build info: version: '3.141.59', revision: 'e82be7d358', time: '2018-11-14T08:17:03'
System info: host: 'DESKTOP-F15B8L7', ip: '169.254.252.52', os.name: 'Windows 10', os.arch: 'amd64', os.version: '10.0', java.version: '11.0.5'
Driver info: org.openqa.selenium.chrome.ChromeDriver
Capabilities {acceptInsecureCerts: false, browserName: chrome, browserVersion: 85.0.4183.83, chrome: {chromedriverVersion: 84.0.4147.30 (48b3e868b4cc0..., userDataDir: C:\Users\Shakir\AppData\Loc...}, goog:chromeOptions: {debuggerAddress: localhost:3129}, javascriptEnabled: true, networkConnectionEnabled: false, pageLoadStrategy: normal, platform: WINDOWS, platformName: WINDOWS, proxy: Proxy(), setWindowRect: true, strictFileInteractability: false, timeouts: {implicit: 0, pageLoad: 300000, script: 30000}, unhandledPromptBehavior: dismiss and notify, webauthn:virtualAuthenticators: true}
Session ID: 2be06ad8f86297421095294f113cc054
at org.openqa.selenium.remote.http.W3CHttpResponseCodec.createException(W3CHttpResponseCodec.java:187)
at org.openqa.selenium.remote.http.W3CHttpResponseCodec.decode(W3CHttpResponseCodec.java:122)
at org.openqa.selenium.remote.http.W3CHttpResponseCodec.decode(W3CHttpResponseCodec.java:49)
at org.openqa.selenium.remote.HttpCommandExecutor.execute(HttpCommandExecutor.java:158)
at org.openqa.selenium.remote.service.DriverCommandExecutor.execute(DriverCommandExecutor.java:83)
at org.openqa.selenium.remote.RemoteWebDriver.execute(RemoteWebDriver.java:552)
at org.openqa.selenium.remote.RemoteWebElement.execute(RemoteWebElement.java:285)
at org.openqa.selenium.remote.RemoteWebElement.click(RemoteWebElement.java:84)
at org.openqa.selenium.support.pagefactory.internal.LocatingElementHandler.invoke(LocatingElementHandler.java:51)
at com.sun.proxy.$Proxy14.click(Unknown Source)
at home.HomePage.clickOnComputerAndTabletsInShopByCategoryHamburger(HomePage.java:290)
at home.HomePage.navigateToComputersAndTabletsWithShopByCategoryHamburger(HomePage.java:301)
at home.HomePageTest.testValidateNavigateToComputersAndTabletsWithShopByCategoryHamburger(HomePageTest.java:108)
at java.base/java.util.ArrayList.forEach(ArrayList.java:1540)
... Removed 39 stack frames]]>
    </failure>
  </testcase> <!-- testValidateNavigateToComputersAndTabletsWithShopByCategoryHamburger -->
  <testcase classname="home.HomePageTest" name="testValidateTodaysDealTabByDealsAndPromotionsText" time="2.352"/>
  <testcase classname="home.HomePageTest" name="testValidateTodaysDealTabByTitle" time="3.509"/>
  <testcase classname="home.HomePageTest" name="testVerifyAmazonMusicByTitle" time="2.938"/>
  <testcase classname="home.HomePageTest" name="testVerifyClickOnAmazonAdvertisingByText" time="1.907"/>
  <testcase classname="home.HomePageTest" name="testVerifyClickOnAmazonAdvertisingByTitle" time="3.4"/>
  <testcase classname="home.HomePageTest" name="testVerifyClickOnAmazonAdvertisingByURL" time="2.571"/>
  <testcase classname="home.HomePageTest" name="testVerifyClickOnHPFeaturedBrandSelection" time="4.103"/>
  <testcase classname="home.HomePageTest" name="testVerifyClickOnMusicLink" time="3.739"/>
  <testcase classname="home.HomePageTest" name="testVerifyClickOnMusicLinkByTitle" time="1.601">
    <failure type="java.lang.AssertionError" message="expected [true] but found [false]">
      <![CDATA[java.lang.AssertionError: expected [true] but found [false]
at home.HomePage.verifyClickOnMusicLinkByTitle(HomePage.java:240)
at home.HomePageTest.testVerifyClickOnMusicLinkByTitle(HomePageTest.java:85)
at java.base/java.util.ArrayList.forEach(ArrayList.java:1540)
... Removed 36 stack frames]]>
    </failure>
  </testcase> <!-- testVerifyClickOnMusicLinkByTitle -->
  <testcase classname="home.HomePageTest" name="testVerifyClickOnStartASellingAccount" time="3.823"/>
  <testcase classname="home.HomePageTest" name="testVerifySellVerificationTextIsDisplayed" time="4.579"/>
  <testcase classname="home.HomePageTest" name="testvalidateClickSellTabByTitle" time="4.014"/>
  <testcase classname="home.HomePageTest" name="testverifyClickGiftCardsTabByText" time="2.611"/>
  <testcase classname="registration.RegistrationPageTest" name="testPasswordMustBeAtLeast6CharacterAlertSignIsEnabled" time="3.011"/>
  <testcase classname="registration.RegistrationPageTest" name="testVerifyClickStartHere" time="1.457"/>
  <testcase classname="registration.RegistrationPageTest" name="testVerifyEnterAValidEmailAddressAlertSignIsDisplayed" time="4.078"/>
  <testcase classname="registration.RegistrationPageTest" name="testVerifyEnterYourEmailAlertSignIsDisplayed" time="2.842"/>
  <testcase classname="registration.RegistrationPageTest" name="testVerifyEnterYourNameAlertSignIsDisplayed" time="3.28"/>
  <testcase classname="registration.RegistrationPageTest" name="testVerifyEnterYourPasswordAlertSignIsDisplayed" time="2.546"/>
  <testcase classname="registration.RegistrationPageTest" name="testVerifyPasswordsMustMatchAlertIsDisplayed" time="2.982"/>
  <testcase classname="registration.RegistrationPageTest" name="testVerifyTypeYourPasswordAgainAlertSignIsDisplayed" time="2.587"/>
  <testcase classname="search.SearchTest" name="testSearchMultipleItems" time="7.404"/>
  <testcase classname="search.SearchTest" name="testSearchSingleItem" time="3.98"/>
  <testcase classname="search.SearchTest" name="testValidateAllDropDown" time="1.091"/>
  <testcase classname="search.SearchTest" name="testVerifySearchRandomBooksByTitle" time="6.53"/>
  <testcase classname="search.SearchTest" name="testVerifySearchRandomBooksByURL" time="4.923">
    <failure type="java.lang.AssertionError" message="expected [https://www.amazon.com/s?k=The+Needle&amp;apos;s+Eye&amp;amp;i=stripbooks-intl-ship&amp;amp;ref=nb_sb_noss] but found [https://www.amazon.com/s/ref=nb_sb_noss_2?url=search-alias%3Dstripbooks-intl-ship&amp;amp;field-keywords=The+Needle%27s+Eye]">
      <![CDATA[java.lang.AssertionError: expected [https://www.amazon.com/s?k=The+Needle's+Eye&i=stripbooks-intl-ship&ref=nb_sb_noss] but found [https://www.amazon.com/s/ref=nb_sb_noss_2?url=search-alias%3Dstripbooks-intl-ship&field-keywords=The+Needle%27s+Eye]
at search.Search.verifySearchRandomBookByURL(Search.java:239)
at search.SearchTest.testVerifySearchRandomBooksByURL(SearchTest.java:69)
at java.base/java.util.ArrayList.forEach(ArrayList.java:1540)
... Removed 37 stack frames]]>
    </failure>
  </testcase> <!-- testVerifySearchRandomBooksByURL -->
  <testcase classname="signIn.SignInTest" name="testVerifyEnterYourEmailOrMobilePhoneNumberAlertIsDisplayed" time="1.387"/>
  <testcase classname="signIn.SignInTest" name="testVerifyEnterYourPasswordAlertIsDisplayed" time="2.495"/>
  <testcase classname="signIn.SignInTest" name="testVerifyForgotYourPasswordTitle" time="2.95"/>
  <testcase classname="signIn.SignInTest" name="testVerifyIncorrectPhoneNumberAlertIsDispalyed" time="2.265"/>
  <testcase classname="signIn.SignInTest" name="testVerifyThatErrorIsDisplayedWhenLoggingInWithInvalidEmailAddressFormat" time="2.381"/>
  <testcase classname="signIn.SignInTest" name="testVerifyWeCannotFindAnAccountWithThatEmailAddressAlertIsDisplayed" time="2.554"/>
  <testcase classname="signIn.SignInTest" name="testVerifySignInTitle" time="1.429"/>
  <testcase classname="base.CommonAPI" name="@AfterSuite generateReport" time="0.0">
    <ignored/>
  </testcase> <!-- @AfterSuite generateReport -->
  <testcase classname="base.CommonAPI" name="@AfterSuite generateReport" time="0.0">
    <ignored/>
  </testcase> <!-- @AfterSuite generateReport -->
  <testcase classname="base.CommonAPI" name="@AfterSuite generateReport" time="0.0">
    <ignored/>
  </testcase> <!-- @AfterSuite generateReport -->
  <testcase classname="base.CommonAPI" name="@AfterSuite generateReport" time="0.0">
    <ignored/>
  </testcase> <!-- @AfterSuite generateReport -->
  <testcase classname="base.CommonAPI" name="@BeforeSuite extentSetup" time="0.0">
    <ignored/>
  </testcase> <!-- @BeforeSuite extentSetup -->
  <testcase classname="base.CommonAPI" name="@BeforeSuite extentSetup" time="0.0">
    <ignored/>
  </testcase> <!-- @BeforeSuite extentSetup -->
  <testcase classname="base.CommonAPI" name="@BeforeSuite extentSetup" time="0.0">
    <ignored/>
  </testcase> <!-- @BeforeSuite extentSetup -->
  <testcase classname="base.CommonAPI" name="@BeforeSuite extentSetup" time="0.0">
    <ignored/>
  </testcase> <!-- @BeforeSuite extentSetup -->
</testsuite> <!-- Surefire test -->
