<html>
<head>
<title>TestNG:  Surefire test</title>
<link href="../testng.css" rel="stylesheet" type="text/css" />
<link href="../my-testng.css" rel="stylesheet" type="text/css" />

<style type="text/css">
.log { display: none;} 
.stack-trace { display: none;} 
</style>
<script type="text/javascript">
<!--
function flip(e) {
  current = e.style.display;
  if (current == 'block') {
    e.style.display = 'none';
    return 0;
  }
  else {
    e.style.display = 'block';
    return 1;
  }
}

function toggleBox(szDivId, elem, msg1, msg2)
{
  var res = -1;  if (document.getElementById) {
    res = flip(document.getElementById(szDivId));
  }
  else if (document.all) {
    // this is the way old msie versions work
    res = flip(document.all[szDivId]);
  }
  if(elem) {
    if(res == 0) elem.innerHTML = msg1; else elem.innerHTML = msg2;
  }

}

function toggleAllBoxes() {
  if (document.getElementsByTagName) {
    d = document.getElementsByTagName('div');
    for (i = 0; i < d.length; i++) {
      if (d[i].className == 'log') {
        flip(d[i]);
      }
    }
  }
}

// -->
</script>

</head>
<body>
<h2 align='center'>Surefire test</h2><table border='1' align="center">
<tr>
<td>Tests passed/Failed/Skipped:</td><td>39/4/0</td>
</tr><tr>
<td>Started on:</td><td>Sun Aug 30 19:01:56 PDT 2020</td>
</tr>
<tr><td>Total time:</td><td>457 seconds (457525 ms)</td>
</tr><tr>
<td>Included groups:</td><td></td>
</tr><tr>
<td>Excluded groups:</td><td></td>
</tr>
</table><p/>
<small><i>(Hover the method name to see the test class name)</i></small><p/>
<table width='100%' border='1' class='invocation-failed'>
<tr><td colspan='4' align='center'><b>FAILED TESTS</b></td></tr>
<tr><td><b>Test method</b></td>
<td width="30%"><b>Exception</b></td>
<td width="10%"><b>Time (seconds)</b></td>
<td><b>Instance</b></td>
</tr>
<tr>
<td title='cart.CartTest.testCheckoutAfterAddingAnItemToCart()'><b>testCheckoutAfterAddingAnItemToCart</b><br>Test class: cart.CartTest</td>
<td><div><pre>java.lang.AssertionError: expected [true] but found [false]
	at cart.Cart.verifyCheckoutAfterAddingAnItemToCart(Cart.java:236)
	at cart.CartTest.testCheckoutAfterAddingAnItemToCart(CartTest.java:40)
	at java.base/java.util.ArrayList.forEach(ArrayList.java:1540)
... Removed 36 stack frames</pre></div><a href='#' onClick='toggleBox("stack-trace1850301256", this, "Click to show all stack frames", "Click to hide stack frames")'>Click to show all stack frames</a>
<div class='stack-trace' id='stack-trace1850301256'><pre>java.lang.AssertionError: expected [true] but found [false]
	at org.testng.Assert.fail(Assert.java:97)
	at org.testng.Assert.failNotEquals(Assert.java:969)
	at org.testng.Assert.assertTrue(Assert.java:43)
	at org.testng.Assert.assertTrue(Assert.java:53)
	at cart.Cart.verifyCheckoutAfterAddingAnItemToCart(Cart.java:236)
	at cart.CartTest.testCheckoutAfterAddingAnItemToCart(CartTest.java:40)
	at java.base/jdk.internal.reflect.NativeMethodAccessorImpl.invoke0(Native Method)
	at java.base/jdk.internal.reflect.NativeMethodAccessorImpl.invoke(NativeMethodAccessorImpl.java:62)
	at java.base/jdk.internal.reflect.DelegatingMethodAccessorImpl.invoke(DelegatingMethodAccessorImpl.java:43)
	at java.base/java.lang.reflect.Method.invoke(Method.java:566)
	at org.testng.internal.MethodInvocationHelper.invokeMethod(MethodInvocationHelper.java:134)
	at org.testng.internal.TestInvoker.invokeMethod(TestInvoker.java:597)
	at org.testng.internal.TestInvoker.invokeTestMethod(TestInvoker.java:173)
	at org.testng.internal.MethodRunner.runInSequence(MethodRunner.java:46)
	at org.testng.internal.TestInvoker$MethodInvocationAgent.invoke(TestInvoker.java:816)
	at org.testng.internal.TestInvoker.invokeTestMethods(TestInvoker.java:146)
	at org.testng.internal.TestMethodWorker.invokeTestMethods(TestMethodWorker.java:146)
	at org.testng.internal.TestMethodWorker.run(TestMethodWorker.java:128)
	at java.base/java.util.ArrayList.forEach(ArrayList.java:1540)
	at org.testng.TestRunner.privateRun(TestRunner.java:766)
	at org.testng.TestRunner.run(TestRunner.java:587)
	at org.testng.SuiteRunner.runTest(SuiteRunner.java:384)
	at org.testng.SuiteRunner.runSequentially(SuiteRunner.java:378)
	at org.testng.SuiteRunner.privateRun(SuiteRunner.java:337)
	at org.testng.SuiteRunner.run(SuiteRunner.java:286)
	at org.testng.SuiteRunnerWorker.runSuite(SuiteRunnerWorker.java:53)
	at org.testng.SuiteRunnerWorker.run(SuiteRunnerWorker.java:96)
	at org.testng.TestNG.runSuitesSequentially(TestNG.java:1187)
	at org.testng.TestNG.runSuitesLocally(TestNG.java:1109)
	at org.testng.TestNG.runSuites(TestNG.java:1039)
	at org.testng.TestNG.run(TestNG.java:1007)
	at org.apache.maven.surefire.testng.TestNGExecutor.run(TestNGExecutor.java:136)
	at org.apache.maven.surefire.testng.TestNGDirectoryTestSuite.executeMulti(TestNGDirectoryTestSuite.java:193)
	at org.apache.maven.surefire.testng.TestNGDirectoryTestSuite.execute(TestNGDirectoryTestSuite.java:94)
	at org.apache.maven.surefire.testng.TestNGProvider.invoke(TestNGProvider.java:145)
	at org.apache.maven.surefire.booter.ForkedBooter.runSuitesInProcess(ForkedBooter.java:428)
	at org.apache.maven.surefire.booter.ForkedBooter.execute(ForkedBooter.java:162)
	at org.apache.maven.surefire.booter.ForkedBooter.run(ForkedBooter.java:562)
	at org.apache.maven.surefire.booter.ForkedBooter.main(ForkedBooter.java:548)
</pre></div></td>
<td>7</td>
<td>cart.CartTest@45b4c3a9</td></tr>
<tr>
<td title='home.HomePageTest.testValidateNavigateToComputersAndTabletsWithShopByCategoryHamburger()'><b>testValidateNavigateToComputersAndTabletsWithShopByCategoryHamburger</b><br>Test class: home.HomePageTest</td>
<td><div><pre>org.openqa.selenium.ElementNotInteractableException: element not interactable
  (Session info: chrome=85.0.4183.83)
Build info: version: &apos;3.141.59&apos;, revision: &apos;e82be7d358&apos;, time: &apos;2018-11-14T08:17:03&apos;
System info: host: &apos;DESKTOP-F15B8L7&apos;, ip: &apos;169.254.252.52&apos;, os.name: &apos;Windows 10&apos;, os.arch: &apos;amd64&apos;, os.version: &apos;10.0&apos;, java.version: &apos;11.0.5&apos;
Driver info: org.openqa.selenium.chrome.ChromeDriver
Capabilities {acceptInsecureCerts: false, browserName: chrome, browserVersion: 85.0.4183.83, chrome: {chromedriverVersion: 84.0.4147.30 (48b3e868b4cc0..., userDataDir: C:\Users\Shakir\AppData\Loc...}, goog:chromeOptions: {debuggerAddress: localhost:3129}, javascriptEnabled: true, networkConnectionEnabled: false, pageLoadStrategy: normal, platform: WINDOWS, platformName: WINDOWS, proxy: Proxy(), setWindowRect: true, strictFileInteractability: false, timeouts: {implicit: 0, pageLoad: 300000, script: 30000}, unhandledPromptBehavior: dismiss and notify, webauthn:virtualAuthenticators: true}
Session ID: 2be06ad8f86297421095294f113cc054
	at org.openqa.selenium.remote.http.W3CHttpResponseCodec.createException(W3CHttpResponseCodec.java:187)
	at org.openqa.selenium.remote.http.W3CHttpResponseCodec.decode(W3CHttpResponseCodec.java:122)
	at org.openqa.selenium.remote.http.W3CHttpResponseCodec.decode(W3CHttpResponseCodec.java:49)
	at org.openqa.selenium.remote.HttpCommandExecutor.execute(HttpCommandExecutor.java:158)
	at org.openqa.selenium.remote.service.DriverCommandExecutor.execute(DriverCommandExecutor.java:83)
	at org.openqa.selenium.remote.RemoteWebDriver.execute(RemoteWebDriver.java:552)
	at org.openqa.selenium.remote.RemoteWebElement.execute(RemoteWebElement.java:285)
	at org.openqa.selenium.remote.RemoteWebElement.click(RemoteWebElement.java:84)
	at org.openqa.selenium.support.pagefactory.internal.LocatingElementHandler.invoke(LocatingElementHandler.java:51)
	at com.sun.proxy.$Proxy14.click(Unknown Source)
	at home.HomePage.clickOnComputerAndTabletsInShopByCategoryHamburger(HomePage.java:290)
	at home.HomePage.navigateToComputersAndTabletsWithShopByCategoryHamburger(HomePage.java:301)
	at home.HomePageTest.testValidateNavigateToComputersAndTabletsWithShopByCategoryHamburger(HomePageTest.java:108)
	at java.base/java.util.ArrayList.forEach(ArrayList.java:1540)
... Removed 39 stack frames</pre></div><a href='#' onClick='toggleBox("stack-trace1465800495", this, "Click to show all stack frames", "Click to hide stack frames")'>Click to show all stack frames</a>
<div class='stack-trace' id='stack-trace1465800495'><pre>org.openqa.selenium.ElementNotInteractableException: element not interactable
  (Session info: chrome=85.0.4183.83)
Build info: version: &apos;3.141.59&apos;, revision: &apos;e82be7d358&apos;, time: &apos;2018-11-14T08:17:03&apos;
System info: host: &apos;DESKTOP-F15B8L7&apos;, ip: &apos;169.254.252.52&apos;, os.name: &apos;Windows 10&apos;, os.arch: &apos;amd64&apos;, os.version: &apos;10.0&apos;, java.version: &apos;11.0.5&apos;
Driver info: org.openqa.selenium.chrome.ChromeDriver
Capabilities {acceptInsecureCerts: false, browserName: chrome, browserVersion: 85.0.4183.83, chrome: {chromedriverVersion: 84.0.4147.30 (48b3e868b4cc0..., userDataDir: C:\Users\Shakir\AppData\Loc...}, goog:chromeOptions: {debuggerAddress: localhost:3129}, javascriptEnabled: true, networkConnectionEnabled: false, pageLoadStrategy: normal, platform: WINDOWS, platformName: WINDOWS, proxy: Proxy(), setWindowRect: true, strictFileInteractability: false, timeouts: {implicit: 0, pageLoad: 300000, script: 30000}, unhandledPromptBehavior: dismiss and notify, webauthn:virtualAuthenticators: true}
Session ID: 2be06ad8f86297421095294f113cc054
	at java.base/jdk.internal.reflect.NativeConstructorAccessorImpl.newInstance0(Native Method)
	at java.base/jdk.internal.reflect.NativeConstructorAccessorImpl.newInstance(NativeConstructorAccessorImpl.java:62)
	at java.base/jdk.internal.reflect.DelegatingConstructorAccessorImpl.newInstance(DelegatingConstructorAccessorImpl.java:45)
	at java.base/java.lang.reflect.Constructor.newInstance(Constructor.java:490)
	at org.openqa.selenium.remote.http.W3CHttpResponseCodec.createException(W3CHttpResponseCodec.java:187)
	at org.openqa.selenium.remote.http.W3CHttpResponseCodec.decode(W3CHttpResponseCodec.java:122)
	at org.openqa.selenium.remote.http.W3CHttpResponseCodec.decode(W3CHttpResponseCodec.java:49)
	at org.openqa.selenium.remote.HttpCommandExecutor.execute(HttpCommandExecutor.java:158)
	at org.openqa.selenium.remote.service.DriverCommandExecutor.execute(DriverCommandExecutor.java:83)
	at org.openqa.selenium.remote.RemoteWebDriver.execute(RemoteWebDriver.java:552)
	at org.openqa.selenium.remote.RemoteWebElement.execute(RemoteWebElement.java:285)
	at org.openqa.selenium.remote.RemoteWebElement.click(RemoteWebElement.java:84)
	at jdk.internal.reflect.GeneratedMethodAccessor20.invoke(Unknown Source)
	at java.base/jdk.internal.reflect.DelegatingMethodAccessorImpl.invoke(DelegatingMethodAccessorImpl.java:43)
	at java.base/java.lang.reflect.Method.invoke(Method.java:566)
	at org.openqa.selenium.support.pagefactory.internal.LocatingElementHandler.invoke(LocatingElementHandler.java:51)
	at com.sun.proxy.$Proxy14.click(Unknown Source)
	at home.HomePage.clickOnComputerAndTabletsInShopByCategoryHamburger(HomePage.java:290)
	at home.HomePage.navigateToComputersAndTabletsWithShopByCategoryHamburger(HomePage.java:301)
	at home.HomePageTest.testValidateNavigateToComputersAndTabletsWithShopByCategoryHamburger(HomePageTest.java:108)
	at java.base/jdk.internal.reflect.NativeMethodAccessorImpl.invoke0(Native Method)
	at java.base/jdk.internal.reflect.NativeMethodAccessorImpl.invoke(NativeMethodAccessorImpl.java:62)
	at java.base/jdk.internal.reflect.DelegatingMethodAccessorImpl.invoke(DelegatingMethodAccessorImpl.java:43)
	at java.base/java.lang.reflect.Method.invoke(Method.java:566)
	at org.testng.internal.MethodInvocationHelper.invokeMethod(MethodInvocationHelper.java:134)
	at org.testng.internal.TestInvoker.invokeMethod(TestInvoker.java:597)
	at org.testng.internal.TestInvoker.invokeTestMethod(TestInvoker.java:173)
	at org.testng.internal.MethodRunner.runInSequence(MethodRunner.java:46)
	at org.testng.internal.TestInvoker$MethodInvocationAgent.invoke(TestInvoker.java:816)
	at org.testng.internal.TestInvoker.invokeTestMethods(TestInvoker.java:146)
	at org.testng.internal.TestMethodWorker.invokeTestMethods(TestMethodWorker.java:146)
	at org.testng.internal.TestMethodWorker.run(TestMethodWorker.java:128)
	at java.base/java.util.ArrayList.forEach(ArrayList.java:1540)
	at org.testng.TestRunner.privateRun(TestRunner.java:766)
	at org.testng.TestRunner.run(TestRunner.java:587)
	at org.testng.SuiteRunner.runTest(SuiteRunner.java:384)
	at org.testng.SuiteRunner.runSequentially(SuiteRunner.java:378)
	at org.testng.SuiteRunner.privateRun(SuiteRunner.java:337)
	at org.testng.SuiteRunner.run(SuiteRunner.java:286)
	at org.testng.SuiteRunnerWorker.runSuite(SuiteRunnerWorker.java:53)
	at org.testng.SuiteRunnerWorker.run(SuiteRunnerWorker.java:96)
	at org.testng.TestNG.runSuitesSequentially(TestNG.java:1187)
	at org.testng.TestNG.runSuitesLocally(TestNG.java:1109)
	at org.testng.TestNG.runSuites(TestNG.java:1039)
	at org.testng.TestNG.run(TestNG.java:1007)
	at org.apache.maven.surefire.testng.TestNGExecutor.run(TestNGExecutor.java:136)
	at org.apache.maven.surefire.testng.TestNGDirectoryTestSuite.executeMulti(TestNGDirectoryTestSuite.java:193)
	at org.apache.maven.surefire.testng.TestNGDirectoryTestSuite.execute(TestNGDirectoryTestSuite.java:94)
	at org.apache.maven.surefire.testng.TestNGProvider.invoke(TestNGProvider.java:145)
	at org.apache.maven.surefire.booter.ForkedBooter.runSuitesInProcess(ForkedBooter.java:428)
	at org.apache.maven.surefire.booter.ForkedBooter.execute(ForkedBooter.java:162)
	at org.apache.maven.surefire.booter.ForkedBooter.run(ForkedBooter.java:562)
	at org.apache.maven.surefire.booter.ForkedBooter.main(ForkedBooter.java:548)
</pre></div></td>
<td>11</td>
<td>home.HomePageTest@399c4be1</td></tr>
<tr>
<td title='home.HomePageTest.testVerifyClickOnMusicLinkByTitle()'><b>testVerifyClickOnMusicLinkByTitle</b><br>Test class: home.HomePageTest</td>
<td><div><pre>java.lang.AssertionError: expected [true] but found [false]
	at home.HomePage.verifyClickOnMusicLinkByTitle(HomePage.java:240)
	at home.HomePageTest.testVerifyClickOnMusicLinkByTitle(HomePageTest.java:85)
	at java.base/java.util.ArrayList.forEach(ArrayList.java:1540)
... Removed 36 stack frames</pre></div><a href='#' onClick='toggleBox("stack-trace1741997197", this, "Click to show all stack frames", "Click to hide stack frames")'>Click to show all stack frames</a>
<div class='stack-trace' id='stack-trace1741997197'><pre>java.lang.AssertionError: expected [true] but found [false]
	at org.testng.Assert.fail(Assert.java:97)
	at org.testng.Assert.failNotEquals(Assert.java:969)
	at org.testng.Assert.assertTrue(Assert.java:43)
	at org.testng.Assert.assertTrue(Assert.java:53)
	at home.HomePage.verifyClickOnMusicLinkByTitle(HomePage.java:240)
	at home.HomePageTest.testVerifyClickOnMusicLinkByTitle(HomePageTest.java:85)
	at java.base/jdk.internal.reflect.NativeMethodAccessorImpl.invoke0(Native Method)
	at java.base/jdk.internal.reflect.NativeMethodAccessorImpl.invoke(NativeMethodAccessorImpl.java:62)
	at java.base/jdk.internal.reflect.DelegatingMethodAccessorImpl.invoke(DelegatingMethodAccessorImpl.java:43)
	at java.base/java.lang.reflect.Method.invoke(Method.java:566)
	at org.testng.internal.MethodInvocationHelper.invokeMethod(MethodInvocationHelper.java:134)
	at org.testng.internal.TestInvoker.invokeMethod(TestInvoker.java:597)
	at org.testng.internal.TestInvoker.invokeTestMethod(TestInvoker.java:173)
	at org.testng.internal.MethodRunner.runInSequence(MethodRunner.java:46)
	at org.testng.internal.TestInvoker$MethodInvocationAgent.invoke(TestInvoker.java:816)
	at org.testng.internal.TestInvoker.invokeTestMethods(TestInvoker.java:146)
	at org.testng.internal.TestMethodWorker.invokeTestMethods(TestMethodWorker.java:146)
	at org.testng.internal.TestMethodWorker.run(TestMethodWorker.java:128)
	at java.base/java.util.ArrayList.forEach(ArrayList.java:1540)
	at org.testng.TestRunner.privateRun(TestRunner.java:766)
	at org.testng.TestRunner.run(TestRunner.java:587)
	at org.testng.SuiteRunner.runTest(SuiteRunner.java:384)
	at org.testng.SuiteRunner.runSequentially(SuiteRunner.java:378)
	at org.testng.SuiteRunner.privateRun(SuiteRunner.java:337)
	at org.testng.SuiteRunner.run(SuiteRunner.java:286)
	at org.testng.SuiteRunnerWorker.runSuite(SuiteRunnerWorker.java:53)
	at org.testng.SuiteRunnerWorker.run(SuiteRunnerWorker.java:96)
	at org.testng.TestNG.runSuitesSequentially(TestNG.java:1187)
	at org.testng.TestNG.runSuitesLocally(TestNG.java:1109)
	at org.testng.TestNG.runSuites(TestNG.java:1039)
	at org.testng.TestNG.run(TestNG.java:1007)
	at org.apache.maven.surefire.testng.TestNGExecutor.run(TestNGExecutor.java:136)
	at org.apache.maven.surefire.testng.TestNGDirectoryTestSuite.executeMulti(TestNGDirectoryTestSuite.java:193)
	at org.apache.maven.surefire.testng.TestNGDirectoryTestSuite.execute(TestNGDirectoryTestSuite.java:94)
	at org.apache.maven.surefire.testng.TestNGProvider.invoke(TestNGProvider.java:145)
	at org.apache.maven.surefire.booter.ForkedBooter.runSuitesInProcess(ForkedBooter.java:428)
	at org.apache.maven.surefire.booter.ForkedBooter.execute(ForkedBooter.java:162)
	at org.apache.maven.surefire.booter.ForkedBooter.run(ForkedBooter.java:562)
	at org.apache.maven.surefire.booter.ForkedBooter.main(ForkedBooter.java:548)
</pre></div></td>
<td>1</td>
<td>home.HomePageTest@399c4be1</td></tr>
<tr>
<td title='search.SearchTest.testVerifySearchRandomBooksByURL()'><b>testVerifySearchRandomBooksByURL</b><br>Test class: search.SearchTest</td>
<td><div><pre>java.lang.AssertionError: expected [https://www.amazon.com/s?k=The+Needle&apos;s+Eye&amp;i=stripbooks-intl-ship&amp;ref=nb_sb_noss] but found [https://www.amazon.com/s/ref=nb_sb_noss_2?url=search-alias%3Dstripbooks-intl-ship&amp;field-keywords=The+Needle%27s+Eye]
	at search.Search.verifySearchRandomBookByURL(Search.java:239)
	at search.SearchTest.testVerifySearchRandomBooksByURL(SearchTest.java:69)
	at java.base/java.util.ArrayList.forEach(ArrayList.java:1540)
... Removed 37 stack frames</pre></div><a href='#' onClick='toggleBox("stack-trace154723658", this, "Click to show all stack frames", "Click to hide stack frames")'>Click to show all stack frames</a>
<div class='stack-trace' id='stack-trace154723658'><pre>java.lang.AssertionError: expected [https://www.amazon.com/s?k=The+Needle&apos;s+Eye&amp;i=stripbooks-intl-ship&amp;ref=nb_sb_noss] but found [https://www.amazon.com/s/ref=nb_sb_noss_2?url=search-alias%3Dstripbooks-intl-ship&amp;field-keywords=The+Needle%27s+Eye]
	at org.testng.Assert.fail(Assert.java:97)
	at org.testng.Assert.assertEqualsImpl(Assert.java:136)
	at org.testng.Assert.assertEquals(Assert.java:118)
	at org.testng.Assert.assertEquals(Assert.java:575)
	at org.testng.Assert.assertEquals(Assert.java:585)
	at search.Search.verifySearchRandomBookByURL(Search.java:239)
	at search.SearchTest.testVerifySearchRandomBooksByURL(SearchTest.java:69)
	at java.base/jdk.internal.reflect.NativeMethodAccessorImpl.invoke0(Native Method)
	at java.base/jdk.internal.reflect.NativeMethodAccessorImpl.invoke(NativeMethodAccessorImpl.java:62)
	at java.base/jdk.internal.reflect.DelegatingMethodAccessorImpl.invoke(DelegatingMethodAccessorImpl.java:43)
	at java.base/java.lang.reflect.Method.invoke(Method.java:566)
	at org.testng.internal.MethodInvocationHelper.invokeMethod(MethodInvocationHelper.java:134)
	at org.testng.internal.TestInvoker.invokeMethod(TestInvoker.java:597)
	at org.testng.internal.TestInvoker.invokeTestMethod(TestInvoker.java:173)
	at org.testng.internal.MethodRunner.runInSequence(MethodRunner.java:46)
	at org.testng.internal.TestInvoker$MethodInvocationAgent.invoke(TestInvoker.java:816)
	at org.testng.internal.TestInvoker.invokeTestMethods(TestInvoker.java:146)
	at org.testng.internal.TestMethodWorker.invokeTestMethods(TestMethodWorker.java:146)
	at org.testng.internal.TestMethodWorker.run(TestMethodWorker.java:128)
	at java.base/java.util.ArrayList.forEach(ArrayList.java:1540)
	at org.testng.TestRunner.privateRun(TestRunner.java:766)
	at org.testng.TestRunner.run(TestRunner.java:587)
	at org.testng.SuiteRunner.runTest(SuiteRunner.java:384)
	at org.testng.SuiteRunner.runSequentially(SuiteRunner.java:378)
	at org.testng.SuiteRunner.privateRun(SuiteRunner.java:337)
	at org.testng.SuiteRunner.run(SuiteRunner.java:286)
	at org.testng.SuiteRunnerWorker.runSuite(SuiteRunnerWorker.java:53)
	at org.testng.SuiteRunnerWorker.run(SuiteRunnerWorker.java:96)
	at org.testng.TestNG.runSuitesSequentially(TestNG.java:1187)
	at org.testng.TestNG.runSuitesLocally(TestNG.java:1109)
	at org.testng.TestNG.runSuites(TestNG.java:1039)
	at org.testng.TestNG.run(TestNG.java:1007)
	at org.apache.maven.surefire.testng.TestNGExecutor.run(TestNGExecutor.java:136)
	at org.apache.maven.surefire.testng.TestNGDirectoryTestSuite.executeMulti(TestNGDirectoryTestSuite.java:193)
	at org.apache.maven.surefire.testng.TestNGDirectoryTestSuite.execute(TestNGDirectoryTestSuite.java:94)
	at org.apache.maven.surefire.testng.TestNGProvider.invoke(TestNGProvider.java:145)
	at org.apache.maven.surefire.booter.ForkedBooter.runSuitesInProcess(ForkedBooter.java:428)
	at org.apache.maven.surefire.booter.ForkedBooter.execute(ForkedBooter.java:162)
	at org.apache.maven.surefire.booter.ForkedBooter.run(ForkedBooter.java:562)
	at org.apache.maven.surefire.booter.ForkedBooter.main(ForkedBooter.java:548)
</pre></div></td>
<td>4</td>
<td>search.SearchTest@385e9564</td></tr>
</table><p>
<table width='100%' border='1' class='invocation-passed'>
<tr><td colspan='4' align='center'><b>PASSED TESTS</b></td></tr>
<tr><td><b>Test method</b></td>
<td width="30%"><b>Exception</b></td>
<td width="10%"><b>Time (seconds)</b></td>
<td><b>Instance</b></td>
</tr>
<tr>
<td title='cart.CartTest.TestValidateAllDropDown()'><b>TestValidateAllDropDown</b><br>Test class: cart.CartTest</td>
<td></td>
<td>8</td>
<td>cart.CartTest@45b4c3a9</td></tr>
<tr>
<td title='cart.CartTest.testItemAddedToCartByGoingIntoCart()'><b>testItemAddedToCartByGoingIntoCart</b><br>Test class: cart.CartTest</td>
<td></td>
<td>6</td>
<td>cart.CartTest@45b4c3a9</td></tr>
<tr>
<td title='cart.CartTest.testItemAddedToCartWithoutGoingIntoCart()'><b>testItemAddedToCartWithoutGoingIntoCart</b><br>Test class: cart.CartTest</td>
<td></td>
<td>5</td>
<td>cart.CartTest@45b4c3a9</td></tr>
<tr>
<td title='cart.CartTest.testItemDeletedFromCart()'><b>testItemDeletedFromCart</b><br>Test class: cart.CartTest</td>
<td></td>
<td>8</td>
<td>cart.CartTest@45b4c3a9</td></tr>
<tr>
<td title='registration.RegistrationPageTest.testPasswordMustBeAtLeast6CharacterAlertSignIsEnabled()'><b>testPasswordMustBeAtLeast6CharacterAlertSignIsEnabled</b><br>Test class: registration.RegistrationPageTest</td>
<td></td>
<td>3</td>
<td>registration.RegistrationPageTest@291caca8</td></tr>
<tr>
<td title='search.SearchTest.testSearchMultipleItems()'><b>testSearchMultipleItems</b><br>Test class: search.SearchTest</td>
<td></td>
<td>7</td>
<td>search.SearchTest@385e9564</td></tr>
<tr>
<td title='search.SearchTest.testSearchSingleItem()'><b>testSearchSingleItem</b><br>Test class: search.SearchTest</td>
<td></td>
<td>3</td>
<td>search.SearchTest@385e9564</td></tr>
<tr>
<td title='search.SearchTest.testValidateAllDropDown()'><b>testValidateAllDropDown</b><br>Test class: search.SearchTest</td>
<td></td>
<td>1</td>
<td>search.SearchTest@385e9564</td></tr>
<tr>
<td title='home.HomePageTest.testValidateClickCustomerServiceTabByText()'><b>testValidateClickCustomerServiceTabByText</b><br>Test class: home.HomePageTest</td>
<td></td>
<td>2</td>
<td>home.HomePageTest@399c4be1</td></tr>
<tr>
<td title='home.HomePageTest.testValidateClickGiftCardsTabByTitle()'><b>testValidateClickGiftCardsTabByTitle</b><br>Test class: home.HomePageTest</td>
<td></td>
<td>2</td>
<td>home.HomePageTest@399c4be1</td></tr>
<tr>
<td title='home.HomePageTest.testValidateClickRegistryTabByTitle()'><b>testValidateClickRegistryTabByTitle</b><br>Test class: home.HomePageTest</td>
<td></td>
<td>1</td>
<td>home.HomePageTest@399c4be1</td></tr>
<tr>
<td title='home.HomePageTest.testValidateHomePageTitle()'><b>testValidateHomePageTitle</b><br>Test class: home.HomePageTest</td>
<td></td>
<td>0</td>
<td>home.HomePageTest@399c4be1</td></tr>
<tr>
<td title='home.HomePageTest.testValidateTodaysDealTabByDealsAndPromotionsText()'><b>testValidateTodaysDealTabByDealsAndPromotionsText</b><br>Test class: home.HomePageTest</td>
<td></td>
<td>2</td>
<td>home.HomePageTest@399c4be1</td></tr>
<tr>
<td title='home.HomePageTest.testValidateTodaysDealTabByTitle()'><b>testValidateTodaysDealTabByTitle</b><br>Test class: home.HomePageTest</td>
<td></td>
<td>3</td>
<td>home.HomePageTest@399c4be1</td></tr>
<tr>
<td title='home.HomePageTest.testVerifyAmazonMusicByTitle()'><b>testVerifyAmazonMusicByTitle</b><br>Test class: home.HomePageTest</td>
<td></td>
<td>2</td>
<td>home.HomePageTest@399c4be1</td></tr>
<tr>
<td title='home.HomePageTest.testVerifyClickOnAmazonAdvertisingByText()'><b>testVerifyClickOnAmazonAdvertisingByText</b><br>Test class: home.HomePageTest</td>
<td></td>
<td>1</td>
<td>home.HomePageTest@399c4be1</td></tr>
<tr>
<td title='home.HomePageTest.testVerifyClickOnAmazonAdvertisingByTitle()'><b>testVerifyClickOnAmazonAdvertisingByTitle</b><br>Test class: home.HomePageTest</td>
<td></td>
<td>3</td>
<td>home.HomePageTest@399c4be1</td></tr>
<tr>
<td title='home.HomePageTest.testVerifyClickOnAmazonAdvertisingByURL()'><b>testVerifyClickOnAmazonAdvertisingByURL</b><br>Test class: home.HomePageTest</td>
<td></td>
<td>2</td>
<td>home.HomePageTest@399c4be1</td></tr>
<tr>
<td title='home.HomePageTest.testVerifyClickOnHPFeaturedBrandSelection()'><b>testVerifyClickOnHPFeaturedBrandSelection</b><br>Test class: home.HomePageTest</td>
<td></td>
<td>4</td>
<td>home.HomePageTest@399c4be1</td></tr>
<tr>
<td title='home.HomePageTest.testVerifyClickOnMusicLink()'><b>testVerifyClickOnMusicLink</b><br>Test class: home.HomePageTest</td>
<td></td>
<td>3</td>
<td>home.HomePageTest@399c4be1</td></tr>
<tr>
<td title='home.HomePageTest.testVerifyClickOnStartASellingAccount()'><b>testVerifyClickOnStartASellingAccount</b><br>Test class: home.HomePageTest</td>
<td></td>
<td>3</td>
<td>home.HomePageTest@399c4be1</td></tr>
<tr>
<td title='registration.RegistrationPageTest.testVerifyClickStartHere()'><b>testVerifyClickStartHere</b><br>Test class: registration.RegistrationPageTest</td>
<td></td>
<td>1</td>
<td>registration.RegistrationPageTest@291caca8</td></tr>
<tr>
<td title='registration.RegistrationPageTest.testVerifyEnterAValidEmailAddressAlertSignIsDisplayed()'><b>testVerifyEnterAValidEmailAddressAlertSignIsDisplayed</b><br>Test class: registration.RegistrationPageTest</td>
<td></td>
<td>4</td>
<td>registration.RegistrationPageTest@291caca8</td></tr>
<tr>
<td title='registration.RegistrationPageTest.testVerifyEnterYourEmailAlertSignIsDisplayed()'><b>testVerifyEnterYourEmailAlertSignIsDisplayed</b><br>Test class: registration.RegistrationPageTest</td>
<td></td>
<td>2</td>
<td>registration.RegistrationPageTest@291caca8</td></tr>
<tr>
<td title='signIn.SignInTest.testVerifyEnterYourEmailOrMobilePhoneNumberAlertIsDisplayed()'><b>testVerifyEnterYourEmailOrMobilePhoneNumberAlertIsDisplayed</b><br>Test class: signIn.SignInTest</td>
<td></td>
<td>1</td>
<td>signIn.SignInTest@5b94b04d</td></tr>
<tr>
<td title='registration.RegistrationPageTest.testVerifyEnterYourNameAlertSignIsDisplayed()'><b>testVerifyEnterYourNameAlertSignIsDisplayed</b><br>Test class: registration.RegistrationPageTest</td>
<td></td>
<td>3</td>
<td>registration.RegistrationPageTest@291caca8</td></tr>
<tr>
<td title='signIn.SignInTest.testVerifyEnterYourPasswordAlertIsDisplayed()'><b>testVerifyEnterYourPasswordAlertIsDisplayed</b><br>Test class: signIn.SignInTest</td>
<td></td>
<td>2</td>
<td>signIn.SignInTest@5b94b04d</td></tr>
<tr>
<td title='registration.RegistrationPageTest.testVerifyEnterYourPasswordAlertSignIsDisplayed()'><b>testVerifyEnterYourPasswordAlertSignIsDisplayed</b><br>Test class: registration.RegistrationPageTest</td>
<td></td>
<td>2</td>
<td>registration.RegistrationPageTest@291caca8</td></tr>
<tr>
<td title='signIn.SignInTest.testVerifyForgotYourPasswordTitle()'><b>testVerifyForgotYourPasswordTitle</b><br>Test class: signIn.SignInTest</td>
<td></td>
<td>2</td>
<td>signIn.SignInTest@5b94b04d</td></tr>
<tr>
<td title='signIn.SignInTest.testVerifyIncorrectPhoneNumberAlertIsDispalyed()'><b>testVerifyIncorrectPhoneNumberAlertIsDispalyed</b><br>Test class: signIn.SignInTest</td>
<td></td>
<td>2</td>
<td>signIn.SignInTest@5b94b04d</td></tr>
<tr>
<td title='registration.RegistrationPageTest.testVerifyPasswordsMustMatchAlertIsDisplayed()'><b>testVerifyPasswordsMustMatchAlertIsDisplayed</b><br>Test class: registration.RegistrationPageTest</td>
<td></td>
<td>2</td>
<td>registration.RegistrationPageTest@291caca8</td></tr>
<tr>
<td title='search.SearchTest.testVerifySearchRandomBooksByTitle()'><b>testVerifySearchRandomBooksByTitle</b><br>Test class: search.SearchTest</td>
<td></td>
<td>6</td>
<td>search.SearchTest@385e9564</td></tr>
<tr>
<td title='home.HomePageTest.testVerifySellVerificationTextIsDisplayed()'><b>testVerifySellVerificationTextIsDisplayed</b><br>Test class: home.HomePageTest</td>
<td></td>
<td>4</td>
<td>home.HomePageTest@399c4be1</td></tr>
<tr>
<td title='signIn.SignInTest.testVerifySignInTitle()'><b>testVerifySignInTitle</b><br>Test class: signIn.SignInTest</td>
<td></td>
<td>1</td>
<td>signIn.SignInTest@5b94b04d</td></tr>
<tr>
<td title='signIn.SignInTest.testVerifyThatErrorIsDisplayedWhenLoggingInWithInvalidEmailAddressFormat()'><b>testVerifyThatErrorIsDisplayedWhenLoggingInWithInvalidEmailAddressFormat</b><br>Test class: signIn.SignInTest</td>
<td></td>
<td>2</td>
<td>signIn.SignInTest@5b94b04d</td></tr>
<tr>
<td title='registration.RegistrationPageTest.testVerifyTypeYourPasswordAgainAlertSignIsDisplayed()'><b>testVerifyTypeYourPasswordAgainAlertSignIsDisplayed</b><br>Test class: registration.RegistrationPageTest</td>
<td></td>
<td>2</td>
<td>registration.RegistrationPageTest@291caca8</td></tr>
<tr>
<td title='signIn.SignInTest.testVerifyWeCannotFindAnAccountWithThatEmailAddressAlertIsDisplayed()'><b>testVerifyWeCannotFindAnAccountWithThatEmailAddressAlertIsDisplayed</b><br>Test class: signIn.SignInTest</td>
<td></td>
<td>2</td>
<td>signIn.SignInTest@5b94b04d</td></tr>
<tr>
<td title='home.HomePageTest.testvalidateClickSellTabByTitle()'><b>testvalidateClickSellTabByTitle</b><br>Test class: home.HomePageTest</td>
<td></td>
<td>4</td>
<td>home.HomePageTest@399c4be1</td></tr>
<tr>
<td title='home.HomePageTest.testverifyClickGiftCardsTabByText()'><b>testverifyClickGiftCardsTabByText</b><br>Test class: home.HomePageTest</td>
<td></td>
<td>2</td>
<td>home.HomePageTest@399c4be1</td></tr>
</table><p>
</body>
</html>