<?xml version="1.0" encoding="UTF-8"?>
<!-- Generated by org.testng.reporters.JUnitXMLReporter -->
<testsuite ignored="0" hostname="Farjanas-Air" failures="1" tests="21" name="UnitedHealthCare Home" time="331.862" errors="0" timestamp="2020-09-26T02:18:34 EDT">
  <testcase classname="home.UHCHomePageTest" name="testValidateAboutUs" time="6.323"/>
  <testcase classname="home.UHCHomePageTest" name="testValidateAccessibility" time="6.139"/>
  <testcase classname="home.UHCHomePageTest" name="testValidateCareer" time="9.514"/>
  <testcase classname="home.UHCHomePageTest" name="testValidateContactUs" time="6.549"/>
  <testcase classname="home.UHCHomePageTest" name="testValidateDentalHealthPlan" time="22.507"/>
  <testcase classname="home.UHCHomePageTest" name="testValidateFindADoctor" time="6.573"/>
  <testcase classname="home.UHCHomePageTest" name="testValidateFindYourPlan" time="6.098"/>
  <testcase classname="home.UHCHomePageTest" name="testValidateForBrokers" time="6.06"/>
  <testcase classname="home.UHCHomePageTest" name="testValidateForEmployers" time="6.489"/>
  <testcase classname="home.UHCHomePageTest" name="testValidateForProviders" time="10.802"/>
  <testcase classname="home.UHCHomePageTest" name="testValidateIndividualAndFamilyHealthPlan" time="7.227"/>
  <testcase classname="home.UHCHomePageTest" name="testValidateLanguageChange" time="7.585"/>
  <testcase classname="home.UHCHomePageTest" name="testValidateLegal" time="6.103"/>
  <testcase classname="home.UHCHomePageTest" name="testValidateMedicaidHealthPlan" time="9.351"/>
  <testcase classname="home.UHCHomePageTest" name="testValidateMedicare" time="6.321"/>
  <testcase classname="home.UHCHomePageTest" name="testValidateMedicareHealthPlan" time="11.289"/>
  <testcase classname="home.UHCHomePageTest" name="testValidateNewsRoom" time="8.4"/>
  <testcase classname="home.UHCHomePageTest" name="testValidatePrivacy" time="7.247"/>
  <testcase classname="home.UHCHomePageTest" name="testValidateShortTermInsurenceHealthPlan" time="6.407"/>
  <testcase classname="home.UHCHomePageTest" name="testValidateSigninError" time="15.244">
    <failure type="org.openqa.selenium.NoSuchElementException" message="no such element: Unable to locate element: {&amp;quot;method&amp;quot;:&amp;quot;xpath&amp;quot;,&amp;quot;selector&amp;quot;:&amp;quot;//*[@id=&amp;quot;671978824-list1599767959824&amp;quot;]/li[2]&amp;quot;}
  (Session info: chrome=85.0.4183.121)
For documentation on this error, please visit: https://www.seleniumhq.org/exceptions/no_such_element.html
Build info: version: &amp;apos;3.141.59&amp;apos;, revision: &amp;apos;e82be7d358&amp;apos;, time: &amp;apos;2018-11-14T08:17:03&amp;apos;
System info: host: &amp;apos;Farjanas-Air&amp;apos;, ip: &amp;apos;2604:2000:1700:1c:aca7:63da:436f:f5a%en0&amp;apos;, os.name: &amp;apos;Mac OS X&amp;apos;, os.arch: &amp;apos;x86_64&amp;apos;, os.version: &amp;apos;10.13.6&amp;apos;, java.version: &amp;apos;11.0.6&amp;apos;
Driver info: org.openqa.selenium.chrome.ChromeDriver
Capabilities {acceptInsecureCerts: false, browserName: chrome, browserVersion: 85.0.4183.121, chrome: {chromedriverVersion: 85.0.4183.87 (cd6713ebf92fa..., userDataDir: /var/folders/27/nmfyzmzj1c7...}, goog:chromeOptions: {debuggerAddress: localhost:50075}, javascriptEnabled: true, networkConnectionEnabled: false, pageLoadStrategy: normal, platform: MAC, platformName: MAC, proxy: Proxy(), setWindowRect: true, strictFileInteractability: false, timeouts: {implicit: 0, pageLoad: 300000, script: 30000}, unhandledPromptBehavior: dismiss and notify, webauthn:virtualAuthenticators: true}
Session ID: 68428e0288ffeb297a1b4b27b0dc77e7
*** Element info: {Using=xpath, value=//*[@id=&amp;quot;671978824-list1599767959824&amp;quot;]/li[2]}">
      <![CDATA[org.openqa.selenium.NoSuchElementException: no such element: Unable to locate element: {"method":"xpath","selector":"//*[@id="671978824-list1599767959824"]/li[2]"}
  (Session info: chrome=85.0.4183.121)
For documentation on this error, please visit: https://www.seleniumhq.org/exceptions/no_such_element.html
Build info: version: '3.141.59', revision: 'e82be7d358', time: '2018-11-14T08:17:03'
System info: host: 'Farjanas-Air', ip: '2604:2000:1700:1c:aca7:63da:436f:f5a%en0', os.name: 'Mac OS X', os.arch: 'x86_64', os.version: '10.13.6', java.version: '11.0.6'
Driver info: org.openqa.selenium.chrome.ChromeDriver
Capabilities {acceptInsecureCerts: false, browserName: chrome, browserVersion: 85.0.4183.121, chrome: {chromedriverVersion: 85.0.4183.87 (cd6713ebf92fa..., userDataDir: /var/folders/27/nmfyzmzj1c7...}, goog:chromeOptions: {debuggerAddress: localhost:50075}, javascriptEnabled: true, networkConnectionEnabled: false, pageLoadStrategy: normal, platform: MAC, platformName: MAC, proxy: Proxy(), setWindowRect: true, strictFileInteractability: false, timeouts: {implicit: 0, pageLoad: 300000, script: 30000}, unhandledPromptBehavior: dismiss and notify, webauthn:virtualAuthenticators: true}
Session ID: 68428e0288ffeb297a1b4b27b0dc77e7
*** Element info: {Using=xpath, value=//*[@id="671978824-list1599767959824"]/li[2]}
at org.openqa.selenium.remote.http.W3CHttpResponseCodec.createException(W3CHttpResponseCodec.java:187)
at org.openqa.selenium.remote.http.W3CHttpResponseCodec.decode(W3CHttpResponseCodec.java:122)
at org.openqa.selenium.remote.http.W3CHttpResponseCodec.decode(W3CHttpResponseCodec.java:49)
at org.openqa.selenium.remote.HttpCommandExecutor.execute(HttpCommandExecutor.java:158)
at org.openqa.selenium.remote.service.DriverCommandExecutor.execute(DriverCommandExecutor.java:83)
at org.openqa.selenium.remote.RemoteWebDriver.execute(RemoteWebDriver.java:552)
at org.openqa.selenium.remote.RemoteWebDriver.findElement(RemoteWebDriver.java:323)
at org.openqa.selenium.remote.RemoteWebDriver.findElementByXPath(RemoteWebDriver.java:428)
at org.openqa.selenium.By$ByXPath.findElement(By.java:353)
at org.openqa.selenium.remote.RemoteWebDriver.findElement(RemoteWebDriver.java:315)
at org.openqa.selenium.support.pagefactory.DefaultElementLocator.findElement(DefaultElementLocator.java:69)
at org.openqa.selenium.support.pagefactory.internal.LocatingElementHandler.invoke(LocatingElementHandler.java:38)
at com.sun.proxy.$Proxy14.click(Unknown Source)
at home.UHCHomePage.clickSignInButton(UHCHomePage.java:455)
at home.UHCHomePageTest.testValidateSigninError(UHCHomePageTest.java:159)
at java.base/java.util.ArrayList.forEach(ArrayList.java:1540)
... Removed 35 stack frames]]>
    </failure>
  </testcase> <!-- testValidateSigninError -->
  <testcase classname="home.UHCHomePageTest" name="testValidateSmallBusinessHealthPlan" time="8.472"/>
</testsuite> <!-- UnitedHealthCare Home -->
