<?xml version="1.0" encoding="UTF-8"?>
<testng-results ignored="2" total="8" passed="4" failed="2" skipped="0">
  <reporter-output>
    <line>
      <![CDATA[Extent Report DirectoryC:\Users\Waqas\IdeaProjects\WebAutomationFramework_Team1\TMobile\target\surefire-reports\html]]>
    </line>
    <line>
      <![CDATA[TMHomePageTest: test Click Business Tab]]>
    </line>
    <line>
      <![CDATA[TMHomePageTest: test Click On Banking Tab]]>
    </line>
    <line>
      <![CDATA[TMHomePageTest: test Click On Pre Paid Tab]]>
    </line>
    <line>
      <![CDATA[TMHomePageTest: test Click On Tv Tab]]>
    </line>
    <line>
      <![CDATA[TMHomePageTest: test Click On Wireless Tab]]>
    </line>
    <line>
      <![CDATA[SearchTest: test Search Box]]>
    </line>
  </reporter-output>
  <suite started-at="2020-09-26T03:50:30 EDT" name="TMobile Automation Test" finished-at="2020-09-26T03:51:57 EDT" duration-ms="86753">
    <groups>
    </groups>
    <test started-at="2020-09-26T03:50:30 EDT" name="TMobile Home" finished-at="2020-09-26T03:51:57 EDT" duration-ms="86753">
      <class name="home.TMHomePageTest">
        <test-method is-config="true" signature="extentSetup(org.testng.ITestContext)[pri:0, instance:home.TMHomePageTest@26275bef]" started-at="2020-09-26T03:50:30 EDT" name="extentSetup" finished-at="2020-09-26T03:50:30 EDT" duration-ms="261" status="PASS">
          <params>
            <param index="0">
              <value>
                <![CDATA[org.testng.TestRunner@5ba26eb0]]>
              </value>
            </param>
          </params>
          <reporter-output>
            <line>
              <![CDATA[Extent Report DirectoryC:\Users\Waqas\IdeaProjects\WebAutomationFramework_Team1\TMobile\target\surefire-reports\html]]>
            </line>
          </reporter-output>
        </test-method> <!-- extentSetup -->
        <test-method is-config="true" signature="setUp(boolean, java.lang.String, java.lang.String, java.lang.String, java.lang.String, java.lang.String, java.lang.String)[pri:0, instance:home.TMHomePageTest@26275bef]" started-at="2020-09-26T03:50:30 EDT" name="setUp" finished-at="2020-09-26T03:50:36 EDT" duration-ms="5727" status="PASS">
          <params>
            <param index="0">
              <value>
                <![CDATA[false]]>
              </value>
            </param>
            <param index="1">
              <value>
                <![CDATA[browserstack]]>
              </value>
            </param>
            <param index="2">
              <value>
                <![CDATA[Windows]]>
              </value>
            </param>
            <param index="3">
              <value>
                <![CDATA[10]]>
              </value>
            </param>
            <param index="4">
              <value>
                <![CDATA[chrome-options]]>
              </value>
            </param>
            <param index="5">
              <value>
                <![CDATA[85.0]]>
              </value>
            </param>
            <param index="6">
              <value>
                <![CDATA[https://www.t-mobile.com/]]>
              </value>
            </param>
          </params>
          <reporter-output>
          </reporter-output>
        </test-method> <!-- setUp -->
        <test-method is-config="true" signature="startExtent(java.lang.reflect.Method)[pri:0, instance:home.TMHomePageTest@26275bef]" started-at="2020-09-26T03:50:36 EDT" name="startExtent" finished-at="2020-09-26T03:50:36 EDT" duration-ms="3" status="PASS">
          <params>
            <param index="0">
              <value>
                <![CDATA[public void home.TMHomePageTest.testClickBusinessTab()]]>
              </value>
            </param>
          </params>
          <reporter-output>
          </reporter-output>
        </test-method> <!-- startExtent -->
        <test-method is-config="true" signature="getInit()[pri:0, instance:home.TMHomePageTest@26275bef]" started-at="2020-09-26T03:50:36 EDT" name="getInit" finished-at="2020-09-26T03:50:38 EDT" duration-ms="2356" status="PASS">
          <reporter-output>
          </reporter-output>
        </test-method> <!-- getInit -->
        <test-method signature="testClickBusinessTab()[pri:0, instance:home.TMHomePageTest@26275bef]" started-at="2020-09-26T03:50:38 EDT" name="testClickBusinessTab" finished-at="2020-09-26T03:50:42 EDT" duration-ms="3708" status="PASS">
          <reporter-output>
            <line>
              <![CDATA[TMHomePageTest: test Click Business Tab]]>
            </line>
          </reporter-output>
        </test-method> <!-- testClickBusinessTab -->
        <test-method is-config="true" signature="afterEachTestMethod(org.testng.ITestResult)[pri:0, instance:home.TMHomePageTest@26275bef]" started-at="2020-09-26T03:50:42 EDT" name="afterEachTestMethod" finished-at="2020-09-26T03:50:45 EDT" duration-ms="2846" status="PASS">
          <params>
            <param index="0">
              <value>
                <![CDATA[[TestResult name=testClickBusinessTab status=SUCCESS method=TMHomePageTest.testClickBusinessTab()[pri:0, instance:home.TMHomePageTest@26275bef] output=TMHomePageTest: test Click Business Tab]]]>
              </value>
            </param>
          </params>
          <reporter-output>
          </reporter-output>
        </test-method> <!-- afterEachTestMethod -->
        <test-method is-config="true" signature="setUp(boolean, java.lang.String, java.lang.String, java.lang.String, java.lang.String, java.lang.String, java.lang.String)[pri:0, instance:home.TMHomePageTest@26275bef]" started-at="2020-09-26T03:50:45 EDT" name="setUp" finished-at="2020-09-26T03:50:50 EDT" duration-ms="4706" status="PASS">
          <params>
            <param index="0">
              <value>
                <![CDATA[false]]>
              </value>
            </param>
            <param index="1">
              <value>
                <![CDATA[browserstack]]>
              </value>
            </param>
            <param index="2">
              <value>
                <![CDATA[Windows]]>
              </value>
            </param>
            <param index="3">
              <value>
                <![CDATA[10]]>
              </value>
            </param>
            <param index="4">
              <value>
                <![CDATA[chrome-options]]>
              </value>
            </param>
            <param index="5">
              <value>
                <![CDATA[85.0]]>
              </value>
            </param>
            <param index="6">
              <value>
                <![CDATA[https://www.t-mobile.com/]]>
              </value>
            </param>
          </params>
          <reporter-output>
          </reporter-output>
        </test-method> <!-- setUp -->
        <test-method is-config="true" signature="cleanUp()[pri:0, instance:home.TMHomePageTest@26275bef]" started-at="2020-09-26T03:50:45 EDT" name="cleanUp" finished-at="2020-09-26T03:50:45 EDT" duration-ms="0" status="PASS">
          <reporter-output>
          </reporter-output>
        </test-method> <!-- cleanUp -->
        <test-method is-config="true" signature="getInit()[pri:0, instance:home.TMHomePageTest@26275bef]" started-at="2020-09-26T03:50:50 EDT" name="getInit" finished-at="2020-09-26T03:50:52 EDT" duration-ms="2717" status="PASS">
          <reporter-output>
          </reporter-output>
        </test-method> <!-- getInit -->
        <test-method is-config="true" signature="startExtent(java.lang.reflect.Method)[pri:0, instance:home.TMHomePageTest@26275bef]" started-at="2020-09-26T03:50:50 EDT" name="startExtent" finished-at="2020-09-26T03:50:50 EDT" duration-ms="0" status="PASS">
          <params>
            <param index="0">
              <value>
                <![CDATA[public void home.TMHomePageTest.testClickOnBankingTab()]]>
              </value>
            </param>
          </params>
          <reporter-output>
          </reporter-output>
        </test-method> <!-- startExtent -->
        <test-method signature="testClickOnBankingTab()[pri:0, instance:home.TMHomePageTest@26275bef]" started-at="2020-09-26T03:50:52 EDT" name="testClickOnBankingTab" finished-at="2020-09-26T03:50:56 EDT" duration-ms="3189" status="PASS">
          <reporter-output>
            <line>
              <![CDATA[TMHomePageTest: test Click On Banking Tab]]>
            </line>
          </reporter-output>
        </test-method> <!-- testClickOnBankingTab -->
        <test-method is-config="true" signature="afterEachTestMethod(org.testng.ITestResult)[pri:0, instance:home.TMHomePageTest@26275bef]" started-at="2020-09-26T03:50:56 EDT" name="afterEachTestMethod" finished-at="2020-09-26T03:50:57 EDT" duration-ms="1751" status="PASS">
          <params>
            <param index="0">
              <value>
                <![CDATA[[TestResult name=testClickOnBankingTab status=SUCCESS method=TMHomePageTest.testClickOnBankingTab()[pri:0, instance:home.TMHomePageTest@26275bef] output=TMHomePageTest: test Click On Banking Tab]]]>
              </value>
            </param>
          </params>
          <reporter-output>
          </reporter-output>
        </test-method> <!-- afterEachTestMethod -->
        <test-method is-config="true" signature="cleanUp()[pri:0, instance:home.TMHomePageTest@26275bef]" started-at="2020-09-26T03:50:57 EDT" name="cleanUp" finished-at="2020-09-26T03:50:57 EDT" duration-ms="0" status="PASS">
          <reporter-output>
          </reporter-output>
        </test-method> <!-- cleanUp -->
        <test-method is-config="true" signature="setUp(boolean, java.lang.String, java.lang.String, java.lang.String, java.lang.String, java.lang.String, java.lang.String)[pri:0, instance:home.TMHomePageTest@26275bef]" started-at="2020-09-26T03:50:57 EDT" name="setUp" finished-at="2020-09-26T03:51:03 EDT" duration-ms="6119" status="PASS">
          <params>
            <param index="0">
              <value>
                <![CDATA[false]]>
              </value>
            </param>
            <param index="1">
              <value>
                <![CDATA[browserstack]]>
              </value>
            </param>
            <param index="2">
              <value>
                <![CDATA[Windows]]>
              </value>
            </param>
            <param index="3">
              <value>
                <![CDATA[10]]>
              </value>
            </param>
            <param index="4">
              <value>
                <![CDATA[chrome-options]]>
              </value>
            </param>
            <param index="5">
              <value>
                <![CDATA[85.0]]>
              </value>
            </param>
            <param index="6">
              <value>
                <![CDATA[https://www.t-mobile.com/]]>
              </value>
            </param>
          </params>
          <reporter-output>
          </reporter-output>
        </test-method> <!-- setUp -->
        <test-method is-config="true" signature="startExtent(java.lang.reflect.Method)[pri:0, instance:home.TMHomePageTest@26275bef]" started-at="2020-09-26T03:51:03 EDT" name="startExtent" finished-at="2020-09-26T03:51:03 EDT" duration-ms="1" status="PASS">
          <params>
            <param index="0">
              <value>
                <![CDATA[public void home.TMHomePageTest.testClickOnPrePaidTab() throws java.lang.InterruptedException]]>
              </value>
            </param>
          </params>
          <reporter-output>
          </reporter-output>
        </test-method> <!-- startExtent -->
        <test-method is-config="true" signature="getInit()[pri:0, instance:home.TMHomePageTest@26275bef]" started-at="2020-09-26T03:51:03 EDT" name="getInit" finished-at="2020-09-26T03:51:06 EDT" duration-ms="2263" status="PASS">
          <reporter-output>
          </reporter-output>
        </test-method> <!-- getInit -->
        <test-method signature="testClickOnPrePaidTab()[pri:0, instance:home.TMHomePageTest@26275bef]" started-at="2020-09-26T03:51:06 EDT" name="testClickOnPrePaidTab" finished-at="2020-09-26T03:51:12 EDT" duration-ms="6225" status="FAIL">
          <exception class="java.lang.AssertionError">
            <message>
              <![CDATA[expected [Prepaid Cell Phone Plans, Smartphones & 4G LTE Service | T-Mobile] but found [T-Mobile]]]>
            </message>
            <full-stacktrace>
              <![CDATA[java.lang.AssertionError: expected [Prepaid Cell Phone Plans, Smartphones & 4G LTE Service | T-Mobile] but found [T-Mobile]
at org.testng.Assert.fail(Assert.java:97)
at org.testng.Assert.assertEqualsImpl(Assert.java:136)
at org.testng.Assert.assertEquals(Assert.java:118)
at org.testng.Assert.assertEquals(Assert.java:575)
at org.testng.Assert.assertEquals(Assert.java:585)
at home.TMobileHomepage.validateClickOnPrePaidTab(TMobileHomepage.java:61)
at home.TMHomePageTest.testClickOnPrePaidTab(TMHomePageTest.java:52)
at java.base/jdk.internal.reflect.NativeMethodAccessorImpl.invoke0(Native Method)
at java.base/jdk.internal.reflect.NativeMethodAccessorImpl.invoke(NativeMethodAccessorImpl.java:62)
at java.base/jdk.internal.reflect.DelegatingMethodAccessorImpl.invoke(DelegatingMethodAccessorImpl.java:43)
at java.base/java.lang.reflect.Method.invoke(Method.java:566)
at org.testng.internal.MethodInvocationHelper.invokeMethod(MethodInvocationHelper.java:134)
at org.testng.internal.TestInvoker.invokeMethod(TestInvoker.java:597)
at org.testng.internal.TestInvoker.invokeTestMethod(TestInvoker.java:173)
at org.testng.internal.MethodRunner.runInSequence(MethodRunner.java:46)
at org.testng.internal.TestInvoker$MethodInvocationAgent.invoke(TestInvoker.java:816)
at org.testng.internal.TestInvoker.invokeTestMethods(TestInvoker.java:146)
at org.testng.internal.TestMethodWorker.invokeTestMethods(TestMethodWorker.java:146)
at org.testng.internal.TestMethodWorker.run(TestMethodWorker.java:128)
at java.base/java.util.ArrayList.forEach(ArrayList.java:1541)
at org.testng.TestRunner.privateRun(TestRunner.java:766)
at org.testng.TestRunner.run(TestRunner.java:587)
at org.testng.SuiteRunner.runTest(SuiteRunner.java:384)
at org.testng.SuiteRunner.runSequentially(SuiteRunner.java:378)
at org.testng.SuiteRunner.privateRun(SuiteRunner.java:337)
at org.testng.SuiteRunner.run(SuiteRunner.java:286)
at org.testng.SuiteRunnerWorker.runSuite(SuiteRunnerWorker.java:53)
at org.testng.SuiteRunnerWorker.run(SuiteRunnerWorker.java:96)
at org.testng.TestNG.runSuitesSequentially(TestNG.java:1187)
at org.testng.TestNG.runSuitesLocally(TestNG.java:1109)
at org.testng.TestNG.runSuites(TestNG.java:1039)
at org.testng.TestNG.run(TestNG.java:1007)
at org.apache.maven.surefire.testng.TestNGExecutor.run(TestNGExecutor.java:284)
at org.apache.maven.surefire.testng.TestNGXmlTestSuite.execute(TestNGXmlTestSuite.java:75)
at org.apache.maven.surefire.testng.TestNGProvider.invoke(TestNGProvider.java:119)
at org.apache.maven.surefire.booter.ForkedBooter.runSuitesInProcess(ForkedBooter.java:428)
at org.apache.maven.surefire.booter.ForkedBooter.execute(ForkedBooter.java:162)
at org.apache.maven.surefire.booter.ForkedBooter.run(ForkedBooter.java:562)
at org.apache.maven.surefire.booter.ForkedBooter.main(ForkedBooter.java:548)
]]>
            </full-stacktrace>
          </exception> <!-- java.lang.AssertionError -->
          <reporter-output>
            <line>
              <![CDATA[TMHomePageTest: test Click On Pre Paid Tab]]>
            </line>
          </reporter-output>
        </test-method> <!-- testClickOnPrePaidTab -->
        <test-method is-config="true" signature="afterEachTestMethod(org.testng.ITestResult)[pri:0, instance:home.TMHomePageTest@26275bef]" started-at="2020-09-26T03:51:12 EDT" name="afterEachTestMethod" finished-at="2020-09-26T03:51:14 EDT" duration-ms="1586" status="PASS">
          <params>
            <param index="0">
              <value>
                <![CDATA[[TestResult name=testClickOnPrePaidTab status=FAILURE method=TMHomePageTest.testClickOnPrePaidTab()[pri:0, instance:home.TMHomePageTest@26275bef] output=TMHomePageTest: test Click On Pre Paid Tab]]]>
              </value>
            </param>
          </params>
          <reporter-output>
          </reporter-output>
        </test-method> <!-- afterEachTestMethod -->
        <test-method is-config="true" signature="cleanUp()[pri:0, instance:home.TMHomePageTest@26275bef]" started-at="2020-09-26T03:51:14 EDT" name="cleanUp" finished-at="2020-09-26T03:51:14 EDT" duration-ms="0" status="PASS">
          <reporter-output>
          </reporter-output>
        </test-method> <!-- cleanUp -->
        <test-method is-config="true" signature="setUp(boolean, java.lang.String, java.lang.String, java.lang.String, java.lang.String, java.lang.String, java.lang.String)[pri:0, instance:home.TMHomePageTest@26275bef]" started-at="2020-09-26T03:51:14 EDT" name="setUp" finished-at="2020-09-26T03:51:19 EDT" duration-ms="5152" status="PASS">
          <params>
            <param index="0">
              <value>
                <![CDATA[false]]>
              </value>
            </param>
            <param index="1">
              <value>
                <![CDATA[browserstack]]>
              </value>
            </param>
            <param index="2">
              <value>
                <![CDATA[Windows]]>
              </value>
            </param>
            <param index="3">
              <value>
                <![CDATA[10]]>
              </value>
            </param>
            <param index="4">
              <value>
                <![CDATA[chrome-options]]>
              </value>
            </param>
            <param index="5">
              <value>
                <![CDATA[85.0]]>
              </value>
            </param>
            <param index="6">
              <value>
                <![CDATA[https://www.t-mobile.com/]]>
              </value>
            </param>
          </params>
          <reporter-output>
          </reporter-output>
        </test-method> <!-- setUp -->
        <test-method is-config="true" signature="startExtent(java.lang.reflect.Method)[pri:0, instance:home.TMHomePageTest@26275bef]" started-at="2020-09-26T03:51:19 EDT" name="startExtent" finished-at="2020-09-26T03:51:19 EDT" duration-ms="1" status="PASS">
          <params>
            <param index="0">
              <value>
                <![CDATA[public void home.TMHomePageTest.testClickOnTvTab()]]>
              </value>
            </param>
          </params>
          <reporter-output>
          </reporter-output>
        </test-method> <!-- startExtent -->
        <test-method is-config="true" signature="getInit()[pri:0, instance:home.TMHomePageTest@26275bef]" started-at="2020-09-26T03:51:19 EDT" name="getInit" finished-at="2020-09-26T03:51:22 EDT" duration-ms="2982" status="PASS">
          <reporter-output>
          </reporter-output>
        </test-method> <!-- getInit -->
        <test-method signature="testClickOnTvTab()[pri:0, instance:home.TMHomePageTest@26275bef]" started-at="2020-09-26T03:51:22 EDT" name="testClickOnTvTab" finished-at="2020-09-26T03:51:26 EDT" duration-ms="3879" status="PASS">
          <reporter-output>
            <line>
              <![CDATA[TMHomePageTest: test Click On Tv Tab]]>
            </line>
          </reporter-output>
        </test-method> <!-- testClickOnTvTab -->
        <test-method is-config="true" signature="afterEachTestMethod(org.testng.ITestResult)[pri:0, instance:home.TMHomePageTest@26275bef]" started-at="2020-09-26T03:51:26 EDT" name="afterEachTestMethod" finished-at="2020-09-26T03:51:27 EDT" duration-ms="1161" status="PASS">
          <params>
            <param index="0">
              <value>
                <![CDATA[[TestResult name=testClickOnTvTab status=SUCCESS method=TMHomePageTest.testClickOnTvTab()[pri:0, instance:home.TMHomePageTest@26275bef] output=TMHomePageTest: test Click On Tv Tab]]]>
              </value>
            </param>
          </params>
          <reporter-output>
          </reporter-output>
        </test-method> <!-- afterEachTestMethod -->
        <test-method is-config="true" signature="cleanUp()[pri:0, instance:home.TMHomePageTest@26275bef]" started-at="2020-09-26T03:51:27 EDT" name="cleanUp" finished-at="2020-09-26T03:51:27 EDT" duration-ms="0" status="PASS">
          <reporter-output>
          </reporter-output>
        </test-method> <!-- cleanUp -->
        <test-method is-config="true" signature="setUp(boolean, java.lang.String, java.lang.String, java.lang.String, java.lang.String, java.lang.String, java.lang.String)[pri:0, instance:home.TMHomePageTest@26275bef]" started-at="2020-09-26T03:51:27 EDT" name="setUp" finished-at="2020-09-26T03:51:32 EDT" duration-ms="5209" status="PASS">
          <params>
            <param index="0">
              <value>
                <![CDATA[false]]>
              </value>
            </param>
            <param index="1">
              <value>
                <![CDATA[browserstack]]>
              </value>
            </param>
            <param index="2">
              <value>
                <![CDATA[Windows]]>
              </value>
            </param>
            <param index="3">
              <value>
                <![CDATA[10]]>
              </value>
            </param>
            <param index="4">
              <value>
                <![CDATA[chrome-options]]>
              </value>
            </param>
            <param index="5">
              <value>
                <![CDATA[85.0]]>
              </value>
            </param>
            <param index="6">
              <value>
                <![CDATA[https://www.t-mobile.com/]]>
              </value>
            </param>
          </params>
          <reporter-output>
          </reporter-output>
        </test-method> <!-- setUp -->
        <test-method is-config="true" signature="getInit()[pri:0, instance:home.TMHomePageTest@26275bef]" started-at="2020-09-26T03:51:32 EDT" name="getInit" finished-at="2020-09-26T03:51:34 EDT" duration-ms="2555" status="PASS">
          <reporter-output>
          </reporter-output>
        </test-method> <!-- getInit -->
        <test-method is-config="true" signature="startExtent(java.lang.reflect.Method)[pri:0, instance:home.TMHomePageTest@26275bef]" started-at="2020-09-26T03:51:32 EDT" name="startExtent" finished-at="2020-09-26T03:51:32 EDT" duration-ms="0" status="PASS">
          <params>
            <param index="0">
              <value>
                <![CDATA[public void home.TMHomePageTest.testClickOnWirelessTab()]]>
              </value>
            </param>
          </params>
          <reporter-output>
          </reporter-output>
        </test-method> <!-- startExtent -->
        <test-method signature="testClickOnWirelessTab()[pri:0, instance:home.TMHomePageTest@26275bef]" started-at="2020-09-26T03:51:34 EDT" name="testClickOnWirelessTab" finished-at="2020-09-26T03:51:35 EDT" duration-ms="575" status="PASS">
          <reporter-output>
            <line>
              <![CDATA[TMHomePageTest: test Click On Wireless Tab]]>
            </line>
          </reporter-output>
        </test-method> <!-- testClickOnWirelessTab -->
        <test-method is-config="true" signature="afterEachTestMethod(org.testng.ITestResult)[pri:0, instance:home.TMHomePageTest@26275bef]" started-at="2020-09-26T03:51:35 EDT" name="afterEachTestMethod" finished-at="2020-09-26T03:51:36 EDT" duration-ms="963" status="PASS">
          <params>
            <param index="0">
              <value>
                <![CDATA[[TestResult name=testClickOnWirelessTab status=SUCCESS method=TMHomePageTest.testClickOnWirelessTab()[pri:0, instance:home.TMHomePageTest@26275bef] output=TMHomePageTest: test Click On Wireless Tab]]]>
              </value>
            </param>
          </params>
          <reporter-output>
          </reporter-output>
        </test-method> <!-- afterEachTestMethod -->
        <test-method is-config="true" signature="cleanUp()[pri:0, instance:home.TMHomePageTest@26275bef]" started-at="2020-09-26T03:51:36 EDT" name="cleanUp" finished-at="2020-09-26T03:51:36 EDT" duration-ms="0" status="PASS">
          <reporter-output>
          </reporter-output>
        </test-method> <!-- cleanUp -->
        <test-method is-config="true" signature="generateReport()[pri:0, instance:home.TMHomePageTest@26275bef]" started-at="2020-09-26T03:51:57 EDT" name="generateReport" finished-at="2020-09-26T03:51:57 EDT" duration-ms="136" status="PASS">
          <reporter-output>
          </reporter-output>
        </test-method> <!-- generateReport -->
      </class> <!-- home.TMHomePageTest -->
      <class name="search.SearchTest">
        <test-method is-config="true" signature="setUp(boolean, java.lang.String, java.lang.String, java.lang.String, java.lang.String, java.lang.String, java.lang.String)[pri:0, instance:search.SearchTest@7690781]" started-at="2020-09-26T03:51:36 EDT" name="setUp" finished-at="2020-09-26T03:51:41 EDT" duration-ms="4942" status="PASS">
          <params>
            <param index="0">
              <value>
                <![CDATA[false]]>
              </value>
            </param>
            <param index="1">
              <value>
                <![CDATA[browserstack]]>
              </value>
            </param>
            <param index="2">
              <value>
                <![CDATA[Windows]]>
              </value>
            </param>
            <param index="3">
              <value>
                <![CDATA[10]]>
              </value>
            </param>
            <param index="4">
              <value>
                <![CDATA[chrome-options]]>
              </value>
            </param>
            <param index="5">
              <value>
                <![CDATA[85.0]]>
              </value>
            </param>
            <param index="6">
              <value>
                <![CDATA[https://www.t-mobile.com/]]>
              </value>
            </param>
          </params>
          <reporter-output>
          </reporter-output>
        </test-method> <!-- setUp -->
        <test-method is-config="true" signature="getInit()[pri:0, instance:search.SearchTest@7690781]" started-at="2020-09-26T03:51:41 EDT" name="getInit" finished-at="2020-09-26T03:51:44 EDT" duration-ms="2630" status="PASS">
          <reporter-output>
          </reporter-output>
        </test-method> <!-- getInit -->
        <test-method is-config="true" signature="startExtent(java.lang.reflect.Method)[pri:0, instance:search.SearchTest@7690781]" started-at="2020-09-26T03:51:41 EDT" name="startExtent" finished-at="2020-09-26T03:51:41 EDT" duration-ms="0" status="PASS">
          <params>
            <param index="0">
              <value>
                <![CDATA[public void search.SearchTest.testSearchBox()]]>
              </value>
            </param>
          </params>
          <reporter-output>
          </reporter-output>
        </test-method> <!-- startExtent -->
        <test-method signature="testSearchBox()[pri:0, instance:search.SearchTest@7690781]" started-at="2020-09-26T03:51:44 EDT" name="testSearchBox" finished-at="2020-09-26T03:51:56 EDT" duration-ms="12428" status="FAIL">
          <exception class="org.openqa.selenium.NoSuchElementException">
            <message>
              <![CDATA[no such element: Unable to locate element: {"method":"xpath","selector":"//p[text()='iPhone 11']"}
  (Session info: chrome=85.0.4183.121)
For documentation on this error, please visit: https://www.seleniumhq.org/exceptions/no_such_element.html
Build info: version: '3.141.59', revision: 'e82be7d358', time: '2018-11-14T08:17:03'
System info: host: 'WAQAS', ip: '192.168.1.166', os.name: 'Windows 10', os.arch: 'amd64', os.version: '10.0', java.version: '11.0.8'
Driver info: org.openqa.selenium.chrome.ChromeDriver
Capabilities {acceptInsecureCerts: false, browserName: chrome, browserVersion: 85.0.4183.121, chrome: {chromedriverVersion: 85.0.4183.87 (cd6713ebf92fa..., userDataDir: C:\Users\Waqas\AppData\Loca...}, goog:chromeOptions: {debuggerAddress: localhost:63084}, javascriptEnabled: true, networkConnectionEnabled: false, pageLoadStrategy: normal, platform: WINDOWS, platformName: WINDOWS, proxy: Proxy(), setWindowRect: true, strictFileInteractability: false, timeouts: {implicit: 0, pageLoad: 300000, script: 30000}, unhandledPromptBehavior: dismiss and notify, webauthn:virtualAuthenticators: true}
Session ID: d15fa385a68263d4314e519a18ac602b
*** Element info: {Using=xpath, value=//p[text()='iPhone 11']}]]>
            </message>
            <full-stacktrace>
              <![CDATA[org.openqa.selenium.NoSuchElementException: no such element: Unable to locate element: {"method":"xpath","selector":"//p[text()='iPhone 11']"}
  (Session info: chrome=85.0.4183.121)
For documentation on this error, please visit: https://www.seleniumhq.org/exceptions/no_such_element.html
Build info: version: '3.141.59', revision: 'e82be7d358', time: '2018-11-14T08:17:03'
System info: host: 'WAQAS', ip: '192.168.1.166', os.name: 'Windows 10', os.arch: 'amd64', os.version: '10.0', java.version: '11.0.8'
Driver info: org.openqa.selenium.chrome.ChromeDriver
Capabilities {acceptInsecureCerts: false, browserName: chrome, browserVersion: 85.0.4183.121, chrome: {chromedriverVersion: 85.0.4183.87 (cd6713ebf92fa..., userDataDir: C:\Users\Waqas\AppData\Loca...}, goog:chromeOptions: {debuggerAddress: localhost:63084}, javascriptEnabled: true, networkConnectionEnabled: false, pageLoadStrategy: normal, platform: WINDOWS, platformName: WINDOWS, proxy: Proxy(), setWindowRect: true, strictFileInteractability: false, timeouts: {implicit: 0, pageLoad: 300000, script: 30000}, unhandledPromptBehavior: dismiss and notify, webauthn:virtualAuthenticators: true}
Session ID: d15fa385a68263d4314e519a18ac602b
*** Element info: {Using=xpath, value=//p[text()='iPhone 11']}
at java.base/jdk.internal.reflect.NativeConstructorAccessorImpl.newInstance0(Native Method)
at java.base/jdk.internal.reflect.NativeConstructorAccessorImpl.newInstance(NativeConstructorAccessorImpl.java:62)
at java.base/jdk.internal.reflect.DelegatingConstructorAccessorImpl.newInstance(DelegatingConstructorAccessorImpl.java:45)
at java.base/java.lang.reflect.Constructor.newInstance(Constructor.java:490)
at org.openqa.selenium.remote.http.W3CHttpResponseCodec.createException(W3CHttpResponseCodec.java:187)
at org.openqa.selenium.remote.http.W3CHttpResponseCodec.decode(W3CHttpResponseCodec.java:122)
at org.openqa.selenium.remote.http.W3CHttpResponseCodec.decode(W3CHttpResponseCodec.java:49)
at org.openqa.selenium.remote.HttpCommandExecutor.execute(HttpCommandExecutor.java:158)
at org.openqa.selenium.remote.service.DriverCommandExecutor.execute(DriverCommandExecutor.java:83)
at org.openqa.selenium.remote.RemoteWebDriver.execute(RemoteWebDriver.java:552)
at org.openqa.selenium.remote.RemoteWebDriver.findElement(RemoteWebDriver.java:323)
at org.openqa.selenium.remote.RemoteWebDriver.findElementByXPath(RemoteWebDriver.java:428)
at org.openqa.selenium.By$ByXPath.findElement(By.java:353)
at org.openqa.selenium.remote.RemoteWebDriver.findElement(RemoteWebDriver.java:315)
at base.CommonAPI.getTextByXpath(CommonAPI.java:388)
at search.Search.validateSearchBox(Search.java:27)
at search.SearchTest.testSearchBox(SearchTest.java:30)
at java.base/jdk.internal.reflect.NativeMethodAccessorImpl.invoke0(Native Method)
at java.base/jdk.internal.reflect.NativeMethodAccessorImpl.invoke(NativeMethodAccessorImpl.java:62)
at java.base/jdk.internal.reflect.DelegatingMethodAccessorImpl.invoke(DelegatingMethodAccessorImpl.java:43)
at java.base/java.lang.reflect.Method.invoke(Method.java:566)
at org.testng.internal.MethodInvocationHelper.invokeMethod(MethodInvocationHelper.java:134)
at org.testng.internal.TestInvoker.invokeMethod(TestInvoker.java:597)
at org.testng.internal.TestInvoker.invokeTestMethod(TestInvoker.java:173)
at org.testng.internal.MethodRunner.runInSequence(MethodRunner.java:46)
at org.testng.internal.TestInvoker$MethodInvocationAgent.invoke(TestInvoker.java:816)
at org.testng.internal.TestInvoker.invokeTestMethods(TestInvoker.java:146)
at org.testng.internal.TestMethodWorker.invokeTestMethods(TestMethodWorker.java:146)
at org.testng.internal.TestMethodWorker.run(TestMethodWorker.java:128)
at java.base/java.util.ArrayList.forEach(ArrayList.java:1541)
at org.testng.TestRunner.privateRun(TestRunner.java:766)
at org.testng.TestRunner.run(TestRunner.java:587)
at org.testng.SuiteRunner.runTest(SuiteRunner.java:384)
at org.testng.SuiteRunner.runSequentially(SuiteRunner.java:378)
at org.testng.SuiteRunner.privateRun(SuiteRunner.java:337)
at org.testng.SuiteRunner.run(SuiteRunner.java:286)
at org.testng.SuiteRunnerWorker.runSuite(SuiteRunnerWorker.java:53)
at org.testng.SuiteRunnerWorker.run(SuiteRunnerWorker.java:96)
at org.testng.TestNG.runSuitesSequentially(TestNG.java:1187)
at org.testng.TestNG.runSuitesLocally(TestNG.java:1109)
at org.testng.TestNG.runSuites(TestNG.java:1039)
at org.testng.TestNG.run(TestNG.java:1007)
at org.apache.maven.surefire.testng.TestNGExecutor.run(TestNGExecutor.java:284)
at org.apache.maven.surefire.testng.TestNGXmlTestSuite.execute(TestNGXmlTestSuite.java:75)
at org.apache.maven.surefire.testng.TestNGProvider.invoke(TestNGProvider.java:119)
at org.apache.maven.surefire.booter.ForkedBooter.runSuitesInProcess(ForkedBooter.java:428)
at org.apache.maven.surefire.booter.ForkedBooter.execute(ForkedBooter.java:162)
at org.apache.maven.surefire.booter.ForkedBooter.run(ForkedBooter.java:562)
at org.apache.maven.surefire.booter.ForkedBooter.main(ForkedBooter.java:548)
]]>
            </full-stacktrace>
          </exception> <!-- org.openqa.selenium.NoSuchElementException -->
          <reporter-output>
            <line>
              <![CDATA[SearchTest: test Search Box]]>
            </line>
          </reporter-output>
        </test-method> <!-- testSearchBox -->
        <test-method is-config="true" signature="afterEachTestMethod(org.testng.ITestResult)[pri:0, instance:search.SearchTest@7690781]" started-at="2020-09-26T03:51:56 EDT" name="afterEachTestMethod" finished-at="2020-09-26T03:51:57 EDT" duration-ms="1040" status="PASS">
          <params>
            <param index="0">
              <value>
                <![CDATA[[TestResult name=testSearchBox status=FAILURE method=SearchTest.testSearchBox()[pri:0, instance:search.SearchTest@7690781] output=SearchTest: test Search Box]]]>
              </value>
            </param>
          </params>
          <reporter-output>
          </reporter-output>
        </test-method> <!-- afterEachTestMethod -->
        <test-method is-config="true" signature="cleanUp()[pri:0, instance:search.SearchTest@7690781]" started-at="2020-09-26T03:51:57 EDT" name="cleanUp" finished-at="2020-09-26T03:51:57 EDT" duration-ms="0" status="PASS">
          <reporter-output>
          </reporter-output>
        </test-method> <!-- cleanUp -->
      </class> <!-- search.SearchTest -->
    </test> <!-- TMobile Home -->
  </suite> <!-- TMobile Automation Test -->
</testng-results>
