<?xml version="1.0" encoding="UTF-8"?>
<testng-results ignored="0" total="5" passed="4" failed="1" skipped="0">
  <reporter-output>
    <line>
      <![CDATA[Extent Report Directory/Users/farjanamobin/IdeaProjects/WebAutomationFramework_Team1/NewYorkTimes/target/surefire-reports/html]]>
    </line>
  </reporter-output>
  <suite started-at="2020-09-26T02:11:04 EDT" name="New York Times Automation Test" finished-at="2020-09-26T02:11:54 EDT" duration-ms="50097">
    <groups>
    </groups>
    <test started-at="2020-09-26T02:11:04 EDT" name="New York Times Home" finished-at="2020-09-26T02:11:54 EDT" duration-ms="50097">
      <class name="home.NYTHomePageTest">
        <test-method is-config="true" signature="extentSetup(org.testng.ITestContext)[pri:0, instance:home.NYTHomePageTest@31f9b85e]" started-at="2020-09-26T02:11:03 EDT" name="extentSetup" finished-at="2020-09-26T02:11:04 EDT" duration-ms="621" status="PASS">
          <params>
            <param index="0">
              <value>
                <![CDATA[org.testng.TestRunner@7f7af971]]>
              </value>
            </param>
          </params>
          <reporter-output>
            <line>
              <![CDATA[Extent Report Directory/Users/farjanamobin/IdeaProjects/WebAutomationFramework_Team1/NewYorkTimes/target/surefire-reports/html]]>
            </line>
          </reporter-output>
        </test-method> <!-- extentSetup -->
        <test-method is-config="true" signature="setUp(boolean, java.lang.String, java.lang.String, java.lang.String, java.lang.String, java.lang.String, java.lang.String)[pri:0, instance:home.NYTHomePageTest@31f9b85e]" started-at="2020-09-26T02:11:04 EDT" name="setUp" finished-at="2020-09-26T02:11:08 EDT" duration-ms="4153" status="PASS">
          <params>
            <param index="0">
              <value>
                <![CDATA[false]]>
              </value>
            </param>
            <param index="1">
              <value>
                <![CDATA[browserstack]]>
              </value>
            </param>
            <param index="2">
              <value>
                <![CDATA[OS X]]>
              </value>
            </param>
            <param index="3">
              <value>
                <![CDATA[Sierra]]>
              </value>
            </param>
            <param index="4">
              <value>
                <![CDATA[chrome-options]]>
              </value>
            </param>
            <param index="5">
              <value>
                <![CDATA[85.0]]>
              </value>
            </param>
            <param index="6">
              <value>
                <![CDATA[https://www.nytimes.com/]]>
              </value>
            </param>
          </params>
          <reporter-output>
          </reporter-output>
        </test-method> <!-- setUp -->
        <test-method is-config="true" signature="startExtent(java.lang.reflect.Method)[pri:0, instance:home.NYTHomePageTest@31f9b85e]" started-at="2020-09-26T02:11:08 EDT" name="startExtent" finished-at="2020-09-26T02:11:08 EDT" duration-ms="8" status="PASS">
          <params>
            <param index="0">
              <value>
                <![CDATA[public void home.NYTHomePageTest.testValidateBusinessTab() throws java.lang.InterruptedException]]>
              </value>
            </param>
          </params>
          <reporter-output>
          </reporter-output>
        </test-method> <!-- startExtent -->
        <test-method is-config="true" signature="getInit()[pri:0, instance:home.NYTHomePageTest@31f9b85e]" started-at="2020-09-26T02:11:08 EDT" name="getInit" finished-at="2020-09-26T02:11:08 EDT" duration-ms="44" status="PASS">
          <reporter-output>
          </reporter-output>
        </test-method> <!-- getInit -->
        <test-method signature="testValidateBusinessTab()[pri:0, instance:home.NYTHomePageTest@31f9b85e]" started-at="2020-09-26T02:11:08 EDT" name="testValidateBusinessTab" finished-at="2020-09-26T02:11:17 EDT" duration-ms="8613" status="PASS">
          <reporter-output>
          </reporter-output>
        </test-method> <!-- testValidateBusinessTab -->
        <test-method is-config="true" signature="afterEachTestMethod(org.testng.ITestResult)[pri:0, instance:home.NYTHomePageTest@31f9b85e]" started-at="2020-09-26T02:11:17 EDT" name="afterEachTestMethod" finished-at="2020-09-26T02:11:18 EDT" duration-ms="1403" status="PASS">
          <params>
            <param index="0">
              <value>
                <![CDATA[[TestResult name=testValidateBusinessTab status=SUCCESS method=NYTHomePageTest.testValidateBusinessTab()[pri:0, instance:home.NYTHomePageTest@31f9b85e] output={null}]]]>
              </value>
            </param>
          </params>
          <reporter-output>
          </reporter-output>
        </test-method> <!-- afterEachTestMethod -->
        <test-method is-config="true" signature="cleanUp()[pri:0, instance:home.NYTHomePageTest@31f9b85e]" started-at="2020-09-26T02:11:18 EDT" name="cleanUp" finished-at="2020-09-26T02:11:18 EDT" duration-ms="0" status="PASS">
          <reporter-output>
          </reporter-output>
        </test-method> <!-- cleanUp -->
        <test-method is-config="true" signature="setUp(boolean, java.lang.String, java.lang.String, java.lang.String, java.lang.String, java.lang.String, java.lang.String)[pri:0, instance:home.NYTHomePageTest@31f9b85e]" started-at="2020-09-26T02:11:18 EDT" name="setUp" finished-at="2020-09-26T02:11:21 EDT" duration-ms="2594" status="PASS">
          <params>
            <param index="0">
              <value>
                <![CDATA[false]]>
              </value>
            </param>
            <param index="1">
              <value>
                <![CDATA[browserstack]]>
              </value>
            </param>
            <param index="2">
              <value>
                <![CDATA[OS X]]>
              </value>
            </param>
            <param index="3">
              <value>
                <![CDATA[Sierra]]>
              </value>
            </param>
            <param index="4">
              <value>
                <![CDATA[chrome-options]]>
              </value>
            </param>
            <param index="5">
              <value>
                <![CDATA[85.0]]>
              </value>
            </param>
            <param index="6">
              <value>
                <![CDATA[https://www.nytimes.com/]]>
              </value>
            </param>
          </params>
          <reporter-output>
          </reporter-output>
        </test-method> <!-- setUp -->
        <test-method is-config="true" signature="startExtent(java.lang.reflect.Method)[pri:0, instance:home.NYTHomePageTest@31f9b85e]" started-at="2020-09-26T02:11:21 EDT" name="startExtent" finished-at="2020-09-26T02:11:21 EDT" duration-ms="1" status="PASS">
          <params>
            <param index="0">
              <value>
                <![CDATA[public void home.NYTHomePageTest.testValidateNYTab() throws java.lang.InterruptedException]]>
              </value>
            </param>
          </params>
          <reporter-output>
          </reporter-output>
        </test-method> <!-- startExtent -->
        <test-method is-config="true" signature="getInit()[pri:0, instance:home.NYTHomePageTest@31f9b85e]" started-at="2020-09-26T02:11:21 EDT" name="getInit" finished-at="2020-09-26T02:11:21 EDT" duration-ms="1" status="PASS">
          <reporter-output>
          </reporter-output>
        </test-method> <!-- getInit -->
        <test-method signature="testValidateNYTab()[pri:0, instance:home.NYTHomePageTest@31f9b85e]" started-at="2020-09-26T02:11:21 EDT" name="testValidateNYTab" finished-at="2020-09-26T02:11:27 EDT" duration-ms="6585" status="PASS">
          <reporter-output>
          </reporter-output>
        </test-method> <!-- testValidateNYTab -->
        <test-method is-config="true" signature="afterEachTestMethod(org.testng.ITestResult)[pri:0, instance:home.NYTHomePageTest@31f9b85e]" started-at="2020-09-26T02:11:27 EDT" name="afterEachTestMethod" finished-at="2020-09-26T02:11:28 EDT" duration-ms="404" status="PASS">
          <params>
            <param index="0">
              <value>
                <![CDATA[[TestResult name=testValidateNYTab status=SUCCESS method=NYTHomePageTest.testValidateNYTab()[pri:0, instance:home.NYTHomePageTest@31f9b85e] output={null}]]]>
              </value>
            </param>
          </params>
          <reporter-output>
          </reporter-output>
        </test-method> <!-- afterEachTestMethod -->
        <test-method is-config="true" signature="cleanUp()[pri:0, instance:home.NYTHomePageTest@31f9b85e]" started-at="2020-09-26T02:11:28 EDT" name="cleanUp" finished-at="2020-09-26T02:11:28 EDT" duration-ms="1" status="PASS">
          <reporter-output>
          </reporter-output>
        </test-method> <!-- cleanUp -->
        <test-method is-config="true" signature="setUp(boolean, java.lang.String, java.lang.String, java.lang.String, java.lang.String, java.lang.String, java.lang.String)[pri:0, instance:home.NYTHomePageTest@31f9b85e]" started-at="2020-09-26T02:11:28 EDT" name="setUp" finished-at="2020-09-26T02:11:31 EDT" duration-ms="2953" status="PASS">
          <params>
            <param index="0">
              <value>
                <![CDATA[false]]>
              </value>
            </param>
            <param index="1">
              <value>
                <![CDATA[browserstack]]>
              </value>
            </param>
            <param index="2">
              <value>
                <![CDATA[OS X]]>
              </value>
            </param>
            <param index="3">
              <value>
                <![CDATA[Sierra]]>
              </value>
            </param>
            <param index="4">
              <value>
                <![CDATA[chrome-options]]>
              </value>
            </param>
            <param index="5">
              <value>
                <![CDATA[85.0]]>
              </value>
            </param>
            <param index="6">
              <value>
                <![CDATA[https://www.nytimes.com/]]>
              </value>
            </param>
          </params>
          <reporter-output>
          </reporter-output>
        </test-method> <!-- setUp -->
        <test-method is-config="true" signature="startExtent(java.lang.reflect.Method)[pri:0, instance:home.NYTHomePageTest@31f9b85e]" started-at="2020-09-26T02:11:31 EDT" name="startExtent" finished-at="2020-09-26T02:11:31 EDT" duration-ms="0" status="PASS">
          <params>
            <param index="0">
              <value>
                <![CDATA[public void home.NYTHomePageTest.testValidatePoliticsTab() throws java.lang.InterruptedException]]>
              </value>
            </param>
          </params>
          <reporter-output>
          </reporter-output>
        </test-method> <!-- startExtent -->
        <test-method is-config="true" signature="getInit()[pri:0, instance:home.NYTHomePageTest@31f9b85e]" started-at="2020-09-26T02:11:31 EDT" name="getInit" finished-at="2020-09-26T02:11:31 EDT" duration-ms="1" status="PASS">
          <reporter-output>
          </reporter-output>
        </test-method> <!-- getInit -->
        <test-method signature="testValidatePoliticsTab()[pri:0, instance:home.NYTHomePageTest@31f9b85e]" started-at="2020-09-26T02:11:31 EDT" name="testValidatePoliticsTab" finished-at="2020-09-26T02:11:35 EDT" duration-ms="4039" status="PASS">
          <reporter-output>
          </reporter-output>
        </test-method> <!-- testValidatePoliticsTab -->
        <test-method is-config="true" signature="afterEachTestMethod(org.testng.ITestResult)[pri:0, instance:home.NYTHomePageTest@31f9b85e]" started-at="2020-09-26T02:11:35 EDT" name="afterEachTestMethod" finished-at="2020-09-26T02:11:37 EDT" duration-ms="2403" status="PASS">
          <params>
            <param index="0">
              <value>
                <![CDATA[[TestResult name=testValidatePoliticsTab status=SUCCESS method=NYTHomePageTest.testValidatePoliticsTab()[pri:0, instance:home.NYTHomePageTest@31f9b85e] output={null}]]]>
              </value>
            </param>
          </params>
          <reporter-output>
          </reporter-output>
        </test-method> <!-- afterEachTestMethod -->
        <test-method is-config="true" signature="cleanUp()[pri:0, instance:home.NYTHomePageTest@31f9b85e]" started-at="2020-09-26T02:11:37 EDT" name="cleanUp" finished-at="2020-09-26T02:11:37 EDT" duration-ms="1" status="PASS">
          <reporter-output>
          </reporter-output>
        </test-method> <!-- cleanUp -->
        <test-method is-config="true" signature="setUp(boolean, java.lang.String, java.lang.String, java.lang.String, java.lang.String, java.lang.String, java.lang.String)[pri:0, instance:home.NYTHomePageTest@31f9b85e]" started-at="2020-09-26T02:11:37 EDT" name="setUp" finished-at="2020-09-26T02:11:40 EDT" duration-ms="2690" status="PASS">
          <params>
            <param index="0">
              <value>
                <![CDATA[false]]>
              </value>
            </param>
            <param index="1">
              <value>
                <![CDATA[browserstack]]>
              </value>
            </param>
            <param index="2">
              <value>
                <![CDATA[OS X]]>
              </value>
            </param>
            <param index="3">
              <value>
                <![CDATA[Sierra]]>
              </value>
            </param>
            <param index="4">
              <value>
                <![CDATA[chrome-options]]>
              </value>
            </param>
            <param index="5">
              <value>
                <![CDATA[85.0]]>
              </value>
            </param>
            <param index="6">
              <value>
                <![CDATA[https://www.nytimes.com/]]>
              </value>
            </param>
          </params>
          <reporter-output>
          </reporter-output>
        </test-method> <!-- setUp -->
        <test-method is-config="true" signature="startExtent(java.lang.reflect.Method)[pri:0, instance:home.NYTHomePageTest@31f9b85e]" started-at="2020-09-26T02:11:40 EDT" name="startExtent" finished-at="2020-09-26T02:11:40 EDT" duration-ms="1" status="PASS">
          <params>
            <param index="0">
              <value>
                <![CDATA[public void home.NYTHomePageTest.testValidateUSTab() throws java.lang.InterruptedException]]>
              </value>
            </param>
          </params>
          <reporter-output>
          </reporter-output>
        </test-method> <!-- startExtent -->
        <test-method is-config="true" signature="getInit()[pri:0, instance:home.NYTHomePageTest@31f9b85e]" started-at="2020-09-26T02:11:40 EDT" name="getInit" finished-at="2020-09-26T02:11:40 EDT" duration-ms="2" status="PASS">
          <reporter-output>
          </reporter-output>
        </test-method> <!-- getInit -->
        <test-method signature="testValidateUSTab()[pri:0, instance:home.NYTHomePageTest@31f9b85e]" started-at="2020-09-26T02:11:40 EDT" name="testValidateUSTab" finished-at="2020-09-26T02:11:44 EDT" duration-ms="4288" status="FAIL">
          <exception class="java.lang.AssertionError">
            <message>
              <![CDATA[Test failed expected [https://www.nytimes.com/section/us] but found [https://www.nytimes.com/]]]>
            </message>
            <full-stacktrace>
              <![CDATA[java.lang.AssertionError: Test failed expected [https://www.nytimes.com/section/us] but found [https://www.nytimes.com/]
at org.testng.Assert.fail(Assert.java:97)
at org.testng.Assert.assertEqualsImpl(Assert.java:136)
at org.testng.Assert.assertEquals(Assert.java:118)
at org.testng.Assert.assertEquals(Assert.java:575)
at home.NYTHomePage.validateUSTab(NYTHomePage.java:52)
at home.NYTHomePageTest.testValidateUSTab(NYTHomePageTest.java:26)
at java.base/jdk.internal.reflect.NativeMethodAccessorImpl.invoke0(Native Method)
at java.base/jdk.internal.reflect.NativeMethodAccessorImpl.invoke(NativeMethodAccessorImpl.java:62)
at java.base/jdk.internal.reflect.DelegatingMethodAccessorImpl.invoke(DelegatingMethodAccessorImpl.java:43)
at java.base/java.lang.reflect.Method.invoke(Method.java:566)
at org.testng.internal.MethodInvocationHelper.invokeMethod(MethodInvocationHelper.java:134)
at org.testng.internal.TestInvoker.invokeMethod(TestInvoker.java:597)
at org.testng.internal.TestInvoker.invokeTestMethod(TestInvoker.java:173)
at org.testng.internal.MethodRunner.runInSequence(MethodRunner.java:46)
at org.testng.internal.TestInvoker$MethodInvocationAgent.invoke(TestInvoker.java:816)
at org.testng.internal.TestInvoker.invokeTestMethods(TestInvoker.java:146)
at org.testng.internal.TestMethodWorker.invokeTestMethods(TestMethodWorker.java:146)
at org.testng.internal.TestMethodWorker.run(TestMethodWorker.java:128)
at java.base/java.util.ArrayList.forEach(ArrayList.java:1540)
at org.testng.TestRunner.privateRun(TestRunner.java:766)
at org.testng.TestRunner.run(TestRunner.java:587)
at org.testng.SuiteRunner.runTest(SuiteRunner.java:384)
at org.testng.SuiteRunner.runSequentially(SuiteRunner.java:378)
at org.testng.SuiteRunner.privateRun(SuiteRunner.java:337)
at org.testng.SuiteRunner.run(SuiteRunner.java:286)
at org.testng.SuiteRunnerWorker.runSuite(SuiteRunnerWorker.java:53)
at org.testng.SuiteRunnerWorker.run(SuiteRunnerWorker.java:96)
at org.testng.TestNG.runSuitesSequentially(TestNG.java:1187)
at org.testng.TestNG.runSuitesLocally(TestNG.java:1109)
at org.testng.TestNG.runSuites(TestNG.java:1039)
at org.testng.TestNG.run(TestNG.java:1007)
at org.apache.maven.surefire.testng.TestNGExecutor.run(TestNGExecutor.java:284)
at org.apache.maven.surefire.testng.TestNGXmlTestSuite.execute(TestNGXmlTestSuite.java:75)
at org.apache.maven.surefire.testng.TestNGProvider.invoke(TestNGProvider.java:119)
at org.apache.maven.surefire.booter.ForkedBooter.runSuitesInProcess(ForkedBooter.java:428)
at org.apache.maven.surefire.booter.ForkedBooter.execute(ForkedBooter.java:162)
at org.apache.maven.surefire.booter.ForkedBooter.run(ForkedBooter.java:562)
at org.apache.maven.surefire.booter.ForkedBooter.main(ForkedBooter.java:548)
]]>
            </full-stacktrace>
          </exception> <!-- java.lang.AssertionError -->
          <reporter-output>
          </reporter-output>
        </test-method> <!-- testValidateUSTab -->
        <test-method is-config="true" signature="afterEachTestMethod(org.testng.ITestResult)[pri:0, instance:home.NYTHomePageTest@31f9b85e]" started-at="2020-09-26T02:11:44 EDT" name="afterEachTestMethod" finished-at="2020-09-26T02:11:46 EDT" duration-ms="1825" status="PASS">
          <params>
            <param index="0">
              <value>
                <![CDATA[[TestResult name=testValidateUSTab status=FAILURE method=NYTHomePageTest.testValidateUSTab()[pri:0, instance:home.NYTHomePageTest@31f9b85e] output={null}]]]>
              </value>
            </param>
          </params>
          <reporter-output>
          </reporter-output>
        </test-method> <!-- afterEachTestMethod -->
        <test-method is-config="true" signature="cleanUp()[pri:0, instance:home.NYTHomePageTest@31f9b85e]" started-at="2020-09-26T02:11:46 EDT" name="cleanUp" finished-at="2020-09-26T02:11:46 EDT" duration-ms="0" status="PASS">
          <reporter-output>
          </reporter-output>
        </test-method> <!-- cleanUp -->
        <test-method is-config="true" signature="setUp(boolean, java.lang.String, java.lang.String, java.lang.String, java.lang.String, java.lang.String, java.lang.String)[pri:0, instance:home.NYTHomePageTest@31f9b85e]" started-at="2020-09-26T02:11:46 EDT" name="setUp" finished-at="2020-09-26T02:11:48 EDT" duration-ms="2556" status="PASS">
          <params>
            <param index="0">
              <value>
                <![CDATA[false]]>
              </value>
            </param>
            <param index="1">
              <value>
                <![CDATA[browserstack]]>
              </value>
            </param>
            <param index="2">
              <value>
                <![CDATA[OS X]]>
              </value>
            </param>
            <param index="3">
              <value>
                <![CDATA[Sierra]]>
              </value>
            </param>
            <param index="4">
              <value>
                <![CDATA[chrome-options]]>
              </value>
            </param>
            <param index="5">
              <value>
                <![CDATA[85.0]]>
              </value>
            </param>
            <param index="6">
              <value>
                <![CDATA[https://www.nytimes.com/]]>
              </value>
            </param>
          </params>
          <reporter-output>
          </reporter-output>
        </test-method> <!-- setUp -->
        <test-method is-config="true" signature="startExtent(java.lang.reflect.Method)[pri:0, instance:home.NYTHomePageTest@31f9b85e]" started-at="2020-09-26T02:11:48 EDT" name="startExtent" finished-at="2020-09-26T02:11:48 EDT" duration-ms="1" status="PASS">
          <params>
            <param index="0">
              <value>
                <![CDATA[public void home.NYTHomePageTest.testValidateWorldTab() throws java.lang.InterruptedException]]>
              </value>
            </param>
          </params>
          <reporter-output>
          </reporter-output>
        </test-method> <!-- startExtent -->
        <test-method is-config="true" signature="getInit()[pri:0, instance:home.NYTHomePageTest@31f9b85e]" started-at="2020-09-26T02:11:48 EDT" name="getInit" finished-at="2020-09-26T02:11:48 EDT" duration-ms="1" status="PASS">
          <reporter-output>
          </reporter-output>
        </test-method> <!-- getInit -->
        <test-method signature="testValidateWorldTab()[pri:0, instance:home.NYTHomePageTest@31f9b85e]" started-at="2020-09-26T02:11:48 EDT" name="testValidateWorldTab" finished-at="2020-09-26T02:11:54 EDT" duration-ms="5162" status="PASS">
          <reporter-output>
          </reporter-output>
        </test-method> <!-- testValidateWorldTab -->
        <test-method is-config="true" signature="afterEachTestMethod(org.testng.ITestResult)[pri:0, instance:home.NYTHomePageTest@31f9b85e]" started-at="2020-09-26T02:11:54 EDT" name="afterEachTestMethod" finished-at="2020-09-26T02:11:54 EDT" duration-ms="296" status="PASS">
          <params>
            <param index="0">
              <value>
                <![CDATA[[TestResult name=testValidateWorldTab status=SUCCESS method=NYTHomePageTest.testValidateWorldTab()[pri:0, instance:home.NYTHomePageTest@31f9b85e] output={null}]]]>
              </value>
            </param>
          </params>
          <reporter-output>
          </reporter-output>
        </test-method> <!-- afterEachTestMethod -->
        <test-method is-config="true" signature="cleanUp()[pri:0, instance:home.NYTHomePageTest@31f9b85e]" started-at="2020-09-26T02:11:54 EDT" name="cleanUp" finished-at="2020-09-26T02:11:54 EDT" duration-ms="0" status="PASS">
          <reporter-output>
          </reporter-output>
        </test-method> <!-- cleanUp -->
        <test-method is-config="true" signature="generateReport()[pri:0, instance:home.NYTHomePageTest@31f9b85e]" started-at="2020-09-26T02:11:54 EDT" name="generateReport" finished-at="2020-09-26T02:11:54 EDT" duration-ms="31" status="PASS">
          <reporter-output>
          </reporter-output>
        </test-method> <!-- generateReport -->
      </class> <!-- home.NYTHomePageTest -->
    </test> <!-- New York Times Home -->
  </suite> <!-- New York Times Automation Test -->
</testng-results>
