<?xml version="1.0" encoding="UTF-8"?>
<!-- Generated by org.testng.reporters.JUnitReportReporter -->
<testsuite hostname="MacBook-Pro-2.home" failures="0" tests="7" name="homeTest.HomePageRamTest" time="53.346" errors="1" timestamp="2020-09-26T14:10:58 EDT" skipped="0">
  <testcase classname="homeTest.HomePageRamTest" name="testCheckFlightStatus" time="3.862"/>
  <system-out/>
  <testcase classname="homeTest.HomePageRamTest" name="testCheckCheckIn" time="3.622"/>
  <system-out/>
  <testcase classname="homeTest.HomePageRamTest" name="testSearchBoxCheck" time="9.344"/>
  <system-out>
HomePageRamTest: test Search Box Check  </system-out>
  <testcase classname="homeTest.HomePageRamTest" name="testSearchBoxCheckUsingClassValues" time="19.383"/>
  <system-out>
HomePageRamTest: test Search Box Check Using Class Values  </system-out>
  <testcase classname="homeTest.HomePageRamTest" name="testSearchBoxCheckGetItemsListFromDB" time="7.601">
    <error message="../Generic/src/main/secret.properties (No such file or directory)" type="java.io.FileNotFoundException">
      <![CDATA[java.io.FileNotFoundException: ../Generic/src/main/secret.properties (No such file or directory)
at java.base/java.io.FileInputStream.open0(Native Method)
at java.base/java.io.FileInputStream.open(FileInputStream.java:212)
at java.base/java.io.FileInputStream.<init>(FileInputStream.java:154)
at java.base/java.io.FileInputStream.<init>(FileInputStream.java:109)
at databases.ConnectToSqlDB.loadProperties(ConnectToSqlDB.java:25)
at databases.ConnectToSqlDB.connectToSqlDatabase(ConnectToSqlDB.java:32)
at databases.ConnectToSqlDB.readDataBase(ConnectToSqlDB.java:47)
at dataSource.DataSource.getItemsListFromDB(DataSource.java:34)
at home.HomePageRam.searchBoxCheckGetItemsListFromDB(HomePageRam.java:138)
at homeTest.HomePageRamTest.testSearchBoxCheckGetItemsListFromDB(HomePageRamTest.java:70)
at java.base/jdk.internal.reflect.NativeMethodAccessorImpl.invoke0(Native Method)
at java.base/jdk.internal.reflect.NativeMethodAccessorImpl.invoke(NativeMethodAccessorImpl.java:62)
at java.base/jdk.internal.reflect.DelegatingMethodAccessorImpl.invoke(DelegatingMethodAccessorImpl.java:43)
at java.base/java.lang.reflect.Method.invoke(Method.java:564)
at org.testng.internal.MethodInvocationHelper.invokeMethod(MethodInvocationHelper.java:134)
at org.testng.internal.TestInvoker.invokeMethod(TestInvoker.java:597)
at org.testng.internal.TestInvoker.invokeTestMethod(TestInvoker.java:173)
at org.testng.internal.MethodRunner.runInSequence(MethodRunner.java:46)
at org.testng.internal.TestInvoker$MethodInvocationAgent.invoke(TestInvoker.java:816)
at org.testng.internal.TestInvoker.invokeTestMethods(TestInvoker.java:146)
at org.testng.internal.TestMethodWorker.invokeTestMethods(TestMethodWorker.java:146)
at org.testng.internal.TestMethodWorker.run(TestMethodWorker.java:128)
at java.base/java.util.ArrayList.forEach(ArrayList.java:1510)
at org.testng.TestRunner.privateRun(TestRunner.java:766)
at org.testng.TestRunner.run(TestRunner.java:587)
at org.testng.SuiteRunner.runTest(SuiteRunner.java:384)
at org.testng.SuiteRunner.runSequentially(SuiteRunner.java:378)
at org.testng.SuiteRunner.privateRun(SuiteRunner.java:337)
at org.testng.SuiteRunner.run(SuiteRunner.java:286)
at org.testng.SuiteRunnerWorker.runSuite(SuiteRunnerWorker.java:53)
at org.testng.SuiteRunnerWorker.run(SuiteRunnerWorker.java:96)
at org.testng.TestNG.runSuitesSequentially(TestNG.java:1187)
at org.testng.TestNG.runSuitesLocally(TestNG.java:1109)
at org.testng.TestNG.runSuites(TestNG.java:1039)
at org.testng.TestNG.run(TestNG.java:1007)
at org.apache.maven.surefire.testng.TestNGExecutor.run(TestNGExecutor.java:284)
at org.apache.maven.surefire.testng.TestNGXmlTestSuite.execute(TestNGXmlTestSuite.java:75)
at org.apache.maven.surefire.testng.TestNGProvider.invoke(TestNGProvider.java:119)
at org.apache.maven.surefire.booter.ForkedBooter.runSuitesInProcess(ForkedBooter.java:428)
at org.apache.maven.surefire.booter.ForkedBooter.execute(ForkedBooter.java:162)
at org.apache.maven.surefire.booter.ForkedBooter.run(ForkedBooter.java:562)
at org.apache.maven.surefire.booter.ForkedBooter.main(ForkedBooter.java:548)
]]>
    </error>
  </testcase> <!-- testSearchBoxCheckGetItemsListFromDB -->
  <system-out>
HomePageRamTest: test Search Box Check Get Items List From DB  </system-out>
  <testcase classname="homeTest.HomePageRamTest" name="testCheckBooking" time="4.366"/>
  <system-out/>
  <testcase classname="homeTest.HomePageRamTest" name="testCheckMyTrip" time="5.168"/>
  <system-out/>
</testsuite> <!-- homeTest.HomePageRamTest -->
