
<!DOCTYPE html>
<html>
	<head>
		<!--
			ExtentReports Library 2.41.1 | http://relevantcodes.com/extentreports-for-selenium/ | https://github.com/anshooarora/
			Copyright (c) 2015, Anshoo Arora (Relevant Codes) | Copyrights licensed under the New BSD License | http://opensource.org/licenses/BSD-3-Clause
			Documentation: http://extentreports.relevantcodes.com 
		-->

		<meta charset='UTF-8' /> 
		<meta name='description' content='ExtentReports (by Anshoo Arora) is a reporting library for automation testing for .NET and Java. It creates detailed and beautiful HTML reports for modern browsers. ExtentReports shows test and step summary along with dashboards, system and environment details for quick analysis of your tests.' />
		<meta name='robots' content='noodp, noydir' />
		<meta name='viewport' content='width=device-width, initial-scale=1' />
		<meta name='extentx' id='extentx' content='' />
		
		<title>
				ExtentReports 2.0
		</title>
		
		
		<link href='https://fonts.googleapis.com/css?family=Source+Sans+Pro:400,600' rel='stylesheet' type='text/css'>
		<link href='https://cdn.rawgit.com/anshooarora/extentreports/6032d73243ba4fe4fb8769eb9c315d4fdf16fe68/cdn/extent.css' type='text/css' rel='stylesheet' />
		
		<style>
				
            
                
            
        
		</style>
	</head>
	
	
	<body class='extent default standard hide-overflow'>
		<!-- nav -->
		<nav>
			<div class='logo-container blue darken-2'>
				<a class='logo-content' href='http://extentreports.relevantcodes.com'>
					<span>ExtentReports</span>
				</a>
				<a href='#' data-activates='slide-out' class='button-collapse hide-on-large-only'><i class='mdi-navigation-apps'></i></a>
			</div>
			<ul id='slide-out' class='side-nav fixed hide-on-med-and-down'>
				<li class='analysis waves-effect active'><a href='#!' class='test-view' onclick="_updateCurrentStage(0)"><i class='mdi-action-dashboard'></i>Test Details</a></li>
					<li class='analysis waves-effect'><a href='#!' class='categories-view' onclick="_updateCurrentStage(1)"><i class='mdi-maps-local-offer'></i>Categories</a></li>
				<li class='analysis waves-effect'>
					<a href='#!' onclick="_updateCurrentStage(-1)" class='dashboard-view'><i class='mdi-action-track-changes'></i></i>Analysis</a>
				</li>
			</ul>
			<span class='report-name'>Automation Report</span> <span class='report-headline'></span>
			<ul class='right hide-on-med-and-down nav-right'>
				<li class='theme-selector' alt='Click to toggle dark theme. To enable by default, use js configuration $("body").addClass("dark");' title='Click to toggle dark theme. To enable by default, use js configuration $("body").addClass("dark");'>
					<i class='mdi-hardware-desktop-windows'></i>
				</li>
				<li>
					<span class='suite-started-time'>2020-09-26 09:26:23</span>
				</li>
				<li>
					<span>v2.41.1</span>
				</li>
			</ul>
		</nav>
		<!-- /nav -->
		
		<!-- container -->
		<div class='container'>
			
			<!-- dashboard -->
			<div id='dashboard-view' class='row'>
				<div class='time-totals'>
					<div class='col l2 m4 s6'>
						<div class='card suite-total-tests'> 
							<span class='panel-name'>Total Tests</span> 
							<span class='total-tests'> <span class='panel-lead'></span> </span> 
						</div> 
					</div>
					<div class='col l2 m4 s6'>
						<div class='card suite-total-steps'> 
							<span class='panel-name'>Total Steps</span> 
							<span class='total-steps'> <span class='panel-lead'></span> </span> 
						</div> 
					</div>
					<div class='col l2 m4 s12'>
						<div class='card suite-total-time-current'> 
							<span class='panel-name'>Total Time Taken (Current Run)</span> 
							<span class='suite-total-time-current-value panel-lead'>0h 12m 53s+382ms</span> 
						</div> 
					</div>
					<div class='col l2 m4 s12'>
						<div class='card suite-total-time-overall'> 
							<span class='panel-name'>Total Time Taken (Overall)</span> 
							<span class='suite-total-time-overall-value panel-lead'>0h 12m 53s+382ms</span> 
						</div> 
					</div>
					<div class='col l2 m4 s6 suite-start-time'>
						<div class='card accent green-accent'> 
							<span class='panel-name'>Start</span> 
							<span class='panel-lead suite-started-time'>2020-09-26 09:13:30</span> 
						</div> 
					</div>
					<div class='col l2 m4 s6 suite-end-time'>
						<div class='card accent pink-accent'> 
							<span class='panel-name'>End</span> 
							<span class='panel-lead suite-ended-time'>2020-09-26 09:26:23</span> 
						</div> 
					</div>
				</div>
				<div class='charts'>
					<div class='col s12 m6 l4 fh'> 
						<div class='card-panel'> 
							<div>
								<span class='panel-name'>Tests View</span>
							</div> 
							<div class='panel-setting modal-trigger test-count-setting right'>
								<a href='#test-count-setting'><i class='mdi-navigation-more-vert text-md'></i></a>
							</div> 
							<div class='chart-box'>
								<canvas class='text-centered' id='test-analysis'></canvas>
							</div> 
							<div>
								<span class='weight-light'><span class='t-pass-count weight-normal'></span> test(s) passed</span>
							</div> 
							<div>
								<span class='weight-light'><span class='t-fail-count weight-normal'></span> test(s) failed, <span class='t-others-count weight-normal'></span> others</span>
							</div> 
						</div> 
					</div> 
					<div class='col s12 m6 l4 fh'> 
						<div class='card-panel'> 
							<div>
								<span class='panel-name'>Steps View</span>
							</div> 
							<div class='panel-setting modal-trigger step-status-filter right'>
								<a href='#step-status-filter'><i class='mdi-navigation-more-vert text-md'></i></a>
							</div> 
							<div class='chart-box'>
								<canvas class='text-centered' id='step-analysis'></canvas>
							</div> 
							<div>
								<span class='weight-light'><span class='s-pass-count weight-normal'></span> step(s) passed </span>
							</div> 
							<div>
								<span class='weight-light'><span class='s-fail-count weight-normal'></span> step(s) failed, <span class='s-others-count weight-normal'></span> others</span>
							</div> 
						</div> 
					</div>
					<div class='col s12 m12 l4 fh'> 
						<div class='card-panel'> 
							<span class='panel-name'>Pass Percentage</span> 
							<span class='pass-percentage panel-lead'></span> 
							<div class='progress light-blue lighten-3'> 
								<div class='determinate light-blue'></div> 
							</div> 
						</div> 
					</div>
				</div>
				<div class='system-view'>
					<div class='col l4 m12 s12'>
						<div class='card-panel'>
							<span class='label info outline right'>Environment</span>
							<table>
								<thead>
									<tr>
										<th>Param</th>
										<th>Value</th>
									</tr>
								</thead>
								<tbody>
										<tr>
											<td>User Name</td>
											<td>Waqas Chaddhar</td>
										</tr>
										<tr>
											<td>OS</td>
											<td>Windows 10</td>
										</tr>
										<tr>
											<td>Java Version</td>
											<td>11.0.8</td>
										</tr>
										<tr>
											<td>Host Name</td>
											<td>PNT</td>
										</tr>
										<tr>
											<td>Environment</td>
											<td>QA</td>
										</tr>
								</tbody>
							</table>
						</div>
					</div>
				</div>
					<div class='category-summary-view'>
						<div class='col l4 m6 s12'>
							<div class='card-panel'>
								<span class='label info outline right'>Categories</span>
								<table>
									<thead>
										<tr>
											<th>Name</th>
										</tr>
									</thead>
									<tbody>
											<tr>
												<td>
													MarriottHomePageTest
												</td>
											</tr>
									</tbody>
								</table>
							</div>
						</div>
					</div>
			</div>
			<!-- /dashboard -->
			
			<!-- tests -->
			<div id='test-view' class='row _addedTable'>
				<div class='col _addedCell1'>
					<div class='contents'>
						<div class='card-panel heading'>
							<h5>Tests</h5>
						</div>
						<div class='card-panel filters'>
							<div>
								<a class='dropdown-button btn-floating btn-small waves-effect waves-light grey tests-toggle' data-activates='tests-toggle' data-constrainwidth='true' data-beloworigin='true' data-hover='true' href='#'>
									<i class='mdi-action-reorder'></i>
								</a>
								<ul id='tests-toggle' class='dropdown-content'>
									<li class='pass'><a href='#!'>Pass</a></li>
									<li class='fail'><a href='#!'>Fail</a></li>
									<li class='skip'><a href='#!'>Skip</a></li>
									<li class='divider'></li>
									<li class='clear'><a href='#!'>Clear Filters</a></li>
								</ul>
							</div>
								<div>
									<a class='dropdown-button btn-floating btn-small waves-effect waves-light grey category-toggle' data-activates='category-toggle' data-constrainwidth='false' data-beloworigin='true' data-hover='true' href='#'>
										<i class='mdi-maps-local-offer'></i>
									</a>
									<ul id='category-toggle' class='dropdown-content'>
											<li class='MarriottHomePageTest'><a href='#!'>MarriottHomePageTest</a></li>
										<li class='divider'></li>
										<li class='clear'><a href='#!'>Clear Filters</a></li>
									</ul>
								</div>
							<div>
								<a class='btn-floating btn-small waves-effect waves-light grey' id='clear-filters' alt='Clear Filters' title='Clear Filters'>
									<i class='mdi-navigation-close'></i>
								</a>
							</div>
							<div>
								<a class='btn-floating btn-small waves-effect waves-light grey' id='enableDashboard' alt='Enable Dashboard' title='Enable Dashboard'>
									<i class='mdi-action-track-changes'></i>
								</a>
							</div>
							<div>
								<a class='btn-floating btn-small waves-effect waves-light blue enabled' id='refreshCharts' alt='Refresh Charts on Filters' title='Refresh Charts on Filters'>
									<i class='mdi-navigation-refresh'></i>
								</a>
							</div>
							<div class='search' alt='Search Tests' title='Search Tests'>
								<div class='input-field left'>
									<input id='searchTests' type='text' class='validate' placeholder='Search Tests...'>
								</div>
								<a href="#" class='btn-floating btn-small waves-effect waves-light grey'>
									<i class='mdi-action-search'></i>
								</a>
							</div>
						</div>
						<div class='card-panel no-padding-h no-padding-v no-margin-v'>
							<div class='wrapper'>
								<ul id='test-collection' class='test-collection'>
										<li class='collection-item test displayed active fail ' extentid='26398fee-8224-48e6-90df-78fa9003b506'>
											<div class='test-head'>
												<span class='test-name'>testClicKOnAccomodations </span>
												<span class='test-status label right outline capitalize fail'>fail</span>
												<span class='category-assigned hide  marriotthomepagetest'></span>
											</div>
											<div class='test-body'>
												<div class='test-info'>
													<span title='Test started time' alt='Test started time' class='test-started-time label green lighten-1 text-white'>2020-09-26 09:13:50</span>
													<span title='Test ended time' alt='Test ended time' class='test-ended-time label red lighten-1 text-white'>2020-09-26 09:13:57</span>
													<span title='Time taken to finish' alt='Time taken to finish' class='test-time-taken label blue-grey lighten-3 text-white'>0h 0m 7s+478ms</span>
												</div>
												<div class='test-desc'></div>
												<div class='test-attributes'>
														<div class='categories'>
																<span class='category text-white'>MarriottHomePageTest</span>
														</div>
												</div>
												<div class='test-steps'>
													<table class='bordered table-results'>
														<thead>
															<tr>
																<th>Status</th>
																<th>Timestamp</th>
																<th>Details</th>
															</tr>
														</thead>
														<tbody>
																<tr>
																	<td class='status info' title='info' alt='info'><i class='mdi-action-info-outline'></i></td>
																	<td class='timestamp'>09:13:50</td>
																	<td class='step-details'>MarriottHomePageTest: test Clic K On Accomodations<br></td>
																</tr>
																<tr>
																	<td class='status fail' title='fail' alt='fail'><i class='mdi-navigation-cancel'></i></td>
																	<td class='timestamp'>09:13:57</td>
																	<td class='step-details'>java.lang.AssertionError: expected [Accommodations] but found []
	at org.testng.Assert.fail(Assert.java:97)
	at org.testng.Assert.assertEqualsImpl(Assert.java:136)
	at org.testng.Assert.assertEquals(Assert.java:118)
	at org.testng.Assert.assertEquals(Assert.java:575)
	at org.testng.Assert.assertEquals(Assert.java:585)
	at home.MarriottHomePage.validateClickAccomodations(MarriottHomePage.java:387)
	at home.MarriottHomePageTest.testClicKOnAccomodations(MarriottHomePageTest.java:202)
	at java.base/jdk.internal.reflect.NativeMethodAccessorImpl.invoke0(Native Method)
	at java.base/jdk.internal.reflect.NativeMethodAccessorImpl.invoke(NativeMethodAccessorImpl.java:62)
	at java.base/jdk.internal.reflect.DelegatingMethodAccessorImpl.invoke(DelegatingMethodAccessorImpl.java:43)
	at java.base/java.lang.reflect.Method.invoke(Method.java:566)
	at org.testng.internal.MethodInvocationHelper.invokeMethod(MethodInvocationHelper.java:134)
	at org.testng.internal.TestInvoker.invokeMethod(TestInvoker.java:597)
	at org.testng.internal.TestInvoker.invokeTestMethod(TestInvoker.java:173)
	at org.testng.internal.MethodRunner.runInSequence(MethodRunner.java:46)
	at org.testng.internal.TestInvoker$MethodInvocationAgent.invoke(TestInvoker.java:816)
	at org.testng.internal.TestInvoker.invokeTestMethods(TestInvoker.java:146)
	at org.testng.internal.TestMethodWorker.invokeTestMethods(TestMethodWorker.java:146)
	at org.testng.internal.TestMethodWorker.run(TestMethodWorker.java:128)
	at java.base/java.util.ArrayList.forEach(ArrayList.java:1541)
	at org.testng.TestRunner.privateRun(TestRunner.java:766)
	at org.testng.TestRunner.run(TestRunner.java:587)
	at org.testng.SuiteRunner.runTest(SuiteRunner.java:384)
	at org.testng.SuiteRunner.runSequentially(SuiteRunner.java:378)
	at org.testng.SuiteRunner.privateRun(SuiteRunner.java:337)
	at org.testng.SuiteRunner.run(SuiteRunner.java:286)
	at org.testng.SuiteRunnerWorker.runSuite(SuiteRunnerWorker.java:53)
	at org.testng.SuiteRunnerWorker.run(SuiteRunnerWorker.java:96)
	at org.testng.TestNG.runSuitesSequentially(TestNG.java:1187)
	at org.testng.TestNG.runSuitesLocally(TestNG.java:1109)
	at org.testng.TestNG.runSuites(TestNG.java:1039)
	at org.testng.TestNG.run(TestNG.java:1007)
	at com.intellij.rt.testng.IDEARemoteTestNG.run(IDEARemoteTestNG.java:66)
	at com.intellij.rt.testng.RemoteTestNGStarter.main(RemoteTestNGStarter.java:110)</td>
																</tr>
														</tbody>
													</table>
													<ul class='collapsible node-list' data-collapsible='accordion'>
													</ul>
												</div>
											</div>
										</li>
										<li class='collection-item test displayed active fail ' extentid='9dea6b42-2946-440b-8aa6-fbdbe4099b42'>
											<div class='test-head'>
												<span class='test-name'>testClicKOnDestinationsUnderWeddings </span>
												<span class='test-status label right outline capitalize fail'>fail</span>
												<span class='category-assigned hide  marriotthomepagetest'></span>
											</div>
											<div class='test-body'>
												<div class='test-info'>
													<span title='Test started time' alt='Test started time' class='test-started-time label green lighten-1 text-white'>2020-09-26 09:14:20</span>
													<span title='Test ended time' alt='Test ended time' class='test-ended-time label red lighten-1 text-white'>2020-09-26 09:14:23</span>
													<span title='Time taken to finish' alt='Time taken to finish' class='test-time-taken label blue-grey lighten-3 text-white'>0h 0m 3s+91ms</span>
												</div>
												<div class='test-desc'></div>
												<div class='test-attributes'>
														<div class='categories'>
																<span class='category text-white'>MarriottHomePageTest</span>
														</div>
												</div>
												<div class='test-steps'>
													<table class='bordered table-results'>
														<thead>
															<tr>
																<th>Status</th>
																<th>Timestamp</th>
																<th>Details</th>
															</tr>
														</thead>
														<tbody>
																<tr>
																	<td class='status info' title='info' alt='info'><i class='mdi-action-info-outline'></i></td>
																	<td class='timestamp'>09:14:20</td>
																	<td class='step-details'>MarriottHomePageTest: test Clic K On Destinations Under Weddings<br></td>
																</tr>
																<tr>
																	<td class='status fail' title='fail' alt='fail'><i class='mdi-navigation-cancel'></i></td>
																	<td class='timestamp'>09:14:23</td>
																	<td class='step-details'>org.openqa.selenium.NoSuchElementException: no such element: Unable to locate element: {"method":"xpath","selector":"//p[text()='Meetings & Events']"}
  (Session info: chrome=85.0.4183.121)
For documentation on this error, please visit: https://www.seleniumhq.org/exceptions/no_such_element.html
Build info: version: '3.141.59', revision: 'e82be7d358', time: '2018-11-14T08:17:03'
System info: host: 'WAQAS', ip: '192.168.1.166', os.name: 'Windows 10', os.arch: 'amd64', os.version: '10.0', java.version: '11.0.8'
Driver info: org.openqa.selenium.chrome.ChromeDriver
Capabilities {acceptInsecureCerts: false, browserName: chrome, browserVersion: 85.0.4183.121, chrome: {chromedriverVersion: 85.0.4183.87 (cd6713ebf92fa..., userDataDir: C:\Users\Waqas\AppData\Loca...}, goog:chromeOptions: {debuggerAddress: localhost:65214}, javascriptEnabled: true, networkConnectionEnabled: false, pageLoadStrategy: normal, platform: WINDOWS, platformName: WINDOWS, proxy: Proxy(), setWindowRect: true, strictFileInteractability: false, timeouts: {implicit: 0, pageLoad: 300000, script: 30000}, unhandledPromptBehavior: dismiss and notify, webauthn:virtualAuthenticators: true}
Session ID: ea64f9cbb9c0d4170a33551fb1ac66a8
*** Element info: {Using=xpath, value=//p[text()='Meetings & Events']}
	at java.base/jdk.internal.reflect.NativeConstructorAccessorImpl.newInstance0(Native Method)
	at java.base/jdk.internal.reflect.NativeConstructorAccessorImpl.newInstance(NativeConstructorAccessorImpl.java:62)
	at java.base/jdk.internal.reflect.DelegatingConstructorAccessorImpl.newInstance(DelegatingConstructorAccessorImpl.java:45)
	at java.base/java.lang.reflect.Constructor.newInstance(Constructor.java:490)
	at org.openqa.selenium.remote.http.W3CHttpResponseCodec.createException(W3CHttpResponseCodec.java:187)
	at org.openqa.selenium.remote.http.W3CHttpResponseCodec.decode(W3CHttpResponseCodec.java:122)
	at org.openqa.selenium.remote.http.W3CHttpResponseCodec.decode(W3CHttpResponseCodec.java:49)
	at org.openqa.selenium.remote.HttpCommandExecutor.execute(HttpCommandExecutor.java:158)
	at org.openqa.selenium.remote.service.DriverCommandExecutor.execute(DriverCommandExecutor.java:83)
	at org.openqa.selenium.remote.RemoteWebDriver.execute(RemoteWebDriver.java:552)
	at org.openqa.selenium.remote.RemoteWebDriver.findElement(RemoteWebDriver.java:323)
	at org.openqa.selenium.remote.RemoteWebDriver.findElementByXPath(RemoteWebDriver.java:428)
	at org.openqa.selenium.By$ByXPath.findElement(By.java:353)
	at org.openqa.selenium.remote.RemoteWebDriver.findElement(RemoteWebDriver.java:315)
	at base.CommonAPI.clickByXpath(CommonAPI.java:346)
	at home.MarriottHomePage.clickMeetingsNEvents(MarriottHomePage.java:243)
	at home.MarriottHomePage.clickOnDestinationsUnderWeddings(MarriottHomePage.java:394)
	at home.MarriottHomePageTest.testClicKOnDestinationsUnderWeddings(MarriottHomePageTest.java:212)
	at java.base/jdk.internal.reflect.NativeMethodAccessorImpl.invoke0(Native Method)
	at java.base/jdk.internal.reflect.NativeMethodAccessorImpl.invoke(NativeMethodAccessorImpl.java:62)
	at java.base/jdk.internal.reflect.DelegatingMethodAccessorImpl.invoke(DelegatingMethodAccessorImpl.java:43)
	at java.base/java.lang.reflect.Method.invoke(Method.java:566)
	at org.testng.internal.MethodInvocationHelper.invokeMethod(MethodInvocationHelper.java:134)
	at org.testng.internal.TestInvoker.invokeMethod(TestInvoker.java:597)
	at org.testng.internal.TestInvoker.invokeTestMethod(TestInvoker.java:173)
	at org.testng.internal.MethodRunner.runInSequence(MethodRunner.java:46)
	at org.testng.internal.TestInvoker$MethodInvocationAgent.invoke(TestInvoker.java:816)
	at org.testng.internal.TestInvoker.invokeTestMethods(TestInvoker.java:146)
	at org.testng.internal.TestMethodWorker.invokeTestMethods(TestMethodWorker.java:146)
	at org.testng.internal.TestMethodWorker.run(TestMethodWorker.java:128)
	at java.base/java.util.ArrayList.forEach(ArrayList.java:1541)
	at org.testng.TestRunner.privateRun(TestRunner.java:766)
	at org.testng.TestRunner.run(TestRunner.java:587)
	at org.testng.SuiteRunner.runTest(SuiteRunner.java:384)
	at org.testng.SuiteRunner.runSequentially(SuiteRunner.java:378)
	at org.testng.SuiteRunner.privateRun(SuiteRunner.java:337)
	at org.testng.SuiteRunner.run(SuiteRunner.java:286)
	at org.testng.SuiteRunnerWorker.runSuite(SuiteRunnerWorker.java:53)
	at org.testng.SuiteRunnerWorker.run(SuiteRunnerWorker.java:96)
	at org.testng.TestNG.runSuitesSequentially(TestNG.java:1187)
	at org.testng.TestNG.runSuitesLocally(TestNG.java:1109)
	at org.testng.TestNG.runSuites(TestNG.java:1039)
	at org.testng.TestNG.run(TestNG.java:1007)
	at com.intellij.rt.testng.IDEARemoteTestNG.run(IDEARemoteTestNG.java:66)
	at com.intellij.rt.testng.RemoteTestNGStarter.main(RemoteTestNGStarter.java:110)</td>
																</tr>
														</tbody>
													</table>
													<ul class='collapsible node-list' data-collapsible='accordion'>
													</ul>
												</div>
											</div>
										</li>
										<li class='collection-item test displayed active fail ' extentid='9e925caa-1fbc-494a-bcf5-3b1e18a6a2a8'>
											<div class='test-head'>
												<span class='test-name'>testClicKOnDining </span>
												<span class='test-status label right outline capitalize fail'>fail</span>
												<span class='category-assigned hide  marriotthomepagetest'></span>
											</div>
											<div class='test-body'>
												<div class='test-info'>
													<span title='Test started time' alt='Test started time' class='test-started-time label green lighten-1 text-white'>2020-09-26 09:14:48</span>
													<span title='Test ended time' alt='Test ended time' class='test-ended-time label red lighten-1 text-white'>2020-09-26 09:14:51</span>
													<span title='Time taken to finish' alt='Time taken to finish' class='test-time-taken label blue-grey lighten-3 text-white'>0h 0m 3s+15ms</span>
												</div>
												<div class='test-desc'></div>
												<div class='test-attributes'>
														<div class='categories'>
																<span class='category text-white'>MarriottHomePageTest</span>
														</div>
												</div>
												<div class='test-steps'>
													<table class='bordered table-results'>
														<thead>
															<tr>
																<th>Status</th>
																<th>Timestamp</th>
																<th>Details</th>
															</tr>
														</thead>
														<tbody>
																<tr>
																	<td class='status info' title='info' alt='info'><i class='mdi-action-info-outline'></i></td>
																	<td class='timestamp'>09:14:48</td>
																	<td class='step-details'>MarriottHomePageTest: test Clic K On Dining<br></td>
																</tr>
																<tr>
																	<td class='status fail' title='fail' alt='fail'><i class='mdi-navigation-cancel'></i></td>
																	<td class='timestamp'>09:14:51</td>
																	<td class='step-details'>org.openqa.selenium.NoSuchElementException: no such element: Unable to locate element: {"method":"xpath","selector":"//p[text()='Meetings & Events']"}
  (Session info: chrome=85.0.4183.121)
For documentation on this error, please visit: https://www.seleniumhq.org/exceptions/no_such_element.html
Build info: version: '3.141.59', revision: 'e82be7d358', time: '2018-11-14T08:17:03'
System info: host: 'WAQAS', ip: '192.168.1.166', os.name: 'Windows 10', os.arch: 'amd64', os.version: '10.0', java.version: '11.0.8'
Driver info: org.openqa.selenium.chrome.ChromeDriver
Capabilities {acceptInsecureCerts: false, browserName: chrome, browserVersion: 85.0.4183.121, chrome: {chromedriverVersion: 85.0.4183.87 (cd6713ebf92fa..., userDataDir: C:\Users\Waqas\AppData\Loca...}, goog:chromeOptions: {debuggerAddress: localhost:65331}, javascriptEnabled: true, networkConnectionEnabled: false, pageLoadStrategy: normal, platform: WINDOWS, platformName: WINDOWS, proxy: Proxy(), setWindowRect: true, strictFileInteractability: false, timeouts: {implicit: 0, pageLoad: 300000, script: 30000}, unhandledPromptBehavior: dismiss and notify, webauthn:virtualAuthenticators: true}
Session ID: 2579f3f95408f6aae6fcb230507b690b
*** Element info: {Using=xpath, value=//p[text()='Meetings & Events']}
	at java.base/jdk.internal.reflect.NativeConstructorAccessorImpl.newInstance0(Native Method)
	at java.base/jdk.internal.reflect.NativeConstructorAccessorImpl.newInstance(NativeConstructorAccessorImpl.java:62)
	at java.base/jdk.internal.reflect.DelegatingConstructorAccessorImpl.newInstance(DelegatingConstructorAccessorImpl.java:45)
	at java.base/java.lang.reflect.Constructor.newInstance(Constructor.java:490)
	at org.openqa.selenium.remote.http.W3CHttpResponseCodec.createException(W3CHttpResponseCodec.java:187)
	at org.openqa.selenium.remote.http.W3CHttpResponseCodec.decode(W3CHttpResponseCodec.java:122)
	at org.openqa.selenium.remote.http.W3CHttpResponseCodec.decode(W3CHttpResponseCodec.java:49)
	at org.openqa.selenium.remote.HttpCommandExecutor.execute(HttpCommandExecutor.java:158)
	at org.openqa.selenium.remote.service.DriverCommandExecutor.execute(DriverCommandExecutor.java:83)
	at org.openqa.selenium.remote.RemoteWebDriver.execute(RemoteWebDriver.java:552)
	at org.openqa.selenium.remote.RemoteWebDriver.findElement(RemoteWebDriver.java:323)
	at org.openqa.selenium.remote.RemoteWebDriver.findElementByXPath(RemoteWebDriver.java:428)
	at org.openqa.selenium.By$ByXPath.findElement(By.java:353)
	at org.openqa.selenium.remote.RemoteWebDriver.findElement(RemoteWebDriver.java:315)
	at base.CommonAPI.clickByXpath(CommonAPI.java:346)
	at home.MarriottHomePage.clickMeetingsNEvents(MarriottHomePage.java:243)
	at home.MarriottHomePage.clickOnDining(MarriottHomePage.java:358)
	at home.MarriottHomePageTest.testClicKOnDining(MarriottHomePageTest.java:189)
	at java.base/jdk.internal.reflect.NativeMethodAccessorImpl.invoke0(Native Method)
	at java.base/jdk.internal.reflect.NativeMethodAccessorImpl.invoke(NativeMethodAccessorImpl.java:62)
	at java.base/jdk.internal.reflect.DelegatingMethodAccessorImpl.invoke(DelegatingMethodAccessorImpl.java:43)
	at java.base/java.lang.reflect.Method.invoke(Method.java:566)
	at org.testng.internal.MethodInvocationHelper.invokeMethod(MethodInvocationHelper.java:134)
	at org.testng.internal.TestInvoker.invokeMethod(TestInvoker.java:597)
	at org.testng.internal.TestInvoker.invokeTestMethod(TestInvoker.java:173)
	at org.testng.internal.MethodRunner.runInSequence(MethodRunner.java:46)
	at org.testng.internal.TestInvoker$MethodInvocationAgent.invoke(TestInvoker.java:816)
	at org.testng.internal.TestInvoker.invokeTestMethods(TestInvoker.java:146)
	at org.testng.internal.TestMethodWorker.invokeTestMethods(TestMethodWorker.java:146)
	at org.testng.internal.TestMethodWorker.run(TestMethodWorker.java:128)
	at java.base/java.util.ArrayList.forEach(ArrayList.java:1541)
	at org.testng.TestRunner.privateRun(TestRunner.java:766)
	at org.testng.TestRunner.run(TestRunner.java:587)
	at org.testng.SuiteRunner.runTest(SuiteRunner.java:384)
	at org.testng.SuiteRunner.runSequentially(SuiteRunner.java:378)
	at org.testng.SuiteRunner.privateRun(SuiteRunner.java:337)
	at org.testng.SuiteRunner.run(SuiteRunner.java:286)
	at org.testng.SuiteRunnerWorker.runSuite(SuiteRunnerWorker.java:53)
	at org.testng.SuiteRunnerWorker.run(SuiteRunnerWorker.java:96)
	at org.testng.TestNG.runSuitesSequentially(TestNG.java:1187)
	at org.testng.TestNG.runSuitesLocally(TestNG.java:1109)
	at org.testng.TestNG.runSuites(TestNG.java:1039)
	at org.testng.TestNG.run(TestNG.java:1007)
	at com.intellij.rt.testng.IDEARemoteTestNG.run(IDEARemoteTestNG.java:66)
	at com.intellij.rt.testng.RemoteTestNGStarter.main(RemoteTestNGStarter.java:110)</td>
																</tr>
														</tbody>
													</table>
													<ul class='collapsible node-list' data-collapsible='accordion'>
													</ul>
												</div>
											</div>
										</li>
										<li class='collection-item test displayed active pass ' extentid='c65c4a32-7a29-4d87-80fb-3718d5032225'>
											<div class='test-head'>
												<span class='test-name'>testClicKOnReceptions </span>
												<span class='test-status label right outline capitalize pass'>pass</span>
												<span class='category-assigned hide  marriotthomepagetest'></span>
											</div>
											<div class='test-body'>
												<div class='test-info'>
													<span title='Test started time' alt='Test started time' class='test-started-time label green lighten-1 text-white'>2020-09-26 09:15:08</span>
													<span title='Test ended time' alt='Test ended time' class='test-ended-time label red lighten-1 text-white'>2020-09-26 09:15:19</span>
													<span title='Time taken to finish' alt='Time taken to finish' class='test-time-taken label blue-grey lighten-3 text-white'>0h 0m 11s+252ms</span>
												</div>
												<div class='test-desc'></div>
												<div class='test-attributes'>
														<div class='categories'>
																<span class='category text-white'>MarriottHomePageTest</span>
														</div>
												</div>
												<div class='test-steps'>
													<table class='bordered table-results'>
														<thead>
															<tr>
																<th>Status</th>
																<th>Timestamp</th>
																<th>Details</th>
															</tr>
														</thead>
														<tbody>
																<tr>
																	<td class='status info' title='info' alt='info'><i class='mdi-action-info-outline'></i></td>
																	<td class='timestamp'>09:15:08</td>
																	<td class='step-details'>MarriottHomePageTest: test Clic K On Receptions<br></td>
																</tr>
																<tr>
																	<td class='status pass' title='pass' alt='pass'><i class='mdi-action-check-circle'></i></td>
																	<td class='timestamp'>09:15:19</td>
																	<td class='step-details'>Test Passed</td>
																</tr>
														</tbody>
													</table>
													<ul class='collapsible node-list' data-collapsible='accordion'>
													</ul>
												</div>
											</div>
										</li>
										<li class='collection-item test displayed active fail ' extentid='dc2ed973-9a8f-4b99-a87a-6533f656ec9b'>
											<div class='test-head'>
												<span class='test-name'>testClicKPlanning </span>
												<span class='test-status label right outline capitalize fail'>fail</span>
												<span class='category-assigned hide  marriotthomepagetest'></span>
											</div>
											<div class='test-body'>
												<div class='test-info'>
													<span title='Test started time' alt='Test started time' class='test-started-time label green lighten-1 text-white'>2020-09-26 09:15:45</span>
													<span title='Test ended time' alt='Test ended time' class='test-ended-time label red lighten-1 text-white'>2020-09-26 09:15:51</span>
													<span title='Time taken to finish' alt='Time taken to finish' class='test-time-taken label blue-grey lighten-3 text-white'>0h 0m 6s+44ms</span>
												</div>
												<div class='test-desc'></div>
												<div class='test-attributes'>
														<div class='categories'>
																<span class='category text-white'>MarriottHomePageTest</span>
														</div>
												</div>
												<div class='test-steps'>
													<table class='bordered table-results'>
														<thead>
															<tr>
																<th>Status</th>
																<th>Timestamp</th>
																<th>Details</th>
															</tr>
														</thead>
														<tbody>
																<tr>
																	<td class='status info' title='info' alt='info'><i class='mdi-action-info-outline'></i></td>
																	<td class='timestamp'>09:15:45</td>
																	<td class='step-details'>MarriottHomePageTest: test Clic K Planning<br></td>
																</tr>
																<tr>
																	<td class='status fail' title='fail' alt='fail'><i class='mdi-navigation-cancel'></i></td>
																	<td class='timestamp'>09:15:51</td>
																	<td class='step-details'>java.lang.AssertionError: expected [Expert Planning] but found []
	at org.testng.Assert.fail(Assert.java:97)
	at org.testng.Assert.assertEqualsImpl(Assert.java:136)
	at org.testng.Assert.assertEquals(Assert.java:118)
	at org.testng.Assert.assertEquals(Assert.java:575)
	at org.testng.Assert.assertEquals(Assert.java:585)
	at home.MarriottHomePage.validateClickPlanning(MarriottHomePage.java:315)
	at home.MarriottHomePageTest.testClicKPlanning(MarriottHomePageTest.java:155)
	at java.base/jdk.internal.reflect.NativeMethodAccessorImpl.invoke0(Native Method)
	at java.base/jdk.internal.reflect.NativeMethodAccessorImpl.invoke(NativeMethodAccessorImpl.java:62)
	at java.base/jdk.internal.reflect.DelegatingMethodAccessorImpl.invoke(DelegatingMethodAccessorImpl.java:43)
	at java.base/java.lang.reflect.Method.invoke(Method.java:566)
	at org.testng.internal.MethodInvocationHelper.invokeMethod(MethodInvocationHelper.java:134)
	at org.testng.internal.TestInvoker.invokeMethod(TestInvoker.java:597)
	at org.testng.internal.TestInvoker.invokeTestMethod(TestInvoker.java:173)
	at org.testng.internal.MethodRunner.runInSequence(MethodRunner.java:46)
	at org.testng.internal.TestInvoker$MethodInvocationAgent.invoke(TestInvoker.java:816)
	at org.testng.internal.TestInvoker.invokeTestMethods(TestInvoker.java:146)
	at org.testng.internal.TestMethodWorker.invokeTestMethods(TestMethodWorker.java:146)
	at org.testng.internal.TestMethodWorker.run(TestMethodWorker.java:128)
	at java.base/java.util.ArrayList.forEach(ArrayList.java:1541)
	at org.testng.TestRunner.privateRun(TestRunner.java:766)
	at org.testng.TestRunner.run(TestRunner.java:587)
	at org.testng.SuiteRunner.runTest(SuiteRunner.java:384)
	at org.testng.SuiteRunner.runSequentially(SuiteRunner.java:378)
	at org.testng.SuiteRunner.privateRun(SuiteRunner.java:337)
	at org.testng.SuiteRunner.run(SuiteRunner.java:286)
	at org.testng.SuiteRunnerWorker.runSuite(SuiteRunnerWorker.java:53)
	at org.testng.SuiteRunnerWorker.run(SuiteRunnerWorker.java:96)
	at org.testng.TestNG.runSuitesSequentially(TestNG.java:1187)
	at org.testng.TestNG.runSuitesLocally(TestNG.java:1109)
	at org.testng.TestNG.runSuites(TestNG.java:1039)
	at org.testng.TestNG.run(TestNG.java:1007)
	at com.intellij.rt.testng.IDEARemoteTestNG.run(IDEARemoteTestNG.java:66)
	at com.intellij.rt.testng.RemoteTestNGStarter.main(RemoteTestNGStarter.java:110)</td>
																</tr>
														</tbody>
													</table>
													<ul class='collapsible node-list' data-collapsible='accordion'>
													</ul>
												</div>
											</div>
										</li>
										<li class='collection-item test displayed active pass ' extentid='6f0122ec-a6ed-42c2-a6f4-e81c35027f17'>
											<div class='test-head'>
												<span class='test-name'>testClicKSocialEvents </span>
												<span class='test-status label right outline capitalize pass'>pass</span>
												<span class='category-assigned hide  marriotthomepagetest'></span>
											</div>
											<div class='test-body'>
												<div class='test-info'>
													<span title='Test started time' alt='Test started time' class='test-started-time label green lighten-1 text-white'>2020-09-26 09:16:17</span>
													<span title='Test ended time' alt='Test ended time' class='test-ended-time label red lighten-1 text-white'>2020-09-26 09:16:20</span>
													<span title='Time taken to finish' alt='Time taken to finish' class='test-time-taken label blue-grey lighten-3 text-white'>0h 0m 3s+695ms</span>
												</div>
												<div class='test-desc'></div>
												<div class='test-attributes'>
														<div class='categories'>
																<span class='category text-white'>MarriottHomePageTest</span>
														</div>
												</div>
												<div class='test-steps'>
													<table class='bordered table-results'>
														<thead>
															<tr>
																<th>Status</th>
																<th>Timestamp</th>
																<th>Details</th>
															</tr>
														</thead>
														<tbody>
																<tr>
																	<td class='status info' title='info' alt='info'><i class='mdi-action-info-outline'></i></td>
																	<td class='timestamp'>09:16:17</td>
																	<td class='step-details'>MarriottHomePageTest: test Clic K Social Events<br></td>
																</tr>
																<tr>
																	<td class='status pass' title='pass' alt='pass'><i class='mdi-action-check-circle'></i></td>
																	<td class='timestamp'>09:16:20</td>
																	<td class='step-details'>Test Passed</td>
																</tr>
														</tbody>
													</table>
													<ul class='collapsible node-list' data-collapsible='accordion'>
													</ul>
												</div>
											</div>
										</li>
										<li class='collection-item test displayed active pass ' extentid='612046aa-a2e4-4f02-b778-1229c7c9c1e9'>
											<div class='test-head'>
												<span class='test-name'>testClicKWeddings </span>
												<span class='test-status label right outline capitalize pass'>pass</span>
												<span class='category-assigned hide  marriotthomepagetest'></span>
											</div>
											<div class='test-body'>
												<div class='test-info'>
													<span title='Test started time' alt='Test started time' class='test-started-time label green lighten-1 text-white'>2020-09-26 09:16:43</span>
													<span title='Test ended time' alt='Test ended time' class='test-ended-time label red lighten-1 text-white'>2020-09-26 09:16:49</span>
													<span title='Time taken to finish' alt='Time taken to finish' class='test-time-taken label blue-grey lighten-3 text-white'>0h 0m 6s+141ms</span>
												</div>
												<div class='test-desc'></div>
												<div class='test-attributes'>
														<div class='categories'>
																<span class='category text-white'>MarriottHomePageTest</span>
														</div>
												</div>
												<div class='test-steps'>
													<table class='bordered table-results'>
														<thead>
															<tr>
																<th>Status</th>
																<th>Timestamp</th>
																<th>Details</th>
															</tr>
														</thead>
														<tbody>
																<tr>
																	<td class='status info' title='info' alt='info'><i class='mdi-action-info-outline'></i></td>
																	<td class='timestamp'>09:16:43</td>
																	<td class='step-details'>MarriottHomePageTest: test Clic K Weddings<br></td>
																</tr>
																<tr>
																	<td class='status pass' title='pass' alt='pass'><i class='mdi-action-check-circle'></i></td>
																	<td class='timestamp'>09:16:49</td>
																	<td class='step-details'>Test Passed</td>
																</tr>
														</tbody>
													</table>
													<ul class='collapsible node-list' data-collapsible='accordion'>
													</ul>
												</div>
											</div>
										</li>
										<li class='collection-item test displayed active pass ' extentid='eaf6807f-8e2b-4fed-aee6-12860ac2d14d'>
											<div class='test-head'>
												<span class='test-name'>testClickBusinessMeetings </span>
												<span class='test-status label right outline capitalize pass'>pass</span>
												<span class='category-assigned hide  marriotthomepagetest'></span>
											</div>
											<div class='test-body'>
												<div class='test-info'>
													<span title='Test started time' alt='Test started time' class='test-started-time label green lighten-1 text-white'>2020-09-26 09:17:13</span>
													<span title='Test ended time' alt='Test ended time' class='test-ended-time label red lighten-1 text-white'>2020-09-26 09:17:18</span>
													<span title='Time taken to finish' alt='Time taken to finish' class='test-time-taken label blue-grey lighten-3 text-white'>0h 0m 4s+494ms</span>
												</div>
												<div class='test-desc'></div>
												<div class='test-attributes'>
														<div class='categories'>
																<span class='category text-white'>MarriottHomePageTest</span>
														</div>
												</div>
												<div class='test-steps'>
													<table class='bordered table-results'>
														<thead>
															<tr>
																<th>Status</th>
																<th>Timestamp</th>
																<th>Details</th>
															</tr>
														</thead>
														<tbody>
																<tr>
																	<td class='status info' title='info' alt='info'><i class='mdi-action-info-outline'></i></td>
																	<td class='timestamp'>09:17:13</td>
																	<td class='step-details'>MarriottHomePageTest: test Click Business Meetings<br></td>
																</tr>
																<tr>
																	<td class='status pass' title='pass' alt='pass'><i class='mdi-action-check-circle'></i></td>
																	<td class='timestamp'>09:17:18</td>
																	<td class='step-details'>Test Passed</td>
																</tr>
														</tbody>
													</table>
													<ul class='collapsible node-list' data-collapsible='accordion'>
													</ul>
												</div>
											</div>
										</li>
										<li class='collection-item test displayed active fail ' extentid='27cd6e01-666f-4df5-8fc7-011efcec7943'>
											<div class='test-head'>
												<span class='test-name'>testClickCeremonies </span>
												<span class='test-status label right outline capitalize fail'>fail</span>
												<span class='category-assigned hide  marriotthomepagetest'></span>
											</div>
											<div class='test-body'>
												<div class='test-info'>
													<span title='Test started time' alt='Test started time' class='test-started-time label green lighten-1 text-white'>2020-09-26 09:17:42</span>
													<span title='Test ended time' alt='Test ended time' class='test-ended-time label red lighten-1 text-white'>2020-09-26 09:17:49</span>
													<span title='Time taken to finish' alt='Time taken to finish' class='test-time-taken label blue-grey lighten-3 text-white'>0h 0m 7s+525ms</span>
												</div>
												<div class='test-desc'></div>
												<div class='test-attributes'>
														<div class='categories'>
																<span class='category text-white'>MarriottHomePageTest</span>
														</div>
												</div>
												<div class='test-steps'>
													<table class='bordered table-results'>
														<thead>
															<tr>
																<th>Status</th>
																<th>Timestamp</th>
																<th>Details</th>
															</tr>
														</thead>
														<tbody>
																<tr>
																	<td class='status info' title='info' alt='info'><i class='mdi-action-info-outline'></i></td>
																	<td class='timestamp'>09:17:42</td>
																	<td class='step-details'>MarriottHomePageTest: test Click Ceremonies<br></td>
																</tr>
																<tr>
																	<td class='status fail' title='fail' alt='fail'><i class='mdi-navigation-cancel'></i></td>
																	<td class='timestamp'>09:17:49</td>
																	<td class='step-details'>java.lang.AssertionError: expected [Unforgettable Ceremonies] but found []
	at org.testng.Assert.fail(Assert.java:97)
	at org.testng.Assert.assertEqualsImpl(Assert.java:136)
	at org.testng.Assert.assertEquals(Assert.java:118)
	at org.testng.Assert.assertEquals(Assert.java:575)
	at org.testng.Assert.assertEquals(Assert.java:585)
	at home.MarriottHomePage.validateClickCeremonies(MarriottHomePage.java:333)
	at home.MarriottHomePageTest.testClickCeremonies(MarriottHomePageTest.java:166)
	at java.base/jdk.internal.reflect.NativeMethodAccessorImpl.invoke0(Native Method)
	at java.base/jdk.internal.reflect.NativeMethodAccessorImpl.invoke(NativeMethodAccessorImpl.java:62)
	at java.base/jdk.internal.reflect.DelegatingMethodAccessorImpl.invoke(DelegatingMethodAccessorImpl.java:43)
	at java.base/java.lang.reflect.Method.invoke(Method.java:566)
	at org.testng.internal.MethodInvocationHelper.invokeMethod(MethodInvocationHelper.java:134)
	at org.testng.internal.TestInvoker.invokeMethod(TestInvoker.java:597)
	at org.testng.internal.TestInvoker.invokeTestMethod(TestInvoker.java:173)
	at org.testng.internal.MethodRunner.runInSequence(MethodRunner.java:46)
	at org.testng.internal.TestInvoker$MethodInvocationAgent.invoke(TestInvoker.java:816)
	at org.testng.internal.TestInvoker.invokeTestMethods(TestInvoker.java:146)
	at org.testng.internal.TestMethodWorker.invokeTestMethods(TestMethodWorker.java:146)
	at org.testng.internal.TestMethodWorker.run(TestMethodWorker.java:128)
	at java.base/java.util.ArrayList.forEach(ArrayList.java:1541)
	at org.testng.TestRunner.privateRun(TestRunner.java:766)
	at org.testng.TestRunner.run(TestRunner.java:587)
	at org.testng.SuiteRunner.runTest(SuiteRunner.java:384)
	at org.testng.SuiteRunner.runSequentially(SuiteRunner.java:378)
	at org.testng.SuiteRunner.privateRun(SuiteRunner.java:337)
	at org.testng.SuiteRunner.run(SuiteRunner.java:286)
	at org.testng.SuiteRunnerWorker.runSuite(SuiteRunnerWorker.java:53)
	at org.testng.SuiteRunnerWorker.run(SuiteRunnerWorker.java:96)
	at org.testng.TestNG.runSuitesSequentially(TestNG.java:1187)
	at org.testng.TestNG.runSuitesLocally(TestNG.java:1109)
	at org.testng.TestNG.runSuites(TestNG.java:1039)
	at org.testng.TestNG.run(TestNG.java:1007)
	at com.intellij.rt.testng.IDEARemoteTestNG.run(IDEARemoteTestNG.java:66)
	at com.intellij.rt.testng.RemoteTestNGStarter.main(RemoteTestNGStarter.java:110)</td>
																</tr>
														</tbody>
													</table>
													<ul class='collapsible node-list' data-collapsible='accordion'>
													</ul>
												</div>
											</div>
										</li>
										<li class='collection-item test displayed active pass ' extentid='bf286170-c047-4c8d-b24a-ca818940ef03'>
											<div class='test-head'>
												<span class='test-name'>testClickMeetingsNEvents </span>
												<span class='test-status label right outline capitalize pass'>pass</span>
												<span class='category-assigned hide  marriotthomepagetest'></span>
											</div>
											<div class='test-body'>
												<div class='test-info'>
													<span title='Test started time' alt='Test started time' class='test-started-time label green lighten-1 text-white'>2020-09-26 09:18:12</span>
													<span title='Test ended time' alt='Test ended time' class='test-ended-time label red lighten-1 text-white'>2020-09-26 09:18:17</span>
													<span title='Time taken to finish' alt='Time taken to finish' class='test-time-taken label blue-grey lighten-3 text-white'>0h 0m 5s+60ms</span>
												</div>
												<div class='test-desc'></div>
												<div class='test-attributes'>
														<div class='categories'>
																<span class='category text-white'>MarriottHomePageTest</span>
														</div>
												</div>
												<div class='test-steps'>
													<table class='bordered table-results'>
														<thead>
															<tr>
																<th>Status</th>
																<th>Timestamp</th>
																<th>Details</th>
															</tr>
														</thead>
														<tbody>
																<tr>
																	<td class='status info' title='info' alt='info'><i class='mdi-action-info-outline'></i></td>
																	<td class='timestamp'>09:18:12</td>
																	<td class='step-details'>MarriottHomePageTest: test Click Meetings N Events<br></td>
																</tr>
																<tr>
																	<td class='status pass' title='pass' alt='pass'><i class='mdi-action-check-circle'></i></td>
																	<td class='timestamp'>09:18:17</td>
																	<td class='step-details'>Test Passed</td>
																</tr>
														</tbody>
													</table>
													<ul class='collapsible node-list' data-collapsible='accordion'>
													</ul>
												</div>
											</div>
										</li>
										<li class='collection-item test displayed active fail ' extentid='157ed1ae-0df2-4048-a31f-d8637fc2bff3'>
											<div class='test-head'>
												<span class='test-name'>testClickOnDealsPackages </span>
												<span class='test-status label right outline capitalize fail'>fail</span>
												<span class='category-assigned hide  marriotthomepagetest'></span>
											</div>
											<div class='test-body'>
												<div class='test-info'>
													<span title='Test started time' alt='Test started time' class='test-started-time label green lighten-1 text-white'>2020-09-26 09:18:43</span>
													<span title='Test ended time' alt='Test ended time' class='test-ended-time label red lighten-1 text-white'>2020-09-26 09:18:47</span>
													<span title='Time taken to finish' alt='Time taken to finish' class='test-time-taken label blue-grey lighten-3 text-white'>0h 0m 3s+484ms</span>
												</div>
												<div class='test-desc'></div>
												<div class='test-attributes'>
														<div class='categories'>
																<span class='category text-white'>MarriottHomePageTest</span>
														</div>
												</div>
												<div class='test-steps'>
													<table class='bordered table-results'>
														<thead>
															<tr>
																<th>Status</th>
																<th>Timestamp</th>
																<th>Details</th>
															</tr>
														</thead>
														<tbody>
																<tr>
																	<td class='status fail' title='fail' alt='fail'><i class='mdi-navigation-cancel'></i></td>
																	<td class='timestamp'>09:18:47</td>
																	<td class='step-details'>org.openqa.selenium.NoSuchElementException: no such element: Unable to locate element: {"method":"xpath","selector":"//*[@id="CardArticlec947"]/section/div[2]/div[1]/h4"}
  (Session info: chrome=85.0.4183.121)
For documentation on this error, please visit: https://www.seleniumhq.org/exceptions/no_such_element.html
Build info: version: '3.141.59', revision: 'e82be7d358', time: '2018-11-14T08:17:03'
System info: host: 'WAQAS', ip: '192.168.1.166', os.name: 'Windows 10', os.arch: 'amd64', os.version: '10.0', java.version: '11.0.8'
Driver info: org.openqa.selenium.chrome.ChromeDriver
Capabilities {acceptInsecureCerts: false, browserName: chrome, browserVersion: 85.0.4183.121, chrome: {chromedriverVersion: 85.0.4183.87 (cd6713ebf92fa..., userDataDir: C:\Users\Waqas\AppData\Loca...}, goog:chromeOptions: {debuggerAddress: localhost:49950}, javascriptEnabled: true, networkConnectionEnabled: false, pageLoadStrategy: normal, platform: WINDOWS, platformName: WINDOWS, proxy: Proxy(), setWindowRect: true, strictFileInteractability: false, timeouts: {implicit: 0, pageLoad: 300000, script: 30000}, unhandledPromptBehavior: dismiss and notify, webauthn:virtualAuthenticators: true}
Session ID: 76a4e23aa8c3c2d227de092a4f96674d
*** Element info: {Using=xpath, value=//*[@id="CardArticlec947"]/section/div[2]/div[1]/h4}
	at java.base/jdk.internal.reflect.NativeConstructorAccessorImpl.newInstance0(Native Method)
	at java.base/jdk.internal.reflect.NativeConstructorAccessorImpl.newInstance(NativeConstructorAccessorImpl.java:62)
	at java.base/jdk.internal.reflect.DelegatingConstructorAccessorImpl.newInstance(DelegatingConstructorAccessorImpl.java:45)
	at java.base/java.lang.reflect.Constructor.newInstance(Constructor.java:490)
	at org.openqa.selenium.remote.http.W3CHttpResponseCodec.createException(W3CHttpResponseCodec.java:187)
	at org.openqa.selenium.remote.http.W3CHttpResponseCodec.decode(W3CHttpResponseCodec.java:122)
	at org.openqa.selenium.remote.http.W3CHttpResponseCodec.decode(W3CHttpResponseCodec.java:49)
	at org.openqa.selenium.remote.HttpCommandExecutor.execute(HttpCommandExecutor.java:158)
	at org.openqa.selenium.remote.service.DriverCommandExecutor.execute(DriverCommandExecutor.java:83)
	at org.openqa.selenium.remote.RemoteWebDriver.execute(RemoteWebDriver.java:552)
	at org.openqa.selenium.remote.RemoteWebDriver.findElement(RemoteWebDriver.java:323)
	at org.openqa.selenium.remote.RemoteWebDriver.findElementByXPath(RemoteWebDriver.java:428)
	at org.openqa.selenium.By$ByXPath.findElement(By.java:353)
	at org.openqa.selenium.remote.RemoteWebDriver.findElement(RemoteWebDriver.java:315)
	at org.openqa.selenium.support.pagefactory.DefaultElementLocator.findElement(DefaultElementLocator.java:69)
	at org.openqa.selenium.support.pagefactory.internal.LocatingElementHandler.invoke(LocatingElementHandler.java:38)
	at com.sun.proxy.$Proxy16.getText(Unknown Source)
	at home.MarriottHomePage.validateClickDealsPackages(MarriottHomePage.java:215)
	at home.MarriottHomePageTest.testClickOnDealsPackages(MarriottHomePageTest.java:92)
	at java.base/jdk.internal.reflect.NativeMethodAccessorImpl.invoke0(Native Method)
	at java.base/jdk.internal.reflect.NativeMethodAccessorImpl.invoke(NativeMethodAccessorImpl.java:62)
	at java.base/jdk.internal.reflect.DelegatingMethodAccessorImpl.invoke(DelegatingMethodAccessorImpl.java:43)
	at java.base/java.lang.reflect.Method.invoke(Method.java:566)
	at org.testng.internal.MethodInvocationHelper.invokeMethod(MethodInvocationHelper.java:134)
	at org.testng.internal.TestInvoker.invokeMethod(TestInvoker.java:597)
	at org.testng.internal.TestInvoker.invokeTestMethod(TestInvoker.java:173)
	at org.testng.internal.MethodRunner.runInSequence(MethodRunner.java:46)
	at org.testng.internal.TestInvoker$MethodInvocationAgent.invoke(TestInvoker.java:816)
	at org.testng.internal.TestInvoker.invokeTestMethods(TestInvoker.java:146)
	at org.testng.internal.TestMethodWorker.invokeTestMethods(TestMethodWorker.java:146)
	at org.testng.internal.TestMethodWorker.run(TestMethodWorker.java:128)
	at java.base/java.util.ArrayList.forEach(ArrayList.java:1541)
	at org.testng.TestRunner.privateRun(TestRunner.java:766)
	at org.testng.TestRunner.run(TestRunner.java:587)
	at org.testng.SuiteRunner.runTest(SuiteRunner.java:384)
	at org.testng.SuiteRunner.runSequentially(SuiteRunner.java:378)
	at org.testng.SuiteRunner.privateRun(SuiteRunner.java:337)
	at org.testng.SuiteRunner.run(SuiteRunner.java:286)
	at org.testng.SuiteRunnerWorker.runSuite(SuiteRunnerWorker.java:53)
	at org.testng.SuiteRunnerWorker.run(SuiteRunnerWorker.java:96)
	at org.testng.TestNG.runSuitesSequentially(TestNG.java:1187)
	at org.testng.TestNG.runSuitesLocally(TestNG.java:1109)
	at org.testng.TestNG.runSuites(TestNG.java:1039)
	at org.testng.TestNG.run(TestNG.java:1007)
	at com.intellij.rt.testng.IDEARemoteTestNG.run(IDEARemoteTestNG.java:66)
	at com.intellij.rt.testng.RemoteTestNGStarter.main(RemoteTestNGStarter.java:110)</td>
																</tr>
														</tbody>
													</table>
													<ul class='collapsible node-list' data-collapsible='accordion'>
													</ul>
												</div>
											</div>
										</li>
										<li class='collection-item test displayed active fail ' extentid='37cb2fbc-4937-4cd2-9bf6-940d89824288'>
											<div class='test-head'>
												<span class='test-name'>testClickOnDeltaHotels </span>
												<span class='test-status label right outline capitalize fail'>fail</span>
												<span class='category-assigned hide  marriotthomepagetest'></span>
											</div>
											<div class='test-body'>
												<div class='test-info'>
													<span title='Test started time' alt='Test started time' class='test-started-time label green lighten-1 text-white'>2020-09-26 09:19:09</span>
													<span title='Test ended time' alt='Test ended time' class='test-ended-time label red lighten-1 text-white'>2020-09-26 09:19:16</span>
													<span title='Time taken to finish' alt='Time taken to finish' class='test-time-taken label blue-grey lighten-3 text-white'>0h 0m 6s+593ms</span>
												</div>
												<div class='test-desc'></div>
												<div class='test-attributes'>
														<div class='categories'>
																<span class='category text-white'>MarriottHomePageTest</span>
														</div>
												</div>
												<div class='test-steps'>
													<table class='bordered table-results'>
														<thead>
															<tr>
																<th>Status</th>
																<th>Timestamp</th>
																<th>Details</th>
															</tr>
														</thead>
														<tbody>
																<tr>
																	<td class='status info' title='info' alt='info'><i class='mdi-action-info-outline'></i></td>
																	<td class='timestamp'>09:19:09</td>
																	<td class='step-details'>MarriottHomePageTest: test Click On Delta Hotels<br></td>
																</tr>
																<tr>
																	<td class='status fail' title='fail' alt='fail'><i class='mdi-navigation-cancel'></i></td>
																	<td class='timestamp'>09:19:16</td>
																	<td class='step-details'>org.openqa.selenium.InvalidSelectorException: invalid selector: An invalid or illegal selector was specified
  (Session info: chrome=85.0.4183.121)
For documentation on this error, please visit: https://www.seleniumhq.org/exceptions/invalid_selector_exception.html
Build info: version: '3.141.59', revision: 'e82be7d358', time: '2018-11-14T08:17:03'
System info: host: 'WAQAS', ip: '192.168.1.166', os.name: 'Windows 10', os.arch: 'amd64', os.version: '10.0', java.version: '11.0.8'
Driver info: org.openqa.selenium.chrome.ChromeDriver
Capabilities {acceptInsecureCerts: false, browserName: chrome, browserVersion: 85.0.4183.121, chrome: {chromedriverVersion: 85.0.4183.87 (cd6713ebf92fa..., userDataDir: C:\Users\Waqas\AppData\Loca...}, goog:chromeOptions: {debuggerAddress: localhost:50086}, javascriptEnabled: true, networkConnectionEnabled: false, pageLoadStrategy: normal, platform: WINDOWS, platformName: WINDOWS, proxy: Proxy(), setWindowRect: true, strictFileInteractability: false, timeouts: {implicit: 0, pageLoad: 300000, script: 30000}, unhandledPromptBehavior: dismiss and notify, webauthn:virtualAuthenticators: true}
Session ID: ca3cdec52802910eb9bf68efcc2d4af0
*** Element info: {Using=css selector, value=https://delta-hotels.marriott.com/ }
	at java.base/jdk.internal.reflect.NativeConstructorAccessorImpl.newInstance0(Native Method)
	at java.base/jdk.internal.reflect.NativeConstructorAccessorImpl.newInstance(NativeConstructorAccessorImpl.java:62)
	at java.base/jdk.internal.reflect.DelegatingConstructorAccessorImpl.newInstance(DelegatingConstructorAccessorImpl.java:45)
	at java.base/java.lang.reflect.Constructor.newInstance(Constructor.java:490)
	at org.openqa.selenium.remote.http.W3CHttpResponseCodec.createException(W3CHttpResponseCodec.java:187)
	at org.openqa.selenium.remote.http.W3CHttpResponseCodec.decode(W3CHttpResponseCodec.java:122)
	at org.openqa.selenium.remote.http.W3CHttpResponseCodec.decode(W3CHttpResponseCodec.java:49)
	at org.openqa.selenium.remote.HttpCommandExecutor.execute(HttpCommandExecutor.java:158)
	at org.openqa.selenium.remote.service.DriverCommandExecutor.execute(DriverCommandExecutor.java:83)
	at org.openqa.selenium.remote.RemoteWebDriver.execute(RemoteWebDriver.java:552)
	at org.openqa.selenium.remote.RemoteWebDriver.findElement(RemoteWebDriver.java:323)
	at org.openqa.selenium.remote.RemoteWebDriver.findElementByCssSelector(RemoteWebDriver.java:420)
	at org.openqa.selenium.By$ByCssSelector.findElement(By.java:431)
	at org.openqa.selenium.remote.RemoteWebDriver.findElement(RemoteWebDriver.java:315)
	at base.CommonAPI.clickOnElement(CommonAPI.java:238)
	at home.MarriottHomePage.clickOnDeltaHotels(MarriottHomePage.java:562)
	at home.MarriottHomePageTest.testClickOnDeltaHotels(MarriottHomePageTest.java:287)
	at java.base/jdk.internal.reflect.NativeMethodAccessorImpl.invoke0(Native Method)
	at java.base/jdk.internal.reflect.NativeMethodAccessorImpl.invoke(NativeMethodAccessorImpl.java:62)
	at java.base/jdk.internal.reflect.DelegatingMethodAccessorImpl.invoke(DelegatingMethodAccessorImpl.java:43)
	at java.base/java.lang.reflect.Method.invoke(Method.java:566)
	at org.testng.internal.MethodInvocationHelper.invokeMethod(MethodInvocationHelper.java:134)
	at org.testng.internal.TestInvoker.invokeMethod(TestInvoker.java:597)
	at org.testng.internal.TestInvoker.invokeTestMethod(TestInvoker.java:173)
	at org.testng.internal.MethodRunner.runInSequence(MethodRunner.java:46)
	at org.testng.internal.TestInvoker$MethodInvocationAgent.invoke(TestInvoker.java:816)
	at org.testng.internal.TestInvoker.invokeTestMethods(TestInvoker.java:146)
	at org.testng.internal.TestMethodWorker.invokeTestMethods(TestMethodWorker.java:146)
	at org.testng.internal.TestMethodWorker.run(TestMethodWorker.java:128)
	at java.base/java.util.ArrayList.forEach(ArrayList.java:1541)
	at org.testng.TestRunner.privateRun(TestRunner.java:766)
	at org.testng.TestRunner.run(TestRunner.java:587)
	at org.testng.SuiteRunner.runTest(SuiteRunner.java:384)
	at org.testng.SuiteRunner.runSequentially(SuiteRunner.java:378)
	at org.testng.SuiteRunner.privateRun(SuiteRunner.java:337)
	at org.testng.SuiteRunner.run(SuiteRunner.java:286)
	at org.testng.SuiteRunnerWorker.runSuite(SuiteRunnerWorker.java:53)
	at org.testng.SuiteRunnerWorker.run(SuiteRunnerWorker.java:96)
	at org.testng.TestNG.runSuitesSequentially(TestNG.java:1187)
	at org.testng.TestNG.runSuitesLocally(TestNG.java:1109)
	at org.testng.TestNG.runSuites(TestNG.java:1039)
	at org.testng.TestNG.run(TestNG.java:1007)
	at com.intellij.rt.testng.IDEARemoteTestNG.run(IDEARemoteTestNG.java:66)
	at com.intellij.rt.testng.RemoteTestNGStarter.main(RemoteTestNGStarter.java:110)</td>
																</tr>
														</tbody>
													</table>
													<ul class='collapsible node-list' data-collapsible='accordion'>
													</ul>
												</div>
											</div>
										</li>
										<li class='collection-item test displayed active fail ' extentid='d7a21a44-a574-4cd6-b653-0f012629d084'>
											<div class='test-head'>
												<span class='test-name'>testClickOnEdition </span>
												<span class='test-status label right outline capitalize fail'>fail</span>
												<span class='category-assigned hide  marriotthomepagetest'></span>
											</div>
											<div class='test-body'>
												<div class='test-info'>
													<span title='Test started time' alt='Test started time' class='test-started-time label green lighten-1 text-white'>2020-09-26 09:19:36</span>
													<span title='Test ended time' alt='Test ended time' class='test-ended-time label red lighten-1 text-white'>2020-09-26 09:19:45</span>
													<span title='Time taken to finish' alt='Time taken to finish' class='test-time-taken label blue-grey lighten-3 text-white'>0h 0m 9s+299ms</span>
												</div>
												<div class='test-desc'></div>
												<div class='test-attributes'>
														<div class='categories'>
																<span class='category text-white'>MarriottHomePageTest</span>
														</div>
												</div>
												<div class='test-steps'>
													<table class='bordered table-results'>
														<thead>
															<tr>
																<th>Status</th>
																<th>Timestamp</th>
																<th>Details</th>
															</tr>
														</thead>
														<tbody>
																<tr>
																	<td class='status info' title='info' alt='info'><i class='mdi-action-info-outline'></i></td>
																	<td class='timestamp'>09:19:36</td>
																	<td class='step-details'>MarriottHomePageTest: test Click On Edition<br></td>
																</tr>
																<tr>
																	<td class='status fail' title='fail' alt='fail'><i class='mdi-navigation-cancel'></i></td>
																	<td class='timestamp'>09:19:45</td>
																	<td class='step-details'>org.openqa.selenium.InvalidSelectorException: invalid selector: An invalid or illegal selector was specified
  (Session info: chrome=85.0.4183.121)
For documentation on this error, please visit: https://www.seleniumhq.org/exceptions/invalid_selector_exception.html
Build info: version: '3.141.59', revision: 'e82be7d358', time: '2018-11-14T08:17:03'
System info: host: 'WAQAS', ip: '192.168.1.166', os.name: 'Windows 10', os.arch: 'amd64', os.version: '10.0', java.version: '11.0.8'
Driver info: org.openqa.selenium.chrome.ChromeDriver
Capabilities {acceptInsecureCerts: false, browserName: chrome, browserVersion: 85.0.4183.121, chrome: {chromedriverVersion: 85.0.4183.87 (cd6713ebf92fa..., userDataDir: C:\Users\Waqas\AppData\Loca...}, goog:chromeOptions: {debuggerAddress: localhost:50210}, javascriptEnabled: true, networkConnectionEnabled: false, pageLoadStrategy: normal, platform: WINDOWS, platformName: WINDOWS, proxy: Proxy(), setWindowRect: true, strictFileInteractability: false, timeouts: {implicit: 0, pageLoad: 300000, script: 30000}, unhandledPromptBehavior: dismiss and notify, webauthn:virtualAuthenticators: true}
Session ID: d03e7b3048216b630ce684670fb8e3dc
*** Element info: {Using=css selector, value=//li/a[@href='https://www.editionhotels.com/']}
	at java.base/jdk.internal.reflect.NativeConstructorAccessorImpl.newInstance0(Native Method)
	at java.base/jdk.internal.reflect.NativeConstructorAccessorImpl.newInstance(NativeConstructorAccessorImpl.java:62)
	at java.base/jdk.internal.reflect.DelegatingConstructorAccessorImpl.newInstance(DelegatingConstructorAccessorImpl.java:45)
	at java.base/java.lang.reflect.Constructor.newInstance(Constructor.java:490)
	at org.openqa.selenium.remote.http.W3CHttpResponseCodec.createException(W3CHttpResponseCodec.java:187)
	at org.openqa.selenium.remote.http.W3CHttpResponseCodec.decode(W3CHttpResponseCodec.java:122)
	at org.openqa.selenium.remote.http.W3CHttpResponseCodec.decode(W3CHttpResponseCodec.java:49)
	at org.openqa.selenium.remote.HttpCommandExecutor.execute(HttpCommandExecutor.java:158)
	at org.openqa.selenium.remote.service.DriverCommandExecutor.execute(DriverCommandExecutor.java:83)
	at org.openqa.selenium.remote.RemoteWebDriver.execute(RemoteWebDriver.java:552)
	at org.openqa.selenium.remote.RemoteWebDriver.findElement(RemoteWebDriver.java:323)
	at org.openqa.selenium.remote.RemoteWebDriver.findElementByCssSelector(RemoteWebDriver.java:420)
	at org.openqa.selenium.By$ByCssSelector.findElement(By.java:431)
	at org.openqa.selenium.remote.RemoteWebDriver.findElement(RemoteWebDriver.java:315)
	at base.CommonAPI.clickOnElement(CommonAPI.java:238)
	at home.MarriottHomePage.clickOnEdition(MarriottHomePage.java:493)
	at home.MarriottHomePageTest.testClickOnEdition(MarriottHomePageTest.java:245)
	at java.base/jdk.internal.reflect.NativeMethodAccessorImpl.invoke0(Native Method)
	at java.base/jdk.internal.reflect.NativeMethodAccessorImpl.invoke(NativeMethodAccessorImpl.java:62)
	at java.base/jdk.internal.reflect.DelegatingMethodAccessorImpl.invoke(DelegatingMethodAccessorImpl.java:43)
	at java.base/java.lang.reflect.Method.invoke(Method.java:566)
	at org.testng.internal.MethodInvocationHelper.invokeMethod(MethodInvocationHelper.java:134)
	at org.testng.internal.TestInvoker.invokeMethod(TestInvoker.java:597)
	at org.testng.internal.TestInvoker.invokeTestMethod(TestInvoker.java:173)
	at org.testng.internal.MethodRunner.runInSequence(MethodRunner.java:46)
	at org.testng.internal.TestInvoker$MethodInvocationAgent.invoke(TestInvoker.java:816)
	at org.testng.internal.TestInvoker.invokeTestMethods(TestInvoker.java:146)
	at org.testng.internal.TestMethodWorker.invokeTestMethods(TestMethodWorker.java:146)
	at org.testng.internal.TestMethodWorker.run(TestMethodWorker.java:128)
	at java.base/java.util.ArrayList.forEach(ArrayList.java:1541)
	at org.testng.TestRunner.privateRun(TestRunner.java:766)
	at org.testng.TestRunner.run(TestRunner.java:587)
	at org.testng.SuiteRunner.runTest(SuiteRunner.java:384)
	at org.testng.SuiteRunner.runSequentially(SuiteRunner.java:378)
	at org.testng.SuiteRunner.privateRun(SuiteRunner.java:337)
	at org.testng.SuiteRunner.run(SuiteRunner.java:286)
	at org.testng.SuiteRunnerWorker.runSuite(SuiteRunnerWorker.java:53)
	at org.testng.SuiteRunnerWorker.run(SuiteRunnerWorker.java:96)
	at org.testng.TestNG.runSuitesSequentially(TestNG.java:1187)
	at org.testng.TestNG.runSuitesLocally(TestNG.java:1109)
	at org.testng.TestNG.runSuites(TestNG.java:1039)
	at org.testng.TestNG.run(TestNG.java:1007)
	at com.intellij.rt.testng.IDEARemoteTestNG.run(IDEARemoteTestNG.java:66)
	at com.intellij.rt.testng.RemoteTestNGStarter.main(RemoteTestNGStarter.java:110)</td>
																</tr>
														</tbody>
													</table>
													<ul class='collapsible node-list' data-collapsible='accordion'>
													</ul>
												</div>
											</div>
										</li>
										<li class='collection-item test displayed active fail ' extentid='79293b37-eb79-4773-9bf3-a2305b78c6f9'>
											<div class='test-head'>
												<span class='test-name'>testClickOnExploreAll </span>
												<span class='test-status label right outline capitalize fail'>fail</span>
												<span class='category-assigned hide  marriotthomepagetest'></span>
											</div>
											<div class='test-body'>
												<div class='test-info'>
													<span title='Test started time' alt='Test started time' class='test-started-time label green lighten-1 text-white'>2020-09-26 09:20:12</span>
													<span title='Test ended time' alt='Test ended time' class='test-ended-time label red lighten-1 text-white'>2020-09-26 09:20:15</span>
													<span title='Time taken to finish' alt='Time taken to finish' class='test-time-taken label blue-grey lighten-3 text-white'>0h 0m 3s+25ms</span>
												</div>
												<div class='test-desc'></div>
												<div class='test-attributes'>
														<div class='categories'>
																<span class='category text-white'>MarriottHomePageTest</span>
														</div>
												</div>
												<div class='test-steps'>
													<table class='bordered table-results'>
														<thead>
															<tr>
																<th>Status</th>
																<th>Timestamp</th>
																<th>Details</th>
															</tr>
														</thead>
														<tbody>
																<tr>
																	<td class='status fail' title='fail' alt='fail'><i class='mdi-navigation-cancel'></i></td>
																	<td class='timestamp'>09:20:15</td>
																	<td class='step-details'>org.openqa.selenium.NoSuchElementException: no such element: Unable to locate element: {"method":"xpath","selector":"//p[text()='Explore Destinations']"}
  (Session info: chrome=85.0.4183.121)
For documentation on this error, please visit: https://www.seleniumhq.org/exceptions/no_such_element.html
Build info: version: '3.141.59', revision: 'e82be7d358', time: '2018-11-14T08:17:03'
System info: host: 'WAQAS', ip: '192.168.1.166', os.name: 'Windows 10', os.arch: 'amd64', os.version: '10.0', java.version: '11.0.8'
Driver info: org.openqa.selenium.chrome.ChromeDriver
Capabilities {acceptInsecureCerts: false, browserName: chrome, browserVersion: 85.0.4183.121, chrome: {chromedriverVersion: 85.0.4183.87 (cd6713ebf92fa..., userDataDir: C:\Users\Waqas\AppData\Loca...}, goog:chromeOptions: {debuggerAddress: localhost:50334}, javascriptEnabled: true, networkConnectionEnabled: false, pageLoadStrategy: normal, platform: WINDOWS, platformName: WINDOWS, proxy: Proxy(), setWindowRect: true, strictFileInteractability: false, timeouts: {implicit: 0, pageLoad: 300000, script: 30000}, unhandledPromptBehavior: dismiss and notify, webauthn:virtualAuthenticators: true}
Session ID: 60506bfffdd26152c30edc03c64d4d65
*** Element info: {Using=xpath, value=//p[text()='Explore Destinations']}
	at java.base/jdk.internal.reflect.NativeConstructorAccessorImpl.newInstance0(Native Method)
	at java.base/jdk.internal.reflect.NativeConstructorAccessorImpl.newInstance(NativeConstructorAccessorImpl.java:62)
	at java.base/jdk.internal.reflect.DelegatingConstructorAccessorImpl.newInstance(DelegatingConstructorAccessorImpl.java:45)
	at java.base/java.lang.reflect.Constructor.newInstance(Constructor.java:490)
	at org.openqa.selenium.remote.http.W3CHttpResponseCodec.createException(W3CHttpResponseCodec.java:187)
	at org.openqa.selenium.remote.http.W3CHttpResponseCodec.decode(W3CHttpResponseCodec.java:122)
	at org.openqa.selenium.remote.http.W3CHttpResponseCodec.decode(W3CHttpResponseCodec.java:49)
	at org.openqa.selenium.remote.HttpCommandExecutor.execute(HttpCommandExecutor.java:158)
	at org.openqa.selenium.remote.service.DriverCommandExecutor.execute(DriverCommandExecutor.java:83)
	at org.openqa.selenium.remote.RemoteWebDriver.execute(RemoteWebDriver.java:552)
	at org.openqa.selenium.remote.RemoteWebDriver.findElement(RemoteWebDriver.java:323)
	at org.openqa.selenium.remote.RemoteWebDriver.findElementByXPath(RemoteWebDriver.java:428)
	at org.openqa.selenium.By$ByXPath.findElement(By.java:353)
	at org.openqa.selenium.remote.RemoteWebDriver.findElement(RemoteWebDriver.java:315)
	at org.openqa.selenium.support.pagefactory.DefaultElementLocator.findElement(DefaultElementLocator.java:69)
	at org.openqa.selenium.support.pagefactory.internal.LocatingElementHandler.invoke(LocatingElementHandler.java:38)
	at com.sun.proxy.$Proxy16.click(Unknown Source)
	at home.MarriottHomePage.clickOnExploreAll(MarriottHomePage.java:229)
	at home.MarriottHomePageTest.testClickOnExploreAll(MarriottHomePageTest.java:100)
	at java.base/jdk.internal.reflect.NativeMethodAccessorImpl.invoke0(Native Method)
	at java.base/jdk.internal.reflect.NativeMethodAccessorImpl.invoke(NativeMethodAccessorImpl.java:62)
	at java.base/jdk.internal.reflect.DelegatingMethodAccessorImpl.invoke(DelegatingMethodAccessorImpl.java:43)
	at java.base/java.lang.reflect.Method.invoke(Method.java:566)
	at org.testng.internal.MethodInvocationHelper.invokeMethod(MethodInvocationHelper.java:134)
	at org.testng.internal.TestInvoker.invokeMethod(TestInvoker.java:597)
	at org.testng.internal.TestInvoker.invokeTestMethod(TestInvoker.java:173)
	at org.testng.internal.MethodRunner.runInSequence(MethodRunner.java:46)
	at org.testng.internal.TestInvoker$MethodInvocationAgent.invoke(TestInvoker.java:816)
	at org.testng.internal.TestInvoker.invokeTestMethods(TestInvoker.java:146)
	at org.testng.internal.TestMethodWorker.invokeTestMethods(TestMethodWorker.java:146)
	at org.testng.internal.TestMethodWorker.run(TestMethodWorker.java:128)
	at java.base/java.util.ArrayList.forEach(ArrayList.java:1541)
	at org.testng.TestRunner.privateRun(TestRunner.java:766)
	at org.testng.TestRunner.run(TestRunner.java:587)
	at org.testng.SuiteRunner.runTest(SuiteRunner.java:384)
	at org.testng.SuiteRunner.runSequentially(SuiteRunner.java:378)
	at org.testng.SuiteRunner.privateRun(SuiteRunner.java:337)
	at org.testng.SuiteRunner.run(SuiteRunner.java:286)
	at org.testng.SuiteRunnerWorker.runSuite(SuiteRunnerWorker.java:53)
	at org.testng.SuiteRunnerWorker.run(SuiteRunnerWorker.java:96)
	at org.testng.TestNG.runSuitesSequentially(TestNG.java:1187)
	at org.testng.TestNG.runSuitesLocally(TestNG.java:1109)
	at org.testng.TestNG.runSuites(TestNG.java:1039)
	at org.testng.TestNG.run(TestNG.java:1007)
	at com.intellij.rt.testng.IDEARemoteTestNG.run(IDEARemoteTestNG.java:66)
	at com.intellij.rt.testng.RemoteTestNGStarter.main(RemoteTestNGStarter.java:110)</td>
																</tr>
														</tbody>
													</table>
													<ul class='collapsible node-list' data-collapsible='accordion'>
													</ul>
												</div>
											</div>
										</li>
										<li class='collection-item test displayed active pass ' extentid='7ba0ea07-20f2-4cdb-ab64-18b53aa2b655'>
											<div class='test-head'>
												<span class='test-name'>testClickOnGrouptTravels </span>
												<span class='test-status label right outline capitalize pass'>pass</span>
												<span class='category-assigned hide  marriotthomepagetest'></span>
											</div>
											<div class='test-body'>
												<div class='test-info'>
													<span title='Test started time' alt='Test started time' class='test-started-time label green lighten-1 text-white'>2020-09-26 09:20:38</span>
													<span title='Test ended time' alt='Test ended time' class='test-ended-time label red lighten-1 text-white'>2020-09-26 09:20:42</span>
													<span title='Time taken to finish' alt='Time taken to finish' class='test-time-taken label blue-grey lighten-3 text-white'>0h 0m 4s+153ms</span>
												</div>
												<div class='test-desc'></div>
												<div class='test-attributes'>
														<div class='categories'>
																<span class='category text-white'>MarriottHomePageTest</span>
														</div>
												</div>
												<div class='test-steps'>
													<table class='bordered table-results'>
														<thead>
															<tr>
																<th>Status</th>
																<th>Timestamp</th>
																<th>Details</th>
															</tr>
														</thead>
														<tbody>
																<tr>
																	<td class='status info' title='info' alt='info'><i class='mdi-action-info-outline'></i></td>
																	<td class='timestamp'>09:20:38</td>
																	<td class='step-details'>MarriottHomePageTest: test Click On Groupt Travels<br></td>
																</tr>
																<tr>
																	<td class='status pass' title='pass' alt='pass'><i class='mdi-action-check-circle'></i></td>
																	<td class='timestamp'>09:20:42</td>
																	<td class='step-details'>Test Passed</td>
																</tr>
														</tbody>
													</table>
													<ul class='collapsible node-list' data-collapsible='accordion'>
													</ul>
												</div>
											</div>
										</li>
										<li class='collection-item test displayed active pass ' extentid='3cf9dcaf-e820-49ec-bea2-7db59ade9e11'>
											<div class='test-head'>
												<span class='test-name'>testClickOnJWHotels </span>
												<span class='test-status label right outline capitalize pass'>pass</span>
												<span class='category-assigned hide  marriotthomepagetest'></span>
											</div>
											<div class='test-body'>
												<div class='test-info'>
													<span title='Test started time' alt='Test started time' class='test-started-time label green lighten-1 text-white'>2020-09-26 09:21:01</span>
													<span title='Test ended time' alt='Test ended time' class='test-ended-time label red lighten-1 text-white'>2020-09-26 09:21:04</span>
													<span title='Time taken to finish' alt='Time taken to finish' class='test-time-taken label blue-grey lighten-3 text-white'>0h 0m 2s+968ms</span>
												</div>
												<div class='test-desc'></div>
												<div class='test-attributes'>
														<div class='categories'>
																<span class='category text-white'>MarriottHomePageTest</span>
														</div>
												</div>
												<div class='test-steps'>
													<table class='bordered table-results'>
														<thead>
															<tr>
																<th>Status</th>
																<th>Timestamp</th>
																<th>Details</th>
															</tr>
														</thead>
														<tbody>
																<tr>
																	<td class='status info' title='info' alt='info'><i class='mdi-action-info-outline'></i></td>
																	<td class='timestamp'>09:21:01</td>
																	<td class='step-details'>MarriottHomePageTest: test Click On JW Hotels<br></td>
																</tr>
																<tr>
																	<td class='status pass' title='pass' alt='pass'><i class='mdi-action-check-circle'></i></td>
																	<td class='timestamp'>09:21:04</td>
																	<td class='step-details'>Test Passed</td>
																</tr>
														</tbody>
													</table>
													<ul class='collapsible node-list' data-collapsible='accordion'>
													</ul>
												</div>
											</div>
										</li>
										<li class='collection-item test displayed active pass ' extentid='55cdfca4-8a32-41de-b754-c86a1435908b'>
											<div class='test-head'>
												<span class='test-name'>testClickOnOurBrands </span>
												<span class='test-status label right outline capitalize pass'>pass</span>
												<span class='category-assigned hide  marriotthomepagetest'></span>
											</div>
											<div class='test-body'>
												<div class='test-info'>
													<span title='Test started time' alt='Test started time' class='test-started-time label green lighten-1 text-white'>2020-09-26 09:21:25</span>
													<span title='Test ended time' alt='Test ended time' class='test-ended-time label red lighten-1 text-white'>2020-09-26 09:21:29</span>
													<span title='Time taken to finish' alt='Time taken to finish' class='test-time-taken label blue-grey lighten-3 text-white'>0h 0m 4s+839ms</span>
												</div>
												<div class='test-desc'></div>
												<div class='test-attributes'>
														<div class='categories'>
																<span class='category text-white'>MarriottHomePageTest</span>
														</div>
												</div>
												<div class='test-steps'>
													<table class='bordered table-results'>
														<thead>
															<tr>
																<th>Status</th>
																<th>Timestamp</th>
																<th>Details</th>
															</tr>
														</thead>
														<tbody>
																<tr>
																	<td class='status info' title='info' alt='info'><i class='mdi-action-info-outline'></i></td>
																	<td class='timestamp'>09:21:25</td>
																	<td class='step-details'>MarriottHomePageTest: test Click On Our Brands<br></td>
																</tr>
																<tr>
																	<td class='status pass' title='pass' alt='pass'><i class='mdi-action-check-circle'></i></td>
																	<td class='timestamp'>09:21:29</td>
																	<td class='step-details'>Test Passed</td>
																</tr>
														</tbody>
													</table>
													<ul class='collapsible node-list' data-collapsible='accordion'>
													</ul>
												</div>
											</div>
										</li>
										<li class='collection-item test displayed active pass ' extentid='23dec6f5-cdc7-48a4-b1d7-30c5bb869a31'>
											<div class='test-head'>
												<span class='test-name'>testClickOnOurCreditCards </span>
												<span class='test-status label right outline capitalize pass'>pass</span>
												<span class='category-assigned hide  marriotthomepagetest'></span>
											</div>
											<div class='test-body'>
												<div class='test-info'>
													<span title='Test started time' alt='Test started time' class='test-started-time label green lighten-1 text-white'>2020-09-26 09:21:52</span>
													<span title='Test ended time' alt='Test ended time' class='test-ended-time label red lighten-1 text-white'>2020-09-26 09:21:55</span>
													<span title='Time taken to finish' alt='Time taken to finish' class='test-time-taken label blue-grey lighten-3 text-white'>0h 0m 3s+42ms</span>
												</div>
												<div class='test-desc'></div>
												<div class='test-attributes'>
														<div class='categories'>
																<span class='category text-white'>MarriottHomePageTest</span>
														</div>
												</div>
												<div class='test-steps'>
													<table class='bordered table-results'>
														<thead>
															<tr>
																<th>Status</th>
																<th>Timestamp</th>
																<th>Details</th>
															</tr>
														</thead>
														<tbody>
																<tr>
																	<td class='status info' title='info' alt='info'><i class='mdi-action-info-outline'></i></td>
																	<td class='timestamp'>09:21:52</td>
																	<td class='step-details'>MarriottHomePageTest: test Click On Our Credit Cards<br></td>
																</tr>
																<tr>
																	<td class='status pass' title='pass' alt='pass'><i class='mdi-action-check-circle'></i></td>
																	<td class='timestamp'>09:21:55</td>
																	<td class='step-details'>Test Passed</td>
																</tr>
														</tbody>
													</table>
													<ul class='collapsible node-list' data-collapsible='accordion'>
													</ul>
												</div>
											</div>
										</li>
										<li class='collection-item test displayed active pass ' extentid='0e44b6f2-01ef-4538-9b3c-b334fd1f4132'>
											<div class='test-head'>
												<span class='test-name'>testClickOnRegis </span>
												<span class='test-status label right outline capitalize pass'>pass</span>
												<span class='category-assigned hide  marriotthomepagetest'></span>
											</div>
											<div class='test-body'>
												<div class='test-info'>
													<span title='Test started time' alt='Test started time' class='test-started-time label green lighten-1 text-white'>2020-09-26 09:22:16</span>
													<span title='Test ended time' alt='Test ended time' class='test-ended-time label red lighten-1 text-white'>2020-09-26 09:22:18</span>
													<span title='Time taken to finish' alt='Time taken to finish' class='test-time-taken label blue-grey lighten-3 text-white'>0h 0m 2s+56ms</span>
												</div>
												<div class='test-desc'></div>
												<div class='test-attributes'>
														<div class='categories'>
																<span class='category text-white'>MarriottHomePageTest</span>
														</div>
												</div>
												<div class='test-steps'>
													<table class='bordered table-results'>
														<thead>
															<tr>
																<th>Status</th>
																<th>Timestamp</th>
																<th>Details</th>
															</tr>
														</thead>
														<tbody>
																<tr>
																	<td class='status info' title='info' alt='info'><i class='mdi-action-info-outline'></i></td>
																	<td class='timestamp'>09:22:16</td>
																	<td class='step-details'>MarriottHomePageTest: test Click On Regis<br></td>
																</tr>
																<tr>
																	<td class='status pass' title='pass' alt='pass'><i class='mdi-action-check-circle'></i></td>
																	<td class='timestamp'>09:22:18</td>
																	<td class='step-details'>Test Passed</td>
																</tr>
														</tbody>
													</table>
													<ul class='collapsible node-list' data-collapsible='accordion'>
													</ul>
												</div>
											</div>
										</li>
										<li class='collection-item test displayed active fail ' extentid='ae7fa56b-9d6f-4abc-8367-bdcda5d486f2'>
											<div class='test-head'>
												<span class='test-name'>testClickOnRitz </span>
												<span class='test-status label right outline capitalize fail'>fail</span>
												<span class='category-assigned hide  marriotthomepagetest'></span>
											</div>
											<div class='test-body'>
												<div class='test-info'>
													<span title='Test started time' alt='Test started time' class='test-started-time label green lighten-1 text-white'>2020-09-26 09:22:39</span>
													<span title='Test ended time' alt='Test ended time' class='test-ended-time label red lighten-1 text-white'>2020-09-26 09:22:42</span>
													<span title='Time taken to finish' alt='Time taken to finish' class='test-time-taken label blue-grey lighten-3 text-white'>0h 0m 3s+54ms</span>
												</div>
												<div class='test-desc'></div>
												<div class='test-attributes'>
														<div class='categories'>
																<span class='category text-white'>MarriottHomePageTest</span>
														</div>
												</div>
												<div class='test-steps'>
													<table class='bordered table-results'>
														<thead>
															<tr>
																<th>Status</th>
																<th>Timestamp</th>
																<th>Details</th>
															</tr>
														</thead>
														<tbody>
																<tr>
																	<td class='status info' title='info' alt='info'><i class='mdi-action-info-outline'></i></td>
																	<td class='timestamp'>09:22:39</td>
																	<td class='step-details'>MarriottHomePageTest: test Click On Ritz<br></td>
																</tr>
																<tr>
																	<td class='status fail' title='fail' alt='fail'><i class='mdi-navigation-cancel'></i></td>
																	<td class='timestamp'>09:22:42</td>
																	<td class='step-details'>org.openqa.selenium.NoSuchElementException: no such element: Unable to locate element: {"method":"xpath","selector":"//a[@href='https://www.ritzcarlton.com/']"}
  (Session info: chrome=85.0.4183.121)
For documentation on this error, please visit: https://www.seleniumhq.org/exceptions/no_such_element.html
Build info: version: '3.141.59', revision: 'e82be7d358', time: '2018-11-14T08:17:03'
System info: host: 'WAQAS', ip: '192.168.1.166', os.name: 'Windows 10', os.arch: 'amd64', os.version: '10.0', java.version: '11.0.8'
Driver info: org.openqa.selenium.chrome.ChromeDriver
Capabilities {acceptInsecureCerts: false, browserName: chrome, browserVersion: 85.0.4183.121, chrome: {chromedriverVersion: 85.0.4183.87 (cd6713ebf92fa..., userDataDir: C:\Users\Waqas\AppData\Loca...}, goog:chromeOptions: {debuggerAddress: localhost:51100}, javascriptEnabled: true, networkConnectionEnabled: false, pageLoadStrategy: normal, platform: WINDOWS, platformName: WINDOWS, proxy: Proxy(), setWindowRect: true, strictFileInteractability: false, timeouts: {implicit: 0, pageLoad: 300000, script: 30000}, unhandledPromptBehavior: dismiss and notify, webauthn:virtualAuthenticators: true}
Session ID: 7ab2291283d7f2b2d790052fe95f480e
*** Element info: {Using=xpath, value=//a[@href='https://www.ritzcarlton.com/']}
	at java.base/jdk.internal.reflect.NativeConstructorAccessorImpl.newInstance0(Native Method)
	at java.base/jdk.internal.reflect.NativeConstructorAccessorImpl.newInstance(NativeConstructorAccessorImpl.java:62)
	at java.base/jdk.internal.reflect.DelegatingConstructorAccessorImpl.newInstance(DelegatingConstructorAccessorImpl.java:45)
	at java.base/java.lang.reflect.Constructor.newInstance(Constructor.java:490)
	at org.openqa.selenium.remote.http.W3CHttpResponseCodec.createException(W3CHttpResponseCodec.java:187)
	at org.openqa.selenium.remote.http.W3CHttpResponseCodec.decode(W3CHttpResponseCodec.java:122)
	at org.openqa.selenium.remote.http.W3CHttpResponseCodec.decode(W3CHttpResponseCodec.java:49)
	at org.openqa.selenium.remote.HttpCommandExecutor.execute(HttpCommandExecutor.java:158)
	at org.openqa.selenium.remote.service.DriverCommandExecutor.execute(DriverCommandExecutor.java:83)
	at org.openqa.selenium.remote.RemoteWebDriver.execute(RemoteWebDriver.java:552)
	at org.openqa.selenium.remote.RemoteWebDriver.findElement(RemoteWebDriver.java:323)
	at org.openqa.selenium.remote.RemoteWebDriver.findElementByXPath(RemoteWebDriver.java:428)
	at org.openqa.selenium.By$ByXPath.findElement(By.java:353)
	at org.openqa.selenium.remote.RemoteWebDriver.findElement(RemoteWebDriver.java:315)
	at org.openqa.selenium.support.pagefactory.DefaultElementLocator.findElement(DefaultElementLocator.java:69)
	at org.openqa.selenium.support.pagefactory.internal.LocatingElementHandler.invoke(LocatingElementHandler.java:38)
	at com.sun.proxy.$Proxy16.click(Unknown Source)
	at home.MarriottHomePage.clickOnRitz(MarriottHomePage.java:477)
	at home.MarriottHomePageTest.testClickOnRitz(MarriottHomePageTest.java:332)
	at java.base/jdk.internal.reflect.NativeMethodAccessorImpl.invoke0(Native Method)
	at java.base/jdk.internal.reflect.NativeMethodAccessorImpl.invoke(NativeMethodAccessorImpl.java:62)
	at java.base/jdk.internal.reflect.DelegatingMethodAccessorImpl.invoke(DelegatingMethodAccessorImpl.java:43)
	at java.base/java.lang.reflect.Method.invoke(Method.java:566)
	at org.testng.internal.MethodInvocationHelper.invokeMethod(MethodInvocationHelper.java:134)
	at org.testng.internal.TestInvoker.invokeMethod(TestInvoker.java:597)
	at org.testng.internal.TestInvoker.invokeTestMethod(TestInvoker.java:173)
	at org.testng.internal.MethodRunner.runInSequence(MethodRunner.java:46)
	at org.testng.internal.TestInvoker$MethodInvocationAgent.invoke(TestInvoker.java:816)
	at org.testng.internal.TestInvoker.invokeTestMethods(TestInvoker.java:146)
	at org.testng.internal.TestMethodWorker.invokeTestMethods(TestMethodWorker.java:146)
	at org.testng.internal.TestMethodWorker.run(TestMethodWorker.java:128)
	at java.base/java.util.ArrayList.forEach(ArrayList.java:1541)
	at org.testng.TestRunner.privateRun(TestRunner.java:766)
	at org.testng.TestRunner.run(TestRunner.java:587)
	at org.testng.SuiteRunner.runTest(SuiteRunner.java:384)
	at org.testng.SuiteRunner.runSequentially(SuiteRunner.java:378)
	at org.testng.SuiteRunner.privateRun(SuiteRunner.java:337)
	at org.testng.SuiteRunner.run(SuiteRunner.java:286)
	at org.testng.SuiteRunnerWorker.runSuite(SuiteRunnerWorker.java:53)
	at org.testng.SuiteRunnerWorker.run(SuiteRunnerWorker.java:96)
	at org.testng.TestNG.runSuitesSequentially(TestNG.java:1187)
	at org.testng.TestNG.runSuitesLocally(TestNG.java:1109)
	at org.testng.TestNG.runSuites(TestNG.java:1039)
	at org.testng.TestNG.run(TestNG.java:1007)
	at com.intellij.rt.testng.IDEARemoteTestNG.run(IDEARemoteTestNG.java:66)
	at com.intellij.rt.testng.RemoteTestNGStarter.main(RemoteTestNGStarter.java:110)</td>
																</tr>
														</tbody>
													</table>
													<ul class='collapsible node-list' data-collapsible='accordion'>
													</ul>
												</div>
											</div>
										</li>
										<li class='collection-item test displayed active pass ' extentid='2f6a17e6-d080-45d7-800f-332b47fbe393'>
											<div class='test-head'>
												<span class='test-name'>testClickOnWHotels </span>
												<span class='test-status label right outline capitalize pass'>pass</span>
												<span class='category-assigned hide  marriotthomepagetest'></span>
											</div>
											<div class='test-body'>
												<div class='test-info'>
													<span title='Test started time' alt='Test started time' class='test-started-time label green lighten-1 text-white'>2020-09-26 09:23:02</span>
													<span title='Test ended time' alt='Test ended time' class='test-ended-time label red lighten-1 text-white'>2020-09-26 09:23:04</span>
													<span title='Time taken to finish' alt='Time taken to finish' class='test-time-taken label blue-grey lighten-3 text-white'>0h 0m 1s+762ms</span>
												</div>
												<div class='test-desc'></div>
												<div class='test-attributes'>
														<div class='categories'>
																<span class='category text-white'>MarriottHomePageTest</span>
														</div>
												</div>
												<div class='test-steps'>
													<table class='bordered table-results'>
														<thead>
															<tr>
																<th>Status</th>
																<th>Timestamp</th>
																<th>Details</th>
															</tr>
														</thead>
														<tbody>
																<tr>
																	<td class='status info' title='info' alt='info'><i class='mdi-action-info-outline'></i></td>
																	<td class='timestamp'>09:23:02</td>
																	<td class='step-details'>MarriottHomePageTest: test Click On W Hotels<br></td>
																</tr>
																<tr>
																	<td class='status pass' title='pass' alt='pass'><i class='mdi-action-check-circle'></i></td>
																	<td class='timestamp'>09:23:04</td>
																	<td class='step-details'>Test Passed</td>
																</tr>
														</tbody>
													</table>
													<ul class='collapsible node-list' data-collapsible='accordion'>
													</ul>
												</div>
											</div>
										</li>
										<li class='collection-item test displayed active pass ' extentid='77785b94-82a8-4b72-9e30-5ecd9451e486'>
											<div class='test-head'>
												<span class='test-name'>testClickOnWestin </span>
												<span class='test-status label right outline capitalize pass'>pass</span>
												<span class='category-assigned hide  marriotthomepagetest'></span>
											</div>
											<div class='test-body'>
												<div class='test-info'>
													<span title='Test started time' alt='Test started time' class='test-started-time label green lighten-1 text-white'>2020-09-26 09:23:23</span>
													<span title='Test ended time' alt='Test ended time' class='test-ended-time label red lighten-1 text-white'>2020-09-26 09:23:27</span>
													<span title='Time taken to finish' alt='Time taken to finish' class='test-time-taken label blue-grey lighten-3 text-white'>0h 0m 4s+28ms</span>
												</div>
												<div class='test-desc'></div>
												<div class='test-attributes'>
														<div class='categories'>
																<span class='category text-white'>MarriottHomePageTest</span>
														</div>
												</div>
												<div class='test-steps'>
													<table class='bordered table-results'>
														<thead>
															<tr>
																<th>Status</th>
																<th>Timestamp</th>
																<th>Details</th>
															</tr>
														</thead>
														<tbody>
																<tr>
																	<td class='status info' title='info' alt='info'><i class='mdi-action-info-outline'></i></td>
																	<td class='timestamp'>09:23:23</td>
																	<td class='step-details'>MarriottHomePageTest: test Click On Westin<br></td>
																</tr>
																<tr>
																	<td class='status pass' title='pass' alt='pass'><i class='mdi-action-check-circle'></i></td>
																	<td class='timestamp'>09:23:27</td>
																	<td class='step-details'>Test Passed</td>
																</tr>
														</tbody>
													</table>
													<ul class='collapsible node-list' data-collapsible='accordion'>
													</ul>
												</div>
											</div>
										</li>
										<li class='collection-item test displayed active pass ' extentid='a70eda6a-a597-4a15-afda-2997bcb53dcb'>
											<div class='test-head'>
												<span class='test-name'>testClickOnleMeridienHotels </span>
												<span class='test-status label right outline capitalize pass'>pass</span>
												<span class='category-assigned hide  marriotthomepagetest'></span>
											</div>
											<div class='test-body'>
												<div class='test-info'>
													<span title='Test started time' alt='Test started time' class='test-started-time label green lighten-1 text-white'>2020-09-26 09:23:48</span>
													<span title='Test ended time' alt='Test ended time' class='test-ended-time label red lighten-1 text-white'>2020-09-26 09:23:53</span>
													<span title='Time taken to finish' alt='Time taken to finish' class='test-time-taken label blue-grey lighten-3 text-white'>0h 0m 5s+11ms</span>
												</div>
												<div class='test-desc'></div>
												<div class='test-attributes'>
														<div class='categories'>
																<span class='category text-white'>MarriottHomePageTest</span>
														</div>
												</div>
												<div class='test-steps'>
													<table class='bordered table-results'>
														<thead>
															<tr>
																<th>Status</th>
																<th>Timestamp</th>
																<th>Details</th>
															</tr>
														</thead>
														<tbody>
																<tr>
																	<td class='status info' title='info' alt='info'><i class='mdi-action-info-outline'></i></td>
																	<td class='timestamp'>09:23:48</td>
																	<td class='step-details'>MarriottHomePageTest: test Click Onle Meridien Hotels<br></td>
																</tr>
																<tr>
																	<td class='status pass' title='pass' alt='pass'><i class='mdi-action-check-circle'></i></td>
																	<td class='timestamp'>09:23:53</td>
																	<td class='step-details'>Test Passed</td>
																</tr>
														</tbody>
													</table>
													<ul class='collapsible node-list' data-collapsible='accordion'>
													</ul>
												</div>
											</div>
										</li>
										<li class='collection-item test displayed active fail ' extentid='f18a0ec8-3590-43e5-8e93-0a15bd130132'>
											<div class='test-head'>
												<span class='test-name'>testFindNReserve </span>
												<span class='test-status label right outline capitalize fail'>fail</span>
												<span class='category-assigned hide  marriotthomepagetest'></span>
											</div>
											<div class='test-body'>
												<div class='test-info'>
													<span title='Test started time' alt='Test started time' class='test-started-time label green lighten-1 text-white'>2020-09-26 09:24:14</span>
													<span title='Test ended time' alt='Test ended time' class='test-ended-time label red lighten-1 text-white'>2020-09-26 09:24:21</span>
													<span title='Time taken to finish' alt='Time taken to finish' class='test-time-taken label blue-grey lighten-3 text-white'>0h 0m 6s+655ms</span>
												</div>
												<div class='test-desc'></div>
												<div class='test-attributes'>
														<div class='categories'>
																<span class='category text-white'>MarriottHomePageTest</span>
														</div>
												</div>
												<div class='test-steps'>
													<table class='bordered table-results'>
														<thead>
															<tr>
																<th>Status</th>
																<th>Timestamp</th>
																<th>Details</th>
															</tr>
														</thead>
														<tbody>
																<tr>
																	<td class='status info' title='info' alt='info'><i class='mdi-action-info-outline'></i></td>
																	<td class='timestamp'>09:24:14</td>
																	<td class='step-details'>MarriottHomePageTest: test Find N Reserve<br></td>
																</tr>
																<tr>
																	<td class='status fail' title='fail' alt='fail'><i class='mdi-navigation-cancel'></i></td>
																	<td class='timestamp'>09:24:21</td>
																	<td class='step-details'>org.openqa.selenium.NoSuchElementException: no such element: Unable to locate element: {"method":"xpath","selector":"//*[@id="edit-search-form"]/div/div[1]/label"}
  (Session info: chrome=85.0.4183.121)
For documentation on this error, please visit: https://www.seleniumhq.org/exceptions/no_such_element.html
Build info: version: '3.141.59', revision: 'e82be7d358', time: '2018-11-14T08:17:03'
System info: host: 'WAQAS', ip: '192.168.1.166', os.name: 'Windows 10', os.arch: 'amd64', os.version: '10.0', java.version: '11.0.8'
Driver info: org.openqa.selenium.chrome.ChromeDriver
Capabilities {acceptInsecureCerts: false, browserName: chrome, browserVersion: 85.0.4183.121, chrome: {chromedriverVersion: 85.0.4183.87 (cd6713ebf92fa..., userDataDir: C:\Users\Waqas\AppData\Loca...}, goog:chromeOptions: {debuggerAddress: localhost:51621}, javascriptEnabled: true, networkConnectionEnabled: false, pageLoadStrategy: normal, platform: WINDOWS, platformName: WINDOWS, proxy: Proxy(), setWindowRect: true, strictFileInteractability: false, timeouts: {implicit: 0, pageLoad: 300000, script: 30000}, unhandledPromptBehavior: dismiss and notify, webauthn:virtualAuthenticators: true}
Session ID: 6b90e781d9a13b13844b9e0fffbe78c3
*** Element info: {Using=xpath, value=//*[@id="edit-search-form"]/div/div[1]/label}
	at java.base/jdk.internal.reflect.NativeConstructorAccessorImpl.newInstance0(Native Method)
	at java.base/jdk.internal.reflect.NativeConstructorAccessorImpl.newInstance(NativeConstructorAccessorImpl.java:62)
	at java.base/jdk.internal.reflect.DelegatingConstructorAccessorImpl.newInstance(DelegatingConstructorAccessorImpl.java:45)
	at java.base/java.lang.reflect.Constructor.newInstance(Constructor.java:490)
	at org.openqa.selenium.remote.http.W3CHttpResponseCodec.createException(W3CHttpResponseCodec.java:187)
	at org.openqa.selenium.remote.http.W3CHttpResponseCodec.decode(W3CHttpResponseCodec.java:122)
	at org.openqa.selenium.remote.http.W3CHttpResponseCodec.decode(W3CHttpResponseCodec.java:49)
	at org.openqa.selenium.remote.HttpCommandExecutor.execute(HttpCommandExecutor.java:158)
	at org.openqa.selenium.remote.service.DriverCommandExecutor.execute(DriverCommandExecutor.java:83)
	at org.openqa.selenium.remote.RemoteWebDriver.execute(RemoteWebDriver.java:552)
	at org.openqa.selenium.remote.RemoteWebDriver.findElement(RemoteWebDriver.java:323)
	at org.openqa.selenium.remote.RemoteWebDriver.findElementByXPath(RemoteWebDriver.java:428)
	at org.openqa.selenium.By$ByXPath.findElement(By.java:353)
	at org.openqa.selenium.remote.RemoteWebDriver.findElement(RemoteWebDriver.java:315)
	at org.openqa.selenium.support.pagefactory.DefaultElementLocator.findElement(DefaultElementLocator.java:69)
	at org.openqa.selenium.support.pagefactory.internal.LocatingElementHandler.invoke(LocatingElementHandler.java:38)
	at com.sun.proxy.$Proxy16.getText(Unknown Source)
	at home.MarriottHomePage.validateFindNReserve(MarriottHomePage.java:101)
	at home.MarriottHomePageTest.testFindNReserve(MarriottHomePageTest.java:61)
	at java.base/jdk.internal.reflect.NativeMethodAccessorImpl.invoke0(Native Method)
	at java.base/jdk.internal.reflect.NativeMethodAccessorImpl.invoke(NativeMethodAccessorImpl.java:62)
	at java.base/jdk.internal.reflect.DelegatingMethodAccessorImpl.invoke(DelegatingMethodAccessorImpl.java:43)
	at java.base/java.lang.reflect.Method.invoke(Method.java:566)
	at org.testng.internal.MethodInvocationHelper.invokeMethod(MethodInvocationHelper.java:134)
	at org.testng.internal.TestInvoker.invokeMethod(TestInvoker.java:597)
	at org.testng.internal.TestInvoker.invokeTestMethod(TestInvoker.java:173)
	at org.testng.internal.MethodRunner.runInSequence(MethodRunner.java:46)
	at org.testng.internal.TestInvoker$MethodInvocationAgent.invoke(TestInvoker.java:816)
	at org.testng.internal.TestInvoker.invokeTestMethods(TestInvoker.java:146)
	at org.testng.internal.TestMethodWorker.invokeTestMethods(TestMethodWorker.java:146)
	at org.testng.internal.TestMethodWorker.run(TestMethodWorker.java:128)
	at java.base/java.util.ArrayList.forEach(ArrayList.java:1541)
	at org.testng.TestRunner.privateRun(TestRunner.java:766)
	at org.testng.TestRunner.run(TestRunner.java:587)
	at org.testng.SuiteRunner.runTest(SuiteRunner.java:384)
	at org.testng.SuiteRunner.runSequentially(SuiteRunner.java:378)
	at org.testng.SuiteRunner.privateRun(SuiteRunner.java:337)
	at org.testng.SuiteRunner.run(SuiteRunner.java:286)
	at org.testng.SuiteRunnerWorker.runSuite(SuiteRunnerWorker.java:53)
	at org.testng.SuiteRunnerWorker.run(SuiteRunnerWorker.java:96)
	at org.testng.TestNG.runSuitesSequentially(TestNG.java:1187)
	at org.testng.TestNG.runSuitesLocally(TestNG.java:1109)
	at org.testng.TestNG.runSuites(TestNG.java:1039)
	at org.testng.TestNG.run(TestNG.java:1007)
	at com.intellij.rt.testng.IDEARemoteTestNG.run(IDEARemoteTestNG.java:66)
	at com.intellij.rt.testng.RemoteTestNGStarter.main(RemoteTestNGStarter.java:110)</td>
																</tr>
														</tbody>
													</table>
													<ul class='collapsible node-list' data-collapsible='accordion'>
													</ul>
												</div>
											</div>
										</li>
										<li class='collection-item test displayed active fail ' extentid='00f4242c-699b-454b-8bff-e3dca7f8c4f2'>
											<div class='test-head'>
												<span class='test-name'>testLanguageSelector </span>
												<span class='test-status label right outline capitalize fail'>fail</span>
												<span class='category-assigned hide  marriotthomepagetest'></span>
											</div>
											<div class='test-body'>
												<div class='test-info'>
													<span title='Test started time' alt='Test started time' class='test-started-time label green lighten-1 text-white'>2020-09-26 09:24:44</span>
													<span title='Test ended time' alt='Test ended time' class='test-ended-time label red lighten-1 text-white'>2020-09-26 09:24:55</span>
													<span title='Time taken to finish' alt='Time taken to finish' class='test-time-taken label blue-grey lighten-3 text-white'>0h 0m 10s+354ms</span>
												</div>
												<div class='test-desc'></div>
												<div class='test-attributes'>
														<div class='categories'>
																<span class='category text-white'>MarriottHomePageTest</span>
														</div>
												</div>
												<div class='test-steps'>
													<table class='bordered table-results'>
														<thead>
															<tr>
																<th>Status</th>
																<th>Timestamp</th>
																<th>Details</th>
															</tr>
														</thead>
														<tbody>
																<tr>
																	<td class='status info' title='info' alt='info'><i class='mdi-action-info-outline'></i></td>
																	<td class='timestamp'>09:24:44</td>
																	<td class='step-details'>MarriottHomePageTest: test Language Selector<br></td>
																</tr>
																<tr>
																	<td class='status fail' title='fail' alt='fail'><i class='mdi-navigation-cancel'></i></td>
																	<td class='timestamp'>09:24:55</td>
																	<td class='step-details'>org.openqa.selenium.NoSuchElementException: no such element: Unable to locate element: {"method":"xpath","selector":"//h3[text()='Please select your preferred language']"}
  (Session info: chrome=85.0.4183.121)
For documentation on this error, please visit: https://www.seleniumhq.org/exceptions/no_such_element.html
Build info: version: '3.141.59', revision: 'e82be7d358', time: '2018-11-14T08:17:03'
System info: host: 'WAQAS', ip: '192.168.1.166', os.name: 'Windows 10', os.arch: 'amd64', os.version: '10.0', java.version: '11.0.8'
Driver info: org.openqa.selenium.chrome.ChromeDriver
Capabilities {acceptInsecureCerts: false, browserName: chrome, browserVersion: 85.0.4183.121, chrome: {chromedriverVersion: 85.0.4183.87 (cd6713ebf92fa..., userDataDir: C:\Users\Waqas\AppData\Loca...}, goog:chromeOptions: {debuggerAddress: localhost:51741}, javascriptEnabled: true, networkConnectionEnabled: false, pageLoadStrategy: normal, platform: WINDOWS, platformName: WINDOWS, proxy: Proxy(), setWindowRect: true, strictFileInteractability: false, timeouts: {implicit: 0, pageLoad: 300000, script: 30000}, unhandledPromptBehavior: dismiss and notify, webauthn:virtualAuthenticators: true}
Session ID: 868a8cc810beab5e69410137ca17697c
*** Element info: {Using=xpath, value=//h3[text()='Please select your preferred language']}
	at java.base/jdk.internal.reflect.NativeConstructorAccessorImpl.newInstance0(Native Method)
	at java.base/jdk.internal.reflect.NativeConstructorAccessorImpl.newInstance(NativeConstructorAccessorImpl.java:62)
	at java.base/jdk.internal.reflect.DelegatingConstructorAccessorImpl.newInstance(DelegatingConstructorAccessorImpl.java:45)
	at java.base/java.lang.reflect.Constructor.newInstance(Constructor.java:490)
	at org.openqa.selenium.remote.http.W3CHttpResponseCodec.createException(W3CHttpResponseCodec.java:187)
	at org.openqa.selenium.remote.http.W3CHttpResponseCodec.decode(W3CHttpResponseCodec.java:122)
	at org.openqa.selenium.remote.http.W3CHttpResponseCodec.decode(W3CHttpResponseCodec.java:49)
	at org.openqa.selenium.remote.HttpCommandExecutor.execute(HttpCommandExecutor.java:158)
	at org.openqa.selenium.remote.service.DriverCommandExecutor.execute(DriverCommandExecutor.java:83)
	at org.openqa.selenium.remote.RemoteWebDriver.execute(RemoteWebDriver.java:552)
	at org.openqa.selenium.remote.RemoteWebDriver.findElement(RemoteWebDriver.java:323)
	at org.openqa.selenium.remote.RemoteWebDriver.findElementByXPath(RemoteWebDriver.java:428)
	at org.openqa.selenium.By$ByXPath.findElement(By.java:353)
	at org.openqa.selenium.remote.RemoteWebDriver.findElement(RemoteWebDriver.java:315)
	at base.CommonAPI.getTextByXpath(CommonAPI.java:442)
	at home.MarriottHomePage.validateLanguageSelector(MarriottHomePage.java:38)
	at home.MarriottHomePageTest.testLanguageSelector(MarriottHomePageTest.java:32)
	at java.base/jdk.internal.reflect.NativeMethodAccessorImpl.invoke0(Native Method)
	at java.base/jdk.internal.reflect.NativeMethodAccessorImpl.invoke(NativeMethodAccessorImpl.java:62)
	at java.base/jdk.internal.reflect.DelegatingMethodAccessorImpl.invoke(DelegatingMethodAccessorImpl.java:43)
	at java.base/java.lang.reflect.Method.invoke(Method.java:566)
	at org.testng.internal.MethodInvocationHelper.invokeMethod(MethodInvocationHelper.java:134)
	at org.testng.internal.TestInvoker.invokeMethod(TestInvoker.java:597)
	at org.testng.internal.TestInvoker.invokeTestMethod(TestInvoker.java:173)
	at org.testng.internal.MethodRunner.runInSequence(MethodRunner.java:46)
	at org.testng.internal.TestInvoker$MethodInvocationAgent.invoke(TestInvoker.java:816)
	at org.testng.internal.TestInvoker.invokeTestMethods(TestInvoker.java:146)
	at org.testng.internal.TestMethodWorker.invokeTestMethods(TestMethodWorker.java:146)
	at org.testng.internal.TestMethodWorker.run(TestMethodWorker.java:128)
	at java.base/java.util.ArrayList.forEach(ArrayList.java:1541)
	at org.testng.TestRunner.privateRun(TestRunner.java:766)
	at org.testng.TestRunner.run(TestRunner.java:587)
	at org.testng.SuiteRunner.runTest(SuiteRunner.java:384)
	at org.testng.SuiteRunner.runSequentially(SuiteRunner.java:378)
	at org.testng.SuiteRunner.privateRun(SuiteRunner.java:337)
	at org.testng.SuiteRunner.run(SuiteRunner.java:286)
	at org.testng.SuiteRunnerWorker.runSuite(SuiteRunnerWorker.java:53)
	at org.testng.SuiteRunnerWorker.run(SuiteRunnerWorker.java:96)
	at org.testng.TestNG.runSuitesSequentially(TestNG.java:1187)
	at org.testng.TestNG.runSuitesLocally(TestNG.java:1109)
	at org.testng.TestNG.runSuites(TestNG.java:1039)
	at org.testng.TestNG.run(TestNG.java:1007)
	at com.intellij.rt.testng.IDEARemoteTestNG.run(IDEARemoteTestNG.java:66)
	at com.intellij.rt.testng.RemoteTestNGStarter.main(RemoteTestNGStarter.java:110)</td>
																</tr>
														</tbody>
													</table>
													<ul class='collapsible node-list' data-collapsible='accordion'>
													</ul>
												</div>
											</div>
										</li>
										<li class='collection-item test displayed active fail ' extentid='42933f19-1863-477c-8f43-499282ba0bda'>
											<div class='test-head'>
												<span class='test-name'>testSearchBox </span>
												<span class='test-status label right outline capitalize fail'>fail</span>
												<span class='category-assigned hide  marriotthomepagetest'></span>
											</div>
											<div class='test-body'>
												<div class='test-info'>
													<span title='Test started time' alt='Test started time' class='test-started-time label green lighten-1 text-white'>2020-09-26 09:25:16</span>
													<span title='Test ended time' alt='Test ended time' class='test-ended-time label red lighten-1 text-white'>2020-09-26 09:25:22</span>
													<span title='Time taken to finish' alt='Time taken to finish' class='test-time-taken label blue-grey lighten-3 text-white'>0h 0m 6s+562ms</span>
												</div>
												<div class='test-desc'></div>
												<div class='test-attributes'>
														<div class='categories'>
																<span class='category text-white'>MarriottHomePageTest</span>
														</div>
												</div>
												<div class='test-steps'>
													<table class='bordered table-results'>
														<thead>
															<tr>
																<th>Status</th>
																<th>Timestamp</th>
																<th>Details</th>
															</tr>
														</thead>
														<tbody>
																<tr>
																	<td class='status info' title='info' alt='info'><i class='mdi-action-info-outline'></i></td>
																	<td class='timestamp'>09:25:16</td>
																	<td class='step-details'>MarriottHomePageTest: test Search Box<br></td>
																</tr>
																<tr>
																	<td class='status fail' title='fail' alt='fail'><i class='mdi-navigation-cancel'></i></td>
																	<td class='timestamp'>09:25:22</td>
																	<td class='step-details'>org.openqa.selenium.NoSuchElementException: no such element: Unable to locate element: {"method":"xpath","selector":"/html/body/div[5]/div/div[1]/section[1]/div/div/div/div/div[1]/form/div[2]/div[6]/button"}
  (Session info: chrome=85.0.4183.121)
For documentation on this error, please visit: https://www.seleniumhq.org/exceptions/no_such_element.html
Build info: version: '3.141.59', revision: 'e82be7d358', time: '2018-11-14T08:17:03'
System info: host: 'WAQAS', ip: '192.168.1.166', os.name: 'Windows 10', os.arch: 'amd64', os.version: '10.0', java.version: '11.0.8'
Driver info: org.openqa.selenium.chrome.ChromeDriver
Capabilities {acceptInsecureCerts: false, browserName: chrome, browserVersion: 85.0.4183.121, chrome: {chromedriverVersion: 85.0.4183.87 (cd6713ebf92fa..., userDataDir: C:\Users\Waqas\AppData\Loca...}, goog:chromeOptions: {debuggerAddress: localhost:51886}, javascriptEnabled: true, networkConnectionEnabled: false, pageLoadStrategy: normal, platform: WINDOWS, platformName: WINDOWS, proxy: Proxy(), setWindowRect: true, strictFileInteractability: false, timeouts: {implicit: 0, pageLoad: 300000, script: 30000}, unhandledPromptBehavior: dismiss and notify, webauthn:virtualAuthenticators: true}
Session ID: de558ddff7ce5e1f4a5849071d9a36a9
*** Element info: {Using=xpath, value=/html/body/div[5]/div/div[1]/section[1]/div/div/div/div/div[1]/form/div[2]/div[6]/button}
	at java.base/jdk.internal.reflect.NativeConstructorAccessorImpl.newInstance0(Native Method)
	at java.base/jdk.internal.reflect.NativeConstructorAccessorImpl.newInstance(NativeConstructorAccessorImpl.java:62)
	at java.base/jdk.internal.reflect.DelegatingConstructorAccessorImpl.newInstance(DelegatingConstructorAccessorImpl.java:45)
	at java.base/java.lang.reflect.Constructor.newInstance(Constructor.java:490)
	at org.openqa.selenium.remote.http.W3CHttpResponseCodec.createException(W3CHttpResponseCodec.java:187)
	at org.openqa.selenium.remote.http.W3CHttpResponseCodec.decode(W3CHttpResponseCodec.java:122)
	at org.openqa.selenium.remote.http.W3CHttpResponseCodec.decode(W3CHttpResponseCodec.java:49)
	at org.openqa.selenium.remote.HttpCommandExecutor.execute(HttpCommandExecutor.java:158)
	at org.openqa.selenium.remote.service.DriverCommandExecutor.execute(DriverCommandExecutor.java:83)
	at org.openqa.selenium.remote.RemoteWebDriver.execute(RemoteWebDriver.java:552)
	at org.openqa.selenium.remote.RemoteWebDriver.findElement(RemoteWebDriver.java:323)
	at org.openqa.selenium.remote.RemoteWebDriver.findElementByXPath(RemoteWebDriver.java:428)
	at org.openqa.selenium.By$ByXPath.findElement(By.java:353)
	at org.openqa.selenium.remote.RemoteWebDriver.findElement(RemoteWebDriver.java:315)
	at org.openqa.selenium.support.pagefactory.DefaultElementLocator.findElement(DefaultElementLocator.java:69)
	at org.openqa.selenium.support.pagefactory.internal.LocatingElementHandler.invoke(LocatingElementHandler.java:38)
	at com.sun.proxy.$Proxy16.click(Unknown Source)
	at home.MarriottHomePage.searchBox(MarriottHomePage.java:641)
	at home.MarriottHomePageTest.testSearchBox(MarriottHomePageTest.java:343)
	at java.base/jdk.internal.reflect.NativeMethodAccessorImpl.invoke0(Native Method)
	at java.base/jdk.internal.reflect.NativeMethodAccessorImpl.invoke(NativeMethodAccessorImpl.java:62)
	at java.base/jdk.internal.reflect.DelegatingMethodAccessorImpl.invoke(DelegatingMethodAccessorImpl.java:43)
	at java.base/java.lang.reflect.Method.invoke(Method.java:566)
	at org.testng.internal.MethodInvocationHelper.invokeMethod(MethodInvocationHelper.java:134)
	at org.testng.internal.TestInvoker.invokeMethod(TestInvoker.java:597)
	at org.testng.internal.TestInvoker.invokeTestMethod(TestInvoker.java:173)
	at org.testng.internal.MethodRunner.runInSequence(MethodRunner.java:46)
	at org.testng.internal.TestInvoker$MethodInvocationAgent.invoke(TestInvoker.java:816)
	at org.testng.internal.TestInvoker.invokeTestMethods(TestInvoker.java:146)
	at org.testng.internal.TestMethodWorker.invokeTestMethods(TestMethodWorker.java:146)
	at org.testng.internal.TestMethodWorker.run(TestMethodWorker.java:128)
	at java.base/java.util.ArrayList.forEach(ArrayList.java:1541)
	at org.testng.TestRunner.privateRun(TestRunner.java:766)
	at org.testng.TestRunner.run(TestRunner.java:587)
	at org.testng.SuiteRunner.runTest(SuiteRunner.java:384)
	at org.testng.SuiteRunner.runSequentially(SuiteRunner.java:378)
	at org.testng.SuiteRunner.privateRun(SuiteRunner.java:337)
	at org.testng.SuiteRunner.run(SuiteRunner.java:286)
	at org.testng.SuiteRunnerWorker.runSuite(SuiteRunnerWorker.java:53)
	at org.testng.SuiteRunnerWorker.run(SuiteRunnerWorker.java:96)
	at org.testng.TestNG.runSuitesSequentially(TestNG.java:1187)
	at org.testng.TestNG.runSuitesLocally(TestNG.java:1109)
	at org.testng.TestNG.runSuites(TestNG.java:1039)
	at org.testng.TestNG.run(TestNG.java:1007)
	at com.intellij.rt.testng.IDEARemoteTestNG.run(IDEARemoteTestNG.java:66)
	at com.intellij.rt.testng.RemoteTestNGStarter.main(RemoteTestNGStarter.java:110)</td>
																</tr>
														</tbody>
													</table>
													<ul class='collapsible node-list' data-collapsible='accordion'>
													</ul>
												</div>
											</div>
										</li>
										<li class='collection-item test displayed active fail ' extentid='0a94d75d-7f1c-45c5-bacc-bd637b7ae1a9'>
											<div class='test-head'>
												<span class='test-name'>testSignInFunctionality </span>
												<span class='test-status label right outline capitalize fail'>fail</span>
												<span class='category-assigned hide  marriotthomepagetest'></span>
											</div>
											<div class='test-body'>
												<div class='test-info'>
													<span title='Test started time' alt='Test started time' class='test-started-time label green lighten-1 text-white'>2020-09-26 09:25:43</span>
													<span title='Test ended time' alt='Test ended time' class='test-ended-time label red lighten-1 text-white'>2020-09-26 09:25:47</span>
													<span title='Time taken to finish' alt='Time taken to finish' class='test-time-taken label blue-grey lighten-3 text-white'>0h 0m 3s+880ms</span>
												</div>
												<div class='test-desc'></div>
												<div class='test-attributes'>
														<div class='categories'>
																<span class='category text-white'>MarriottHomePageTest</span>
														</div>
												</div>
												<div class='test-steps'>
													<table class='bordered table-results'>
														<thead>
															<tr>
																<th>Status</th>
																<th>Timestamp</th>
																<th>Details</th>
															</tr>
														</thead>
														<tbody>
																<tr>
																	<td class='status info' title='info' alt='info'><i class='mdi-action-info-outline'></i></td>
																	<td class='timestamp'>09:25:43</td>
																	<td class='step-details'>MarriottHomePageTest: test Sign In Functionality<br></td>
																</tr>
																<tr>
																	<td class='status fail' title='fail' alt='fail'><i class='mdi-navigation-cancel'></i></td>
																	<td class='timestamp'>09:25:47</td>
																	<td class='step-details'>org.openqa.selenium.ElementNotInteractableException: element not interactable
  (Session info: chrome=85.0.4183.121)
Build info: version: '3.141.59', revision: 'e82be7d358', time: '2018-11-14T08:17:03'
System info: host: 'WAQAS', ip: '192.168.1.166', os.name: 'Windows 10', os.arch: 'amd64', os.version: '10.0', java.version: '11.0.8'
Driver info: org.openqa.selenium.chrome.ChromeDriver
Capabilities {acceptInsecureCerts: false, browserName: chrome, browserVersion: 85.0.4183.121, chrome: {chromedriverVersion: 85.0.4183.87 (cd6713ebf92fa..., userDataDir: C:\Users\Waqas\AppData\Loca...}, goog:chromeOptions: {debuggerAddress: localhost:52011}, javascriptEnabled: true, networkConnectionEnabled: false, pageLoadStrategy: normal, platform: WINDOWS, platformName: WINDOWS, proxy: Proxy(), setWindowRect: true, strictFileInteractability: false, timeouts: {implicit: 0, pageLoad: 300000, script: 30000}, unhandledPromptBehavior: dismiss and notify, webauthn:virtualAuthenticators: true}
Session ID: 33e219e3d03e58cf207f08c3c954d449
	at java.base/jdk.internal.reflect.NativeConstructorAccessorImpl.newInstance0(Native Method)
	at java.base/jdk.internal.reflect.NativeConstructorAccessorImpl.newInstance(NativeConstructorAccessorImpl.java:62)
	at java.base/jdk.internal.reflect.DelegatingConstructorAccessorImpl.newInstance(DelegatingConstructorAccessorImpl.java:45)
	at java.base/java.lang.reflect.Constructor.newInstance(Constructor.java:490)
	at org.openqa.selenium.remote.http.W3CHttpResponseCodec.createException(W3CHttpResponseCodec.java:187)
	at org.openqa.selenium.remote.http.W3CHttpResponseCodec.decode(W3CHttpResponseCodec.java:122)
	at org.openqa.selenium.remote.http.W3CHttpResponseCodec.decode(W3CHttpResponseCodec.java:49)
	at org.openqa.selenium.remote.HttpCommandExecutor.execute(HttpCommandExecutor.java:158)
	at org.openqa.selenium.remote.service.DriverCommandExecutor.execute(DriverCommandExecutor.java:83)
	at org.openqa.selenium.remote.RemoteWebDriver.execute(RemoteWebDriver.java:552)
	at org.openqa.selenium.remote.RemoteWebElement.execute(RemoteWebElement.java:285)
	at org.openqa.selenium.remote.RemoteWebElement.sendKeys(RemoteWebElement.java:106)
	at base.CommonAPI.typeByXpath(CommonAPI.java:358)
	at home.MarriottHomePage.enterEmailNPassword(MarriottHomePage.java:55)
	at home.MarriottHomePageTest.testSignInFunctionality(MarriottHomePageTest.java:44)
	at java.base/jdk.internal.reflect.NativeMethodAccessorImpl.invoke0(Native Method)
	at java.base/jdk.internal.reflect.NativeMethodAccessorImpl.invoke(NativeMethodAccessorImpl.java:62)
	at java.base/jdk.internal.reflect.DelegatingMethodAccessorImpl.invoke(DelegatingMethodAccessorImpl.java:43)
	at java.base/java.lang.reflect.Method.invoke(Method.java:566)
	at org.testng.internal.MethodInvocationHelper.invokeMethod(MethodInvocationHelper.java:134)
	at org.testng.internal.TestInvoker.invokeMethod(TestInvoker.java:597)
	at org.testng.internal.TestInvoker.invokeTestMethod(TestInvoker.java:173)
	at org.testng.internal.MethodRunner.runInSequence(MethodRunner.java:46)
	at org.testng.internal.TestInvoker$MethodInvocationAgent.invoke(TestInvoker.java:816)
	at org.testng.internal.TestInvoker.invokeTestMethods(TestInvoker.java:146)
	at org.testng.internal.TestMethodWorker.invokeTestMethods(TestMethodWorker.java:146)
	at org.testng.internal.TestMethodWorker.run(TestMethodWorker.java:128)
	at java.base/java.util.ArrayList.forEach(ArrayList.java:1541)
	at org.testng.TestRunner.privateRun(TestRunner.java:766)
	at org.testng.TestRunner.run(TestRunner.java:587)
	at org.testng.SuiteRunner.runTest(SuiteRunner.java:384)
	at org.testng.SuiteRunner.runSequentially(SuiteRunner.java:378)
	at org.testng.SuiteRunner.privateRun(SuiteRunner.java:337)
	at org.testng.SuiteRunner.run(SuiteRunner.java:286)
	at org.testng.SuiteRunnerWorker.runSuite(SuiteRunnerWorker.java:53)
	at org.testng.SuiteRunnerWorker.run(SuiteRunnerWorker.java:96)
	at org.testng.TestNG.runSuitesSequentially(TestNG.java:1187)
	at org.testng.TestNG.runSuitesLocally(TestNG.java:1109)
	at org.testng.TestNG.runSuites(TestNG.java:1039)
	at org.testng.TestNG.run(TestNG.java:1007)
	at com.intellij.rt.testng.IDEARemoteTestNG.run(IDEARemoteTestNG.java:66)
	at com.intellij.rt.testng.RemoteTestNGStarter.main(RemoteTestNGStarter.java:110)</td>
																</tr>
														</tbody>
													</table>
													<ul class='collapsible node-list' data-collapsible='accordion'>
													</ul>
												</div>
											</div>
										</li>
										<li class='collection-item test displayed active fail ' extentid='07f9721b-9fb7-41eb-bd8d-26401c0dec0d'>
											<div class='test-head'>
												<span class='test-name'>testUsePointsCheckBox </span>
												<span class='test-status label right outline capitalize fail'>fail</span>
												<span class='category-assigned hide  marriotthomepagetest'></span>
											</div>
											<div class='test-body'>
												<div class='test-info'>
													<span title='Test started time' alt='Test started time' class='test-started-time label green lighten-1 text-white'>2020-09-26 09:26:11</span>
													<span title='Test ended time' alt='Test ended time' class='test-ended-time label red lighten-1 text-white'>2020-09-26 09:26:22</span>
													<span title='Time taken to finish' alt='Time taken to finish' class='test-time-taken label blue-grey lighten-3 text-white'>0h 0m 10s+649ms</span>
												</div>
												<div class='test-desc'></div>
												<div class='test-attributes'>
														<div class='categories'>
																<span class='category text-white'>MarriottHomePageTest</span>
														</div>
												</div>
												<div class='test-steps'>
													<table class='bordered table-results'>
														<thead>
															<tr>
																<th>Status</th>
																<th>Timestamp</th>
																<th>Details</th>
															</tr>
														</thead>
														<tbody>
																<tr>
																	<td class='status info' title='info' alt='info'><i class='mdi-action-info-outline'></i></td>
																	<td class='timestamp'>09:26:11</td>
																	<td class='step-details'>MarriottHomePageTest: test Use Points Check Box<br></td>
																</tr>
																<tr>
																	<td class='status fail' title='fail' alt='fail'><i class='mdi-navigation-cancel'></i></td>
																	<td class='timestamp'>09:26:22</td>
																	<td class='step-details'>org.openqa.selenium.TimeoutException: Expected condition failed: waiting for visibility of element located by By.xpath: //input[@name='useRewardsPoints' and @tabindex='0'] (tried for 10 second(s) with 500 milliseconds interval)
	at org.openqa.selenium.support.ui.WebDriverWait.timeoutException(WebDriverWait.java:95)
	at org.openqa.selenium.support.ui.FluentWait.until(FluentWait.java:272)
	at base.CommonAPI.waitUntilVisible(CommonAPI.java:628)
	at home.MarriottHomePage.usePointsCheckBox(MarriottHomePage.java:176)
	at home.MarriottHomePageTest.testUsePointsCheckBox(MarriottHomePageTest.java:81)
	at java.base/jdk.internal.reflect.NativeMethodAccessorImpl.invoke0(Native Method)
	at java.base/jdk.internal.reflect.NativeMethodAccessorImpl.invoke(NativeMethodAccessorImpl.java:62)
	at java.base/jdk.internal.reflect.DelegatingMethodAccessorImpl.invoke(DelegatingMethodAccessorImpl.java:43)
	at java.base/java.lang.reflect.Method.invoke(Method.java:566)
	at org.testng.internal.MethodInvocationHelper.invokeMethod(MethodInvocationHelper.java:134)
	at org.testng.internal.TestInvoker.invokeMethod(TestInvoker.java:597)
	at org.testng.internal.TestInvoker.invokeTestMethod(TestInvoker.java:173)
	at org.testng.internal.MethodRunner.runInSequence(MethodRunner.java:46)
	at org.testng.internal.TestInvoker$MethodInvocationAgent.invoke(TestInvoker.java:816)
	at org.testng.internal.TestInvoker.invokeTestMethods(TestInvoker.java:146)
	at org.testng.internal.TestMethodWorker.invokeTestMethods(TestMethodWorker.java:146)
	at org.testng.internal.TestMethodWorker.run(TestMethodWorker.java:128)
	at java.base/java.util.ArrayList.forEach(ArrayList.java:1541)
	at org.testng.TestRunner.privateRun(TestRunner.java:766)
	at org.testng.TestRunner.run(TestRunner.java:587)
	at org.testng.SuiteRunner.runTest(SuiteRunner.java:384)
	at org.testng.SuiteRunner.runSequentially(SuiteRunner.java:378)
	at org.testng.SuiteRunner.privateRun(SuiteRunner.java:337)
	at org.testng.SuiteRunner.run(SuiteRunner.java:286)
	at org.testng.SuiteRunnerWorker.runSuite(SuiteRunnerWorker.java:53)
	at org.testng.SuiteRunnerWorker.run(SuiteRunnerWorker.java:96)
	at org.testng.TestNG.runSuitesSequentially(TestNG.java:1187)
	at org.testng.TestNG.runSuitesLocally(TestNG.java:1109)
	at org.testng.TestNG.runSuites(TestNG.java:1039)
	at org.testng.TestNG.run(TestNG.java:1007)
	at com.intellij.rt.testng.IDEARemoteTestNG.run(IDEARemoteTestNG.java:66)
	at com.intellij.rt.testng.RemoteTestNGStarter.main(RemoteTestNGStarter.java:110)
Caused by: org.openqa.selenium.NoSuchElementException: no such element: Unable to locate element: {"method":"xpath","selector":"//input[@name='useRewardsPoints' and @tabindex='0']"}
  (Session info: chrome=85.0.4183.121)
For documentation on this error, please visit: https://www.seleniumhq.org/exceptions/no_such_element.html
Build info: version: '3.141.59', revision: 'e82be7d358', time: '2018-11-14T08:17:03'
System info: host: 'WAQAS', ip: '192.168.1.166', os.name: 'Windows 10', os.arch: 'amd64', os.version: '10.0', java.version: '11.0.8'
Driver info: org.openqa.selenium.chrome.ChromeDriver
Capabilities {acceptInsecureCerts: false, browserName: chrome, browserVersion: 85.0.4183.121, chrome: {chromedriverVersion: 85.0.4183.87 (cd6713ebf92fa..., userDataDir: C:\Users\Waqas\AppData\Loca...}, goog:chromeOptions: {debuggerAddress: localhost:52143}, javascriptEnabled: true, networkConnectionEnabled: false, pageLoadStrategy: normal, platform: WINDOWS, platformName: WINDOWS, proxy: Proxy(), setWindowRect: true, strictFileInteractability: false, timeouts: {implicit: 0, pageLoad: 300000, script: 30000}, unhandledPromptBehavior: dismiss and notify, webauthn:virtualAuthenticators: true}
Session ID: 645461fefcecc2e447997532a3fbbbe5
*** Element info: {Using=xpath, value=//input[@name='useRewardsPoints' and @tabindex='0']}
	at java.base/jdk.internal.reflect.NativeConstructorAccessorImpl.newInstance0(Native Method)
	at java.base/jdk.internal.reflect.NativeConstructorAccessorImpl.newInstance(NativeConstructorAccessorImpl.java:62)
	at java.base/jdk.internal.reflect.DelegatingConstructorAccessorImpl.newInstance(DelegatingConstructorAccessorImpl.java:45)
	at java.base/java.lang.reflect.Constructor.newInstance(Constructor.java:490)
	at org.openqa.selenium.remote.http.W3CHttpResponseCodec.createException(W3CHttpResponseCodec.java:187)
	at org.openqa.selenium.remote.http.W3CHttpResponseCodec.decode(W3CHttpResponseCodec.java:122)
	at org.openqa.selenium.remote.http.W3CHttpResponseCodec.decode(W3CHttpResponseCodec.java:49)
	at org.openqa.selenium.remote.HttpCommandExecutor.execute(HttpCommandExecutor.java:158)
	at org.openqa.selenium.remote.service.DriverCommandExecutor.execute(DriverCommandExecutor.java:83)
	at org.openqa.selenium.remote.RemoteWebDriver.execute(RemoteWebDriver.java:552)
	at org.openqa.selenium.remote.RemoteWebDriver.findElement(RemoteWebDriver.java:323)
	at org.openqa.selenium.remote.RemoteWebDriver.findElementByXPath(RemoteWebDriver.java:428)
	at org.openqa.selenium.By$ByXPath.findElement(By.java:353)
	at org.openqa.selenium.remote.RemoteWebDriver.findElement(RemoteWebDriver.java:315)
	at org.openqa.selenium.support.ui.ExpectedConditions$7.apply(ExpectedConditions.java:205)
	at org.openqa.selenium.support.ui.ExpectedConditions$7.apply(ExpectedConditions.java:201)
	at org.openqa.selenium.support.ui.FluentWait.until(FluentWait.java:249)
	... 30 more</td>
																</tr>
														</tbody>
													</table>
													<ul class='collapsible node-list' data-collapsible='accordion'>
													</ul>
												</div>
											</div>
										</li>
								</ul>
							</div>
						</div>
					</div>
				</div>
				<div id='test-details-wrapper' class='col _addedCell2'>
					<div class='contents'>
						<div class='card-panel details-view'>
							<h5 class='details-name'></h5>
							<div class='step-filters right'>
								<span class='btn-floating btn-small waves-effect waves-light blue' status='info' alt='info' title='info'><i class='mdi-action-info-outline'></i></span>
								<span class='btn-floating btn-small waves-effect waves-light green' status='pass' alt='pass' title='pass'><i class='mdi-action-check-circle'></i></span>
								<span class='btn-floating btn-small waves-effect waves-light red' status='fail' alt='fail' title='fail'><i class='mdi-navigation-cancel'></i></span>
								<span class='btn-floating btn-small waves-effect waves-light red darken-4' status='fatal' alt='fatal' title='fatal'><i class='mdi-navigation-cancel'></i></span>
								<span class='btn-floating btn-small waves-effect waves-light red lighten-2' status='error' alt='error' title='error'><i class='mdi-alert-error'></i></span>
								<span class='btn-floating btn-small waves-effect waves-light orange' alt='warning' status='warning' title='warning'><i class='mdi-alert-warning'></i></span>
								<span class='btn-floating btn-small waves-effect waves-light cyan' status='skip' alt='skip' title='skip'><i class='mdi-content-redo'></i></span>
								<span class='btn-floating btn-small waves-effect waves-light grey darken-2' status='clear-step-filter' alt='Clear filters' title='Clear filters'><i class='mdi-content-clear'></i></span>
							</div>
							<div class='details-container'>
							</div>
						</div>
					</div>
				</div>
			</div>
			<!-- /tests -->
			
			<!-- categories -->
				<div id='categories-view' class='row _addedTable hide'>
					<div class='col _addedCell1'>
						<div class='contents'>
							<div class='card-panel heading'>
								<h5>Categories</h5>
							</div>
							<div class='card-panel filters'>
								<div class='search' alt='Search tests' title='Search tests'>
									<div class='input-field left'>
										<input id='searchTests' type='text' class='validate' placeholder='Search...'>
									</div>
									<a href="#" class='btn-floating btn-small waves-effect waves-light blue lighten-1'>
										<i class='mdi-action-search'></i>
									</a>
								</div>
							</div>
							<div class='card-panel no-padding-h no-padding-v'>
								<div class='wrapper'>
									<ul id='cat-collection' class='cat-collection'>
											<li class='category-item displayed'>
												<div class='cat-head'>
													<span class='category-name'>MarriottHomePageTest</span>
												</div>
												<div class='category-status-counts'>
														<span class='pass label dot'>Pass: 13</span>
														<span class='fail label dot'>Fail: 15</span>
												</div>
												<div class='cat-body'>
													<div class='category-status-counts'>
														<div class='button-group'>
															<a href='#!' class='pass label filter'>Pass <span class='icon'>13</span></a>
															<a href='#!' class='fail label filter'>Fail <span class='icon'>15</span></a>
															<a href='#!' class='other label filter'>Others <span class='icon'>0</span></a>
														</div>
													</div>
													<div class='cat-tests'>
														<table class='bordered'>
															<thead>
																<tr>
																	<th>RunDate</th>
																	<th>Test Name</th>
																	<th>Status</th>
																</tr>
															</thead>
															<tbody>
																	<tr class='fail'>
																		<td>2020-09-26 09:13:50</td>
																		<td><span class='category-link linked' extentid='26398fee-8224-48e6-90df-78fa9003b506'>testClicKOnAccomodations</span></td>
																		<td><div class='status label capitalize fail'>fail</div></td>
																	</tr>
																	<tr class='fail'>
																		<td>2020-09-26 09:14:20</td>
																		<td><span class='category-link linked' extentid='9dea6b42-2946-440b-8aa6-fbdbe4099b42'>testClicKOnDestinationsUnderWeddings</span></td>
																		<td><div class='status label capitalize fail'>fail</div></td>
																	</tr>
																	<tr class='fail'>
																		<td>2020-09-26 09:14:48</td>
																		<td><span class='category-link linked' extentid='9e925caa-1fbc-494a-bcf5-3b1e18a6a2a8'>testClicKOnDining</span></td>
																		<td><div class='status label capitalize fail'>fail</div></td>
																	</tr>
																	<tr class='pass'>
																		<td>2020-09-26 09:15:08</td>
																		<td><span class='category-link linked' extentid='c65c4a32-7a29-4d87-80fb-3718d5032225'>testClicKOnReceptions</span></td>
																		<td><div class='status label capitalize pass'>pass</div></td>
																	</tr>
																	<tr class='fail'>
																		<td>2020-09-26 09:15:45</td>
																		<td><span class='category-link linked' extentid='dc2ed973-9a8f-4b99-a87a-6533f656ec9b'>testClicKPlanning</span></td>
																		<td><div class='status label capitalize fail'>fail</div></td>
																	</tr>
																	<tr class='pass'>
																		<td>2020-09-26 09:16:17</td>
																		<td><span class='category-link linked' extentid='6f0122ec-a6ed-42c2-a6f4-e81c35027f17'>testClicKSocialEvents</span></td>
																		<td><div class='status label capitalize pass'>pass</div></td>
																	</tr>
																	<tr class='pass'>
																		<td>2020-09-26 09:16:43</td>
																		<td><span class='category-link linked' extentid='612046aa-a2e4-4f02-b778-1229c7c9c1e9'>testClicKWeddings</span></td>
																		<td><div class='status label capitalize pass'>pass</div></td>
																	</tr>
																	<tr class='pass'>
																		<td>2020-09-26 09:17:13</td>
																		<td><span class='category-link linked' extentid='eaf6807f-8e2b-4fed-aee6-12860ac2d14d'>testClickBusinessMeetings</span></td>
																		<td><div class='status label capitalize pass'>pass</div></td>
																	</tr>
																	<tr class='fail'>
																		<td>2020-09-26 09:17:42</td>
																		<td><span class='category-link linked' extentid='27cd6e01-666f-4df5-8fc7-011efcec7943'>testClickCeremonies</span></td>
																		<td><div class='status label capitalize fail'>fail</div></td>
																	</tr>
																	<tr class='pass'>
																		<td>2020-09-26 09:18:12</td>
																		<td><span class='category-link linked' extentid='bf286170-c047-4c8d-b24a-ca818940ef03'>testClickMeetingsNEvents</span></td>
																		<td><div class='status label capitalize pass'>pass</div></td>
																	</tr>
																	<tr class='fail'>
																		<td>2020-09-26 09:18:43</td>
																		<td><span class='category-link linked' extentid='157ed1ae-0df2-4048-a31f-d8637fc2bff3'>testClickOnDealsPackages</span></td>
																		<td><div class='status label capitalize fail'>fail</div></td>
																	</tr>
																	<tr class='fail'>
																		<td>2020-09-26 09:19:09</td>
																		<td><span class='category-link linked' extentid='37cb2fbc-4937-4cd2-9bf6-940d89824288'>testClickOnDeltaHotels</span></td>
																		<td><div class='status label capitalize fail'>fail</div></td>
																	</tr>
																	<tr class='fail'>
																		<td>2020-09-26 09:19:36</td>
																		<td><span class='category-link linked' extentid='d7a21a44-a574-4cd6-b653-0f012629d084'>testClickOnEdition</span></td>
																		<td><div class='status label capitalize fail'>fail</div></td>
																	</tr>
																	<tr class='fail'>
																		<td>2020-09-26 09:20:12</td>
																		<td><span class='category-link linked' extentid='79293b37-eb79-4773-9bf3-a2305b78c6f9'>testClickOnExploreAll</span></td>
																		<td><div class='status label capitalize fail'>fail</div></td>
																	</tr>
																	<tr class='pass'>
																		<td>2020-09-26 09:20:38</td>
																		<td><span class='category-link linked' extentid='7ba0ea07-20f2-4cdb-ab64-18b53aa2b655'>testClickOnGrouptTravels</span></td>
																		<td><div class='status label capitalize pass'>pass</div></td>
																	</tr>
																	<tr class='pass'>
																		<td>2020-09-26 09:21:01</td>
																		<td><span class='category-link linked' extentid='3cf9dcaf-e820-49ec-bea2-7db59ade9e11'>testClickOnJWHotels</span></td>
																		<td><div class='status label capitalize pass'>pass</div></td>
																	</tr>
																	<tr class='pass'>
																		<td>2020-09-26 09:21:25</td>
																		<td><span class='category-link linked' extentid='55cdfca4-8a32-41de-b754-c86a1435908b'>testClickOnOurBrands</span></td>
																		<td><div class='status label capitalize pass'>pass</div></td>
																	</tr>
																	<tr class='pass'>
																		<td>2020-09-26 09:21:52</td>
																		<td><span class='category-link linked' extentid='23dec6f5-cdc7-48a4-b1d7-30c5bb869a31'>testClickOnOurCreditCards</span></td>
																		<td><div class='status label capitalize pass'>pass</div></td>
																	</tr>
																	<tr class='pass'>
																		<td>2020-09-26 09:22:16</td>
																		<td><span class='category-link linked' extentid='0e44b6f2-01ef-4538-9b3c-b334fd1f4132'>testClickOnRegis</span></td>
																		<td><div class='status label capitalize pass'>pass</div></td>
																	</tr>
																	<tr class='fail'>
																		<td>2020-09-26 09:22:39</td>
																		<td><span class='category-link linked' extentid='ae7fa56b-9d6f-4abc-8367-bdcda5d486f2'>testClickOnRitz</span></td>
																		<td><div class='status label capitalize fail'>fail</div></td>
																	</tr>
																	<tr class='pass'>
																		<td>2020-09-26 09:23:02</td>
																		<td><span class='category-link linked' extentid='2f6a17e6-d080-45d7-800f-332b47fbe393'>testClickOnWHotels</span></td>
																		<td><div class='status label capitalize pass'>pass</div></td>
																	</tr>
																	<tr class='pass'>
																		<td>2020-09-26 09:23:23</td>
																		<td><span class='category-link linked' extentid='77785b94-82a8-4b72-9e30-5ecd9451e486'>testClickOnWestin</span></td>
																		<td><div class='status label capitalize pass'>pass</div></td>
																	</tr>
																	<tr class='pass'>
																		<td>2020-09-26 09:23:48</td>
																		<td><span class='category-link linked' extentid='a70eda6a-a597-4a15-afda-2997bcb53dcb'>testClickOnleMeridienHotels</span></td>
																		<td><div class='status label capitalize pass'>pass</div></td>
																	</tr>
																	<tr class='fail'>
																		<td>2020-09-26 09:24:14</td>
																		<td><span class='category-link linked' extentid='f18a0ec8-3590-43e5-8e93-0a15bd130132'>testFindNReserve</span></td>
																		<td><div class='status label capitalize fail'>fail</div></td>
																	</tr>
																	<tr class='fail'>
																		<td>2020-09-26 09:24:44</td>
																		<td><span class='category-link linked' extentid='00f4242c-699b-454b-8bff-e3dca7f8c4f2'>testLanguageSelector</span></td>
																		<td><div class='status label capitalize fail'>fail</div></td>
																	</tr>
																	<tr class='fail'>
																		<td>2020-09-26 09:25:16</td>
																		<td><span class='category-link linked' extentid='42933f19-1863-477c-8f43-499282ba0bda'>testSearchBox</span></td>
																		<td><div class='status label capitalize fail'>fail</div></td>
																	</tr>
																	<tr class='fail'>
																		<td>2020-09-26 09:25:43</td>
																		<td><span class='category-link linked' extentid='0a94d75d-7f1c-45c5-bacc-bd637b7ae1a9'>testSignInFunctionality</span></td>
																		<td><div class='status label capitalize fail'>fail</div></td>
																	</tr>
																	<tr class='fail'>
																		<td>2020-09-26 09:26:11</td>
																		<td><span class='category-link linked' extentid='07f9721b-9fb7-41eb-bd8d-26401c0dec0d'>testUsePointsCheckBox</span></td>
																		<td><div class='status label capitalize fail'>fail</div></td>
																	</tr>
															<tbody>
														</table>
													</div>
												</div> 
											</li>
									</ul>
								</div>
							</div>
						</div>
					</div>
					<div id='cat-details-wrapper' class='col _addedCell2'>
						<div class='contents'>
							<div class='card-panel details-view'>
								<h5 class='cat-name'></h5>
								<div class='cat-container'>
								</div>
							</div>
						</div>
					</div>
				</div>
			<!-- /categories -->
			
			<!-- exceptions -->
			<!-- /exceptions -->
			
			<!-- testrunner logs -->
			<!-- /testrunner logs -->
			
		</div>
		<!-- /container -->
		
		<!-- test dashboard counts setting -->
		<div id='test-count-setting' class='modal bottom-sheet'> 
			<div class='modal-content'> 
				<h5>Configure Tests Count Setting</h5> 
				<input name='test-count-setting' type='radio' id='parentWithoutNodes' class='with-gap'> 
				<label for='parentWithoutNodes'>Parent Tests Only (Does not include child nodes in counts)</label> 
				<br> 
				<input name='test-count-setting' type='radio' id='parentWithoutNodesAndNodes' class='with-gap'> 
				<label for='parentWithoutNodesAndNodes'>Parent Tests Without Child Tests + Child Tests</label> 
				<br> 
				<input name='test-count-setting' type='radio' id='childNodes' class='with-gap'> 
				<label for='childNodes'>Child Tests Only</label> 
			</div> 
			<div class='modal-footer'> 
				<a href='#!' class='modal-action modal-close waves-effect waves-green btn'>Save</a> 
			</div> 
		</div>
		<!-- /test dashboard counts setting -->
		
		<!-- filter for step status -->
		<div id='step-status-filter' class='modal bottom-sheet'> 
			<div class='modal-content'> 
				<h5>Select status</h5> 
				<input checked class='filled-in' type='checkbox' id='step-dashboard-filter-pass'> 
				<label for='step-dashboard-filter-pass'>Pass</label> 
				<br> 
				<input checked class='filled-in' type='checkbox' id='step-dashboard-filter-fail'> 
				<label for='step-dashboard-filter-fail'>Fail</label> 
				<br> 
				<input checked class='filled-in' type='checkbox' id='step-dashboard-filter-fatal'> 
				<label for='step-dashboard-filter-fatal'>Fatal</label> 
				<br> 
				<input checked class='filled-in' type='checkbox' id='step-dashboard-filter-error'> 
				<label for='step-dashboard-filter-error'>Error</label> 
				<br> 
				<input checked class='filled-in' type='checkbox' id='step-dashboard-filter-warning'> 
				<label for='step-dashboard-filter-warning'>Warning</label> 
				<br> 
				<input checked class='filled-in' type='checkbox' id='step-dashboard-filter-skip'> 
				<label for='step-dashboard-filter-skip'>Skipped</label> 
				<br> 
				<input checked class='filled-in' type='checkbox' id='step-dashboard-filter-info'> 
				<label for='step-dashboard-filter-info'>Info</label> 
				<br> 
				<input checked class='filled-in' type='checkbox' id='step-dashboard-filter-unknown'> 
				<label for='step-dashboard-filter-unknown'>Unknown</label> 
			</div>
			<div class='modal-footer'> 
				<a href='#!' class='modal-action modal-close waves-effect waves-green btn'>Save</a> 
			</div> 
		</div>
		<!-- /filter for step status -->
		
		<script src='https://cdn.rawgit.com/anshooarora/extentreports/6032d73243ba4fe4fb8769eb9c315d4fdf16fe68/cdn/extent.js' type='text/javascript'></script>

		<script>$(document).ready(function() { $('.logo span').html('ExtentReports'); });</script>
		<script>
				
            
                $(document).ready(function() {
                    
                });
            
        
		</script>
	</body>
</html>
