<!DOCTYPE html>

<html>
  <head>
  <meta charset='utf-8'>
  <title>TestNG reports</title>

    <link type="text/css" href="testng-reports.css" rel="stylesheet" />
    <script type="text/javascript" src="jquery-3.4.1.min.js"></script>
    <script type="text/javascript" src="testng-reports.js"></script>
    <script type="text/javascript" src="https://www.google.com/jsapi"></script>
    <script type='text/javascript'>
      google.load('visualization', '1', {packages:['table']});
      google.setOnLoadCallback(drawTable);
      var suiteTableInitFunctions = new Array();
      var suiteTableData = new Array();
    </script>
    <!--
      <script type="text/javascript" src="jquery-ui/js/jquery-ui-1.8.16.custom.min.js"></script>
     -->
  </head>

  <body>
    <div class="top-banner-root">
      <span class="top-banner-title-font">Test results</span>
      <br/>
      <span class="top-banner-font-1">1 suite, 15 failed tests</span>
    </div> <!-- top-banner-root -->
    <div class="navigator-root">
      <div class="navigator-suite-header">
        <span>All suites</span>
        <a href="#" title="Collapse/expand all the suites" class="collapse-all-link">
          <img src="collapseall.gif" class="collapse-all-icon">
          </img> <!-- collapse-all-icon -->
        </a> <!-- collapse-all-link -->
      </div> <!-- navigator-suite-header -->
      <div class="suite">
        <div class="rounded-window">
          <div class="suite-header light-rounded-window-top">
            <a href="#" panel-name="suite-Marriott_Automation_Test" class="navigator-link">
              <span class="suite-name border-failed">Marriott Automation Test</span>
            </a> <!-- navigator-link -->
          </div> <!-- suite-header light-rounded-window-top -->
          <div class="navigator-suite-content">
            <div class="suite-section-title">
              <span>Info</span>
            </div> <!-- suite-section-title -->
            <div class="suite-section-content">
              <ul>
                <li>
                  <a href="#" panel-name="test-xml-Marriott_Automation_Test" class="navigator-link ">
                    <span>C:\Users\Waqas\IdeaProjects\WebAutomationFramework_Team1\Marriott\target\test-classes\MarriottTestRunner.xml</span>
                  </a> <!-- navigator-link  -->
                </li>
                <li>
                  <a href="#" panel-name="testlist-Marriott_Automation_Test" class="navigator-link ">
                    <span class="test-stats">1 test</span>
                  </a> <!-- navigator-link  -->
                </li>
                <li>
                  <a href="#" panel-name="group-Marriott_Automation_Test" class="navigator-link ">
                    <span>0 groups</span>
                  </a> <!-- navigator-link  -->
                </li>
                <li>
                  <a href="#" panel-name="times-Marriott_Automation_Test" class="navigator-link ">
                    <span>Times</span>
                  </a> <!-- navigator-link  -->
                </li>
                <li>
                  <a href="#" panel-name="reporter-Marriott_Automation_Test" class="navigator-link ">
                    <span>Reporter output</span>
                  </a> <!-- navigator-link  -->
                </li>
                <li>
                  <a href="#" panel-name="ignored-methods-Marriott_Automation_Test" class="navigator-link ">
                    <span>Ignored methods</span>
                  </a> <!-- navigator-link  -->
                </li>
                <li>
                  <a href="#" panel-name="chronological-Marriott_Automation_Test" class="navigator-link ">
                    <span>Chronological view</span>
                  </a> <!-- navigator-link  -->
                </li>
              </ul>
            </div> <!-- suite-section-content -->
            <div class="result-section">
              <div class="suite-section-title">
                <span>Results</span>
              </div> <!-- suite-section-title -->
              <div class="suite-section-content">
                <ul>
                  <li>
                    <span class="method-stats">28 methods, 15 failed,   13 passed</span>
                  </li>
                  <li>
                    <span class="method-list-title failed">Failed methods</span>
                    <span class="show-or-hide-methods failed">
                      <a href="#" panel-name="suite-Marriott_Automation_Test" class="hide-methods failed suite-Marriott_Automation_Test"> (hide)</a> <!-- hide-methods failed suite-Marriott_Automation_Test -->
                      <a href="#" panel-name="suite-Marriott_Automation_Test" class="show-methods failed suite-Marriott_Automation_Test"> (show)</a> <!-- show-methods failed suite-Marriott_Automation_Test -->
                    </span>
                    <div class="method-list-content failed suite-Marriott_Automation_Test">
                      <span>
                        <img src="failed.png" width="3%"/>
                        <a href="#" panel-name="suite-Marriott_Automation_Test" title="home.MarriottHomePageTest" class="method navigator-link" hash-for-method="testBookHotelFindNReserve">testBookHotelFindNReserve</a> <!-- method navigator-link -->
                      </span>
                      <br/>
                      <span>
                        <img src="failed.png" width="3%"/>
                        <a href="#" panel-name="suite-Marriott_Automation_Test" title="home.MarriottHomePageTest" class="method navigator-link" hash-for-method="testClicKOnAccomodations">testClicKOnAccomodations</a> <!-- method navigator-link -->
                      </span>
                      <br/>
                      <span>
                        <img src="failed.png" width="3%"/>
                        <a href="#" panel-name="suite-Marriott_Automation_Test" title="home.MarriottHomePageTest" class="method navigator-link" hash-for-method="testClicKOnDestinationsUnderWeddings">testClicKOnDestinationsUnderWeddings</a> <!-- method navigator-link -->
                      </span>
                      <br/>
                      <span>
                        <img src="failed.png" width="3%"/>
                        <a href="#" panel-name="suite-Marriott_Automation_Test" title="home.MarriottHomePageTest" class="method navigator-link" hash-for-method="testClicKOnReceptions">testClicKOnReceptions</a> <!-- method navigator-link -->
                      </span>
                      <br/>
                      <span>
                        <img src="failed.png" width="3%"/>
                        <a href="#" panel-name="suite-Marriott_Automation_Test" title="home.MarriottHomePageTest" class="method navigator-link" hash-for-method="testClicKPlanning">testClicKPlanning</a> <!-- method navigator-link -->
                      </span>
                      <br/>
                      <span>
                        <img src="failed.png" width="3%"/>
                        <a href="#" panel-name="suite-Marriott_Automation_Test" title="home.MarriottHomePageTest" class="method navigator-link" hash-for-method="testClicKSocialEvents">testClicKSocialEvents</a> <!-- method navigator-link -->
                      </span>
                      <br/>
                      <span>
                        <img src="failed.png" width="3%"/>
                        <a href="#" panel-name="suite-Marriott_Automation_Test" title="home.MarriottHomePageTest" class="method navigator-link" hash-for-method="testClickBusinessMeetings">testClickBusinessMeetings</a> <!-- method navigator-link -->
                      </span>
                      <br/>
                      <span>
                        <img src="failed.png" width="3%"/>
                        <a href="#" panel-name="suite-Marriott_Automation_Test" title="home.MarriottHomePageTest" class="method navigator-link" hash-for-method="testClickOnDealsPackages">testClickOnDealsPackages</a> <!-- method navigator-link -->
                      </span>
                      <br/>
                      <span>
                        <img src="failed.png" width="3%"/>
                        <a href="#" panel-name="suite-Marriott_Automation_Test" title="home.MarriottHomePageTest" class="method navigator-link" hash-for-method="testClickOnDeltaHotels">testClickOnDeltaHotels</a> <!-- method navigator-link -->
                      </span>
                      <br/>
                      <span>
                        <img src="failed.png" width="3%"/>
                        <a href="#" panel-name="suite-Marriott_Automation_Test" title="home.MarriottHomePageTest" class="method navigator-link" hash-for-method="testClickOnExploreAll">testClickOnExploreAll</a> <!-- method navigator-link -->
                      </span>
                      <br/>
                      <span>
                        <img src="failed.png" width="3%"/>
                        <a href="#" panel-name="suite-Marriott_Automation_Test" title="home.MarriottHomePageTest" class="method navigator-link" hash-for-method="testClickOnRitz">testClickOnRitz</a> <!-- method navigator-link -->
                      </span>
                      <br/>
                      <span>
                        <img src="failed.png" width="3%"/>
                        <a href="#" panel-name="suite-Marriott_Automation_Test" title="home.MarriottHomePageTest" class="method navigator-link" hash-for-method="testFindNReserve">testFindNReserve</a> <!-- method navigator-link -->
                      </span>
                      <br/>
                      <span>
                        <img src="failed.png" width="3%"/>
                        <a href="#" panel-name="suite-Marriott_Automation_Test" title="home.MarriottHomePageTest" class="method navigator-link" hash-for-method="testLanguageSelector">testLanguageSelector</a> <!-- method navigator-link -->
                      </span>
                      <br/>
                      <span>
                        <img src="failed.png" width="3%"/>
                        <a href="#" panel-name="suite-Marriott_Automation_Test" title="home.MarriottHomePageTest" class="method navigator-link" hash-for-method="testSearchBox">testSearchBox</a> <!-- method navigator-link -->
                      </span>
                      <br/>
                      <span>
                        <img src="failed.png" width="3%"/>
                        <a href="#" panel-name="suite-Marriott_Automation_Test" title="home.MarriottHomePageTest" class="method navigator-link" hash-for-method="testUsePointsCheckBox">testUsePointsCheckBox</a> <!-- method navigator-link -->
                      </span>
                      <br/>
                    </div> <!-- method-list-content failed suite-Marriott_Automation_Test -->
                  </li>
                  <li>
                    <span class="method-list-title passed">Passed methods</span>
                    <span class="show-or-hide-methods passed">
                      <a href="#" panel-name="suite-Marriott_Automation_Test" class="hide-methods passed suite-Marriott_Automation_Test"> (hide)</a> <!-- hide-methods passed suite-Marriott_Automation_Test -->
                      <a href="#" panel-name="suite-Marriott_Automation_Test" class="show-methods passed suite-Marriott_Automation_Test"> (show)</a> <!-- show-methods passed suite-Marriott_Automation_Test -->
                    </span>
                    <div class="method-list-content passed suite-Marriott_Automation_Test">
                      <span>
                        <img src="passed.png" width="3%"/>
                        <a href="#" panel-name="suite-Marriott_Automation_Test" title="home.MarriottHomePageTest" class="method navigator-link" hash-for-method="testClicKOnDining">testClicKOnDining</a> <!-- method navigator-link -->
                      </span>
                      <br/>
                      <span>
                        <img src="passed.png" width="3%"/>
                        <a href="#" panel-name="suite-Marriott_Automation_Test" title="home.MarriottHomePageTest" class="method navigator-link" hash-for-method="testClicKWeddings">testClicKWeddings</a> <!-- method navigator-link -->
                      </span>
                      <br/>
                      <span>
                        <img src="passed.png" width="3%"/>
                        <a href="#" panel-name="suite-Marriott_Automation_Test" title="home.MarriottHomePageTest" class="method navigator-link" hash-for-method="testClickCeremonies">testClickCeremonies</a> <!-- method navigator-link -->
                      </span>
                      <br/>
                      <span>
                        <img src="passed.png" width="3%"/>
                        <a href="#" panel-name="suite-Marriott_Automation_Test" title="home.MarriottHomePageTest" class="method navigator-link" hash-for-method="testClickMeetingsNEvents">testClickMeetingsNEvents</a> <!-- method navigator-link -->
                      </span>
                      <br/>
                      <span>
                        <img src="passed.png" width="3%"/>
                        <a href="#" panel-name="suite-Marriott_Automation_Test" title="home.MarriottHomePageTest" class="method navigator-link" hash-for-method="testClickOnEdition">testClickOnEdition</a> <!-- method navigator-link -->
                      </span>
                      <br/>
                      <span>
                        <img src="passed.png" width="3%"/>
                        <a href="#" panel-name="suite-Marriott_Automation_Test" title="home.MarriottHomePageTest" class="method navigator-link" hash-for-method="testClickOnGrouptTravels">testClickOnGrouptTravels</a> <!-- method navigator-link -->
                      </span>
                      <br/>
                      <span>
                        <img src="passed.png" width="3%"/>
                        <a href="#" panel-name="suite-Marriott_Automation_Test" title="home.MarriottHomePageTest" class="method navigator-link" hash-for-method="testClickOnJWHotels">testClickOnJWHotels</a> <!-- method navigator-link -->
                      </span>
                      <br/>
                      <span>
                        <img src="passed.png" width="3%"/>
                        <a href="#" panel-name="suite-Marriott_Automation_Test" title="home.MarriottHomePageTest" class="method navigator-link" hash-for-method="testClickOnOurBrands">testClickOnOurBrands</a> <!-- method navigator-link -->
                      </span>
                      <br/>
                      <span>
                        <img src="passed.png" width="3%"/>
                        <a href="#" panel-name="suite-Marriott_Automation_Test" title="home.MarriottHomePageTest" class="method navigator-link" hash-for-method="testClickOnOurCreditCards">testClickOnOurCreditCards</a> <!-- method navigator-link -->
                      </span>
                      <br/>
                      <span>
                        <img src="passed.png" width="3%"/>
                        <a href="#" panel-name="suite-Marriott_Automation_Test" title="home.MarriottHomePageTest" class="method navigator-link" hash-for-method="testClickOnRegis">testClickOnRegis</a> <!-- method navigator-link -->
                      </span>
                      <br/>
                      <span>
                        <img src="passed.png" width="3%"/>
                        <a href="#" panel-name="suite-Marriott_Automation_Test" title="home.MarriottHomePageTest" class="method navigator-link" hash-for-method="testClickOnWHotels">testClickOnWHotels</a> <!-- method navigator-link -->
                      </span>
                      <br/>
                      <span>
                        <img src="passed.png" width="3%"/>
                        <a href="#" panel-name="suite-Marriott_Automation_Test" title="home.MarriottHomePageTest" class="method navigator-link" hash-for-method="testClickOnWestin">testClickOnWestin</a> <!-- method navigator-link -->
                      </span>
                      <br/>
                      <span>
                        <img src="passed.png" width="3%"/>
                        <a href="#" panel-name="suite-Marriott_Automation_Test" title="home.MarriottHomePageTest" class="method navigator-link" hash-for-method="testClickOnleMeridienHotels">testClickOnleMeridienHotels</a> <!-- method navigator-link -->
                      </span>
                      <br/>
                    </div> <!-- method-list-content passed suite-Marriott_Automation_Test -->
                  </li>
                </ul>
              </div> <!-- suite-section-content -->
            </div> <!-- result-section -->
          </div> <!-- navigator-suite-content -->
        </div> <!-- rounded-window -->
      </div> <!-- suite -->
    </div> <!-- navigator-root -->
    <div class="wrapper">
      <div class="main-panel-root">
        <div panel-name="suite-Marriott_Automation_Test" class="panel Marriott_Automation_Test">
          <div class="suite-Marriott_Automation_Test-class-failed">
            <div class="main-panel-header rounded-window-top">
              <img src="failed.png"/>
              <span class="class-name">home.MarriottHomePageTest</span>
            </div> <!-- main-panel-header rounded-window-top -->
            <div class="main-panel-content rounded-window-bottom">
              <div class="method">
                <div class="method-content">
                  <a name="testBookHotelFindNReserve">
                  </a> <!-- testBookHotelFindNReserve -->
                  <span class="method-name">testBookHotelFindNReserve</span>
                  <div class="stack-trace">org.openqa.selenium.InvalidSelectorException: invalid selector: An invalid or illegal selector was specified
  (Session info: chrome=85.0.4183.121)
For documentation on this error, please visit: https://www.seleniumhq.org/exceptions/invalid_selector_exception.html
Build info: version: &apos;3.141.59&apos;, revision: &apos;e82be7d358&apos;, time: &apos;2018-11-14T08:17:03&apos;
System info: host: &apos;WAQAS&apos;, ip: &apos;192.168.1.166&apos;, os.name: &apos;Windows 10&apos;, os.arch: &apos;amd64&apos;, os.version: &apos;10.0&apos;, java.version: &apos;11.0.8&apos;
Driver info: org.openqa.selenium.chrome.ChromeDriver
Capabilities {acceptInsecureCerts: false, browserName: chrome, browserVersion: 85.0.4183.121, chrome: {chromedriverVersion: 85.0.4183.87 (cd6713ebf92fa..., userDataDir: C:\Users\Waqas\AppData\Loca...}, goog:chromeOptions: {debuggerAddress: localhost:63243}, javascriptEnabled: true, networkConnectionEnabled: false, pageLoadStrategy: normal, platform: WINDOWS, platformName: WINDOWS, proxy: Proxy(), setWindowRect: true, strictFileInteractability: false, timeouts: {implicit: 0, pageLoad: 300000, script: 30000}, unhandledPromptBehavior: dismiss and notify, webauthn:virtualAuthenticators: true}
Session ID: b3f71f8f33e72b10faad5886f1788fd1
*** Element info: {Using=css selector, value=//input[@id=&quot;FT8M1YER_search-location&quot;]}
	at org.openqa.selenium.remote.http.W3CHttpResponseCodec.createException(W3CHttpResponseCodec.java:187)
	at org.openqa.selenium.remote.http.W3CHttpResponseCodec.decode(W3CHttpResponseCodec.java:122)
	at org.openqa.selenium.remote.http.W3CHttpResponseCodec.decode(W3CHttpResponseCodec.java:49)
	at org.openqa.selenium.remote.HttpCommandExecutor.execute(HttpCommandExecutor.java:158)
	at org.openqa.selenium.remote.service.DriverCommandExecutor.execute(DriverCommandExecutor.java:83)
	at org.openqa.selenium.remote.RemoteWebDriver.execute(RemoteWebDriver.java:552)
	at org.openqa.selenium.remote.RemoteWebDriver.findElement(RemoteWebDriver.java:323)
	at org.openqa.selenium.remote.RemoteWebDriver.findElementByCssSelector(RemoteWebDriver.java:420)
	at org.openqa.selenium.By$ByCssSelector.findElement(By.java:431)
	at org.openqa.selenium.remote.RemoteWebDriver.findElement(RemoteWebDriver.java:315)
	at base.CommonAPI.clearInputField(CommonAPI.java:323)
	at home.MarriottHomePage.enterSearchKeys(MarriottHomePage.java:101)
	at home.MarriottHomePage.bookHotelFindNReserve(MarriottHomePage.java:79)
	at home.MarriottHomePageTest.testBookHotelFindNReserve(MarriottHomePageTest.java:54)
	at java.base/java.util.ArrayList.forEach(ArrayList.java:1541)
... Removed 35 stack frames
</div> <!-- stack-trace -->
                </div> <!-- method-content -->
              </div> <!-- method -->
              <div class="method">
                <div class="method-content">
                  <a name="testClicKOnAccomodations">
                  </a> <!-- testClicKOnAccomodations -->
                  <span class="method-name">testClicKOnAccomodations</span>
                  <div class="stack-trace">org.openqa.selenium.InvalidSelectorException: invalid selector: An invalid or illegal selector was specified
  (Session info: chrome=85.0.4183.121)
For documentation on this error, please visit: https://www.seleniumhq.org/exceptions/invalid_selector_exception.html
Build info: version: &apos;3.141.59&apos;, revision: &apos;e82be7d358&apos;, time: &apos;2018-11-14T08:17:03&apos;
System info: host: &apos;WAQAS&apos;, ip: &apos;192.168.1.166&apos;, os.name: &apos;Windows 10&apos;, os.arch: &apos;amd64&apos;, os.version: &apos;10.0&apos;, java.version: &apos;11.0.8&apos;
Driver info: org.openqa.selenium.chrome.ChromeDriver
Capabilities {acceptInsecureCerts: false, browserName: chrome, browserVersion: 85.0.4183.121, chrome: {chromedriverVersion: 85.0.4183.87 (cd6713ebf92fa..., userDataDir: C:\Users\Waqas\AppData\Loca...}, goog:chromeOptions: {debuggerAddress: localhost:63386}, javascriptEnabled: true, networkConnectionEnabled: false, pageLoadStrategy: normal, platform: WINDOWS, platformName: WINDOWS, proxy: Proxy(), setWindowRect: true, strictFileInteractability: false, timeouts: {implicit: 0, pageLoad: 300000, script: 30000}, unhandledPromptBehavior: dismiss and notify, webauthn:virtualAuthenticators: true}
Session ID: ca404f6801395bad81c0a628e776616a
*** Element info: {Using=css selector, value=//p[text()=&apos;Meetings &amp; Events&apos;]}
	at org.openqa.selenium.remote.http.W3CHttpResponseCodec.createException(W3CHttpResponseCodec.java:187)
	at org.openqa.selenium.remote.http.W3CHttpResponseCodec.decode(W3CHttpResponseCodec.java:122)
	at org.openqa.selenium.remote.http.W3CHttpResponseCodec.decode(W3CHttpResponseCodec.java:49)
	at org.openqa.selenium.remote.HttpCommandExecutor.execute(HttpCommandExecutor.java:158)
	at org.openqa.selenium.remote.service.DriverCommandExecutor.execute(DriverCommandExecutor.java:83)
	at org.openqa.selenium.remote.RemoteWebDriver.execute(RemoteWebDriver.java:552)
	at org.openqa.selenium.remote.RemoteWebDriver.findElement(RemoteWebDriver.java:323)
	at org.openqa.selenium.remote.RemoteWebDriver.findElementByCssSelector(RemoteWebDriver.java:420)
	at org.openqa.selenium.By$ByCssSelector.findElement(By.java:431)
	at org.openqa.selenium.remote.RemoteWebDriver.findElement(RemoteWebDriver.java:315)
	at base.CommonAPI.clickOnElement(CommonAPI.java:221)
	at home.MarriottHomePage.clickMeetingsNEvents(MarriottHomePage.java:210)
	at home.MarriottHomePage.clickOnAccomodations(MarriottHomePage.java:343)
	at home.MarriottHomePageTest.testClicKOnAccomodations(MarriottHomePageTest.java:182)
	at java.base/java.util.ArrayList.forEach(ArrayList.java:1541)
... Removed 35 stack frames
</div> <!-- stack-trace -->
                </div> <!-- method-content -->
              </div> <!-- method -->
              <div class="method">
                <div class="method-content">
                  <a name="testClicKOnDestinationsUnderWeddings">
                  </a> <!-- testClicKOnDestinationsUnderWeddings -->
                  <span class="method-name">testClicKOnDestinationsUnderWeddings</span>
                  <div class="stack-trace">java.lang.AssertionError: expected [Destinations] but found []
	at home.MarriottHomePage.validateClickDestionationsUnderWeddings(MarriottHomePage.java:374)
	at home.MarriottHomePageTest.testClicKOnDestinationsUnderWeddings(MarriottHomePageTest.java:194)
	at java.base/java.util.ArrayList.forEach(ArrayList.java:1541)
... Removed 36 stack frames
</div> <!-- stack-trace -->
                </div> <!-- method-content -->
              </div> <!-- method -->
              <div class="method">
                <div class="method-content">
                  <a name="testClicKOnReceptions">
                  </a> <!-- testClicKOnReceptions -->
                  <span class="method-name">testClicKOnReceptions</span>
                  <div class="stack-trace">org.openqa.selenium.InvalidSelectorException: invalid selector: An invalid or illegal selector was specified
  (Session info: chrome=85.0.4183.121)
For documentation on this error, please visit: https://www.seleniumhq.org/exceptions/invalid_selector_exception.html
Build info: version: &apos;3.141.59&apos;, revision: &apos;e82be7d358&apos;, time: &apos;2018-11-14T08:17:03&apos;
System info: host: &apos;WAQAS&apos;, ip: &apos;192.168.1.166&apos;, os.name: &apos;Windows 10&apos;, os.arch: &apos;amd64&apos;, os.version: &apos;10.0&apos;, java.version: &apos;11.0.8&apos;
Driver info: org.openqa.selenium.chrome.ChromeDriver
Capabilities {acceptInsecureCerts: false, browserName: chrome, browserVersion: 85.0.4183.121, chrome: {chromedriverVersion: 85.0.4183.87 (cd6713ebf92fa..., userDataDir: C:\Users\Waqas\AppData\Loca...}, goog:chromeOptions: {debuggerAddress: localhost:64219}, javascriptEnabled: true, networkConnectionEnabled: false, pageLoadStrategy: normal, platform: WINDOWS, platformName: WINDOWS, proxy: Proxy(), setWindowRect: true, strictFileInteractability: false, timeouts: {implicit: 0, pageLoad: 300000, script: 30000}, unhandledPromptBehavior: dismiss and notify, webauthn:virtualAuthenticators: true}
Session ID: 074eaa9d3fda13f00ba7042d11341d64
*** Element info: {Using=css selector, value=//p[text()=&apos;Meetings &amp; Events&apos;]}
	at org.openqa.selenium.remote.http.W3CHttpResponseCodec.createException(W3CHttpResponseCodec.java:187)
	at org.openqa.selenium.remote.http.W3CHttpResponseCodec.decode(W3CHttpResponseCodec.java:122)
	at org.openqa.selenium.remote.http.W3CHttpResponseCodec.decode(W3CHttpResponseCodec.java:49)
	at org.openqa.selenium.remote.HttpCommandExecutor.execute(HttpCommandExecutor.java:158)
	at org.openqa.selenium.remote.service.DriverCommandExecutor.execute(DriverCommandExecutor.java:83)
	at org.openqa.selenium.remote.RemoteWebDriver.execute(RemoteWebDriver.java:552)
	at org.openqa.selenium.remote.RemoteWebDriver.findElement(RemoteWebDriver.java:323)
	at org.openqa.selenium.remote.RemoteWebDriver.findElementByCssSelector(RemoteWebDriver.java:420)
	at org.openqa.selenium.By$ByCssSelector.findElement(By.java:431)
	at org.openqa.selenium.remote.RemoteWebDriver.findElement(RemoteWebDriver.java:315)
	at base.CommonAPI.clickOnElement(CommonAPI.java:221)
	at home.MarriottHomePage.clickMeetingsNEvents(MarriottHomePage.java:210)
	at home.MarriottHomePage.clickOnReceptions(MarriottHomePage.java:307)
	at home.MarriottHomePageTest.testClicKOnReceptions(MarriottHomePageTest.java:159)
	at java.base/java.util.ArrayList.forEach(ArrayList.java:1541)
... Removed 35 stack frames
</div> <!-- stack-trace -->
                </div> <!-- method-content -->
              </div> <!-- method -->
              <div class="method">
                <div class="method-content">
                  <a name="testClicKPlanning">
                  </a> <!-- testClicKPlanning -->
                  <span class="method-name">testClicKPlanning</span>
                  <div class="stack-trace">org.openqa.selenium.InvalidSelectorException: invalid selector: An invalid or illegal selector was specified
  (Session info: chrome=85.0.4183.121)
For documentation on this error, please visit: https://www.seleniumhq.org/exceptions/invalid_selector_exception.html
Build info: version: &apos;3.141.59&apos;, revision: &apos;e82be7d358&apos;, time: &apos;2018-11-14T08:17:03&apos;
System info: host: &apos;WAQAS&apos;, ip: &apos;192.168.1.166&apos;, os.name: &apos;Windows 10&apos;, os.arch: &apos;amd64&apos;, os.version: &apos;10.0&apos;, java.version: &apos;11.0.8&apos;
Driver info: org.openqa.selenium.chrome.ChromeDriver
Capabilities {acceptInsecureCerts: false, browserName: chrome, browserVersion: 85.0.4183.121, chrome: {chromedriverVersion: 85.0.4183.87 (cd6713ebf92fa..., userDataDir: C:\Users\Waqas\AppData\Loca...}, goog:chromeOptions: {debuggerAddress: localhost:64510}, javascriptEnabled: true, networkConnectionEnabled: false, pageLoadStrategy: normal, platform: WINDOWS, platformName: WINDOWS, proxy: Proxy(), setWindowRect: true, strictFileInteractability: false, timeouts: {implicit: 0, pageLoad: 300000, script: 30000}, unhandledPromptBehavior: dismiss and notify, webauthn:virtualAuthenticators: true}
Session ID: bbb1a246cb96449a33b492ac3df16ef4
*** Element info: {Using=css selector, value=//p[text()=&apos;Meetings &amp; Events&apos;]}
	at org.openqa.selenium.remote.http.W3CHttpResponseCodec.createException(W3CHttpResponseCodec.java:187)
	at org.openqa.selenium.remote.http.W3CHttpResponseCodec.decode(W3CHttpResponseCodec.java:122)
	at org.openqa.selenium.remote.http.W3CHttpResponseCodec.decode(W3CHttpResponseCodec.java:49)
	at org.openqa.selenium.remote.HttpCommandExecutor.execute(HttpCommandExecutor.java:158)
	at org.openqa.selenium.remote.service.DriverCommandExecutor.execute(DriverCommandExecutor.java:83)
	at org.openqa.selenium.remote.RemoteWebDriver.execute(RemoteWebDriver.java:552)
	at org.openqa.selenium.remote.RemoteWebDriver.findElement(RemoteWebDriver.java:323)
	at org.openqa.selenium.remote.RemoteWebDriver.findElementByCssSelector(RemoteWebDriver.java:420)
	at org.openqa.selenium.By$ByCssSelector.findElement(By.java:431)
	at org.openqa.selenium.remote.RemoteWebDriver.findElement(RemoteWebDriver.java:315)
	at base.CommonAPI.clickOnElement(CommonAPI.java:221)
	at home.MarriottHomePage.clickMeetingsNEvents(MarriottHomePage.java:210)
	at home.MarriottHomePage.clickOnPlanning(MarriottHomePage.java:271)
	at home.MarriottHomePageTest.testClicKPlanning(MarriottHomePageTest.java:137)
	at java.base/java.util.ArrayList.forEach(ArrayList.java:1541)
... Removed 35 stack frames
</div> <!-- stack-trace -->
                </div> <!-- method-content -->
              </div> <!-- method -->
              <div class="method">
                <div class="method-content">
                  <a name="testClicKSocialEvents">
                  </a> <!-- testClicKSocialEvents -->
                  <span class="method-name">testClicKSocialEvents</span>
                  <div class="stack-trace">org.openqa.selenium.InvalidSelectorException: invalid selector: An invalid or illegal selector was specified
  (Session info: chrome=85.0.4183.121)
For documentation on this error, please visit: https://www.seleniumhq.org/exceptions/invalid_selector_exception.html
Build info: version: &apos;3.141.59&apos;, revision: &apos;e82be7d358&apos;, time: &apos;2018-11-14T08:17:03&apos;
System info: host: &apos;WAQAS&apos;, ip: &apos;192.168.1.166&apos;, os.name: &apos;Windows 10&apos;, os.arch: &apos;amd64&apos;, os.version: &apos;10.0&apos;, java.version: &apos;11.0.8&apos;
Driver info: org.openqa.selenium.chrome.ChromeDriver
Capabilities {acceptInsecureCerts: false, browserName: chrome, browserVersion: 85.0.4183.121, chrome: {chromedriverVersion: 85.0.4183.87 (cd6713ebf92fa..., userDataDir: C:\Users\Waqas\AppData\Loca...}, goog:chromeOptions: {debuggerAddress: localhost:64874}, javascriptEnabled: true, networkConnectionEnabled: false, pageLoadStrategy: normal, platform: WINDOWS, platformName: WINDOWS, proxy: Proxy(), setWindowRect: true, strictFileInteractability: false, timeouts: {implicit: 0, pageLoad: 300000, script: 30000}, unhandledPromptBehavior: dismiss and notify, webauthn:virtualAuthenticators: true}
Session ID: daf384c3af31223e7562d2ae3ab4f776
*** Element info: {Using=css selector, value=//p[text()=&apos;Meetings &amp; Events&apos;]}
	at org.openqa.selenium.remote.http.W3CHttpResponseCodec.createException(W3CHttpResponseCodec.java:187)
	at org.openqa.selenium.remote.http.W3CHttpResponseCodec.decode(W3CHttpResponseCodec.java:122)
	at org.openqa.selenium.remote.http.W3CHttpResponseCodec.decode(W3CHttpResponseCodec.java:49)
	at org.openqa.selenium.remote.HttpCommandExecutor.execute(HttpCommandExecutor.java:158)
	at org.openqa.selenium.remote.service.DriverCommandExecutor.execute(DriverCommandExecutor.java:83)
	at org.openqa.selenium.remote.RemoteWebDriver.execute(RemoteWebDriver.java:552)
	at org.openqa.selenium.remote.RemoteWebDriver.findElement(RemoteWebDriver.java:323)
	at org.openqa.selenium.remote.RemoteWebDriver.findElementByCssSelector(RemoteWebDriver.java:420)
	at org.openqa.selenium.By$ByCssSelector.findElement(By.java:431)
	at org.openqa.selenium.remote.RemoteWebDriver.findElement(RemoteWebDriver.java:315)
	at base.CommonAPI.clickOnElement(CommonAPI.java:221)
	at home.MarriottHomePage.clickMeetingsNEvents(MarriottHomePage.java:210)
	at home.MarriottHomePage.clickOnSocialEvents(MarriottHomePage.java:385)
	at home.MarriottHomePageTest.testClicKSocialEvents(MarriottHomePageTest.java:126)
	at java.base/java.util.ArrayList.forEach(ArrayList.java:1541)
... Removed 35 stack frames
</div> <!-- stack-trace -->
                </div> <!-- method-content -->
              </div> <!-- method -->
              <div class="method">
                <div class="method-content">
                  <a name="testClickBusinessMeetings">
                  </a> <!-- testClickBusinessMeetings -->
                  <span class="method-name">testClickBusinessMeetings</span>
                  <div class="stack-trace">org.openqa.selenium.InvalidSelectorException: invalid selector: An invalid or illegal selector was specified
  (Session info: chrome=85.0.4183.121)
For documentation on this error, please visit: https://www.seleniumhq.org/exceptions/invalid_selector_exception.html
Build info: version: &apos;3.141.59&apos;, revision: &apos;e82be7d358&apos;, time: &apos;2018-11-14T08:17:03&apos;
System info: host: &apos;WAQAS&apos;, ip: &apos;192.168.1.166&apos;, os.name: &apos;Windows 10&apos;, os.arch: &apos;amd64&apos;, os.version: &apos;10.0&apos;, java.version: &apos;11.0.8&apos;
Driver info: org.openqa.selenium.chrome.ChromeDriver
Capabilities {acceptInsecureCerts: false, browserName: chrome, browserVersion: 85.0.4183.121, chrome: {chromedriverVersion: 85.0.4183.87 (cd6713ebf92fa..., userDataDir: C:\Users\Waqas\AppData\Loca...}, goog:chromeOptions: {debuggerAddress: localhost:65431}, javascriptEnabled: true, networkConnectionEnabled: false, pageLoadStrategy: normal, platform: WINDOWS, platformName: WINDOWS, proxy: Proxy(), setWindowRect: true, strictFileInteractability: false, timeouts: {implicit: 0, pageLoad: 300000, script: 30000}, unhandledPromptBehavior: dismiss and notify, webauthn:virtualAuthenticators: true}
Session ID: 8b3e1898c0a0096466bab533adb1935b
*** Element info: {Using=css selector, value=//p[text()=&apos;Meetings &amp; Events&apos;]}
	at org.openqa.selenium.remote.http.W3CHttpResponseCodec.createException(W3CHttpResponseCodec.java:187)
	at org.openqa.selenium.remote.http.W3CHttpResponseCodec.decode(W3CHttpResponseCodec.java:122)
	at org.openqa.selenium.remote.http.W3CHttpResponseCodec.decode(W3CHttpResponseCodec.java:49)
	at org.openqa.selenium.remote.HttpCommandExecutor.execute(HttpCommandExecutor.java:158)
	at org.openqa.selenium.remote.service.DriverCommandExecutor.execute(DriverCommandExecutor.java:83)
	at org.openqa.selenium.remote.RemoteWebDriver.execute(RemoteWebDriver.java:552)
	at org.openqa.selenium.remote.RemoteWebDriver.findElement(RemoteWebDriver.java:323)
	at org.openqa.selenium.remote.RemoteWebDriver.findElementByCssSelector(RemoteWebDriver.java:420)
	at org.openqa.selenium.By$ByCssSelector.findElement(By.java:431)
	at org.openqa.selenium.remote.RemoteWebDriver.findElement(RemoteWebDriver.java:315)
	at base.CommonAPI.clickOnElement(CommonAPI.java:221)
	at home.MarriottHomePage.clickMeetingsNEvents(MarriottHomePage.java:210)
	at home.MarriottHomePage.clickOnBusinessMeetings(MarriottHomePage.java:235)
	at home.MarriottHomePageTest.testClickBusinessMeetings(MarriottHomePageTest.java:104)
	at java.base/java.util.ArrayList.forEach(ArrayList.java:1541)
... Removed 35 stack frames
</div> <!-- stack-trace -->
                </div> <!-- method-content -->
              </div> <!-- method -->
              <div class="method">
                <div class="method-content">
                  <a name="testClickOnDealsPackages">
                  </a> <!-- testClickOnDealsPackages -->
                  <span class="method-name">testClickOnDealsPackages</span>
                  <div class="stack-trace">org.openqa.selenium.NoSuchElementException: no such element: Unable to locate element: {&quot;method&quot;:&quot;xpath&quot;,&quot;selector&quot;:&quot;//*[@id=&quot;CardArticlec947&quot;]/section/div[2]/div[1]/h4&quot;}
  (Session info: chrome=85.0.4183.121)
For documentation on this error, please visit: https://www.seleniumhq.org/exceptions/no_such_element.html
Build info: version: &apos;3.141.59&apos;, revision: &apos;e82be7d358&apos;, time: &apos;2018-11-14T08:17:03&apos;
System info: host: &apos;WAQAS&apos;, ip: &apos;192.168.1.166&apos;, os.name: &apos;Windows 10&apos;, os.arch: &apos;amd64&apos;, os.version: &apos;10.0&apos;, java.version: &apos;11.0.8&apos;
Driver info: org.openqa.selenium.chrome.ChromeDriver
Capabilities {acceptInsecureCerts: false, browserName: chrome, browserVersion: 85.0.4183.121, chrome: {chromedriverVersion: 85.0.4183.87 (cd6713ebf92fa..., userDataDir: C:\Users\Waqas\AppData\Loca...}, goog:chromeOptions: {debuggerAddress: localhost:49694}, javascriptEnabled: true, networkConnectionEnabled: false, pageLoadStrategy: normal, platform: WINDOWS, platformName: WINDOWS, proxy: Proxy(), setWindowRect: true, strictFileInteractability: false, timeouts: {implicit: 0, pageLoad: 300000, script: 30000}, unhandledPromptBehavior: dismiss and notify, webauthn:virtualAuthenticators: true}
Session ID: dd79c8c4af7d4e5e7f8c11f21d4b16ff
*** Element info: {Using=xpath, value=//*[@id=&quot;CardArticlec947&quot;]/section/div[2]/div[1]/h4}
	at org.openqa.selenium.remote.http.W3CHttpResponseCodec.createException(W3CHttpResponseCodec.java:187)
	at org.openqa.selenium.remote.http.W3CHttpResponseCodec.decode(W3CHttpResponseCodec.java:122)
	at org.openqa.selenium.remote.http.W3CHttpResponseCodec.decode(W3CHttpResponseCodec.java:49)
	at org.openqa.selenium.remote.HttpCommandExecutor.execute(HttpCommandExecutor.java:158)
	at org.openqa.selenium.remote.service.DriverCommandExecutor.execute(DriverCommandExecutor.java:83)
	at org.openqa.selenium.remote.RemoteWebDriver.execute(RemoteWebDriver.java:552)
	at org.openqa.selenium.remote.RemoteWebDriver.findElement(RemoteWebDriver.java:323)
	at org.openqa.selenium.remote.RemoteWebDriver.findElementByXPath(RemoteWebDriver.java:428)
	at org.openqa.selenium.By$ByXPath.findElement(By.java:353)
	at org.openqa.selenium.remote.RemoteWebDriver.findElement(RemoteWebDriver.java:315)
	at org.openqa.selenium.support.pagefactory.DefaultElementLocator.findElement(DefaultElementLocator.java:69)
	at org.openqa.selenium.support.pagefactory.internal.LocatingElementHandler.invoke(LocatingElementHandler.java:38)
	at com.sun.proxy.$Proxy14.getText(Unknown Source)
	at home.MarriottHomePage.validateClickDealsPackages(MarriottHomePage.java:182)
	at home.MarriottHomePageTest.testClickOnDealsPackages(MarriottHomePageTest.java:75)
	at java.base/java.util.ArrayList.forEach(ArrayList.java:1541)
... Removed 35 stack frames
</div> <!-- stack-trace -->
                </div> <!-- method-content -->
              </div> <!-- method -->
              <div class="method">
                <div class="method-content">
                  <a name="testClickOnDeltaHotels">
                  </a> <!-- testClickOnDeltaHotels -->
                  <span class="method-name">testClickOnDeltaHotels</span>
                  <div class="stack-trace">org.openqa.selenium.InvalidSelectorException: invalid selector: An invalid or illegal selector was specified
  (Session info: chrome=85.0.4183.121)
For documentation on this error, please visit: https://www.seleniumhq.org/exceptions/invalid_selector_exception.html
Build info: version: &apos;3.141.59&apos;, revision: &apos;e82be7d358&apos;, time: &apos;2018-11-14T08:17:03&apos;
System info: host: &apos;WAQAS&apos;, ip: &apos;192.168.1.166&apos;, os.name: &apos;Windows 10&apos;, os.arch: &apos;amd64&apos;, os.version: &apos;10.0&apos;, java.version: &apos;11.0.8&apos;
Driver info: org.openqa.selenium.chrome.ChromeDriver
Capabilities {acceptInsecureCerts: false, browserName: chrome, browserVersion: 85.0.4183.121, chrome: {chromedriverVersion: 85.0.4183.87 (cd6713ebf92fa..., userDataDir: C:\Users\Waqas\AppData\Loca...}, goog:chromeOptions: {debuggerAddress: localhost:49826}, javascriptEnabled: true, networkConnectionEnabled: false, pageLoadStrategy: normal, platform: WINDOWS, platformName: WINDOWS, proxy: Proxy(), setWindowRect: true, strictFileInteractability: false, timeouts: {implicit: 0, pageLoad: 300000, script: 30000}, unhandledPromptBehavior: dismiss and notify, webauthn:virtualAuthenticators: true}
Session ID: 294b34391856bd8a63427c630b922827
*** Element info: {Using=css selector, value=https://delta-hotels.marriott.com/ }
	at org.openqa.selenium.remote.http.W3CHttpResponseCodec.createException(W3CHttpResponseCodec.java:187)
	at org.openqa.selenium.remote.http.W3CHttpResponseCodec.decode(W3CHttpResponseCodec.java:122)
	at org.openqa.selenium.remote.http.W3CHttpResponseCodec.decode(W3CHttpResponseCodec.java:49)
	at org.openqa.selenium.remote.HttpCommandExecutor.execute(HttpCommandExecutor.java:158)
	at org.openqa.selenium.remote.service.DriverCommandExecutor.execute(DriverCommandExecutor.java:83)
	at org.openqa.selenium.remote.RemoteWebDriver.execute(RemoteWebDriver.java:552)
	at org.openqa.selenium.remote.RemoteWebDriver.findElement(RemoteWebDriver.java:323)
	at org.openqa.selenium.remote.RemoteWebDriver.findElementByCssSelector(RemoteWebDriver.java:420)
	at org.openqa.selenium.By$ByCssSelector.findElement(By.java:431)
	at org.openqa.selenium.remote.RemoteWebDriver.findElement(RemoteWebDriver.java:315)
	at base.CommonAPI.clickOnElement(CommonAPI.java:221)
	at home.MarriottHomePage.clickOnDeltaHotels(MarriottHomePage.java:529)
	at home.MarriottHomePageTest.testClickOnDeltaHotels(MarriottHomePageTest.java:268)
	at java.base/java.util.ArrayList.forEach(ArrayList.java:1541)
... Removed 35 stack frames
</div> <!-- stack-trace -->
                </div> <!-- method-content -->
              </div> <!-- method -->
              <div class="method">
                <div class="method-content">
                  <a name="testClickOnExploreAll">
                  </a> <!-- testClickOnExploreAll -->
                  <span class="method-name">testClickOnExploreAll</span>
                  <div class="stack-trace">org.openqa.selenium.NoSuchElementException: no such element: Unable to locate element: {&quot;method&quot;:&quot;xpath&quot;,&quot;selector&quot;:&quot;//p[text()=&apos;Explore Destinations&apos;]&quot;}
  (Session info: chrome=85.0.4183.121)
For documentation on this error, please visit: https://www.seleniumhq.org/exceptions/no_such_element.html
Build info: version: &apos;3.141.59&apos;, revision: &apos;e82be7d358&apos;, time: &apos;2018-11-14T08:17:03&apos;
System info: host: &apos;WAQAS&apos;, ip: &apos;192.168.1.166&apos;, os.name: &apos;Windows 10&apos;, os.arch: &apos;amd64&apos;, os.version: &apos;10.0&apos;, java.version: &apos;11.0.8&apos;
Driver info: org.openqa.selenium.chrome.ChromeDriver
Capabilities {acceptInsecureCerts: false, browserName: chrome, browserVersion: 85.0.4183.121, chrome: {chromedriverVersion: 85.0.4183.87 (cd6713ebf92fa..., userDataDir: C:\Users\Waqas\AppData\Loca...}, goog:chromeOptions: {debuggerAddress: localhost:50094}, javascriptEnabled: true, networkConnectionEnabled: false, pageLoadStrategy: normal, platform: WINDOWS, platformName: WINDOWS, proxy: Proxy(), setWindowRect: true, strictFileInteractability: false, timeouts: {implicit: 0, pageLoad: 300000, script: 30000}, unhandledPromptBehavior: dismiss and notify, webauthn:virtualAuthenticators: true}
Session ID: 1ea4e25a3b3e219f5cf054ffdca08ad7
*** Element info: {Using=xpath, value=//p[text()=&apos;Explore Destinations&apos;]}
	at org.openqa.selenium.remote.http.W3CHttpResponseCodec.createException(W3CHttpResponseCodec.java:187)
	at org.openqa.selenium.remote.http.W3CHttpResponseCodec.decode(W3CHttpResponseCodec.java:122)
	at org.openqa.selenium.remote.http.W3CHttpResponseCodec.decode(W3CHttpResponseCodec.java:49)
	at org.openqa.selenium.remote.HttpCommandExecutor.execute(HttpCommandExecutor.java:158)
	at org.openqa.selenium.remote.service.DriverCommandExecutor.execute(DriverCommandExecutor.java:83)
	at org.openqa.selenium.remote.RemoteWebDriver.execute(RemoteWebDriver.java:552)
	at org.openqa.selenium.remote.RemoteWebDriver.findElement(RemoteWebDriver.java:323)
	at org.openqa.selenium.remote.RemoteWebDriver.findElementByXPath(RemoteWebDriver.java:428)
	at org.openqa.selenium.By$ByXPath.findElement(By.java:353)
	at org.openqa.selenium.remote.RemoteWebDriver.findElement(RemoteWebDriver.java:315)
	at org.openqa.selenium.support.pagefactory.DefaultElementLocator.findElement(DefaultElementLocator.java:69)
	at org.openqa.selenium.support.pagefactory.internal.LocatingElementHandler.invoke(LocatingElementHandler.java:38)
	at com.sun.proxy.$Proxy14.click(Unknown Source)
	at home.MarriottHomePage.clickOnExploreAll(MarriottHomePage.java:196)
	at home.MarriottHomePageTest.testClickOnExploreAll(MarriottHomePageTest.java:83)
	at java.base/java.util.ArrayList.forEach(ArrayList.java:1541)
... Removed 34 stack frames
</div> <!-- stack-trace -->
                </div> <!-- method-content -->
              </div> <!-- method -->
              <div class="method">
                <div class="method-content">
                  <a name="testClickOnRitz">
                  </a> <!-- testClickOnRitz -->
                  <span class="method-name">testClickOnRitz</span>
                  <div class="stack-trace">org.openqa.selenium.NoSuchElementException: no such element: Unable to locate element: {&quot;method&quot;:&quot;xpath&quot;,&quot;selector&quot;:&quot;//a[@href=&apos;https://www.ritzcarlton.com/&apos;]&quot;}
  (Session info: chrome=85.0.4183.121)
For documentation on this error, please visit: https://www.seleniumhq.org/exceptions/no_such_element.html
Build info: version: &apos;3.141.59&apos;, revision: &apos;e82be7d358&apos;, time: &apos;2018-11-14T08:17:03&apos;
System info: host: &apos;WAQAS&apos;, ip: &apos;192.168.1.166&apos;, os.name: &apos;Windows 10&apos;, os.arch: &apos;amd64&apos;, os.version: &apos;10.0&apos;, java.version: &apos;11.0.8&apos;
Driver info: org.openqa.selenium.chrome.ChromeDriver
Capabilities {acceptInsecureCerts: false, browserName: chrome, browserVersion: 85.0.4183.121, chrome: {chromedriverVersion: 85.0.4183.87 (cd6713ebf92fa..., userDataDir: C:\Users\Waqas\AppData\Loca...}, goog:chromeOptions: {debuggerAddress: localhost:50894}, javascriptEnabled: true, networkConnectionEnabled: false, pageLoadStrategy: normal, platform: WINDOWS, platformName: WINDOWS, proxy: Proxy(), setWindowRect: true, strictFileInteractability: false, timeouts: {implicit: 0, pageLoad: 300000, script: 30000}, unhandledPromptBehavior: dismiss and notify, webauthn:virtualAuthenticators: true}
Session ID: 823f3726c24ad7f23d5671226f854dff
*** Element info: {Using=xpath, value=//a[@href=&apos;https://www.ritzcarlton.com/&apos;]}
	at org.openqa.selenium.remote.http.W3CHttpResponseCodec.createException(W3CHttpResponseCodec.java:187)
	at org.openqa.selenium.remote.http.W3CHttpResponseCodec.decode(W3CHttpResponseCodec.java:122)
	at org.openqa.selenium.remote.http.W3CHttpResponseCodec.decode(W3CHttpResponseCodec.java:49)
	at org.openqa.selenium.remote.HttpCommandExecutor.execute(HttpCommandExecutor.java:158)
	at org.openqa.selenium.remote.service.DriverCommandExecutor.execute(DriverCommandExecutor.java:83)
	at org.openqa.selenium.remote.RemoteWebDriver.execute(RemoteWebDriver.java:552)
	at org.openqa.selenium.remote.RemoteWebDriver.findElement(RemoteWebDriver.java:323)
	at org.openqa.selenium.remote.RemoteWebDriver.findElementByXPath(RemoteWebDriver.java:428)
	at org.openqa.selenium.By$ByXPath.findElement(By.java:353)
	at org.openqa.selenium.remote.RemoteWebDriver.findElement(RemoteWebDriver.java:315)
	at org.openqa.selenium.support.pagefactory.DefaultElementLocator.findElement(DefaultElementLocator.java:69)
	at org.openqa.selenium.support.pagefactory.internal.LocatingElementHandler.invoke(LocatingElementHandler.java:38)
	at com.sun.proxy.$Proxy14.click(Unknown Source)
	at home.MarriottHomePage.clickOnRitz(MarriottHomePage.java:444)
	at home.MarriottHomePageTest.testClickOnRitz(MarriottHomePageTest.java:312)
	at java.base/java.util.ArrayList.forEach(ArrayList.java:1541)
... Removed 34 stack frames
</div> <!-- stack-trace -->
                </div> <!-- method-content -->
              </div> <!-- method -->
              <div class="method">
                <div class="method-content">
                  <a name="testFindNReserve">
                  </a> <!-- testFindNReserve -->
                  <span class="method-name">testFindNReserve</span>
                  <div class="stack-trace">org.openqa.selenium.NoSuchElementException: no such element: Unable to locate element: {&quot;method&quot;:&quot;xpath&quot;,&quot;selector&quot;:&quot;//*[@id=&quot;edit-search-form&quot;]/div/div[1]/label&quot;}
  (Session info: chrome=85.0.4183.121)
For documentation on this error, please visit: https://www.seleniumhq.org/exceptions/no_such_element.html
Build info: version: &apos;3.141.59&apos;, revision: &apos;e82be7d358&apos;, time: &apos;2018-11-14T08:17:03&apos;
System info: host: &apos;WAQAS&apos;, ip: &apos;192.168.1.166&apos;, os.name: &apos;Windows 10&apos;, os.arch: &apos;amd64&apos;, os.version: &apos;10.0&apos;, java.version: &apos;11.0.8&apos;
Driver info: org.openqa.selenium.chrome.ChromeDriver
Capabilities {acceptInsecureCerts: false, browserName: chrome, browserVersion: 85.0.4183.121, chrome: {chromedriverVersion: 85.0.4183.87 (cd6713ebf92fa..., userDataDir: C:\Users\Waqas\AppData\Loca...}, goog:chromeOptions: {debuggerAddress: localhost:51434}, javascriptEnabled: true, networkConnectionEnabled: false, pageLoadStrategy: normal, platform: WINDOWS, platformName: WINDOWS, proxy: Proxy(), setWindowRect: true, strictFileInteractability: false, timeouts: {implicit: 0, pageLoad: 300000, script: 30000}, unhandledPromptBehavior: dismiss and notify, webauthn:virtualAuthenticators: true}
Session ID: ae4baaafc95d72f50a21f2d9e0dd64af
*** Element info: {Using=xpath, value=//*[@id=&quot;edit-search-form&quot;]/div/div[1]/label}
	at org.openqa.selenium.remote.http.W3CHttpResponseCodec.createException(W3CHttpResponseCodec.java:187)
	at org.openqa.selenium.remote.http.W3CHttpResponseCodec.decode(W3CHttpResponseCodec.java:122)
	at org.openqa.selenium.remote.http.W3CHttpResponseCodec.decode(W3CHttpResponseCodec.java:49)
	at org.openqa.selenium.remote.HttpCommandExecutor.execute(HttpCommandExecutor.java:158)
	at org.openqa.selenium.remote.service.DriverCommandExecutor.execute(DriverCommandExecutor.java:83)
	at org.openqa.selenium.remote.RemoteWebDriver.execute(RemoteWebDriver.java:552)
	at org.openqa.selenium.remote.RemoteWebDriver.findElement(RemoteWebDriver.java:323)
	at org.openqa.selenium.remote.RemoteWebDriver.findElementByXPath(RemoteWebDriver.java:428)
	at org.openqa.selenium.By$ByXPath.findElement(By.java:353)
	at org.openqa.selenium.remote.RemoteWebDriver.findElement(RemoteWebDriver.java:315)
	at org.openqa.selenium.support.pagefactory.DefaultElementLocator.findElement(DefaultElementLocator.java:69)
	at org.openqa.selenium.support.pagefactory.internal.LocatingElementHandler.invoke(LocatingElementHandler.java:38)
	at com.sun.proxy.$Proxy14.getText(Unknown Source)
	at home.MarriottHomePage.validateFindNReserve(MarriottHomePage.java:68)
	at home.MarriottHomePageTest.testFindNReserve(MarriottHomePageTest.java:44)
	at java.base/java.util.ArrayList.forEach(ArrayList.java:1541)
... Removed 34 stack frames
</div> <!-- stack-trace -->
                </div> <!-- method-content -->
              </div> <!-- method -->
              <div class="method">
                <div class="method-content">
                  <a name="testLanguageSelector">
                  </a> <!-- testLanguageSelector -->
                  <span class="method-name">testLanguageSelector</span>
                  <div class="stack-trace">org.openqa.selenium.NoSuchElementException: no such element: Unable to locate element: {&quot;method&quot;:&quot;xpath&quot;,&quot;selector&quot;:&quot;//h3[text()=&apos;Please select your preferred language&apos;]&quot;}
  (Session info: chrome=85.0.4183.121)
For documentation on this error, please visit: https://www.seleniumhq.org/exceptions/no_such_element.html
Build info: version: &apos;3.141.59&apos;, revision: &apos;e82be7d358&apos;, time: &apos;2018-11-14T08:17:03&apos;
System info: host: &apos;WAQAS&apos;, ip: &apos;192.168.1.166&apos;, os.name: &apos;Windows 10&apos;, os.arch: &apos;amd64&apos;, os.version: &apos;10.0&apos;, java.version: &apos;11.0.8&apos;
Driver info: org.openqa.selenium.chrome.ChromeDriver
Capabilities {acceptInsecureCerts: false, browserName: chrome, browserVersion: 85.0.4183.121, chrome: {chromedriverVersion: 85.0.4183.87 (cd6713ebf92fa..., userDataDir: C:\Users\Waqas\AppData\Loca...}, goog:chromeOptions: {debuggerAddress: localhost:51559}, javascriptEnabled: true, networkConnectionEnabled: false, pageLoadStrategy: normal, platform: WINDOWS, platformName: WINDOWS, proxy: Proxy(), setWindowRect: true, strictFileInteractability: false, timeouts: {implicit: 0, pageLoad: 300000, script: 30000}, unhandledPromptBehavior: dismiss and notify, webauthn:virtualAuthenticators: true}
Session ID: 9f529f4a4a03f8dce0903cd507677f48
*** Element info: {Using=xpath, value=//h3[text()=&apos;Please select your preferred language&apos;]}
	at org.openqa.selenium.remote.http.W3CHttpResponseCodec.createException(W3CHttpResponseCodec.java:187)
	at org.openqa.selenium.remote.http.W3CHttpResponseCodec.decode(W3CHttpResponseCodec.java:122)
	at org.openqa.selenium.remote.http.W3CHttpResponseCodec.decode(W3CHttpResponseCodec.java:49)
	at org.openqa.selenium.remote.HttpCommandExecutor.execute(HttpCommandExecutor.java:158)
	at org.openqa.selenium.remote.service.DriverCommandExecutor.execute(DriverCommandExecutor.java:83)
	at org.openqa.selenium.remote.RemoteWebDriver.execute(RemoteWebDriver.java:552)
	at org.openqa.selenium.remote.RemoteWebDriver.findElement(RemoteWebDriver.java:323)
	at org.openqa.selenium.remote.RemoteWebDriver.findElementByXPath(RemoteWebDriver.java:428)
	at org.openqa.selenium.By$ByXPath.findElement(By.java:353)
	at org.openqa.selenium.remote.RemoteWebDriver.findElement(RemoteWebDriver.java:315)
	at base.CommonAPI.getTextByXpath(CommonAPI.java:388)
	at home.MarriottHomePage.validateLanguageSelector(MarriottHomePage.java:38)
	at home.MarriottHomePageTest.testLanguageSelector(MarriottHomePageTest.java:32)
	at java.base/java.util.ArrayList.forEach(ArrayList.java:1541)
... Removed 34 stack frames
</div> <!-- stack-trace -->
                </div> <!-- method-content -->
              </div> <!-- method -->
              <div class="method">
                <div class="method-content">
                  <a name="testSearchBox">
                  </a> <!-- testSearchBox -->
                  <span class="method-name">testSearchBox</span>
                  <div class="stack-trace">org.openqa.selenium.NoSuchElementException: no such element: Unable to locate element: {&quot;method&quot;:&quot;xpath&quot;,&quot;selector&quot;:&quot;/html/body/div[5]/div/div[1]/section[1]/div/div/div/div/div[1]/form/div[2]/div[6]/button&quot;}
  (Session info: chrome=85.0.4183.121)
For documentation on this error, please visit: https://www.seleniumhq.org/exceptions/no_such_element.html
Build info: version: &apos;3.141.59&apos;, revision: &apos;e82be7d358&apos;, time: &apos;2018-11-14T08:17:03&apos;
System info: host: &apos;WAQAS&apos;, ip: &apos;192.168.1.166&apos;, os.name: &apos;Windows 10&apos;, os.arch: &apos;amd64&apos;, os.version: &apos;10.0&apos;, java.version: &apos;11.0.8&apos;
Driver info: org.openqa.selenium.chrome.ChromeDriver
Capabilities {acceptInsecureCerts: false, browserName: chrome, browserVersion: 85.0.4183.121, chrome: {chromedriverVersion: 85.0.4183.87 (cd6713ebf92fa..., userDataDir: C:\Users\Waqas\AppData\Loca...}, goog:chromeOptions: {debuggerAddress: localhost:51705}, javascriptEnabled: true, networkConnectionEnabled: false, pageLoadStrategy: normal, platform: WINDOWS, platformName: WINDOWS, proxy: Proxy(), setWindowRect: true, strictFileInteractability: false, timeouts: {implicit: 0, pageLoad: 300000, script: 30000}, unhandledPromptBehavior: dismiss and notify, webauthn:virtualAuthenticators: true}
Session ID: 81264e51d6864d2cdada7e61619b5c52
*** Element info: {Using=xpath, value=/html/body/div[5]/div/div[1]/section[1]/div/div/div/div/div[1]/form/div[2]/div[6]/button}
	at org.openqa.selenium.remote.http.W3CHttpResponseCodec.createException(W3CHttpResponseCodec.java:187)
	at org.openqa.selenium.remote.http.W3CHttpResponseCodec.decode(W3CHttpResponseCodec.java:122)
	at org.openqa.selenium.remote.http.W3CHttpResponseCodec.decode(W3CHttpResponseCodec.java:49)
	at org.openqa.selenium.remote.HttpCommandExecutor.execute(HttpCommandExecutor.java:158)
	at org.openqa.selenium.remote.service.DriverCommandExecutor.execute(DriverCommandExecutor.java:83)
	at org.openqa.selenium.remote.RemoteWebDriver.execute(RemoteWebDriver.java:552)
	at org.openqa.selenium.remote.RemoteWebDriver.findElement(RemoteWebDriver.java:323)
	at org.openqa.selenium.remote.RemoteWebDriver.findElementByXPath(RemoteWebDriver.java:428)
	at org.openqa.selenium.By$ByXPath.findElement(By.java:353)
	at org.openqa.selenium.remote.RemoteWebDriver.findElement(RemoteWebDriver.java:315)
	at org.openqa.selenium.support.pagefactory.DefaultElementLocator.findElement(DefaultElementLocator.java:69)
	at org.openqa.selenium.support.pagefactory.internal.LocatingElementHandler.invoke(LocatingElementHandler.java:38)
	at com.sun.proxy.$Proxy14.click(Unknown Source)
	at home.MarriottHomePage.searchBox(MarriottHomePage.java:608)
	at home.MarriottHomePageTest.testSearchBox(MarriottHomePageTest.java:323)
	at java.base/java.util.ArrayList.forEach(ArrayList.java:1541)
... Removed 34 stack frames
</div> <!-- stack-trace -->
                </div> <!-- method-content -->
              </div> <!-- method -->
              <div class="method">
                <div class="method-content">
                  <a name="testUsePointsCheckBox">
                  </a> <!-- testUsePointsCheckBox -->
                  <span class="method-name">testUsePointsCheckBox</span>
                  <div class="stack-trace">org.openqa.selenium.TimeoutException: Expected condition failed: waiting for visibility of element located by By.xpath: //input[@name=&apos;useRewardsPoints&apos; and @tabindex=&apos;0&apos;] (tried for 10 second(s) with 500 milliseconds interval)
	at org.openqa.selenium.support.ui.WebDriverWait.timeoutException(WebDriverWait.java:95)
	at org.openqa.selenium.support.ui.FluentWait.until(FluentWait.java:272)
	at base.CommonAPI.waitUntilVisible(CommonAPI.java:495)
	at home.MarriottHomePage.usePointsCheckBox(MarriottHomePage.java:143)
	at home.MarriottHomePageTest.testUsePointsCheckBox(MarriottHomePageTest.java:64)
	at java.base/java.util.ArrayList.forEach(ArrayList.java:1541)
Caused by: org.openqa.selenium.NoSuchElementException: no such element: Unable to locate element: {&quot;method&quot;:&quot;xpath&quot;,&quot;selector&quot;:&quot;//input[@name=&apos;useRewardsPoints&apos; and @tabindex=&apos;0&apos;]&quot;}
  (Session info: chrome=85.0.4183.121)
For documentation on this error, please visit: https://www.seleniumhq.org/exceptions/no_such_element.html
Build info: version: &apos;3.141.59&apos;, revision: &apos;e82be7d358&apos;, time: &apos;2018-11-14T08:17:03&apos;
System info: host: &apos;WAQAS&apos;, ip: &apos;192.168.1.166&apos;, os.name: &apos;Windows 10&apos;, os.arch: &apos;amd64&apos;, os.version: &apos;10.0&apos;, java.version: &apos;11.0.8&apos;
Driver info: org.openqa.selenium.chrome.ChromeDriver
Capabilities {acceptInsecureCerts: false, browserName: chrome, browserVersion: 85.0.4183.121, chrome: {chromedriverVersion: 85.0.4183.87 (cd6713ebf92fa..., userDataDir: C:\Users\Waqas\AppData\Loca...}, goog:chromeOptions: {debuggerAddress: localhost:51832}, javascriptEnabled: true, networkConnectionEnabled: false, pageLoadStrategy: normal, platform: WINDOWS, platformName: WINDOWS, proxy: Proxy(), setWindowRect: true, strictFileInteractability: false, timeouts: {implicit: 0, pageLoad: 300000, script: 30000}, unhandledPromptBehavior: dismiss and notify, webauthn:virtualAuthenticators: true}
Session ID: 1fa5e06cc97a4dcf0c4cb6eddad95c27
*** Element info: {Using=xpath, value=//input[@name=&apos;useRewardsPoints&apos; and @tabindex=&apos;0&apos;]}
	at org.openqa.selenium.remote.http.W3CHttpResponseCodec.createException(W3CHttpResponseCodec.java:187)
	at org.openqa.selenium.remote.http.W3CHttpResponseCodec.decode(W3CHttpResponseCodec.java:122)
	at org.openqa.selenium.remote.http.W3CHttpResponseCodec.decode(W3CHttpResponseCodec.java:49)
	at org.openqa.selenium.remote.HttpCommandExecutor.execute(HttpCommandExecutor.java:158)
	at org.openqa.selenium.remote.service.DriverCommandExecutor.execute(DriverCommandExecutor.java:83)
	at org.openqa.selenium.remote.RemoteWebDriver.execute(RemoteWebDriver.java:552)
	at org.openqa.selenium.remote.RemoteWebDriver.findElement(RemoteWebDriver.java:323)
	at org.openqa.selenium.remote.RemoteWebDriver.findElementByXPath(RemoteWebDriver.java:428)
	at org.openqa.selenium.By$ByXPath.findElement(By.java:353)
	at org.openqa.selenium.remote.RemoteWebDriver.findElement(RemoteWebDriver.java:315)
	at org.openqa.selenium.support.ui.ExpectedConditions$7.apply(ExpectedConditions.java:205)
	at org.openqa.selenium.support.ui.ExpectedConditions$7.apply(ExpectedConditions.java:201)
	at org.openqa.selenium.support.ui.FluentWait.until(FluentWait.java:249)
	... 35 more
... Removed 34 stack frames
</div> <!-- stack-trace -->
                </div> <!-- method-content -->
              </div> <!-- method -->
            </div> <!-- main-panel-content rounded-window-bottom -->
          </div> <!-- suite-Marriott_Automation_Test-class-failed -->
          <div class="suite-Marriott_Automation_Test-class-passed">
            <div class="main-panel-header rounded-window-top">
              <img src="passed.png"/>
              <span class="class-name">home.MarriottHomePageTest</span>
            </div> <!-- main-panel-header rounded-window-top -->
            <div class="main-panel-content rounded-window-bottom">
              <div class="method">
                <div class="method-content">
                  <a name="testClicKOnDining">
                  </a> <!-- testClicKOnDining -->
                  <span class="method-name">testClicKOnDining</span>
                </div> <!-- method-content -->
              </div> <!-- method -->
              <div class="method">
                <div class="method-content">
                  <a name="testClicKWeddings">
                  </a> <!-- testClicKWeddings -->
                  <span class="method-name">testClicKWeddings</span>
                </div> <!-- method-content -->
              </div> <!-- method -->
              <div class="method">
                <div class="method-content">
                  <a name="testClickCeremonies">
                  </a> <!-- testClickCeremonies -->
                  <span class="method-name">testClickCeremonies</span>
                </div> <!-- method-content -->
              </div> <!-- method -->
              <div class="method">
                <div class="method-content">
                  <a name="testClickMeetingsNEvents">
                  </a> <!-- testClickMeetingsNEvents -->
                  <span class="method-name">testClickMeetingsNEvents</span>
                </div> <!-- method-content -->
              </div> <!-- method -->
              <div class="method">
                <div class="method-content">
                  <a name="testClickOnEdition">
                  </a> <!-- testClickOnEdition -->
                  <span class="method-name">testClickOnEdition</span>
                </div> <!-- method-content -->
              </div> <!-- method -->
              <div class="method">
                <div class="method-content">
                  <a name="testClickOnGrouptTravels">
                  </a> <!-- testClickOnGrouptTravels -->
                  <span class="method-name">testClickOnGrouptTravels</span>
                </div> <!-- method-content -->
              </div> <!-- method -->
              <div class="method">
                <div class="method-content">
                  <a name="testClickOnJWHotels">
                  </a> <!-- testClickOnJWHotels -->
                  <span class="method-name">testClickOnJWHotels</span>
                </div> <!-- method-content -->
              </div> <!-- method -->
              <div class="method">
                <div class="method-content">
                  <a name="testClickOnOurBrands">
                  </a> <!-- testClickOnOurBrands -->
                  <span class="method-name">testClickOnOurBrands</span>
                </div> <!-- method-content -->
              </div> <!-- method -->
              <div class="method">
                <div class="method-content">
                  <a name="testClickOnOurCreditCards">
                  </a> <!-- testClickOnOurCreditCards -->
                  <span class="method-name">testClickOnOurCreditCards</span>
                </div> <!-- method-content -->
              </div> <!-- method -->
              <div class="method">
                <div class="method-content">
                  <a name="testClickOnRegis">
                  </a> <!-- testClickOnRegis -->
                  <span class="method-name">testClickOnRegis</span>
                </div> <!-- method-content -->
              </div> <!-- method -->
              <div class="method">
                <div class="method-content">
                  <a name="testClickOnWHotels">
                  </a> <!-- testClickOnWHotels -->
                  <span class="method-name">testClickOnWHotels</span>
                </div> <!-- method-content -->
              </div> <!-- method -->
              <div class="method">
                <div class="method-content">
                  <a name="testClickOnWestin">
                  </a> <!-- testClickOnWestin -->
                  <span class="method-name">testClickOnWestin</span>
                </div> <!-- method-content -->
              </div> <!-- method -->
              <div class="method">
                <div class="method-content">
                  <a name="testClickOnleMeridienHotels">
                  </a> <!-- testClickOnleMeridienHotels -->
                  <span class="method-name">testClickOnleMeridienHotels</span>
                </div> <!-- method-content -->
              </div> <!-- method -->
            </div> <!-- main-panel-content rounded-window-bottom -->
          </div> <!-- suite-Marriott_Automation_Test-class-passed -->
        </div> <!-- panel Marriott_Automation_Test -->
        <div panel-name="test-xml-Marriott_Automation_Test" class="panel">
          <div class="main-panel-header rounded-window-top">
            <span class="header-content">C:\Users\Waqas\IdeaProjects\WebAutomationFramework_Team1\Marriott\target\test-classes\MarriottTestRunner.xml</span>
          </div> <!-- main-panel-header rounded-window-top -->
          <div class="main-panel-content rounded-window-bottom">
            <pre>
&lt;?xml version=&quot;1.0&quot; encoding=&quot;UTF-8&quot;?&gt;
&lt;!DOCTYPE suite SYSTEM &quot;https://testng.org/testng-1.0.dtd&quot;&gt;
&lt;suite name=&quot;Marriott Automation Test&quot; guice-stage=&quot;DEVELOPMENT&quot; verbose=&quot;0&quot;&gt;
  &lt;parameter name=&quot;useCloudEnv&quot; value=&quot;false&quot;/&gt;
  &lt;parameter name=&quot;os&quot; value=&quot;Windows&quot;/&gt;
  &lt;parameter name=&quot;os_version&quot; value=&quot;10&quot;/&gt;
  &lt;parameter name=&quot;browserVersion&quot; value=&quot;85.0&quot;/&gt;
  &lt;parameter name=&quot;browserName&quot; value=&quot;chrome-options&quot;/&gt;
  &lt;parameter name=&quot;cloudEnvName&quot; value=&quot;browserstack&quot;/&gt;
  &lt;parameter name=&quot;url&quot; value=&quot;https://www.marriott.com/default.mi&quot;/&gt;
  &lt;test thread-count=&quot;5&quot; name=&quot;Marriott Home&quot; verbose=&quot;0&quot;&gt;
    &lt;classes&gt;
      &lt;class name=&quot;home.MarriottHomePageTest&quot;/&gt;
    &lt;/classes&gt;
  &lt;/test&gt; &lt;!-- Marriott Home --&gt;
&lt;/suite&gt; &lt;!-- Marriott Automation Test --&gt;
            </pre>
          </div> <!-- main-panel-content rounded-window-bottom -->
        </div> <!-- panel -->
        <div panel-name="testlist-Marriott_Automation_Test" class="panel">
          <div class="main-panel-header rounded-window-top">
            <span class="header-content">Tests for Marriott Automation Test</span>
          </div> <!-- main-panel-header rounded-window-top -->
          <div class="main-panel-content rounded-window-bottom">
            <ul>
              <li>
                <span class="test-name">Marriott Home (1 class)</span>
              </li>
            </ul>
          </div> <!-- main-panel-content rounded-window-bottom -->
        </div> <!-- panel -->
        <div panel-name="group-Marriott_Automation_Test" class="panel">
          <div class="main-panel-header rounded-window-top">
            <span class="header-content">Groups for Marriott Automation Test</span>
          </div> <!-- main-panel-header rounded-window-top -->
          <div class="main-panel-content rounded-window-bottom">
          </div> <!-- main-panel-content rounded-window-bottom -->
        </div> <!-- panel -->
        <div panel-name="times-Marriott_Automation_Test" class="panel">
          <div class="main-panel-header rounded-window-top">
            <span class="header-content">Times for Marriott Automation Test</span>
          </div> <!-- main-panel-header rounded-window-top -->
          <div class="main-panel-content rounded-window-bottom">
            <div class="times-div">
              <script type="text/javascript">
suiteTableInitFunctions.push('tableData_Marriott_Automation_Test');
function tableData_Marriott_Automation_Test() {
var data = new google.visualization.DataTable();
data.addColumn('number', 'Number');
data.addColumn('string', 'Method');
data.addColumn('string', 'Class');
data.addColumn('number', 'Time (ms)');
data.addRows(28);
data.setCell(0, 0, 0)
data.setCell(0, 1, 'testClicKOnDining')
data.setCell(0, 2, 'home.MarriottHomePageTest')
data.setCell(0, 3, 11032);
data.setCell(1, 0, 1)
data.setCell(1, 1, 'testUsePointsCheckBox')
data.setCell(1, 2, 'home.MarriottHomePageTest')
data.setCell(1, 3, 10494);
data.setCell(2, 0, 2)
data.setCell(2, 1, 'testClickCeremonies')
data.setCell(2, 2, 'home.MarriottHomePageTest')
data.setCell(2, 3, 10150);
data.setCell(3, 0, 3)
data.setCell(3, 1, 'testLanguageSelector')
data.setCell(3, 2, 'home.MarriottHomePageTest')
data.setCell(3, 3, 9582);
data.setCell(4, 0, 4)
data.setCell(4, 1, 'testClicKOnAccomodations')
data.setCell(4, 2, 'home.MarriottHomePageTest')
data.setCell(4, 3, 9468);
data.setCell(5, 0, 5)
data.setCell(5, 1, 'testClicKOnReceptions')
data.setCell(5, 2, 'home.MarriottHomePageTest')
data.setCell(5, 3, 9378);
data.setCell(6, 0, 6)
data.setCell(6, 1, 'testClicKPlanning')
data.setCell(6, 2, 'home.MarriottHomePageTest')
data.setCell(6, 3, 9207);
data.setCell(7, 0, 7)
data.setCell(7, 1, 'testClicKSocialEvents')
data.setCell(7, 2, 'home.MarriottHomePageTest')
data.setCell(7, 3, 9140);
data.setCell(8, 0, 8)
data.setCell(8, 1, 'testClickBusinessMeetings')
data.setCell(8, 2, 'home.MarriottHomePageTest')
data.setCell(8, 3, 9082);
data.setCell(9, 0, 9)
data.setCell(9, 1, 'testClickOnEdition')
data.setCell(9, 2, 'home.MarriottHomePageTest')
data.setCell(9, 3, 6748);
data.setCell(10, 0, 10)
data.setCell(10, 1, 'testClickOnDeltaHotels')
data.setCell(10, 2, 'home.MarriottHomePageTest')
data.setCell(10, 3, 6711);
data.setCell(11, 0, 11)
data.setCell(11, 1, 'testClicKOnDestinationsUnderWeddings')
data.setCell(11, 2, 'home.MarriottHomePageTest')
data.setCell(11, 3, 6542);
data.setCell(12, 0, 12)
data.setCell(12, 1, 'testFindNReserve')
data.setCell(12, 2, 'home.MarriottHomePageTest')
data.setCell(12, 3, 6519);
data.setCell(13, 0, 13)
data.setCell(13, 1, 'testSearchBox')
data.setCell(13, 2, 'home.MarriottHomePageTest')
data.setCell(13, 3, 6472);
data.setCell(14, 0, 14)
data.setCell(14, 1, 'testClickOnOurBrands')
data.setCell(14, 2, 'home.MarriottHomePageTest')
data.setCell(14, 3, 5321);
data.setCell(15, 0, 15)
data.setCell(15, 1, 'testClicKWeddings')
data.setCell(15, 2, 'home.MarriottHomePageTest')
data.setCell(15, 3, 5292);
data.setCell(16, 0, 16)
data.setCell(16, 1, 'testClickOnDealsPackages')
data.setCell(16, 2, 'home.MarriottHomePageTest')
data.setCell(16, 3, 3489);
data.setCell(17, 0, 17)
data.setCell(17, 1, 'testClickOnGrouptTravels')
data.setCell(17, 2, 'home.MarriottHomePageTest')
data.setCell(17, 3, 3327);
data.setCell(18, 0, 18)
data.setCell(18, 1, 'testClickOnOurCreditCards')
data.setCell(18, 2, 'home.MarriottHomePageTest')
data.setCell(18, 3, 3275);
data.setCell(19, 0, 19)
data.setCell(19, 1, 'testClickOnExploreAll')
data.setCell(19, 2, 'home.MarriottHomePageTest')
data.setCell(19, 3, 3054);
data.setCell(20, 0, 20)
data.setCell(20, 1, 'testClickOnRitz')
data.setCell(20, 2, 'home.MarriottHomePageTest')
data.setCell(20, 3, 3008);
data.setCell(21, 0, 21)
data.setCell(21, 1, 'testClickOnJWHotels')
data.setCell(21, 2, 'home.MarriottHomePageTest')
data.setCell(21, 3, 2673);
data.setCell(22, 0, 22)
data.setCell(22, 1, 'testClickOnRegis')
data.setCell(22, 2, 'home.MarriottHomePageTest')
data.setCell(22, 3, 2658);
data.setCell(23, 0, 23)
data.setCell(23, 1, 'testClickMeetingsNEvents')
data.setCell(23, 2, 'home.MarriottHomePageTest')
data.setCell(23, 3, 2495);
data.setCell(24, 0, 24)
data.setCell(24, 1, 'testClickOnWHotels')
data.setCell(24, 2, 'home.MarriottHomePageTest')
data.setCell(24, 3, 2459);
data.setCell(25, 0, 25)
data.setCell(25, 1, 'testClickOnleMeridienHotels')
data.setCell(25, 2, 'home.MarriottHomePageTest')
data.setCell(25, 3, 2379);
data.setCell(26, 0, 26)
data.setCell(26, 1, 'testClickOnWestin')
data.setCell(26, 2, 'home.MarriottHomePageTest')
data.setCell(26, 3, 2314);
data.setCell(27, 0, 27)
data.setCell(27, 1, 'testBookHotelFindNReserve')
data.setCell(27, 2, 'home.MarriottHomePageTest')
data.setCell(27, 3, 522);
window.suiteTableData['Marriott_Automation_Test']= { tableData: data, tableDiv: 'times-div-Marriott_Automation_Test'}
return data;
}
              </script>
              <span class="suite-total-time">Total running time: 2 minutes</span>
              <div id="times-div-Marriott_Automation_Test">
              </div> <!-- times-div-Marriott_Automation_Test -->
            </div> <!-- times-div -->
          </div> <!-- main-panel-content rounded-window-bottom -->
        </div> <!-- panel -->
        <div panel-name="reporter-Marriott_Automation_Test" class="panel">
          <div class="main-panel-header rounded-window-top">
            <span class="header-content">Reporter output for Marriott Automation Test</span>
          </div> <!-- main-panel-header rounded-window-top -->
          <div class="main-panel-content rounded-window-bottom">
            <div class="reporter-method-div">
              <span class="reporter-method-name">testClickOnleMeridienHotels</span>
              <div class="reporter-method-output-div">
                <span class="reporter-method-output">MarriottHomePageTest: test Click Onle Meridien Hotels</span>
              </div> <!-- reporter-method-output-div -->
            </div> <!-- reporter-method-div -->
            <div class="reporter-method-div">
              <span class="reporter-method-name">testClickOnRegis</span>
              <div class="reporter-method-output-div">
                <span class="reporter-method-output">MarriottHomePageTest: test Click On Regis</span>
              </div> <!-- reporter-method-output-div -->
            </div> <!-- reporter-method-div -->
            <div class="reporter-method-div">
              <span class="reporter-method-name">testClicKOnDining</span>
              <div class="reporter-method-output-div">
                <span class="reporter-method-output">MarriottHomePageTest: test Clic K On Dining</span>
              </div> <!-- reporter-method-output-div -->
            </div> <!-- reporter-method-div -->
            <div class="reporter-method-div">
              <span class="reporter-method-name">testClickOnEdition</span>
              <div class="reporter-method-output-div">
                <span class="reporter-method-output">MarriottHomePageTest: test Click On Edition</span>
              </div> <!-- reporter-method-output-div -->
            </div> <!-- reporter-method-div -->
            <div class="reporter-method-div">
              <span class="reporter-method-name">testClicKWeddings</span>
              <div class="reporter-method-output-div">
                <span class="reporter-method-output">MarriottHomePageTest: test Clic K Weddings</span>
              </div> <!-- reporter-method-output-div -->
            </div> <!-- reporter-method-div -->
            <div class="reporter-method-div">
              <span class="reporter-method-name">testClickMeetingsNEvents</span>
              <div class="reporter-method-output-div">
                <span class="reporter-method-output">MarriottHomePageTest: test Click Meetings N Events</span>
              </div> <!-- reporter-method-output-div -->
            </div> <!-- reporter-method-div -->
            <div class="reporter-method-div">
              <span class="reporter-method-name">testClickOnJWHotels</span>
              <div class="reporter-method-output-div">
                <span class="reporter-method-output">MarriottHomePageTest: test Click On JW Hotels</span>
              </div> <!-- reporter-method-output-div -->
            </div> <!-- reporter-method-div -->
            <div class="reporter-method-div">
              <span class="reporter-method-name">testClickOnOurCreditCards</span>
              <div class="reporter-method-output-div">
                <span class="reporter-method-output">MarriottHomePageTest: test Click On Our Credit Cards</span>
              </div> <!-- reporter-method-output-div -->
            </div> <!-- reporter-method-div -->
            <div class="reporter-method-div">
              <span class="reporter-method-name">testClickOnGrouptTravels</span>
              <div class="reporter-method-output-div">
                <span class="reporter-method-output">MarriottHomePageTest: test Click On Groupt Travels</span>
              </div> <!-- reporter-method-output-div -->
            </div> <!-- reporter-method-div -->
            <div class="reporter-method-div">
              <span class="reporter-method-name">testClickCeremonies</span>
              <div class="reporter-method-output-div">
                <span class="reporter-method-output">MarriottHomePageTest: test Click Ceremonies</span>
              </div> <!-- reporter-method-output-div -->
            </div> <!-- reporter-method-div -->
            <div class="reporter-method-div">
              <span class="reporter-method-name">testClickOnWHotels</span>
              <div class="reporter-method-output-div">
                <span class="reporter-method-output">MarriottHomePageTest: test Click On W Hotels</span>
              </div> <!-- reporter-method-output-div -->
            </div> <!-- reporter-method-div -->
            <div class="reporter-method-div">
              <span class="reporter-method-name">testClickOnWestin</span>
              <div class="reporter-method-output-div">
                <span class="reporter-method-output">MarriottHomePageTest: test Click On Westin</span>
              </div> <!-- reporter-method-output-div -->
            </div> <!-- reporter-method-div -->
            <div class="reporter-method-div">
              <span class="reporter-method-name">testClickOnOurBrands</span>
              <div class="reporter-method-output-div">
                <span class="reporter-method-output">MarriottHomePageTest: test Click On Our Brands</span>
              </div> <!-- reporter-method-output-div -->
            </div> <!-- reporter-method-div -->
            <div class="reporter-method-div">
              <span class="reporter-method-name">testClicKSocialEvents</span>
              <div class="reporter-method-output-div">
                <span class="reporter-method-output">MarriottHomePageTest: test Clic K Social Events</span>
              </div> <!-- reporter-method-output-div -->
            </div> <!-- reporter-method-div -->
            <div class="reporter-method-div">
              <span class="reporter-method-name">testBookHotelFindNReserve</span>
              <div class="reporter-method-output-div">
                <span class="reporter-method-output">MarriottHomePageTest: test Book Hotel Find N Reserve</span>
              </div> <!-- reporter-method-output-div -->
            </div> <!-- reporter-method-div -->
            <div class="reporter-method-div">
              <span class="reporter-method-name">testClicKPlanning</span>
              <div class="reporter-method-output-div">
                <span class="reporter-method-output">MarriottHomePageTest: test Clic K Planning</span>
              </div> <!-- reporter-method-output-div -->
            </div> <!-- reporter-method-div -->
            <div class="reporter-method-div">
              <span class="reporter-method-name">testClicKOnReceptions</span>
              <div class="reporter-method-output-div">
                <span class="reporter-method-output">MarriottHomePageTest: test Clic K On Receptions</span>
              </div> <!-- reporter-method-output-div -->
            </div> <!-- reporter-method-div -->
            <div class="reporter-method-div">
              <span class="reporter-method-name">testClicKOnAccomodations</span>
              <div class="reporter-method-output-div">
                <span class="reporter-method-output">MarriottHomePageTest: test Clic K On Accomodations</span>
              </div> <!-- reporter-method-output-div -->
            </div> <!-- reporter-method-div -->
            <div class="reporter-method-div">
              <span class="reporter-method-name">testClickOnRitz</span>
              <div class="reporter-method-output-div">
                <span class="reporter-method-output">MarriottHomePageTest: test Click On Ritz</span>
              </div> <!-- reporter-method-output-div -->
            </div> <!-- reporter-method-div -->
            <div class="reporter-method-div">
              <span class="reporter-method-name">testClickOnDeltaHotels</span>
              <div class="reporter-method-output-div">
                <span class="reporter-method-output">MarriottHomePageTest: test Click On Delta Hotels</span>
              </div> <!-- reporter-method-output-div -->
            </div> <!-- reporter-method-div -->
            <div class="reporter-method-div">
              <span class="reporter-method-name">testSearchBox</span>
              <div class="reporter-method-output-div">
                <span class="reporter-method-output">MarriottHomePageTest: test Search Box</span>
              </div> <!-- reporter-method-output-div -->
            </div> <!-- reporter-method-div -->
            <div class="reporter-method-div">
              <span class="reporter-method-name">testLanguageSelector</span>
              <div class="reporter-method-output-div">
                <span class="reporter-method-output">MarriottHomePageTest: test Language Selector</span>
              </div> <!-- reporter-method-output-div -->
            </div> <!-- reporter-method-div -->
            <div class="reporter-method-div">
              <span class="reporter-method-name">testClicKOnDestinationsUnderWeddings</span>
              <div class="reporter-method-output-div">
                <span class="reporter-method-output">MarriottHomePageTest: test Clic K On Destinations Under Weddings</span>
              </div> <!-- reporter-method-output-div -->
            </div> <!-- reporter-method-div -->
            <div class="reporter-method-div">
              <span class="reporter-method-name">testFindNReserve</span>
              <div class="reporter-method-output-div">
                <span class="reporter-method-output">MarriottHomePageTest: test Find N Reserve</span>
              </div> <!-- reporter-method-output-div -->
            </div> <!-- reporter-method-div -->
            <div class="reporter-method-div">
              <span class="reporter-method-name">testClickBusinessMeetings</span>
              <div class="reporter-method-output-div">
                <span class="reporter-method-output">MarriottHomePageTest: test Click Business Meetings</span>
              </div> <!-- reporter-method-output-div -->
            </div> <!-- reporter-method-div -->
            <div class="reporter-method-div">
              <span class="reporter-method-name">testUsePointsCheckBox</span>
              <div class="reporter-method-output-div">
                <span class="reporter-method-output">MarriottHomePageTest: test Use Points Check Box</span>
              </div> <!-- reporter-method-output-div -->
            </div> <!-- reporter-method-div -->
          </div> <!-- main-panel-content rounded-window-bottom -->
        </div> <!-- panel -->
        <div panel-name="ignored-methods-Marriott_Automation_Test" class="panel">
          <div class="main-panel-header rounded-window-top">
            <span class="header-content">0 ignored methods</span>
          </div> <!-- main-panel-header rounded-window-top -->
          <div class="main-panel-content rounded-window-bottom">
          </div> <!-- main-panel-content rounded-window-bottom -->
        </div> <!-- panel -->
        <div panel-name="chronological-Marriott_Automation_Test" class="panel">
          <div class="main-panel-header rounded-window-top">
            <span class="header-content">Methods in chronological order</span>
          </div> <!-- main-panel-header rounded-window-top -->
          <div class="main-panel-content rounded-window-bottom">
            <div class="chronological-class">
              <div class="chronological-class-name">home.MarriottHomePageTest</div> <!-- chronological-class-name -->
              <div class="configuration-suite before">
                <span class="method-name">extentSetup(org.testng.TestRunner@44abdb1f)</span>
                <span class="method-start">0 ms</span>
              </div> <!-- configuration-suite before -->
              <div class="configuration-method before">
                <span class="method-name">setUp(false, browserstack, Windows, 10, chrome-options, 85.0, https://www.marriott.com/default.mi)</span>
                <span class="method-start">264 ms</span>
              </div> <!-- configuration-method before -->
              <div class="configuration-method before">
                <span class="method-name">startExtent(public void home.MarriottHomePageTest.testBookHotelFindNReserve())</span>
                <span class="method-start">10056 ms</span>
              </div> <!-- configuration-method before -->
              <div class="configuration-method before">
                <span class="method-name">getInit</span>
                <span class="method-start">10062 ms</span>
              </div> <!-- configuration-method before -->
              <div class="test-method">
                <img src="failed.png">
                </img>
                <span class="method-name">testBookHotelFindNReserve</span>
                <span class="method-start">21121 ms</span>
              </div> <!-- test-method -->
              <div class="configuration-method after">
                <span class="method-name">afterEachTestMethod([TestResult name=testBookHotelFindNReserve status=FAILURE method=MarriottHomePageTest.testBookHotelF...)</span>
                <span class="method-start">21652 ms</span>
              </div> <!-- configuration-method after -->
              <div class="configuration-method after">
                <span class="method-name">cleanUp</span>
                <span class="method-start">23820 ms</span>
              </div> <!-- configuration-method after -->
              <div class="configuration-method before">
                <span class="method-name">setUp(false, browserstack, Windows, 10, chrome-options, 85.0, https://www.marriott.com/default.mi)</span>
                <span class="method-start">23821 ms</span>
              </div> <!-- configuration-method before -->
              <div class="configuration-method before">
                <span class="method-name">startExtent(public void home.MarriottHomePageTest.testClicKOnAccomodations())</span>
                <span class="method-start">33524 ms</span>
              </div> <!-- configuration-method before -->
              <div class="configuration-method before">
                <span class="method-name">getInit</span>
                <span class="method-start">33524 ms</span>
              </div> <!-- configuration-method before -->
              <div class="test-method">
                <img src="failed.png">
                </img>
                <span class="method-name">testClicKOnAccomodations</span>
                <span class="method-start">53745 ms</span>
              </div> <!-- test-method -->
              <div class="configuration-method after">
                <span class="method-name">afterEachTestMethod([TestResult name=testClicKOnAccomodations status=FAILURE method=MarriottHomePageTest.testClicKOnAcco...)</span>
                <span class="method-start">63214 ms</span>
              </div> <!-- configuration-method after -->
              <div class="configuration-method after">
                <span class="method-name">cleanUp</span>
                <span class="method-start">67595 ms</span>
              </div> <!-- configuration-method after -->
              <div class="configuration-method before">
                <span class="method-name">setUp(false, browserstack, Windows, 10, chrome-options, 85.0, https://www.marriott.com/default.mi)</span>
                <span class="method-start">67596 ms</span>
              </div> <!-- configuration-method before -->
              <div class="configuration-method before">
                <span class="method-name">startExtent(public void home.MarriottHomePageTest.testClicKOnDestinationsUnderWeddings())</span>
                <span class="method-start">81342 ms</span>
              </div> <!-- configuration-method before -->
              <div class="configuration-method before">
                <span class="method-name">getInit</span>
                <span class="method-start">81342 ms</span>
              </div> <!-- configuration-method before -->
              <div class="test-method">
                <img src="failed.png">
                </img>
                <span class="method-name">testClicKOnDestinationsUnderWeddings</span>
                <span class="method-start">111000 ms</span>
              </div> <!-- test-method -->
              <div class="configuration-method after">
                <span class="method-name">afterEachTestMethod([TestResult name=testClicKOnDestinationsUnderWeddings status=FAILURE method=MarriottHomePageTest.tes...)</span>
                <span class="method-start">117543 ms</span>
              </div> <!-- configuration-method after -->
              <div class="configuration-method after">
                <span class="method-name">cleanUp</span>
                <span class="method-start">121036 ms</span>
              </div> <!-- configuration-method after -->
              <div class="configuration-method before">
                <span class="method-name">setUp(false, browserstack, Windows, 10, chrome-options, 85.0, https://www.marriott.com/default.mi)</span>
                <span class="method-start">121037 ms</span>
              </div> <!-- configuration-method before -->
              <div class="configuration-method before">
                <span class="method-name">startExtent(public void home.MarriottHomePageTest.testClicKOnDining())</span>
                <span class="method-start">131594 ms</span>
              </div> <!-- configuration-method before -->
              <div class="configuration-method before">
                <span class="method-name">getInit</span>
                <span class="method-start">131595 ms</span>
              </div> <!-- configuration-method before -->
              <div class="test-method">
                <span class="method-name">testClicKOnDining</span>
                <span class="method-start">151668 ms</span>
              </div> <!-- test-method -->
              <div class="configuration-method after">
                <span class="method-name">afterEachTestMethod([TestResult name=testClicKOnDining status=SUCCESS method=MarriottHomePageTest.testClicKOnDining()[pr...)</span>
                <span class="method-start">162701 ms</span>
              </div> <!-- configuration-method after -->
              <div class="configuration-method after">
                <span class="method-name">cleanUp</span>
                <span class="method-start">164508 ms</span>
              </div> <!-- configuration-method after -->
              <div class="configuration-method before">
                <span class="method-name">setUp(false, browserstack, Windows, 10, chrome-options, 85.0, https://www.marriott.com/default.mi)</span>
                <span class="method-start">164509 ms</span>
              </div> <!-- configuration-method before -->
              <div class="configuration-method before">
                <span class="method-name">startExtent(public void home.MarriottHomePageTest.testClicKOnReceptions())</span>
                <span class="method-start">173627 ms</span>
              </div> <!-- configuration-method before -->
              <div class="configuration-method before">
                <span class="method-name">getInit</span>
                <span class="method-start">173628 ms</span>
              </div> <!-- configuration-method before -->
              <div class="test-method">
                <img src="failed.png">
                </img>
                <span class="method-name">testClicKOnReceptions</span>
                <span class="method-start">192137 ms</span>
              </div> <!-- test-method -->
              <div class="configuration-method after">
                <span class="method-name">afterEachTestMethod([TestResult name=testClicKOnReceptions status=FAILURE method=MarriottHomePageTest.testClicKOnRecepti...)</span>
                <span class="method-start">201515 ms</span>
              </div> <!-- configuration-method after -->
              <div class="configuration-method after">
                <span class="method-name">cleanUp</span>
                <span class="method-start">204091 ms</span>
              </div> <!-- configuration-method after -->
              <div class="configuration-method before">
                <span class="method-name">setUp(false, browserstack, Windows, 10, chrome-options, 85.0, https://www.marriott.com/default.mi)</span>
                <span class="method-start">204091 ms</span>
              </div> <!-- configuration-method before -->
              <div class="configuration-method before">
                <span class="method-name">startExtent(public void home.MarriottHomePageTest.testClicKPlanning())</span>
                <span class="method-start">219815 ms</span>
              </div> <!-- configuration-method before -->
              <div class="configuration-method before">
                <span class="method-name">getInit</span>
                <span class="method-start">219816 ms</span>
              </div> <!-- configuration-method before -->
              <div class="test-method">
                <img src="failed.png">
                </img>
                <span class="method-name">testClicKPlanning</span>
                <span class="method-start">237952 ms</span>
              </div> <!-- test-method -->
              <div class="configuration-method after">
                <span class="method-name">afterEachTestMethod([TestResult name=testClicKPlanning status=FAILURE method=MarriottHomePageTest.testClicKPlanning()[pr...)</span>
                <span class="method-start">247160 ms</span>
              </div> <!-- configuration-method after -->
              <div class="configuration-method after">
                <span class="method-name">cleanUp</span>
                <span class="method-start">249743 ms</span>
              </div> <!-- configuration-method after -->
              <div class="configuration-method before">
                <span class="method-name">setUp(false, browserstack, Windows, 10, chrome-options, 85.0, https://www.marriott.com/default.mi)</span>
                <span class="method-start">249744 ms</span>
              </div> <!-- configuration-method before -->
              <div class="configuration-method before">
                <span class="method-name">startExtent(public void home.MarriottHomePageTest.testClicKSocialEvents())</span>
                <span class="method-start">269154 ms</span>
              </div> <!-- configuration-method before -->
              <div class="configuration-method before">
                <span class="method-name">getInit</span>
                <span class="method-start">269155 ms</span>
              </div> <!-- configuration-method before -->
              <div class="test-method">
                <img src="failed.png">
                </img>
                <span class="method-name">testClicKSocialEvents</span>
                <span class="method-start">290083 ms</span>
              </div> <!-- test-method -->
              <div class="configuration-method after">
                <span class="method-name">afterEachTestMethod([TestResult name=testClicKSocialEvents status=FAILURE method=MarriottHomePageTest.testClicKSocialEve...)</span>
                <span class="method-start">299224 ms</span>
              </div> <!-- configuration-method after -->
              <div class="configuration-method after">
                <span class="method-name">cleanUp</span>
                <span class="method-start">302063 ms</span>
              </div> <!-- configuration-method after -->
              <div class="configuration-method before">
                <span class="method-name">setUp(false, browserstack, Windows, 10, chrome-options, 85.0, https://www.marriott.com/default.mi)</span>
                <span class="method-start">302063 ms</span>
              </div> <!-- configuration-method before -->
              <div class="configuration-method before">
                <span class="method-name">startExtent(public void home.MarriottHomePageTest.testClicKWeddings())</span>
                <span class="method-start">319895 ms</span>
              </div> <!-- configuration-method before -->
              <div class="configuration-method before">
                <span class="method-name">getInit</span>
                <span class="method-start">319896 ms</span>
              </div> <!-- configuration-method before -->
              <div class="test-method">
                <span class="method-name">testClicKWeddings</span>
                <span class="method-start">334589 ms</span>
              </div> <!-- test-method -->
              <div class="configuration-method after">
                <span class="method-name">afterEachTestMethod([TestResult name=testClicKWeddings status=SUCCESS method=MarriottHomePageTest.testClicKWeddings()[pr...)</span>
                <span class="method-start">339882 ms</span>
              </div> <!-- configuration-method after -->
              <div class="configuration-method after">
                <span class="method-name">cleanUp</span>
                <span class="method-start">341092 ms</span>
              </div> <!-- configuration-method after -->
              <div class="configuration-method before">
                <span class="method-name">setUp(false, browserstack, Windows, 10, chrome-options, 85.0, https://www.marriott.com/default.mi)</span>
                <span class="method-start">341092 ms</span>
              </div> <!-- configuration-method before -->
              <div class="configuration-method before">
                <span class="method-name">startExtent(public void home.MarriottHomePageTest.testClickBusinessMeetings())</span>
                <span class="method-start">353951 ms</span>
              </div> <!-- configuration-method before -->
              <div class="configuration-method before">
                <span class="method-name">getInit</span>
                <span class="method-start">353951 ms</span>
              </div> <!-- configuration-method before -->
              <div class="test-method">
                <img src="failed.png">
                </img>
                <span class="method-name">testClickBusinessMeetings</span>
                <span class="method-start">375528 ms</span>
              </div> <!-- test-method -->
              <div class="configuration-method after">
                <span class="method-name">afterEachTestMethod([TestResult name=testClickBusinessMeetings status=FAILURE method=MarriottHomePageTest.testClickBusin...)</span>
                <span class="method-start">384611 ms</span>
              </div> <!-- configuration-method after -->
              <div class="configuration-method after">
                <span class="method-name">cleanUp</span>
                <span class="method-start">387088 ms</span>
              </div> <!-- configuration-method after -->
              <div class="configuration-method before">
                <span class="method-name">setUp(false, browserstack, Windows, 10, chrome-options, 85.0, https://www.marriott.com/default.mi)</span>
                <span class="method-start">387088 ms</span>
              </div> <!-- configuration-method before -->
              <div class="configuration-method before">
                <span class="method-name">startExtent(public void home.MarriottHomePageTest.testClickCeremonies())</span>
                <span class="method-start">398179 ms</span>
              </div> <!-- configuration-method before -->
              <div class="configuration-method before">
                <span class="method-name">getInit</span>
                <span class="method-start">398179 ms</span>
              </div> <!-- configuration-method before -->
              <div class="test-method">
                <span class="method-name">testClickCeremonies</span>
                <span class="method-start">418977 ms</span>
              </div> <!-- test-method -->
              <div class="configuration-method after">
                <span class="method-name">afterEachTestMethod([TestResult name=testClickCeremonies status=SUCCESS method=MarriottHomePageTest.testClickCeremonies(...)</span>
                <span class="method-start">429127 ms</span>
              </div> <!-- configuration-method after -->
              <div class="configuration-method after">
                <span class="method-name">cleanUp</span>
                <span class="method-start">430274 ms</span>
              </div> <!-- configuration-method after -->
              <div class="configuration-method before">
                <span class="method-name">setUp(false, browserstack, Windows, 10, chrome-options, 85.0, https://www.marriott.com/default.mi)</span>
                <span class="method-start">430274 ms</span>
              </div> <!-- configuration-method before -->
              <div class="configuration-method before">
                <span class="method-name">startExtent(public void home.MarriottHomePageTest.testClickMeetingsNEvents())</span>
                <span class="method-start">438018 ms</span>
              </div> <!-- configuration-method before -->
              <div class="configuration-method before">
                <span class="method-name">getInit</span>
                <span class="method-start">438018 ms</span>
              </div> <!-- configuration-method before -->
              <div class="test-method">
                <span class="method-name">testClickMeetingsNEvents</span>
                <span class="method-start">448873 ms</span>
              </div> <!-- test-method -->
              <div class="configuration-method after">
                <span class="method-name">afterEachTestMethod([TestResult name=testClickMeetingsNEvents status=SUCCESS method=MarriottHomePageTest.testClickMeetin...)</span>
                <span class="method-start">451368 ms</span>
              </div> <!-- configuration-method after -->
              <div class="configuration-method after">
                <span class="method-name">cleanUp</span>
                <span class="method-start">452700 ms</span>
              </div> <!-- configuration-method after -->
              <div class="configuration-method before">
                <span class="method-name">setUp(false, browserstack, Windows, 10, chrome-options, 85.0, https://www.marriott.com/default.mi)</span>
                <span class="method-start">452700 ms</span>
              </div> <!-- configuration-method before -->
              <div class="configuration-method before">
                <span class="method-name">startExtent(public void home.MarriottHomePageTest.testClickOnDealsPackages())</span>
                <span class="method-start">459188 ms</span>
              </div> <!-- configuration-method before -->
              <div class="configuration-method before">
                <span class="method-name">getInit</span>
                <span class="method-start">459188 ms</span>
              </div> <!-- configuration-method before -->
              <div class="test-method">
                <img src="failed.png">
                </img>
                <span class="method-name">testClickOnDealsPackages</span>
                <span class="method-start">467890 ms</span>
              </div> <!-- test-method -->
              <div class="configuration-method after">
                <span class="method-name">afterEachTestMethod([TestResult name=testClickOnDealsPackages status=FAILURE method=MarriottHomePageTest.testClickOnDeal...)</span>
                <span class="method-start">471380 ms</span>
              </div> <!-- configuration-method after -->
              <div class="configuration-method after">
                <span class="method-name">cleanUp</span>
                <span class="method-start">472555 ms</span>
              </div> <!-- configuration-method after -->
              <div class="configuration-method before">
                <span class="method-name">setUp(false, browserstack, Windows, 10, chrome-options, 85.0, https://www.marriott.com/default.mi)</span>
                <span class="method-start">472555 ms</span>
              </div> <!-- configuration-method before -->
              <div class="configuration-method before">
                <span class="method-name">startExtent(public void home.MarriottHomePageTest.testClickOnDeltaHotels())</span>
                <span class="method-start">479651 ms</span>
              </div> <!-- configuration-method before -->
              <div class="configuration-method before">
                <span class="method-name">getInit</span>
                <span class="method-start">479652 ms</span>
              </div> <!-- configuration-method before -->
              <div class="test-method">
                <img src="failed.png">
                </img>
                <span class="method-name">testClickOnDeltaHotels</span>
                <span class="method-start">488729 ms</span>
              </div> <!-- test-method -->
              <div class="configuration-method after">
                <span class="method-name">afterEachTestMethod([TestResult name=testClickOnDeltaHotels status=FAILURE method=MarriottHomePageTest.testClickOnDeltaH...)</span>
                <span class="method-start">495441 ms</span>
              </div> <!-- configuration-method after -->
              <div class="configuration-method after">
                <span class="method-name">cleanUp</span>
                <span class="method-start">496535 ms</span>
              </div> <!-- configuration-method after -->
              <div class="configuration-method before">
                <span class="method-name">setUp(false, browserstack, Windows, 10, chrome-options, 85.0, https://www.marriott.com/default.mi)</span>
                <span class="method-start">496535 ms</span>
              </div> <!-- configuration-method before -->
              <div class="configuration-method before">
                <span class="method-name">startExtent(public void home.MarriottHomePageTest.testClickOnEdition() throws java.lang.InterruptedException)</span>
                <span class="method-start">503268 ms</span>
              </div> <!-- configuration-method before -->
              <div class="configuration-method before">
                <span class="method-name">getInit</span>
                <span class="method-start">503268 ms</span>
              </div> <!-- configuration-method before -->
              <div class="test-method">
                <span class="method-name">testClickOnEdition</span>
                <span class="method-start">514144 ms</span>
              </div> <!-- test-method -->
              <div class="configuration-method after">
                <span class="method-name">afterEachTestMethod([TestResult name=testClickOnEdition status=SUCCESS method=MarriottHomePageTest.testClickOnEdition()[...)</span>
                <span class="method-start">520893 ms</span>
              </div> <!-- configuration-method after -->
              <div class="configuration-method after">
                <span class="method-name">cleanUp</span>
                <span class="method-start">521991 ms</span>
              </div> <!-- configuration-method after -->
              <div class="configuration-method before">
                <span class="method-name">setUp(false, browserstack, Windows, 10, chrome-options, 85.0, https://www.marriott.com/default.mi)</span>
                <span class="method-start">521991 ms</span>
              </div> <!-- configuration-method before -->
              <div class="configuration-method before">
                <span class="method-name">startExtent(public void home.MarriottHomePageTest.testClickOnExploreAll())</span>
                <span class="method-start">529626 ms</span>
              </div> <!-- configuration-method before -->
              <div class="configuration-method before">
                <span class="method-name">getInit</span>
                <span class="method-start">529626 ms</span>
              </div> <!-- configuration-method before -->
              <div class="test-method">
                <img src="failed.png">
                </img>
                <span class="method-name">testClickOnExploreAll</span>
                <span class="method-start">539260 ms</span>
              </div> <!-- test-method -->
              <div class="configuration-method after">
                <span class="method-name">afterEachTestMethod([TestResult name=testClickOnExploreAll status=FAILURE method=MarriottHomePageTest.testClickOnExplore...)</span>
                <span class="method-start">542315 ms</span>
              </div> <!-- configuration-method after -->
              <div class="configuration-method after">
                <span class="method-name">cleanUp</span>
                <span class="method-start">543908 ms</span>
              </div> <!-- configuration-method after -->
              <div class="configuration-method before">
                <span class="method-name">setUp(false, browserstack, Windows, 10, chrome-options, 85.0, https://www.marriott.com/default.mi)</span>
                <span class="method-start">543908 ms</span>
              </div> <!-- configuration-method before -->
              <div class="configuration-method before">
                <span class="method-name">startExtent(public void home.MarriottHomePageTest.testClickOnGrouptTravels())</span>
                <span class="method-start">552488 ms</span>
              </div> <!-- configuration-method before -->
              <div class="configuration-method before">
                <span class="method-name">getInit</span>
                <span class="method-start">552489 ms</span>
              </div> <!-- configuration-method before -->
              <div class="test-method">
                <span class="method-name">testClickOnGrouptTravels</span>
                <span class="method-start">564467 ms</span>
              </div> <!-- test-method -->
              <div class="configuration-method after">
                <span class="method-name">afterEachTestMethod([TestResult name=testClickOnGrouptTravels status=SUCCESS method=MarriottHomePageTest.testClickOnGrou...)</span>
                <span class="method-start">567794 ms</span>
              </div> <!-- configuration-method after -->
              <div class="configuration-method after">
                <span class="method-name">cleanUp</span>
                <span class="method-start">568752 ms</span>
              </div> <!-- configuration-method after -->
              <div class="configuration-method before">
                <span class="method-name">setUp(false, browserstack, Windows, 10, chrome-options, 85.0, https://www.marriott.com/default.mi)</span>
                <span class="method-start">568753 ms</span>
              </div> <!-- configuration-method before -->
              <div class="configuration-method before">
                <span class="method-name">startExtent(public void home.MarriottHomePageTest.testClickOnJWHotels())</span>
                <span class="method-start">576107 ms</span>
              </div> <!-- configuration-method before -->
              <div class="configuration-method before">
                <span class="method-name">getInit</span>
                <span class="method-start">576108 ms</span>
              </div> <!-- configuration-method before -->
              <div class="test-method">
                <span class="method-name">testClickOnJWHotels</span>
                <span class="method-start">587498 ms</span>
              </div> <!-- test-method -->
              <div class="configuration-method after">
                <span class="method-name">afterEachTestMethod([TestResult name=testClickOnJWHotels status=SUCCESS method=MarriottHomePageTest.testClickOnJWHotels(...)</span>
                <span class="method-start">590172 ms</span>
              </div> <!-- configuration-method after -->
              <div class="configuration-method after">
                <span class="method-name">cleanUp</span>
                <span class="method-start">591447 ms</span>
              </div> <!-- configuration-method after -->
              <div class="configuration-method before">
                <span class="method-name">setUp(false, browserstack, Windows, 10, chrome-options, 85.0, https://www.marriott.com/default.mi)</span>
                <span class="method-start">591447 ms</span>
              </div> <!-- configuration-method before -->
              <div class="configuration-method before">
                <span class="method-name">startExtent(public void home.MarriottHomePageTest.testClickOnOurBrands() throws java.lang.InterruptedException)</span>
                <span class="method-start">601108 ms</span>
              </div> <!-- configuration-method before -->
              <div class="configuration-method before">
                <span class="method-name">getInit</span>
                <span class="method-start">601108 ms</span>
              </div> <!-- configuration-method before -->
              <div class="test-method">
                <span class="method-name">testClickOnOurBrands</span>
                <span class="method-start">609872 ms</span>
              </div> <!-- test-method -->
              <div class="configuration-method after">
                <span class="method-name">afterEachTestMethod([TestResult name=testClickOnOurBrands status=SUCCESS method=MarriottHomePageTest.testClickOnOurBrand...)</span>
                <span class="method-start">615193 ms</span>
              </div> <!-- configuration-method after -->
              <div class="configuration-method after">
                <span class="method-name">cleanUp</span>
                <span class="method-start">616226 ms</span>
              </div> <!-- configuration-method after -->
              <div class="configuration-method before">
                <span class="method-name">setUp(false, browserstack, Windows, 10, chrome-options, 85.0, https://www.marriott.com/default.mi)</span>
                <span class="method-start">616226 ms</span>
              </div> <!-- configuration-method before -->
              <div class="configuration-method before">
                <span class="method-name">startExtent(public void home.MarriottHomePageTest.testClickOnOurCreditCards())</span>
                <span class="method-start">622768 ms</span>
              </div> <!-- configuration-method before -->
              <div class="configuration-method before">
                <span class="method-name">getInit</span>
                <span class="method-start">622769 ms</span>
              </div> <!-- configuration-method before -->
              <div class="test-method">
                <span class="method-name">testClickOnOurCreditCards</span>
                <span class="method-start">632954 ms</span>
              </div> <!-- test-method -->
              <div class="configuration-method after">
                <span class="method-name">afterEachTestMethod([TestResult name=testClickOnOurCreditCards status=SUCCESS method=MarriottHomePageTest.testClickOnOur...)</span>
                <span class="method-start">636229 ms</span>
              </div> <!-- configuration-method after -->
              <div class="configuration-method after">
                <span class="method-name">cleanUp</span>
                <span class="method-start">637539 ms</span>
              </div> <!-- configuration-method after -->
              <div class="configuration-method before">
                <span class="method-name">setUp(false, browserstack, Windows, 10, chrome-options, 85.0, https://www.marriott.com/default.mi)</span>
                <span class="method-start">637539 ms</span>
              </div> <!-- configuration-method before -->
              <div class="configuration-method before">
                <span class="method-name">startExtent(public void home.MarriottHomePageTest.testClickOnRegis() throws java.lang.InterruptedException)</span>
                <span class="method-start">644911 ms</span>
              </div> <!-- configuration-method before -->
              <div class="configuration-method before">
                <span class="method-name">getInit</span>
                <span class="method-start">644911 ms</span>
              </div> <!-- configuration-method before -->
              <div class="test-method">
                <span class="method-name">testClickOnRegis</span>
                <span class="method-start">654817 ms</span>
              </div> <!-- test-method -->
              <div class="configuration-method after">
                <span class="method-name">afterEachTestMethod([TestResult name=testClickOnRegis status=SUCCESS method=MarriottHomePageTest.testClickOnRegis()[pri:...)</span>
                <span class="method-start">657475 ms</span>
              </div> <!-- configuration-method after -->
              <div class="configuration-method after">
                <span class="method-name">cleanUp</span>
                <span class="method-start">658912 ms</span>
              </div> <!-- configuration-method after -->
              <div class="configuration-method before">
                <span class="method-name">setUp(false, browserstack, Windows, 10, chrome-options, 85.0, https://www.marriott.com/default.mi)</span>
                <span class="method-start">658912 ms</span>
              </div> <!-- configuration-method before -->
              <div class="configuration-method before">
                <span class="method-name">startExtent(public void home.MarriottHomePageTest.testClickOnRitz())</span>
                <span class="method-start">666221 ms</span>
              </div> <!-- configuration-method before -->
              <div class="configuration-method before">
                <span class="method-name">getInit</span>
                <span class="method-start">666221 ms</span>
              </div> <!-- configuration-method before -->
              <div class="test-method">
                <img src="failed.png">
                </img>
                <span class="method-name">testClickOnRitz</span>
                <span class="method-start">677117 ms</span>
              </div> <!-- test-method -->
              <div class="configuration-method after">
                <span class="method-name">afterEachTestMethod([TestResult name=testClickOnRitz status=FAILURE method=MarriottHomePageTest.testClickOnRitz()[pri:0,...)</span>
                <span class="method-start">680126 ms</span>
              </div> <!-- configuration-method after -->
              <div class="configuration-method after">
                <span class="method-name">cleanUp</span>
                <span class="method-start">681867 ms</span>
              </div> <!-- configuration-method after -->
              <div class="configuration-method before">
                <span class="method-name">setUp(false, browserstack, Windows, 10, chrome-options, 85.0, https://www.marriott.com/default.mi)</span>
                <span class="method-start">681867 ms</span>
              </div> <!-- configuration-method before -->
              <div class="configuration-method before">
                <span class="method-name">startExtent(public void home.MarriottHomePageTest.testClickOnWHotels() throws java.lang.InterruptedException)</span>
                <span class="method-start">689315 ms</span>
              </div> <!-- configuration-method before -->
              <div class="configuration-method before">
                <span class="method-name">getInit</span>
                <span class="method-start">689316 ms</span>
              </div> <!-- configuration-method before -->
              <div class="test-method">
                <span class="method-name">testClickOnWHotels</span>
                <span class="method-start">700366 ms</span>
              </div> <!-- test-method -->
              <div class="configuration-method after">
                <span class="method-name">afterEachTestMethod([TestResult name=testClickOnWHotels status=SUCCESS method=MarriottHomePageTest.testClickOnWHotels()[...)</span>
                <span class="method-start">702825 ms</span>
              </div> <!-- configuration-method after -->
              <div class="configuration-method after">
                <span class="method-name">cleanUp</span>
                <span class="method-start">704313 ms</span>
              </div> <!-- configuration-method after -->
              <div class="configuration-method before">
                <span class="method-name">setUp(false, browserstack, Windows, 10, chrome-options, 85.0, https://www.marriott.com/default.mi)</span>
                <span class="method-start">704313 ms</span>
              </div> <!-- configuration-method before -->
              <div class="configuration-method before">
                <span class="method-name">startExtent(public void home.MarriottHomePageTest.testClickOnWestin())</span>
                <span class="method-start">711329 ms</span>
              </div> <!-- configuration-method before -->
              <div class="configuration-method before">
                <span class="method-name">getInit</span>
                <span class="method-start">711329 ms</span>
              </div> <!-- configuration-method before -->
              <div class="test-method">
                <span class="method-name">testClickOnWestin</span>
                <span class="method-start">721999 ms</span>
              </div> <!-- test-method -->
              <div class="configuration-method after">
                <span class="method-name">afterEachTestMethod([TestResult name=testClickOnWestin status=SUCCESS method=MarriottHomePageTest.testClickOnWestin()[pr...)</span>
                <span class="method-start">724314 ms</span>
              </div> <!-- configuration-method after -->
              <div class="configuration-method after">
                <span class="method-name">cleanUp</span>
                <span class="method-start">725394 ms</span>
              </div> <!-- configuration-method after -->
              <div class="configuration-method before">
                <span class="method-name">setUp(false, browserstack, Windows, 10, chrome-options, 85.0, https://www.marriott.com/default.mi)</span>
                <span class="method-start">725394 ms</span>
              </div> <!-- configuration-method before -->
              <div class="configuration-method before">
                <span class="method-name">startExtent(public void home.MarriottHomePageTest.testClickOnleMeridienHotels())</span>
                <span class="method-start">734885 ms</span>
              </div> <!-- configuration-method before -->
              <div class="configuration-method before">
                <span class="method-name">getInit</span>
                <span class="method-start">734886 ms</span>
              </div> <!-- configuration-method before -->
              <div class="test-method">
                <span class="method-name">testClickOnleMeridienHotels</span>
                <span class="method-start">743090 ms</span>
              </div> <!-- test-method -->
              <div class="configuration-method after">
                <span class="method-name">afterEachTestMethod([TestResult name=testClickOnleMeridienHotels status=SUCCESS method=MarriottHomePageTest.testClickOnl...)</span>
                <span class="method-start">745470 ms</span>
              </div> <!-- configuration-method after -->
              <div class="configuration-method after">
                <span class="method-name">cleanUp</span>
                <span class="method-start">746270 ms</span>
              </div> <!-- configuration-method after -->
              <div class="configuration-method before">
                <span class="method-name">setUp(false, browserstack, Windows, 10, chrome-options, 85.0, https://www.marriott.com/default.mi)</span>
                <span class="method-start">746270 ms</span>
              </div> <!-- configuration-method before -->
              <div class="configuration-method before">
                <span class="method-name">startExtent(public void home.MarriottHomePageTest.testFindNReserve() throws java.lang.InterruptedException)</span>
                <span class="method-start">753819 ms</span>
              </div> <!-- configuration-method before -->
              <div class="configuration-method before">
                <span class="method-name">getInit</span>
                <span class="method-start">753820 ms</span>
              </div> <!-- configuration-method before -->
              <div class="test-method">
                <img src="failed.png">
                </img>
                <span class="method-name">testFindNReserve</span>
                <span class="method-start">763038 ms</span>
              </div> <!-- test-method -->
              <div class="configuration-method after">
                <span class="method-name">afterEachTestMethod([TestResult name=testFindNReserve status=FAILURE method=MarriottHomePageTest.testFindNReserve()[pri:...)</span>
                <span class="method-start">769558 ms</span>
              </div> <!-- configuration-method after -->
              <div class="configuration-method after">
                <span class="method-name">cleanUp</span>
                <span class="method-start">770613 ms</span>
              </div> <!-- configuration-method after -->
              <div class="configuration-method before">
                <span class="method-name">setUp(false, browserstack, Windows, 10, chrome-options, 85.0, https://www.marriott.com/default.mi)</span>
                <span class="method-start">770614 ms</span>
              </div> <!-- configuration-method before -->
              <div class="configuration-method before">
                <span class="method-name">startExtent(public void home.MarriottHomePageTest.testLanguageSelector() throws java.lang.InterruptedException)</span>
                <span class="method-start">778455 ms</span>
              </div> <!-- configuration-method before -->
              <div class="configuration-method before">
                <span class="method-name">getInit</span>
                <span class="method-start">778455 ms</span>
              </div> <!-- configuration-method before -->
              <div class="test-method">
                <img src="failed.png">
                </img>
                <span class="method-name">testLanguageSelector</span>
                <span class="method-start">787062 ms</span>
              </div> <!-- test-method -->
              <div class="configuration-method after">
                <span class="method-name">afterEachTestMethod([TestResult name=testLanguageSelector status=FAILURE method=MarriottHomePageTest.testLanguageSelecto...)</span>
                <span class="method-start">796644 ms</span>
              </div> <!-- configuration-method after -->
              <div class="configuration-method after">
                <span class="method-name">cleanUp</span>
                <span class="method-start">798524 ms</span>
              </div> <!-- configuration-method after -->
              <div class="configuration-method before">
                <span class="method-name">setUp(false, browserstack, Windows, 10, chrome-options, 85.0, https://www.marriott.com/default.mi)</span>
                <span class="method-start">798524 ms</span>
              </div> <!-- configuration-method before -->
              <div class="configuration-method before">
                <span class="method-name">startExtent(public void home.MarriottHomePageTest.testSearchBox() throws java.lang.InterruptedException)</span>
                <span class="method-start">807706 ms</span>
              </div> <!-- configuration-method before -->
              <div class="configuration-method before">
                <span class="method-name">getInit</span>
                <span class="method-start">807706 ms</span>
              </div> <!-- configuration-method before -->
              <div class="test-method">
                <img src="failed.png">
                </img>
                <span class="method-name">testSearchBox</span>
                <span class="method-start">817635 ms</span>
              </div> <!-- test-method -->
              <div class="configuration-method after">
                <span class="method-name">afterEachTestMethod([TestResult name=testSearchBox status=FAILURE method=MarriottHomePageTest.testSearchBox()[pri:0, ins...)</span>
                <span class="method-start">824108 ms</span>
              </div> <!-- configuration-method after -->
              <div class="configuration-method after">
                <span class="method-name">cleanUp</span>
                <span class="method-start">825169 ms</span>
              </div> <!-- configuration-method after -->
              <div class="configuration-method before">
                <span class="method-name">setUp(false, browserstack, Windows, 10, chrome-options, 85.0, https://www.marriott.com/default.mi)</span>
                <span class="method-start">825169 ms</span>
              </div> <!-- configuration-method before -->
              <div class="configuration-method before">
                <span class="method-name">startExtent(public void home.MarriottHomePageTest.testUsePointsCheckBox())</span>
                <span class="method-start">832371 ms</span>
              </div> <!-- configuration-method before -->
              <div class="configuration-method before">
                <span class="method-name">getInit</span>
                <span class="method-start">832371 ms</span>
              </div> <!-- configuration-method before -->
              <div class="test-method">
                <img src="failed.png">
                </img>
                <span class="method-name">testUsePointsCheckBox</span>
                <span class="method-start">844076 ms</span>
              </div> <!-- test-method -->
              <div class="configuration-method after">
                <span class="method-name">afterEachTestMethod([TestResult name=testUsePointsCheckBox status=FAILURE method=MarriottHomePageTest.testUsePointsCheck...)</span>
                <span class="method-start">854571 ms</span>
              </div> <!-- configuration-method after -->
              <div class="configuration-method after">
                <span class="method-name">cleanUp</span>
                <span class="method-start">855707 ms</span>
              </div> <!-- configuration-method after -->
              <div class="configuration-suite after">
                <span class="method-name">generateReport</span>
                <span class="method-start">855775 ms</span>
              </div> <!-- configuration-suite after -->
          </div> <!-- main-panel-content rounded-window-bottom -->
        </div> <!-- panel -->
      </div> <!-- main-panel-root -->
    </div> <!-- wrapper -->
  </body>
</html>
