<?xml version="1.0" encoding="UTF-8"?>
<!-- Generated by org.testng.reporters.JUnitXMLReporter -->
<testsuite ignored="12" hostname="MacBook-Pro-2.home" failures="1" tests="33" name="NewYorkTimes Home" time="156.641" errors="0" timestamp="2020-09-26T14:03:18 EDT">
  <testcase classname="homeTest.HomePageTest" name="setWebLogoTest" time="2.409"/>
  <testcase classname="homeTest.HomePageTest" name="setWordButtonTest" time="0.892"/>
  <testcase classname="homeTest.HomePageTest" name="setWordButtonVerificationTest" time="2.815"/>
  <testcase classname="homeTest.HomePageTest" name="setUsButtonTest" time="0.776"/>
  <testcase classname="homeTest.HomePageTest" name="setUsButtonVerificationTest" time="1.525"/>
  <testcase classname="homeTest.HomePageTest" name="setPoliticsButtonTest" time="0.483"/>
  <testcase classname="homeTest.HomePageTest" name="setPoliticsButtonVerificationTest" time="0.92"/>
  <testcase classname="homeTest.HomePageTest" name="setNyButtonTest" time="0.181"/>
  <testcase classname="homeTest.HomePageTest" name="setNybuttonverificationTest" time="1.816"/>
  <testcase classname="homeTest.HomePageTest" name="setBusinessButtonTest" time="0.729"/>
  <testcase classname="homeTest.HomePageTest" name="setBusinessButtonVerificationTest" time="2.744"/>
  <testcase classname="homeTest.HomePageTest" name="setOpinionButtonTest" time="0.798"/>
  <testcase classname="homeTest.HomePageTest" name="setOpinionButtonVerificationTest" time="1.322"/>
  <testcase classname="homeTest.HomePageTest" name="setTechButtonTest" time="1.119"/>
  <testcase classname="homeTest.HomePageTest" name="setTechButtonVerificationTest" time="0.6"/>
  <testcase classname="homeTest.HomePageTest" name="setScienceButtonTest" time="0.668"/>
  <testcase classname="homeTest.HomePageTest" name="setScienceButtonVerificationTest" time="1.169"/>
  <testcase classname="homeTest.HomePageTest" name="setHealthButtonTest" time="0.911"/>
  <testcase classname="homeTest.HomePageTest" name="setHealthButtonVerificationTest" time="0.31"/>
  <testcase classname="homeTest.HomePageTest" name="setSportButtonTest" time="0.584"/>
  <testcase classname="homeTest.HomePageTest" name="setSportButtonVerificationTest" time="0.624"/>
  <testcase classname="regressionTest.BrokensLinksTest" name="NewYorkTimesLinksActivlinksTest" time="19.709"/>
  <testcase classname="homeTest.HomePageTest" name="setArtButtonTest" time="1.317"/>
  <testcase classname="homeTest.HomePageTest" name="setBooksButtonTest" time="0.899"/>
  <testcase classname="regressionTest.HamburgerClassTest" name="setHamburgerButtonTest" time="0.05"/>
  <testcase classname="homeTest.HomePageTest" name="setStyleTest" time="1.092"/>
  <testcase classname="homeTest.HomePageTest" name="setFoodTest" time="0.383"/>
  <testcase classname="homeTest.HomePageTest" name="setTravelTest" time="0.528"/>
  <testcase classname="homeTest.HomePageTest" name="setMagazineTest" time="0.65">
    <failure type="java.lang.AssertionError" message="text doesn&amp;apos;t match expected [Is It Strange to Say I Miss the Bodies of Strangers?] but found [12,000 Feet Up, With a Storm Coming In]">
      <![CDATA[java.lang.AssertionError: text doesn't match expected [Is It Strange to Say I Miss the Bodies of Strangers?] but found [12,000 Feet Up, With a Storm Coming In]
at home.HomePage.setMagazine(HomePage.java:261)
at homeTest.HomePageTest.setMagazineTest(HomePageTest.java:144)
at java.base/java.util.ArrayList.forEach(ArrayList.java:1510)
... Removed 35 stack frames]]>
    </failure>
  </testcase> <!-- setMagazineTest -->
  <testcase classname="homeTest.HomePageTest" name="setRealEstateTest" time="2.007"/>
  <testcase classname="homeTest.HomePageTest" name="setVideoTest" time="1.768"/>
  <testcase classname="accountTest.LogInTest" name="setLoginButtonTest" time="1.941"/>
  <testcase classname="accountTest.SubscribeTest" name="setSubscribeButtonTest" time="0.473"/>
  <testcase classname="base.CommonAPI" name="@AfterSuite generateReport" time="0.0">
    <ignored/>
  </testcase> <!-- @AfterSuite generateReport -->
  <testcase classname="base.CommonAPI" name="@AfterSuite generateReport" time="0.0">
    <ignored/>
  </testcase> <!-- @AfterSuite generateReport -->
  <testcase classname="base.CommonAPI" name="@AfterSuite generateReport" time="0.0">
    <ignored/>
  </testcase> <!-- @AfterSuite generateReport -->
  <testcase classname="base.CommonAPI" name="@AfterSuite generateReport" time="0.0">
    <ignored/>
  </testcase> <!-- @AfterSuite generateReport -->
  <testcase classname="base.CommonAPI" name="@AfterSuite generateReport" time="0.0">
    <ignored/>
  </testcase> <!-- @AfterSuite generateReport -->
  <testcase classname="base.CommonAPI" name="@AfterSuite generateReport" time="0.0">
    <ignored/>
  </testcase> <!-- @AfterSuite generateReport -->
  <testcase classname="base.CommonAPI" name="@BeforeSuite extentSetup" time="0.0">
    <ignored/>
  </testcase> <!-- @BeforeSuite extentSetup -->
  <testcase classname="base.CommonAPI" name="@BeforeSuite extentSetup" time="0.0">
    <ignored/>
  </testcase> <!-- @BeforeSuite extentSetup -->
  <testcase classname="base.CommonAPI" name="@BeforeSuite extentSetup" time="0.0">
    <ignored/>
  </testcase> <!-- @BeforeSuite extentSetup -->
  <testcase classname="base.CommonAPI" name="@BeforeSuite extentSetup" time="0.0">
    <ignored/>
  </testcase> <!-- @BeforeSuite extentSetup -->
  <testcase classname="base.CommonAPI" name="@BeforeSuite extentSetup" time="0.0">
    <ignored/>
  </testcase> <!-- @BeforeSuite extentSetup -->
  <testcase classname="base.CommonAPI" name="@BeforeSuite extentSetup" time="0.0">
    <ignored/>
  </testcase> <!-- @BeforeSuite extentSetup -->
</testsuite> <!-- NewYorkTimes Home -->
